pouchdb-adapter-memory
mosca
level-mem
memdb
dynalite
abacus-pouchserver
kinesalite
@dxos/credentials
@hoprnet/hopr-utils
@eth-optimism/core-db
@dxos/client-services
@vaporyjs/merkle-patricia-tree
@pigi/core
torify
@wirelineio/framework
@tinacms/datalayer
@cryptoeconomicslab/level-kvs
autolevel
causal-net.memcache
pico-framework
@fuel-js/wallet
browser-module-cache
ipfs-registry-mirror-common
@neo-one/smart-contract-test
jsondown
@aztec/barretenberg
vaporyjs-blockchain
@xswap/v2-core
mosca-memory
@eliteswap/v2-core
@neo-one/smart-contract-test-esnext-esm
icjs-mpt
level-test
@noir-lang/barretenberg
@fuel-js/logic
pico-engine-core
valuepack-core
@geut/permanent-seeder-database
firestash
@znetstar/attic-cli-common
@materia-dex/materia-contracts-proxy
@conduitvc/mosca
@remit-email/db
@wirelineio/dsuite-core
flexel
xs-js-ipld
virtualdown
@tradle/bots
deaddrop-core
node_acl_pouchdb
@cryptoeconomicslab/chamber-childchain
@neo-one/smart-contract-compiler-es2018-cjs
@neo-one/smart-contract-compiler-esnext-cjs
pipeproc
killa-beez
gpii-pouchdb
@chakra-swap/core
1000-packages
@kodinghandle/bullswap-lib
@transmute/element-lib
@neo-one/smart-contract-test-browserify
moiot-mosca
poliscore-node
abacus-couchclient
diso.core
docker-registry-server
zetta-memory-registry
@borealisswap/borealis-swap-lib
fuel-core
chainlib
mongodb-native-mock
sol-unit
xsearch
@biut-block/biutjs-pow
accountdown-parser
ndn-cache
ws-level-filesystem
simple-node-db
dynalite-kwz
@dashevo/dash-spv
@aztec/sdk
@igniswap/igni-swap-lib
@inator/express-jwt-pouchdb
@cryptoeconomicslab/chamber-operator
bitcore-wallet-service-polis
bitcore-wallet-service-raiden
kafka-cache
raiden-wallet-service
thinbus-srp-tester
@awspilot/dynamodb-cli
abacus-dbserver
commonform-server
decision-table
ember-cli-pouchdb-shim
epochtalk-http-api
kinesis-mock
mayadb
pouch-pid
kodokojo-mocks
multilevel-bench
@australis/tiny-store-level
@fuel-js/client
@medic/memdown
@nodeberry/solidity-payment-processor
@rainblock/merkle-patricia-tree
cluster-levelup
boot-bone
bitcore-wallet-service-divi
easy-connector-bundle
mc-inventory-generator
moechain-chain
vocovo-mosca
peer-base
peer-star-app
redux-pouchdb-per-reducer
ronda
@dashevo/dapi-sdk
aleph
box-node
commonform-serve-memory
deputydb
dynamodb-cli
mm-box
@polkadot/util-triedb
@polkadot/trie-db-old
pico-engine
pouchdb-plugin-helper
pouchdb-multisync
flashcards
ipld-resolver
mosca-lowfat
skyring
s-unit
duniter
@agilitysciences/pouchdb
@augurproject/test
@any-sender/common-internal
@cryptoeconomicslab/plasma-chamber
@dwns/core
@marianoleonardo/microservice-sdk
@guarda-co/pouchdb-adapter-memory
@fuel-js/test
@pisa-research/server
@thismr/bitmindtest-core
@innoswap/core
leveldb2use
serialized-file-down
sparse-merkle-tree
express-rate-limit-middleware
large-if
meridian
monkey-cache-level
palmetto-model
run-js
scratchdb
snacks
bitcore-wallet-service-terracoin
coinstac-server-core
elsinore-leveldb
dynalite-sodaru
unpm-mem-backend
worklist
voltron
fbx-sdk
vocovo-patched-mosca
wanchainjs-blockchain
@rasgo/pouchdb
@shyftnetwork/shyft_ethereumjs-blockchain
icjs-blockchain
iz3node
ilp-spsp-invoice-server
codiusd
@staltz/jsondown
bitcore-wallet-service-axe
bitcore-wallet-service-mxbit
dataset2use
dynalite-test
elmerglue
@bonsaiswapv2/core
prcek_pouchdb
bitcore-wallet-service-dash
chainlib-bitcoin
csc-bitcore-node
friends
geit
express-jwt-pouchdb
flatline
granary
level-fancy-server
leveldown-repl
levelgraph-live-stream
localdown
reduce-group
security-adventure
@dojot/microservice-sdk
nsyslog
@litedexdev/litedex-core-swap
@layer2/operator
@afria/afria-libraries
@axerunners/axe-spv
@olympfin/olymp-swap-lib
btcnano-wallet-service
collabor8
fluid-pouchdb
matrixbitcore-wallet-service
moscabroker
coined-uro
gamefinder
hyperpad
pouch-stream-tests
mosca-bitfinder
merkle-trie
monkey-cache-memory
ndn-forwarder
@bonsaiswap-lib/lib
webcoin-param-tests
youbase
znetstar-olympus
pouchdb-web-worker
