4
standard: Use JavaScript Standard Style (https://standardjs.com)
standard: Some warnings are present which will be errors in the next version (https://standardjs.com)
standard: Run `standard --fix` to automatically fix some problems.
standard: Use JavaScript Standard Style (https://standardjs.com)
standard: Some warnings are present which will be errors in the next version (https://standardjs.com)
standard: Run `standard --fix` to automatically fix some problems.
standard: Use JavaScript Standard Style (https://standardjs.com)
standard: Some warnings are present which will be errors in the next version (https://standardjs.com)
standard: Run `standard --fix` to automatically fix some problems.
node:util:240
    throw new ERR_INVALID_ARG_TYPE('superCtor', 'Function', superCtor);
    ^

TypeError [ERR_INVALID_ARG_TYPE]: The "superCtor" argument must be of type function. Received undefined
    at new NodeError (node:internal/errors:377:5)
    at inherits (node:util:240:11)
    at Object.<anonymous> (/data/js-variants/multee/Variants/memdown/variant2/memdown/memdown.js:3:3114)
    at Module._compile (node:internal/modules/cjs/loader:1105:14)
    at Module.replacementCompile (/data/js-variants/multee/Variants/memdown/variant2/memdown/node_modules/append-transform/index.js:60:13)
    at Module._extensions..js (node:internal/modules/cjs/loader:1159:10)
    at Object.<anonymous> (/data/js-variants/multee/Variants/memdown/variant2/memdown/node_modules/append-transform/index.js:64:4)
    at Module.load (node:internal/modules/cjs/loader:981:32)
    at Module._load (node:internal/modules/cjs/loader:827:12)
    at Module.require (node:internal/modules/cjs/loader:1005:19) {
  code: 'ERR_INVALID_ARG_TYPE'
}

Node.js v18.3.0
standard: Use JavaScript Standard Style (https://standardjs.com)
standard: Some warnings are present which will be errors in the next version (https://standardjs.com)
standard: Run `standard --fix` to automatically fix some problems.
TypeError: inherits is not a function
    at Object.<anonymous> (/data/js-variants/multee/Variants/memdown/variant1/memdown/node_modules/glob/glob.js:116:1)
    at Module._compile (node:internal/modules/cjs/loader:1105:14)
    at Module._extensions..js (node:internal/modules/cjs/loader:1159:10)
    at Module.load (node:internal/modules/cjs/loader:981:32)
    at Module._load (node:internal/modules/cjs/loader:827:12)
    at Module.require (node:internal/modules/cjs/loader:1005:19)
    at require (node:internal/modules/cjs/helpers:102:18)
    at Object.<anonymous> (/data/js-variants/multee/Variants/memdown/variant1/memdown/node_modules/deglob/index.js:5:12)
    at Module._compile (node:internal/modules/cjs/loader:1105:14)
    at Module._extensions..js (node:internal/modules/cjs/loader:1159:10)
