@nestjs/platform-fastify
lightship
@webiny/handler
fastify-cli
@bettercorp/service-base-plugin-web-server
@webiny/handler-aws
@plugcore/web
@itandu/core-backend
@gestaltjs/core
homebridge-config-ui-x
@tramvai/test-helpers
@itandu/admin-panel
@itandu/server
@rake/fastify-toolkit
@cromwell/core-backend
@wmfs/tymly-fastify-plugin
@vibe-reporting/core
@nodosjs/core
@fastify/restartable
ocularium-scenario-manager-client
@devacour/auth-service
@zsnout/core
@vitely/core
@stencila/executa
@hwyblvd/server
@dustinrouillard/fastify-utilities
@leverage/plugin-http
fastify-txstate
@graphprotocol/indexer-common
fly
@odysseia/p2p
darcon
ir-restifier
bedrock-express
@fastro/core
@olympeio/runtime-node
rollup-plugin-dev
@magnus-plugins/apollo-server-fastify
@era-ci/quay-helper-service
@era-ci/quay-mock-service
@elwood-studio/workflow-runner
autocannon-ui-backend
@forrestjs/service-fastify
@tramvai/cli
@platformatic/db
fastify-micro
@platformatic/service
@wundergraph/sdk
@reactpwa/core
@chiffre/api
@konstellio/server
@plugcore/framework-ws
@paramecia/server
@ritta/sdk
clusterduck
fastify-helpers
@acot/document
fastify-dx
@mrx-media/vite-vue-simple-ssr
harcon-radiation
@callstack/repack-dev-server
@nearform/brokeneck-fastify
@nearform/trail-fastify-graphql-plugin
fastify-vite
@aitech-asia/cms
@canvest/canvest-dev-server
@chealth/cli-gui
@devacour/web-fastify2
@katanahq/web-fastify2
@vfm-viewer/server
@nr8/server-core
@coppel/microservices
@zero-scripts/preset.webpack-spa
revane-fastify
aws-lambda-typescript
@swirly/rasterization-server
ascii-img-canvas-nodejs
fastify-mongoose-api
@yzfe/svgicon-viewer
decorated-fastify
@hexcore/core
@synonymdev/feeds-daemon
@buildery/nest-exception-handling
@tiegel/server
@nearform/trail-fastify-plugin
@athenna/http
@mia-platform/lc39
@msiviero/knit
@tachyonjs/fastify
@valos/toolset-rest-api-gateway-plugin
fastify-memorycache
goblin-base-server
juno-framework
tydb
@cromwell/server
@chainsafe/lodestar-keymanager-server
@chijs/app
@figedi/metering
shipnft-apidoc
goblin-tradingpost
@travetto/rest-fastify
@kohanajs/platform-web-fastify
@verdaccio/server-fastify
@kitajs/runtime
@gasket/plugin-nextjs
quirrel
@redwoodjs/api-server
@cogsmith/xt
@chealth/cli-core
@devacour/iam-service
@jscoding/fastify
@secjs/http
@vnczjs/prism-test-http-server
network-overrides
fastegg
@asemin/nestjs-utils
reapex-dev-server
@kyedoesdev/lente-core
@cromwell/admin-panel
@elnk/core-configs
fastify-vhost
pubsub-http-handler
@bett3r-dev/server-watermark
@ts4/web
@lodestar/beacon-node
@harmonyjs/server
@nr8/server-fastify
@pikejs/server
@rockts-org/nestjs-auth-refresh
@rescuento/common
@symph/server
ember-alt-fastboot-app-server
fastify-apollo-step
fastify-session-sets
ncore-api
uvcat
@geut/esbuild-plugin-server
@posiba/static
@next-book/analytics
@tramvai/module-server
@a11ywatch/core
@aio-server/core
@aio-server/server-side-events
@agentframework/web-adaptor-fastify
@akta/server
@atsjj/lambda
@bitbeat/web
@cage1618/fairy
@dustinrouillard/authentication-utils
@deckchairlabs/superfly
@developerdragon/concordia
@despair/foundation
@commonshost/core
@eyevinn/player-analytics-eventsink
@eyevinn/webrtc
@magro/servir
@marathonhq/marathon
@jacinthjs/jacinth-dev
@intouchg/fastify
@jiaxinjiang/nest-logger
@hstech/memviz
@iguazu/core
slack-bolt-fastify
@nsp/plugin-webpack
@mrapi/api
@srvr/srvr
@sodacitylabs/boring-framework
@snowburn/server
@star2020/vector-router
@points.city/quartz
@oly_op/music-app-common
@rockts-org/nestjs-logger
@secrez/listener
@pulsestorm/docker-helper
@resourcebundles/static-server
@envuso/core
@rivalis/registry
@tridnguyen/fastify-server
@xooa/sw-express-ui
@asemin/nestjs-exception-handling
crawlyfi-monorepo
conjure-typescript-fastify
@affinityproject/issuer-kit
bulle
bundling-server
challenger-code
rn-fast-pack
@xarples/accounts-fastify-plugins
acmenodeautocert
@zeue/zgit
discover-server
domedb
fastify-decorator
fastify-elastic
fastify-jwt-webapp
fastify-plus
fastify-txstate-unified-auth
fastify-scaffold
fastify-sequelize-plugin
executa
example-complete-fastify
fe-bff
esbpack
jsonapi-fastify
foxify-benchmarks
fuzia
gatsby-plugin-nodejs
hemera-fastify
graphwire
invierno-fastify
ngxe
moonshard
mokksy
latext-counter
lula-hub
mcpd
jetblog
jsonrocks
json-syntax-checker
@flow-engine/fastify
kfranin-error-handling-playaround
msh-core
mtest2
nestjs-client
nams
new-dblapi
my-cdn-test
@sebastienrousseau/crypto-server
react-vite-base
objectid-generator
@hexlet/react-todo-app-with-backend
prometheus-osmetrics
poc_actions
pock
valory-adaptor-fastify
voicenter-web-sdk
staticpeer
sandia
saasjs
serve-something
tbc-contacts-graphql-api
skin-jobs
wirebird
yildiz
bovespa
@figedi/sentry-fastify
poolove
@yiapi/yiapi
marathon
@phreakazoid21/homebridge-ambient-hue
objectum
@polly-eco/polly-types
@wepublish/server
xngine
@hexlet/chat-server
fastify-aws-timestream
@spencejs/spence
@cage1618/pcron
metahkg-server
@kwangtickets/plugins
@hapi/ratrace
yam-cli
auth_server_example
@verdaccio/fastify-migration
@types/swagger-stats
copious-transitions-manager-web
@cybozu/duck
vitalize.js
posthog-plugin-server
graphql-fastify-server
create-frourio-app
@good-drive/server
fastify-universal-file-parser
@esfirus/n-backend
fastify-esso
qoper8-fastify
fastify-openid-auth
kavfactory-microservice
kissy-face
boticord.js
@pipedrive/autoinstrumentation-fastify
@beezwax/bzbond-server
@ebay/flow-telemetry
@pothos-examples/envelope-helix-fastify
autocannon-ui
blue-depot-commons
@keoworld/common
@osmoscraft/osmosnote
vitrify
@artgenio/core
@factorialco/tentaclesql
sonamu
turborepo-remote-cache
lazy-toolbox
@teppeis/duck
@asset-pipe/core
@abeai/recho
@5oo/fx
@5oo/fx-http
@b-side/server
@bluenova/otto-server
@bnabli/wisejs
@c9h/fastify
@degen/twitter-autohook
@ffra/fastify
@ezbackend/auth
@ezbackend/common-sequelize-fastify
@giltayar/microservices-were-made-for-testing
@heviir/fastify-errors
@hyperlink/open-window-service
@integration-app/endpoint-sdk
@knou/fastify-auth
@inniti/middle-server
@gone-js/backend-fastify
@hardfist/api
@gshell/fastify
@logique/fastify-adapter
@m5r/quirrel
@mmarchini/npm-otp-publish
@mooyaho/engine
@neoco/neoco-backend
@planetary-ssb/pub
@notadd/http-fastify
@principia/fastify
@rayo/benchmarks
@rake-plugins/sms
@scaleleap/fastify
@since.app/fast
@ruiyun/fastapi
@smontero/fastify-az-jwt-verify
@transmute/did-key-fastify-resolver
@transmute/universal-wallet-fastify-plugin
@uvue/service
@valos/rest-api-spindle
@valos/web-spindle
@uchilaka/microservice-boilerplate.ts
@vibe-reporting/ui
@ycechung/cmd-ssg
authweiler
anime2easy
armonite
byclient
clickroad
@blinkk/root-core
clexi
expressweb-fastify
create-fastify-app
dat-store
decoring-fastify
dodo-status
atonal
egg-wpack
emerger
fastify-aws-cognito
fastify-cockroachdb
fastify-conditional-requests
fastify-fast-etag
fastify-juicer
fastify-one-click-deploy
fastify-openapi-generator
fastify-krabs
fastify-microservice
fastify-appwrite
fastify-authz-auth0
fastify-typebox
fastify-utilities
graphql-subscription-proxy
glovaro-logger
graphback-benchmarks
gurant
juno-core-server
kamand-back
kendryte
lightning-base
local-sql
mabilisyarn
nv-suv-util-sproc
metaframe-predictor-conv-1d-net
microfrontends-unravelling-spaghetti-about-page-server
easy-ts-api
micajs
node-imgoptimize
nodeployed
odi
waspswithbazookas
