84

/data/js-variants/multee/Variants/fastify/variant84/fastify/node_modules/light-my-request/lib/configValidator.js:10
  lyx
  ^
ReferenceError: lyx is not defined
    at validate10 (/data/js-variants/multee/Variants/fastify/variant84/fastify/node_modules/light-my-request/lib/configValidator.js:10:3)
    at doInject (/data/js-variants/multee/Variants/fastify/variant84/fastify/node_modules/light-my-request/index.js:36:27)
    at lightMyRequest (/data/js-variants/multee/Variants/fastify/variant84/fastify/node_modules/light-my-request/index.js:15:12)
    at cb (/data/js-variants/multee/Variants/fastify/variant84/fastify/fastify.js:487:14)
    at cb (/data/js-variants/multee/Variants/fastify/variant84/fastify/fastify.js:540:11)
    at exit (/data/js-variants/multee/Variants/fastify/variant84/fastify/lib/hooks.js:100:5)
    at next (/data/js-variants/multee/Variants/fastify/variant84/fastify/lib/hooks.js:111:9)
    at hookRunnerApplication (/data/js-variants/multee/Variants/fastify/variant84/fastify/lib/hooks.js:85:3)
    at /data/js-variants/multee/Variants/fastify/variant84/fastify/fastify.js:522:11
    at Object._encapsulateThreeParam (/data/js-variants/multee/Variants/fastify/variant84/fastify/node_modules/avvio/boot.js:557:7)

/data/js-variants/multee/Variants/fastify/variant84/fastify/node_modules/light-my-request/lib/configValidator.js:10
  lyx
  ^
ReferenceError: lyx is not defined
    at validate10 (/data/js-variants/multee/Variants/fastify/variant84/fastify/node_modules/light-my-request/lib/configValidator.js:10:3)
    at doInject (/data/js-variants/multee/Variants/fastify/variant84/fastify/node_modules/light-my-request/index.js:36:27)
    at lightMyRequest (/data/js-variants/multee/Variants/fastify/variant84/fastify/node_modules/light-my-request/index.js:15:12)
    at cb (/data/js-variants/multee/Variants/fastify/variant84/fastify/fastify.js:487:14)
    at cb (/data/js-variants/multee/Variants/fastify/variant84/fastify/fastify.js:540:11)
    at exit (/data/js-variants/multee/Variants/fastify/variant84/fastify/lib/hooks.js:100:5)
    at manageTimeout (/data/js-variants/multee/Variants/fastify/variant84/fastify/lib/hooks.js:117:11)
    at _encapsulateThreeParam (/data/js-variants/multee/Variants/fastify/variant84/fastify/node_modules/avvio/boot.js:557:7)
    at Boot.timeoutCall (/data/js-variants/multee/Variants/fastify/variant84/fastify/node_modules/avvio/boot.js:453:5)
    at Boot.callWithCbOrNextTick (/data/js-variants/multee/Variants/fastify/variant84/fastify/node_modules/avvio/boot.js:435:19)

/data/js-variants/multee/Variants/fastify/variant84/fastify/node_modules/light-my-request/lib/configValidator.js:10
  lyx
  ^
ReferenceError: lyx is not defined
    at validate10 (/data/js-variants/multee/Variants/fastify/variant84/fastify/node_modules/light-my-request/lib/configValidator.js:10:3)
    at doInject (/data/js-variants/multee/Variants/fastify/variant84/fastify/node_modules/light-my-request/index.js:36:27)
    at lightMyRequest (/data/js-variants/multee/Variants/fastify/variant84/fastify/node_modules/light-my-request/index.js:15:12)
    at cb (/data/js-variants/multee/Variants/fastify/variant84/fastify/fastify.js:487:14)
    at cb (/data/js-variants/multee/Variants/fastify/variant84/fastify/fastify.js:540:11)
    at exit (/data/js-variants/multee/Variants/fastify/variant84/fastify/lib/hooks.js:100:5)
    at next (/data/js-variants/multee/Variants/fastify/variant84/fastify/lib/hooks.js:111:9)
    at hookRunnerApplication (/data/js-variants/multee/Variants/fastify/variant84/fastify/lib/hooks.js:85:3)
    at /data/js-variants/multee/Variants/fastify/variant84/fastify/fastify.js:522:11
    at Object._encapsulateThreeParam (/data/js-variants/multee/Variants/fastify/variant84/fastify/node_modules/avvio/boot.js:557:7)

/data/js-variants/multee/Variants/fastify/variant84/fastify/node_modules/light-my-request/lib/configValidator.js:10
  lyx
  ^
ReferenceError: lyx is not defined
    at validate10 (/data/js-variants/multee/Variants/fastify/variant84/fastify/node_modules/light-my-request/lib/configValidator.js:10:3)
    at doInject (/data/js-variants/multee/Variants/fastify/variant84/fastify/node_modules/light-my-request/index.js:36:27)
    at lightMyRequest (/data/js-variants/multee/Variants/fastify/variant84/fastify/node_modules/light-my-request/index.js:15:12)
    at cb (/data/js-variants/multee/Variants/fastify/variant84/fastify/fastify.js:487:14)
    at cb (/data/js-variants/multee/Variants/fastify/variant84/fastify/fastify.js:540:11)
    at exit (/data/js-variants/multee/Variants/fastify/variant84/fastify/lib/hooks.js:100:5)
    at next (/data/js-variants/multee/Variants/fastify/variant84/fastify/lib/hooks.js:111:9)
    at hookRunnerApplication (/data/js-variants/multee/Variants/fastify/variant84/fastify/lib/hooks.js:85:3)
    at /data/js-variants/multee/Variants/fastify/variant84/fastify/fastify.js:522:11
    at Object._encapsulateThreeParam (/data/js-variants/multee/Variants/fastify/variant84/fastify/node_modules/avvio/boot.js:557:7)

/data/js-variants/multee/Variants/fastify/variant84/fastify/node_modules/light-my-request/lib/configValidator.js:10
  lyx
  ^
ReferenceError: lyx is not defined
    at validate10 (/data/js-variants/multee/Variants/fastify/variant84/fastify/node_modules/light-my-request/lib/configValidator.js:10:3)
    at doInject (/data/js-variants/multee/Variants/fastify/variant84/fastify/node_modules/light-my-request/index.js:36:27)
    at lightMyRequest (/data/js-variants/multee/Variants/fastify/variant84/fastify/node_modules/light-my-request/index.js:15:12)
    at cb (/data/js-variants/multee/Variants/fastify/variant84/fastify/fastify.js:487:14)
    at cb (/data/js-variants/multee/Variants/fastify/variant84/fastify/fastify.js:540:11)
    at exit (/data/js-variants/multee/Variants/fastify/variant84/fastify/lib/hooks.js:100:5)
    at next (/data/js-variants/multee/Variants/fastify/variant84/fastify/lib/hooks.js:111:9)
    at hookRunnerApplication (/data/js-variants/multee/Variants/fastify/variant84/fastify/lib/hooks.js:85:3)
    at /data/js-variants/multee/Variants/fastify/variant84/fastify/fastify.js:522:11
    at Object._encapsulateThreeParam (/data/js-variants/multee/Variants/fastify/variant84/fastify/node_modules/avvio/boot.js:557:7)

/data/js-variants/multee/Variants/fastify/variant84/fastify/node_modules/light-my-request/lib/configValidator.js:10
  lyx
  ^
ReferenceError: lyx is not defined
    at validate10 (/data/js-variants/multee/Variants/fastify/variant84/fastify/node_modules/light-my-request/lib/configValidator.js:10:3)
    at doInject (/data/js-variants/multee/Variants/fastify/variant84/fastify/node_modules/light-my-request/index.js:36:27)
    at lightMyRequest (/data/js-variants/multee/Variants/fastify/variant84/fastify/node_modules/light-my-request/index.js:15:12)
    at cb (/data/js-variants/multee/Variants/fastify/variant84/fastify/fastify.js:487:14)
    at cb (/data/js-variants/multee/Variants/fastify/variant84/fastify/fastify.js:540:11)
    at exit (/data/js-variants/multee/Variants/fastify/variant84/fastify/lib/hooks.js:100:5)
    at next (/data/js-variants/multee/Variants/fastify/variant84/fastify/lib/hooks.js:111:9)
    at hookRunnerApplication (/data/js-variants/multee/Variants/fastify/variant84/fastify/lib/hooks.js:85:3)
    at /data/js-variants/multee/Variants/fastify/variant84/fastify/fastify.js:522:11
    at Object._encapsulateThreeParam (/data/js-variants/multee/Variants/fastify/variant84/fastify/node_modules/avvio/boot.js:557:7)

/data/js-variants/multee/Variants/fastify/variant84/fastify/node_modules/light-my-request/lib/configValidator.js:10
  lyx
  ^
ReferenceError: lyx is not defined
    at validate10 (/data/js-variants/multee/Variants/fastify/variant84/fastify/node_modules/light-my-request/lib/configValidator.js:10:3)
    at doInject (/data/js-variants/multee/Variants/fastify/variant84/fastify/node_modules/light-my-request/index.js:36:27)
    at lightMyRequest (/data/js-variants/multee/Variants/fastify/variant84/fastify/node_modules/light-my-request/index.js:15:12)
    at cb (/data/js-variants/multee/Variants/fastify/variant84/fastify/fastify.js:487:14)
    at cb (/data/js-variants/multee/Variants/fastify/variant84/fastify/fastify.js:540:11)
    at exit (/data/js-variants/multee/Variants/fastify/variant84/fastify/lib/hooks.js:100:5)
    at next (/data/js-variants/multee/Variants/fastify/variant84/fastify/lib/hooks.js:111:9)
    at hookRunnerApplication (/data/js-variants/multee/Variants/fastify/variant84/fastify/lib/hooks.js:85:3)
    at /data/js-variants/multee/Variants/fastify/variant84/fastify/fastify.js:522:11
    at Object._encapsulateThreeParam (/data/js-variants/multee/Variants/fastify/variant84/fastify/node_modules/avvio/boot.js:557:7)

/data/js-variants/multee/Variants/fastify/variant84/fastify/node_modules/light-my-request/lib/configValidator.js:10
  lyx
  ^
ReferenceError: lyx is not defined
    at validate10 (/data/js-variants/multee/Variants/fastify/variant84/fastify/node_modules/light-my-request/lib/configValidator.js:10:3)
    at doInject (/data/js-variants/multee/Variants/fastify/variant84/fastify/node_modules/light-my-request/index.js:36:27)
    at lightMyRequest (/data/js-variants/multee/Variants/fastify/variant84/fastify/node_modules/light-my-request/index.js:15:12)
    at cb (/data/js-variants/multee/Variants/fastify/variant84/fastify/fastify.js:487:14)
    at cb (/data/js-variants/multee/Variants/fastify/variant84/fastify/fastify.js:540:11)
    at exit (/data/js-variants/multee/Variants/fastify/variant84/fastify/lib/hooks.js:100:5)
    at next (/data/js-variants/multee/Variants/fastify/variant84/fastify/lib/hooks.js:111:9)
    at hookRunnerApplication (/data/js-variants/multee/Variants/fastify/variant84/fastify/lib/hooks.js:85:3)
    at /data/js-variants/multee/Variants/fastify/variant84/fastify/fastify.js:522:11
    at Object._encapsulateThreeParam (/data/js-variants/multee/Variants/fastify/variant84/fastify/node_modules/avvio/boot.js:557:7)

/data/js-variants/multee/Variants/fastify/variant84/fastify/node_modules/light-my-request/lib/configValidator.js:10
  lyx
  ^
ReferenceError: lyx is not defined
    at validate10 (/data/js-variants/multee/Variants/fastify/variant84/fastify/node_modules/light-my-request/lib/configValidator.js:10:3)
    at doInject (/data/js-variants/multee/Variants/fastify/variant84/fastify/node_modules/light-my-request/index.js:36:27)
    at lightMyRequest (/data/js-variants/multee/Variants/fastify/variant84/fastify/node_modules/light-my-request/index.js:15:12)
    at cb (/data/js-variants/multee/Variants/fastify/variant84/fastify/fastify.js:487:14)
    at cb (/data/js-variants/multee/Variants/fastify/variant84/fastify/fastify.js:540:11)
    at exit (/data/js-variants/multee/Variants/fastify/variant84/fastify/lib/hooks.js:100:5)
    at next (/data/js-variants/multee/Variants/fastify/variant84/fastify/lib/hooks.js:111:9)
    at hookRunnerApplication (/data/js-variants/multee/Variants/fastify/variant84/fastify/lib/hooks.js:85:3)
    at /data/js-variants/multee/Variants/fastify/variant84/fastify/fastify.js:522:11
    at Object._encapsulateThreeParam (/data/js-variants/multee/Variants/fastify/variant84/fastify/node_modules/avvio/boot.js:557:7)

/data/js-variants/multee/Variants/fastify/variant84/fastify/node_modules/light-my-request/lib/configValidator.js:10
  lyx
  ^
ReferenceError: lyx is not defined
    at validate10 (/data/js-variants/multee/Variants/fastify/variant84/fastify/node_modules/light-my-request/lib/configValidator.js:10:3)
    at doInject (/data/js-variants/multee/Variants/fastify/variant84/fastify/node_modules/light-my-request/index.js:36:27)
    at lightMyRequest (/data/js-variants/multee/Variants/fastify/variant84/fastify/node_modules/light-my-request/index.js:15:12)
    at cb (/data/js-variants/multee/Variants/fastify/variant84/fastify/fastify.js:487:14)
    at cb (/data/js-variants/multee/Variants/fastify/variant84/fastify/fastify.js:540:11)
    at exit (/data/js-variants/multee/Variants/fastify/variant84/fastify/lib/hooks.js:100:5)
    at next (/data/js-variants/multee/Variants/fastify/variant84/fastify/lib/hooks.js:111:9)
    at hookRunnerApplication (/data/js-variants/multee/Variants/fastify/variant84/fastify/lib/hooks.js:85:3)
    at /data/js-variants/multee/Variants/fastify/variant84/fastify/fastify.js:522:11
    at Object._encapsulateThreeParam (/data/js-variants/multee/Variants/fastify/variant84/fastify/node_modules/avvio/boot.js:557:7)

/data/js-variants/multee/Variants/fastify/variant84/fastify/node_modules/light-my-request/lib/configValidator.js:10
  lyx
  ^
ReferenceError: lyx is not defined
    at validate10 (/data/js-variants/multee/Variants/fastify/variant84/fastify/node_modules/light-my-request/lib/configValidator.js:10:3)
    at doInject (/data/js-variants/multee/Variants/fastify/variant84/fastify/node_modules/light-my-request/index.js:36:27)
    at lightMyRequest (/data/js-variants/multee/Variants/fastify/variant84/fastify/node_modules/light-my-request/index.js:15:12)
    at cb (/data/js-variants/multee/Variants/fastify/variant84/fastify/fastify.js:487:14)
    at cb (/data/js-variants/multee/Variants/fastify/variant84/fastify/fastify.js:540:11)
    at exit (/data/js-variants/multee/Variants/fastify/variant84/fastify/lib/hooks.js:100:5)
    at next (/data/js-variants/multee/Variants/fastify/variant84/fastify/lib/hooks.js:111:9)
    at hookRunnerApplication (/data/js-variants/multee/Variants/fastify/variant84/fastify/lib/hooks.js:85:3)
    at /data/js-variants/multee/Variants/fastify/variant84/fastify/fastify.js:522:11
    at Object._encapsulateThreeParam (/data/js-variants/multee/Variants/fastify/variant84/fastify/node_modules/avvio/boot.js:557:7)

/data/js-variants/multee/Variants/fastify/variant84/fastify/node_modules/light-my-request/lib/configValidator.js:10
  lyx
  ^
ReferenceError: lyx is not defined
    at validate10 (/data/js-variants/multee/Variants/fastify/variant84/fastify/node_modules/light-my-request/lib/configValidator.js:10:3)
    at doInject (/data/js-variants/multee/Variants/fastify/variant84/fastify/node_modules/light-my-request/index.js:36:27)
    at lightMyRequest (/data/js-variants/multee/Variants/fastify/variant84/fastify/node_modules/light-my-request/index.js:15:12)
    at cb (/data/js-variants/multee/Variants/fastify/variant84/fastify/fastify.js:487:14)
    at cb (/data/js-variants/multee/Variants/fastify/variant84/fastify/fastify.js:540:11)
    at exit (/data/js-variants/multee/Variants/fastify/variant84/fastify/lib/hooks.js:100:5)
    at next (/data/js-variants/multee/Variants/fastify/variant84/fastify/lib/hooks.js:111:9)
    at hookRunnerApplication (/data/js-variants/multee/Variants/fastify/variant84/fastify/lib/hooks.js:85:3)
    at /data/js-variants/multee/Variants/fastify/variant84/fastify/fastify.js:522:11
    at Object._encapsulateThreeParam (/data/js-variants/multee/Variants/fastify/variant84/fastify/node_modules/avvio/boot.js:557:7)

/data/js-variants/multee/Variants/fastify/variant84/fastify/node_modules/light-my-request/lib/configValidator.js:10
  lyx
  ^
ReferenceError: lyx is not defined
    at validate10 (/data/js-variants/multee/Variants/fastify/variant84/fastify/node_modules/light-my-request/lib/configValidator.js:10:3)
    at doInject (/data/js-variants/multee/Variants/fastify/variant84/fastify/node_modules/light-my-request/index.js:36:27)
    at lightMyRequest (/data/js-variants/multee/Variants/fastify/variant84/fastify/node_modules/light-my-request/index.js:15:12)
    at cb (/data/js-variants/multee/Variants/fastify/variant84/fastify/fastify.js:487:14)
    at cb (/data/js-variants/multee/Variants/fastify/variant84/fastify/fastify.js:540:11)
    at exit (/data/js-variants/multee/Variants/fastify/variant84/fastify/lib/hooks.js:100:5)
    at manageTimeout (/data/js-variants/multee/Variants/fastify/variant84/fastify/lib/hooks.js:117:11)
    at _encapsulateThreeParam (/data/js-variants/multee/Variants/fastify/variant84/fastify/node_modules/avvio/boot.js:557:7)
    at Boot.timeoutCall (/data/js-variants/multee/Variants/fastify/variant84/fastify/node_modules/avvio/boot.js:453:5)
    at Boot.callWithCbOrNextTick (/data/js-variants/multee/Variants/fastify/variant84/fastify/node_modules/avvio/boot.js:435:19)

/data/js-variants/multee/Variants/fastify/variant84/fastify/node_modules/light-my-request/lib/configValidator.js:10
  lyx
  ^
ReferenceError: lyx is not defined
    at validate10 (/data/js-variants/multee/Variants/fastify/variant84/fastify/node_modules/light-my-request/lib/configValidator.js:10:3)
    at doInject (/data/js-variants/multee/Variants/fastify/variant84/fastify/node_modules/light-my-request/index.js:36:27)
    at lightMyRequest (/data/js-variants/multee/Variants/fastify/variant84/fastify/node_modules/light-my-request/index.js:15:12)
    at cb (/data/js-variants/multee/Variants/fastify/variant84/fastify/fastify.js:487:14)
    at cb (/data/js-variants/multee/Variants/fastify/variant84/fastify/fastify.js:540:11)
    at exit (/data/js-variants/multee/Variants/fastify/variant84/fastify/lib/hooks.js:100:5)
    at manageTimeout (/data/js-variants/multee/Variants/fastify/variant84/fastify/lib/hooks.js:117:11)
    at _encapsulateThreeParam (/data/js-variants/multee/Variants/fastify/variant84/fastify/node_modules/avvio/boot.js:557:7)
    at Boot.timeoutCall (/data/js-variants/multee/Variants/fastify/variant84/fastify/node_modules/avvio/boot.js:453:5)
    at Boot.callWithCbOrNextTick (/data/js-variants/multee/Variants/fastify/variant84/fastify/node_modules/avvio/boot.js:435:19)

/data/js-variants/multee/Variants/fastify/variant84/fastify/node_modules/light-my-request/lib/configValidator.js:10
  lyx
  ^
ReferenceError: lyx is not defined
    at validate10 (/data/js-variants/multee/Variants/fastify/variant84/fastify/node_modules/light-my-request/lib/configValidator.js:10:3)
    at doInject (/data/js-variants/multee/Variants/fastify/variant84/fastify/node_modules/light-my-request/index.js:36:27)
    at lightMyRequest (/data/js-variants/multee/Variants/fastify/variant84/fastify/node_modules/light-my-request/index.js:15:12)
    at cb (/data/js-variants/multee/Variants/fastify/variant84/fastify/fastify.js:487:14)
    at cb (/data/js-variants/multee/Variants/fastify/variant84/fastify/fastify.js:540:11)
    at exit (/data/js-variants/multee/Variants/fastify/variant84/fastify/lib/hooks.js:100:5)
    at next (/data/js-variants/multee/Variants/fastify/variant84/fastify/lib/hooks.js:111:9)
    at hookRunnerApplication (/data/js-variants/multee/Variants/fastify/variant84/fastify/lib/hooks.js:85:3)
    at /data/js-variants/multee/Variants/fastify/variant84/fastify/fastify.js:522:11
    at Object._encapsulateThreeParam (/data/js-variants/multee/Variants/fastify/variant84/fastify/node_modules/avvio/boot.js:557:7)

/data/js-variants/multee/Variants/fastify/variant84/fastify/node_modules/light-my-request/lib/configValidator.js:10
  lyx
  ^
ReferenceError: lyx is not defined
    at validate10 (/data/js-variants/multee/Variants/fastify/variant84/fastify/node_modules/light-my-request/lib/configValidator.js:10:3)
    at doInject (/data/js-variants/multee/Variants/fastify/variant84/fastify/node_modules/light-my-request/index.js:36:27)
    at lightMyRequest (/data/js-variants/multee/Variants/fastify/variant84/fastify/node_modules/light-my-request/index.js:15:12)
    at cb (/data/js-variants/multee/Variants/fastify/variant84/fastify/fastify.js:487:14)
    at cb (/data/js-variants/multee/Variants/fastify/variant84/fastify/fastify.js:540:11)
    at exit (/data/js-variants/multee/Variants/fastify/variant84/fastify/lib/hooks.js:100:5)
    at next (/data/js-variants/multee/Variants/fastify/variant84/fastify/lib/hooks.js:111:9)
    at hookRunnerApplication (/data/js-variants/multee/Variants/fastify/variant84/fastify/lib/hooks.js:85:3)
    at /data/js-variants/multee/Variants/fastify/variant84/fastify/fastify.js:522:11
    at Object._encapsulateThreeParam (/data/js-variants/multee/Variants/fastify/variant84/fastify/node_modules/avvio/boot.js:557:7)

/data/js-variants/multee/Variants/fastify/variant84/fastify/node_modules/light-my-request/lib/configValidator.js:10
  lyx
  ^
ReferenceError: lyx is not defined
    at validate10 (/data/js-variants/multee/Variants/fastify/variant84/fastify/node_modules/light-my-request/lib/configValidator.js:10:3)
    at doInject (/data/js-variants/multee/Variants/fastify/variant84/fastify/node_modules/light-my-request/index.js:36:27)
    at lightMyRequest (/data/js-variants/multee/Variants/fastify/variant84/fastify/node_modules/light-my-request/index.js:15:12)
    at cb (/data/js-variants/multee/Variants/fastify/variant84/fastify/fastify.js:487:14)
    at cb (/data/js-variants/multee/Variants/fastify/variant84/fastify/fastify.js:540:11)
    at exit (/data/js-variants/multee/Variants/fastify/variant84/fastify/lib/hooks.js:100:5)
    at next (/data/js-variants/multee/Variants/fastify/variant84/fastify/lib/hooks.js:111:9)
    at hookRunnerApplication (/data/js-variants/multee/Variants/fastify/variant84/fastify/lib/hooks.js:85:3)
    at /data/js-variants/multee/Variants/fastify/variant84/fastify/fastify.js:522:11
    at Object._encapsulateThreeParam (/data/js-variants/multee/Variants/fastify/variant84/fastify/node_modules/avvio/boot.js:557:7)
ERROR: Coverage for lines (80.36%) does not meet global threshold (100%)
ERROR: Coverage for functions (78.63%) does not meet global threshold (100%)
ERROR: Coverage for branches (75.52%) does not meet global threshold (100%)
ERROR: Coverage for statements (79.91%) does not meet global threshold (100%)
ERROR: Coverage for lines (92.01%) does not meet global threshold (100%)
ERROR: Coverage for functions (90.59%) does not meet global threshold (100%)
ERROR: Coverage for branches (90.94%) does not meet global threshold (100%)
ERROR: Coverage for statements (91.81%) does not meet global threshold (100%)
ERROR: Coverage for lines (92.01%) does not meet global threshold (100%)
ERROR: Coverage for functions (90.59%) does not meet global threshold (100%)
ERROR: Coverage for branches (90.94%) does not meet global threshold (100%)
ERROR: Coverage for statements (91.81%) does not meet global threshold (100%)
possible timeout: SIGTERM received after tap end
  ---
  handles:
    - type: Server
      events:
        - request
        - connection
        - clientError
      connectionKey: 4:127.0.0.1:0
  ...

ERROR: Coverage for lines (92.01%) does not meet global threshold (100%)
ERROR: Coverage for functions (90.59%) does not meet global threshold (100%)
ERROR: Coverage for branches (90.94%) does not meet global threshold (100%)
ERROR: Coverage for statements (91.81%) does not meet global threshold (100%)
ERROR: Coverage for lines (92.01%) does not meet global threshold (100%)
ERROR: Coverage for functions (90.59%) does not meet global threshold (100%)
ERROR: Coverage for branches (90.94%) does not meet global threshold (100%)
ERROR: Coverage for statements (91.81%) does not meet global threshold (100%)
ERROR: Coverage for lines (92.01%) does not meet global threshold (100%)
ERROR: Coverage for functions (90.59%) does not meet global threshold (100%)
ERROR: Coverage for branches (90.94%) does not meet global threshold (100%)
ERROR: Coverage for statements (91.81%) does not meet global threshold (100%)
ERROR: Coverage for lines (92.01%) does not meet global threshold (100%)
ERROR: Coverage for functions (90.59%) does not meet global threshold (100%)
ERROR: Coverage for branches (90.94%) does not meet global threshold (100%)
ERROR: Coverage for statements (91.81%) does not meet global threshold (100%)
ERROR: Coverage for lines (92.01%) does not meet global threshold (100%)
ERROR: Coverage for functions (90.59%) does not meet global threshold (100%)
ERROR: Coverage for branches (90.94%) does not meet global threshold (100%)
ERROR: Coverage for statements (91.81%) does not meet global threshold (100%)
ERROR: Coverage for lines (92.01%) does not meet global threshold (100%)
ERROR: Coverage for functions (90.59%) does not meet global threshold (100%)
ERROR: Coverage for branches (90.94%) does not meet global threshold (100%)
ERROR: Coverage for statements (91.81%) does not meet global threshold (100%)
ERROR: Coverage for lines (92.01%) does not meet global threshold (100%)
ERROR: Coverage for functions (90.59%) does not meet global threshold (100%)
ERROR: Coverage for branches (90.94%) does not meet global threshold (100%)
ERROR: Coverage for statements (91.81%) does not meet global threshold (100%)
ERROR: Coverage for lines (92.01%) does not meet global threshold (100%)
ERROR: Coverage for functions (90.59%) does not meet global threshold (100%)
ERROR: Coverage for branches (90.94%) does not meet global threshold (100%)
ERROR: Coverage for statements (91.81%) does not meet global threshold (100%)
ERROR: Coverage for lines (91.72%) does not meet global threshold (100%)
ERROR: Coverage for functions (90.59%) does not meet global threshold (100%)
ERROR: Coverage for branches (90.35%) does not meet global threshold (100%)
ERROR: Coverage for statements (91.45%) does not meet global threshold (100%)
ERROR: Coverage for lines (92.01%) does not meet global threshold (100%)
ERROR: Coverage for functions (90.59%) does not meet global threshold (100%)
ERROR: Coverage for branches (90.94%) does not meet global threshold (100%)
ERROR: Coverage for statements (91.81%) does not meet global threshold (100%)
ERROR: Coverage for lines (92.01%) does not meet global threshold (100%)
ERROR: Coverage for functions (90.59%) does not meet global threshold (100%)
ERROR: Coverage for branches (90.94%) does not meet global threshold (100%)
ERROR: Coverage for statements (91.81%) does not meet global threshold (100%)
ERROR: Coverage for lines (92.01%) does not meet global threshold (100%)
ERROR: Coverage for functions (90.59%) does not meet global threshold (100%)
ERROR: Coverage for branches (90.94%) does not meet global threshold (100%)
ERROR: Coverage for statements (91.81%) does not meet global threshold (100%)
ERROR: Coverage for lines (92.01%) does not meet global threshold (100%)
ERROR: Coverage for functions (90.59%) does not meet global threshold (100%)
ERROR: Coverage for branches (90.94%) does not meet global threshold (100%)
ERROR: Coverage for statements (91.81%) does not meet global threshold (100%)
ERROR: Coverage for lines (92.01%) does not meet global threshold (100%)
ERROR: Coverage for functions (90.59%) does not meet global threshold (100%)
ERROR: Coverage for branches (90.94%) does not meet global threshold (100%)
ERROR: Coverage for statements (91.81%) does not meet global threshold (100%)
ERROR: Coverage for lines (92.01%) does not meet global threshold (100%)
ERROR: Coverage for functions (90.59%) does not meet global threshold (100%)
ERROR: Coverage for branches (90.94%) does not meet global threshold (100%)
ERROR: Coverage for statements (91.81%) does not meet global threshold (100%)
ERROR: Coverage for lines (92.01%) does not meet global threshold (100%)
ERROR: Coverage for functions (90.59%) does not meet global threshold (100%)
ERROR: Coverage for branches (90.94%) does not meet global threshold (100%)
ERROR: Coverage for statements (91.81%) does not meet global threshold (100%)
ERROR: Coverage for lines (92.01%) does not meet global threshold (100%)
ERROR: Coverage for functions (90.59%) does not meet global threshold (100%)
ERROR: Coverage for branches (90.94%) does not meet global threshold (100%)
ERROR: Coverage for statements (91.81%) does not meet global threshold (100%)
ERROR: Coverage for lines (92.01%) does not meet global threshold (100%)
ERROR: Coverage for functions (90.59%) does not meet global threshold (100%)
ERROR: Coverage for branches (90.94%) does not meet global threshold (100%)
ERROR: Coverage for statements (91.81%) does not meet global threshold (100%)
ERROR: Coverage for lines (92.01%) does not meet global threshold (100%)
ERROR: Coverage for functions (90.59%) does not meet global threshold (100%)
ERROR: Coverage for branches (90.94%) does not meet global threshold (100%)
ERROR: Coverage for statements (91.81%) does not meet global threshold (100%)
ERROR: Coverage for lines (92.01%) does not meet global threshold (100%)
ERROR: Coverage for functions (90.59%) does not meet global threshold (100%)
ERROR: Coverage for branches (90.94%) does not meet global threshold (100%)
ERROR: Coverage for statements (91.81%) does not meet global threshold (100%)
ERROR: Coverage for lines (92.01%) does not meet global threshold (100%)
ERROR: Coverage for functions (90.59%) does not meet global threshold (100%)
ERROR: Coverage for branches (90.94%) does not meet global threshold (100%)
ERROR: Coverage for statements (91.81%) does not meet global threshold (100%)
ERROR: Coverage for lines (92.01%) does not meet global threshold (100%)
ERROR: Coverage for functions (90.59%) does not meet global threshold (100%)
ERROR: Coverage for branches (90.94%) does not meet global threshold (100%)
ERROR: Coverage for statements (91.81%) does not meet global threshold (100%)
ERROR: Coverage for lines (92.01%) does not meet global threshold (100%)
ERROR: Coverage for functions (90.59%) does not meet global threshold (100%)
ERROR: Coverage for branches (90.94%) does not meet global threshold (100%)
ERROR: Coverage for statements (91.81%) does not meet global threshold (100%)
ERROR: Coverage for lines (92.01%) does not meet global threshold (100%)
ERROR: Coverage for functions (90.59%) does not meet global threshold (100%)
ERROR: Coverage for branches (90.94%) does not meet global threshold (100%)
ERROR: Coverage for statements (91.81%) does not meet global threshold (100%)
ERROR: Coverage for lines (92.01%) does not meet global threshold (100%)
ERROR: Coverage for functions (90.59%) does not meet global threshold (100%)
ERROR: Coverage for branches (90.94%) does not meet global threshold (100%)
ERROR: Coverage for statements (91.81%) does not meet global threshold (100%)
ERROR: Coverage for lines (92.01%) does not meet global threshold (100%)
ERROR: Coverage for functions (90.59%) does not meet global threshold (100%)
ERROR: Coverage for branches (90.94%) does not meet global threshold (100%)
ERROR: Coverage for statements (91.81%) does not meet global threshold (100%)
ERROR: Coverage for lines (92.01%) does not meet global threshold (100%)
ERROR: Coverage for functions (90.59%) does not meet global threshold (100%)
ERROR: Coverage for branches (90.94%) does not meet global threshold (100%)
ERROR: Coverage for statements (91.81%) does not meet global threshold (100%)
ERROR: Coverage for lines (92.01%) does not meet global threshold (100%)
ERROR: Coverage for functions (90.59%) does not meet global threshold (100%)
ERROR: Coverage for branches (90.94%) does not meet global threshold (100%)
ERROR: Coverage for statements (91.81%) does not meet global threshold (100%)
ERROR: Coverage for lines (92.01%) does not meet global threshold (100%)
ERROR: Coverage for functions (90.59%) does not meet global threshold (100%)
ERROR: Coverage for branches (90.94%) does not meet global threshold (100%)
ERROR: Coverage for statements (91.81%) does not meet global threshold (100%)
ERROR: Coverage for lines (92.01%) does not meet global threshold (100%)
ERROR: Coverage for functions (90.59%) does not meet global threshold (100%)
ERROR: Coverage for branches (90.94%) does not meet global threshold (100%)
ERROR: Coverage for statements (91.81%) does not meet global threshold (100%)
ERROR: Coverage for lines (92.01%) does not meet global threshold (100%)
ERROR: Coverage for functions (90.59%) does not meet global threshold (100%)
ERROR: Coverage for branches (90.94%) does not meet global threshold (100%)
ERROR: Coverage for statements (91.81%) does not meet global threshold (100%)
ERROR: Coverage for lines (92.01%) does not meet global threshold (100%)
ERROR: Coverage for functions (90.59%) does not meet global threshold (100%)
ERROR: Coverage for branches (90.94%) does not meet global threshold (100%)
ERROR: Coverage for statements (91.81%) does not meet global threshold (100%)
ERROR: Coverage for lines (92.01%) does not meet global threshold (100%)
ERROR: Coverage for functions (90.59%) does not meet global threshold (100%)
ERROR: Coverage for branches (90.94%) does not meet global threshold (100%)
ERROR: Coverage for statements (91.81%) does not meet global threshold (100%)
ERROR: Coverage for lines (92.01%) does not meet global threshold (100%)
ERROR: Coverage for functions (90.59%) does not meet global threshold (100%)
ERROR: Coverage for branches (90.94%) does not meet global threshold (100%)
ERROR: Coverage for statements (91.81%) does not meet global threshold (100%)
ERROR: Coverage for lines (92.01%) does not meet global threshold (100%)
ERROR: Coverage for functions (90.59%) does not meet global threshold (100%)
ERROR: Coverage for branches (90.94%) does not meet global threshold (100%)
ERROR: Coverage for statements (91.81%) does not meet global threshold (100%)
ERROR: Coverage for lines (92.01%) does not meet global threshold (100%)
ERROR: Coverage for functions (90.59%) does not meet global threshold (100%)
ERROR: Coverage for branches (90.94%) does not meet global threshold (100%)
ERROR: Coverage for statements (91.81%) does not meet global threshold (100%)
ERROR: Coverage for lines (92.01%) does not meet global threshold (100%)
ERROR: Coverage for functions (90.59%) does not meet global threshold (100%)
ERROR: Coverage for branches (90.94%) does not meet global threshold (100%)
ERROR: Coverage for statements (91.81%) does not meet global threshold (100%)
ERROR: Coverage for lines (92.01%) does not meet global threshold (100%)
ERROR: Coverage for functions (90.59%) does not meet global threshold (100%)
ERROR: Coverage for branches (90.94%) does not meet global threshold (100%)
ERROR: Coverage for statements (91.81%) does not meet global threshold (100%)
ERROR: Coverage for lines (92.01%) does not meet global threshold (100%)
ERROR: Coverage for functions (90.59%) does not meet global threshold (100%)
ERROR: Coverage for branches (90.94%) does not meet global threshold (100%)
ERROR: Coverage for statements (91.81%) does not meet global threshold (100%)
ERROR: Coverage for lines (92.01%) does not meet global threshold (100%)
ERROR: Coverage for functions (90.59%) does not meet global threshold (100%)
ERROR: Coverage for branches (90.94%) does not meet global threshold (100%)
ERROR: Coverage for statements (91.81%) does not meet global threshold (100%)
ERROR: Coverage for lines (92.01%) does not meet global threshold (100%)
ERROR: Coverage for functions (90.59%) does not meet global threshold (100%)
ERROR: Coverage for branches (90.94%) does not meet global threshold (100%)
ERROR: Coverage for statements (91.81%) does not meet global threshold (100%)
ERROR: Coverage for lines (92.01%) does not meet global threshold (100%)
ERROR: Coverage for functions (90.59%) does not meet global threshold (100%)
ERROR: Coverage for branches (90.94%) does not meet global threshold (100%)
ERROR: Coverage for statements (91.81%) does not meet global threshold (100%)
ERROR: Coverage for lines (92.01%) does not meet global threshold (100%)
ERROR: Coverage for functions (90.59%) does not meet global threshold (100%)
ERROR: Coverage for branches (90.94%) does not meet global threshold (100%)
ERROR: Coverage for statements (91.81%) does not meet global threshold (100%)
ERROR: Coverage for lines (92.01%) does not meet global threshold (100%)
ERROR: Coverage for functions (90.59%) does not meet global threshold (100%)
ERROR: Coverage for branches (90.94%) does not meet global threshold (100%)
ERROR: Coverage for statements (91.81%) does not meet global threshold (100%)
ERROR: Coverage for lines (92.01%) does not meet global threshold (100%)
ERROR: Coverage for functions (90.59%) does not meet global threshold (100%)
ERROR: Coverage for branches (90.94%) does not meet global threshold (100%)
ERROR: Coverage for statements (91.81%) does not meet global threshold (100%)
ERROR: Coverage for lines (92.01%) does not meet global threshold (100%)
ERROR: Coverage for functions (90.59%) does not meet global threshold (100%)
ERROR: Coverage for branches (90.94%) does not meet global threshold (100%)
ERROR: Coverage for statements (91.81%) does not meet global threshold (100%)
ERROR: Coverage for lines (92.01%) does not meet global threshold (100%)
ERROR: Coverage for functions (90.59%) does not meet global threshold (100%)
ERROR: Coverage for branches (90.94%) does not meet global threshold (100%)
ERROR: Coverage for statements (91.81%) does not meet global threshold (100%)
ERROR: Coverage for lines (92.01%) does not meet global threshold (100%)
ERROR: Coverage for functions (90.59%) does not meet global threshold (100%)
ERROR: Coverage for branches (90.94%) does not meet global threshold (100%)
ERROR: Coverage for statements (91.81%) does not meet global threshold (100%)
ERROR: Coverage for lines (92.01%) does not meet global threshold (100%)
ERROR: Coverage for functions (90.59%) does not meet global threshold (100%)
ERROR: Coverage for branches (90.94%) does not meet global threshold (100%)
ERROR: Coverage for statements (91.81%) does not meet global threshold (100%)
ERROR: Coverage for lines (92.01%) does not meet global threshold (100%)
ERROR: Coverage for functions (90.59%) does not meet global threshold (100%)
ERROR: Coverage for branches (90.94%) does not meet global threshold (100%)
ERROR: Coverage for statements (91.81%) does not meet global threshold (100%)
ERROR: Coverage for lines (92.01%) does not meet global threshold (100%)
ERROR: Coverage for functions (90.59%) does not meet global threshold (100%)
ERROR: Coverage for branches (90.94%) does not meet global threshold (100%)
ERROR: Coverage for statements (91.81%) does not meet global threshold (100%)
ERROR: Coverage for lines (92.01%) does not meet global threshold (100%)
ERROR: Coverage for functions (90.59%) does not meet global threshold (100%)
ERROR: Coverage for branches (90.94%) does not meet global threshold (100%)
ERROR: Coverage for statements (91.81%) does not meet global threshold (100%)
ERROR: Coverage for lines (92.01%) does not meet global threshold (100%)
ERROR: Coverage for functions (90.59%) does not meet global threshold (100%)
ERROR: Coverage for branches (90.94%) does not meet global threshold (100%)
ERROR: Coverage for statements (91.81%) does not meet global threshold (100%)
ERROR: Coverage for lines (92.01%) does not meet global threshold (100%)
ERROR: Coverage for functions (90.59%) does not meet global threshold (100%)
ERROR: Coverage for branches (90.94%) does not meet global threshold (100%)
ERROR: Coverage for statements (91.81%) does not meet global threshold (100%)
ERROR: Coverage for lines (92.01%) does not meet global threshold (100%)
ERROR: Coverage for functions (90.59%) does not meet global threshold (100%)
ERROR: Coverage for branches (90.94%) does not meet global threshold (100%)
ERROR: Coverage for statements (91.81%) does not meet global threshold (100%)
ERROR: Coverage for lines (92.01%) does not meet global threshold (100%)
ERROR: Coverage for functions (90.59%) does not meet global threshold (100%)
ERROR: Coverage for branches (90.94%) does not meet global threshold (100%)
ERROR: Coverage for statements (91.81%) does not meet global threshold (100%)
ERROR: Coverage for lines (92.01%) does not meet global threshold (100%)
ERROR: Coverage for functions (90.59%) does not meet global threshold (100%)
ERROR: Coverage for branches (90.94%) does not meet global threshold (100%)
ERROR: Coverage for statements (91.81%) does not meet global threshold (100%)
ERROR: Coverage for lines (92.01%) does not meet global threshold (100%)
ERROR: Coverage for functions (90.59%) does not meet global threshold (100%)
ERROR: Coverage for branches (90.94%) does not meet global threshold (100%)
ERROR: Coverage for statements (91.81%) does not meet global threshold (100%)
ERROR: Coverage for lines (92.01%) does not meet global threshold (100%)
ERROR: Coverage for functions (90.59%) does not meet global threshold (100%)
ERROR: Coverage for branches (90.94%) does not meet global threshold (100%)
ERROR: Coverage for statements (91.81%) does not meet global threshold (100%)
ERROR: Coverage for lines (92.01%) does not meet global threshold (100%)
ERROR: Coverage for functions (90.59%) does not meet global threshold (100%)
ERROR: Coverage for branches (90.94%) does not meet global threshold (100%)
ERROR: Coverage for statements (91.81%) does not meet global threshold (100%)
ERROR: Coverage for lines (92.01%) does not meet global threshold (100%)
ERROR: Coverage for functions (90.59%) does not meet global threshold (100%)
ERROR: Coverage for branches (90.94%) does not meet global threshold (100%)
ERROR: Coverage for statements (91.81%) does not meet global threshold (100%)
ERROR: Coverage for lines (92.01%) does not meet global threshold (100%)
ERROR: Coverage for functions (90.59%) does not meet global threshold (100%)
ERROR: Coverage for branches (90.94%) does not meet global threshold (100%)
ERROR: Coverage for statements (91.81%) does not meet global threshold (100%)
ERROR: Coverage for lines (92.01%) does not meet global threshold (100%)
ERROR: Coverage for functions (90.59%) does not meet global threshold (100%)
ERROR: Coverage for branches (90.94%) does not meet global threshold (100%)
ERROR: Coverage for statements (91.81%) does not meet global threshold (100%)
ERROR: Coverage for lines (92.01%) does not meet global threshold (100%)
ERROR: Coverage for functions (90.59%) does not meet global threshold (100%)
ERROR: Coverage for branches (90.94%) does not meet global threshold (100%)
ERROR: Coverage for statements (91.81%) does not meet global threshold (100%)
ERROR: Coverage for lines (92.01%) does not meet global threshold (100%)
ERROR: Coverage for functions (90.59%) does not meet global threshold (100%)
ERROR: Coverage for branches (90.94%) does not meet global threshold (100%)
ERROR: Coverage for statements (91.81%) does not meet global threshold (100%)
ERROR: Coverage for lines (92.01%) does not meet global threshold (100%)
ERROR: Coverage for functions (90.59%) does not meet global threshold (100%)
ERROR: Coverage for branches (90.94%) does not meet global threshold (100%)
ERROR: Coverage for statements (91.81%) does not meet global threshold (100%)
ERROR: Coverage for lines (92.01%) does not meet global threshold (100%)
ERROR: Coverage for functions (90.59%) does not meet global threshold (100%)
ERROR: Coverage for branches (90.94%) does not meet global threshold (100%)
ERROR: Coverage for statements (91.81%) does not meet global threshold (100%)
ERROR: Coverage for lines (92.01%) does not meet global threshold (100%)
ERROR: Coverage for functions (90.59%) does not meet global threshold (100%)
ERROR: Coverage for branches (90.94%) does not meet global threshold (100%)
ERROR: Coverage for statements (91.81%) does not meet global threshold (100%)
ERROR: Coverage for lines (92.01%) does not meet global threshold (100%)
ERROR: Coverage for functions (90.59%) does not meet global threshold (100%)
ERROR: Coverage for branches (90.94%) does not meet global threshold (100%)
ERROR: Coverage for statements (91.81%) does not meet global threshold (100%)
ERROR: Coverage for lines (92.01%) does not meet global threshold (100%)
ERROR: Coverage for functions (90.59%) does not meet global threshold (100%)
ERROR: Coverage for branches (90.94%) does not meet global threshold (100%)
ERROR: Coverage for statements (91.81%) does not meet global threshold (100%)
ERROR: Coverage for lines (92.01%) does not meet global threshold (100%)
ERROR: Coverage for functions (90.59%) does not meet global threshold (100%)
ERROR: Coverage for branches (90.94%) does not meet global threshold (100%)
ERROR: Coverage for statements (91.81%) does not meet global threshold (100%)
ERROR: Coverage for lines (92.01%) does not meet global threshold (100%)
ERROR: Coverage for functions (90.59%) does not meet global threshold (100%)
ERROR: Coverage for branches (90.94%) does not meet global threshold (100%)
ERROR: Coverage for statements (91.81%) does not meet global threshold (100%)
ERROR: Coverage for lines (92.01%) does not meet global threshold (100%)
ERROR: Coverage for functions (90.59%) does not meet global threshold (100%)
ERROR: Coverage for branches (90.94%) does not meet global threshold (100%)
ERROR: Coverage for statements (91.81%) does not meet global threshold (100%)
ERROR: Coverage for lines (92.01%) does not meet global threshold (100%)
ERROR: Coverage for functions (90.59%) does not meet global threshold (100%)
ERROR: Coverage for branches (90.94%) does not meet global threshold (100%)
ERROR: Coverage for statements (91.81%) does not meet global threshold (100%)
ERROR: Coverage for lines (92.01%) does not meet global threshold (100%)
ERROR: Coverage for functions (90.59%) does not meet global threshold (100%)
ERROR: Coverage for branches (90.94%) does not meet global threshold (100%)
ERROR: Coverage for statements (91.81%) does not meet global threshold (100%)
ERROR: Coverage for lines (92.01%) does not meet global threshold (100%)
ERROR: Coverage for functions (90.59%) does not meet global threshold (100%)
ERROR: Coverage for branches (90.94%) does not meet global threshold (100%)
ERROR: Coverage for statements (91.81%) does not meet global threshold (100%)
ERROR: Coverage for lines (92.01%) does not meet global threshold (100%)
ERROR: Coverage for functions (90.59%) does not meet global threshold (100%)
ERROR: Coverage for branches (90.94%) does not meet global threshold (100%)
ERROR: Coverage for statements (91.81%) does not meet global threshold (100%)
ERROR: Coverage for lines (92.01%) does not meet global threshold (100%)
ERROR: Coverage for functions (90.59%) does not meet global threshold (100%)
ERROR: Coverage for branches (90.94%) does not meet global threshold (100%)
ERROR: Coverage for statements (91.81%) does not meet global threshold (100%)
ERROR: Coverage for lines (92.01%) does not meet global threshold (100%)
ERROR: Coverage for functions (90.59%) does not meet global threshold (100%)
ERROR: Coverage for branches (90.94%) does not meet global threshold (100%)
ERROR: Coverage for statements (91.81%) does not meet global threshold (100%)
ERROR: Coverage for lines (92.01%) does not meet global threshold (100%)
ERROR: Coverage for functions (90.59%) does not meet global threshold (100%)
ERROR: Coverage for branches (90.94%) does not meet global threshold (100%)
ERROR: Coverage for statements (91.81%) does not meet global threshold (100%)
ERROR: Coverage for lines (92.01%) does not meet global threshold (100%)
ERROR: Coverage for functions (90.59%) does not meet global threshold (100%)
ERROR: Coverage for branches (90.94%) does not meet global threshold (100%)
ERROR: Coverage for statements (91.81%) does not meet global threshold (100%)
