44

/data/js-variants/multee/Variants/fastify/variant44/fastify/test/async-await.test.js:55
      url: 'http://localhost:' + fastify.server.address().port
                                                         ^
TypeError: Cannot read properties of null (reading 'port')
    at cb (/data/js-variants/multee/Variants/fastify/variant44/fastify/test/async-await.test.js:55:58)
    at Object.cb (/data/js-variants/multee/Variants/fastify/variant44/fastify/lib/server.js:61:11)
    at cb (/data/js-variants/multee/Variants/fastify/variant44/fastify/lib/server.js:173:43)
    at manageErr (/data/js-variants/multee/Variants/fastify/variant44/fastify/fastify.js:538:11)
    at /data/js-variants/multee/Variants/fastify/variant44/fastify/fastify.js:520:11
    at Object._encapsulateThreeParam (/data/js-variants/multee/Variants/fastify/variant44/fastify/node_modules/avvio/boot.js:557:7)
    at Boot.timeoutCall (/data/js-variants/multee/Variants/fastify/variant44/fastify/node_modules/avvio/boot.js:453:5)
    at Boot.callWithCbOrNextTick (/data/js-variants/multee/Variants/fastify/variant44/fastify/node_modules/avvio/boot.js:435:19)
    at release (/data/js-variants/multee/Variants/fastify/variant44/fastify/node_modules/fastq/queue.js:149:16)
    at Object.resume (/data/js-variants/multee/Variants/fastify/variant44/fastify/node_modules/fastq/queue.js:82:7)

/data/js-variants/multee/Variants/fastify/variant44/fastify/node_modules/ajv/lib/ajv.ts:14
    draft7Vocabularies.forEach((v) => this.addVocabulary(v))
                       ^
TypeError: Cannot read properties of undefined (reading 'forEach')
    at Ajv._addVocabularies (/data/js-variants/multee/Variants/fastify/variant44/fastify/node_modules/ajv/lib/ajv.ts:14:24)
    at new Ajv (/data/js-variants/multee/Variants/fastify/variant44/fastify/node_modules/ajv/lib/core.ts:308:10)
    at new Ajv (/data/js-variants/multee/Variants/fastify/variant44/fastify/node_modules/ajv/lib/ajv.ts:11:1)
    at buildAjv (/data/js-variants/multee/Variants/fastify/variant44/fastify/node_modules/fast-json-stringify/ajv.js:10:23)
    at FJS (/data/js-variants/multee/Variants/fastify/variant44/fastify/node_modules/fast-json-stringify/index.js:97:17)
    at Object.<anonymous> (/data/js-variants/multee/Variants/fastify/variant44/fastify/build/build-error-serializer.js:8:14)
    at Module._compile (node:internal/modules/cjs/loader:1105:14)
    at Module._compile (/data/js-variants/multee/Variants/fastify/variant44/fastify/node_modules/source-map-support/source-map-support.js:568:25)
    at Module.replacementCompile (/data/js-variants/multee/Variants/fastify/variant44/fastify/node_modules/append-transform/index.js:60:13)
    at Module._extensions..js (node:internal/modules/cjs/loader:1159:10)

/data/js-variants/multee/Variants/fastify/variant44/fastify/test/fluent-schema.test.js:36
    t.equal(res.statusCode, 400)
                ^
TypeError: Cannot read properties of null (reading 'statusCode')
    at cb (/data/js-variants/multee/Variants/fastify/variant44/fastify/test/fluent-schema.test.js:36:17)
    at cb (/data/js-variants/multee/Variants/fastify/variant44/fastify/fastify.js:486:18)
    at manageErr (/data/js-variants/multee/Variants/fastify/variant44/fastify/fastify.js:538:11)
    at /data/js-variants/multee/Variants/fastify/variant44/fastify/fastify.js:520:11
    at Object._encapsulateThreeParam (/data/js-variants/multee/Variants/fastify/variant44/fastify/node_modules/avvio/boot.js:557:7)
    at Boot.timeoutCall (/data/js-variants/multee/Variants/fastify/variant44/fastify/node_modules/avvio/boot.js:453:5)
    at Boot.callWithCbOrNextTick (/data/js-variants/multee/Variants/fastify/variant44/fastify/node_modules/avvio/boot.js:435:19)
    at release (/data/js-variants/multee/Variants/fastify/variant44/fastify/node_modules/fastq/queue.js:149:16)
    at Object.resume (/data/js-variants/multee/Variants/fastify/variant44/fastify/node_modules/fastq/queue.js:82:7)
    at /data/js-variants/multee/Variants/fastify/variant44/fastify/node_modules/avvio/boot.js:174:18

/data/js-variants/multee/Variants/fastify/variant44/fastify/test/hooks-async.test.js:331
    t.equal(res.statusCode, 200)
                ^
TypeError: Cannot read properties of null (reading 'statusCode')
    at cb (/data/js-variants/multee/Variants/fastify/variant44/fastify/test/hooks-async.test.js:331:17)
    at cb (/data/js-variants/multee/Variants/fastify/variant44/fastify/fastify.js:486:18)
    at manageErr (/data/js-variants/multee/Variants/fastify/variant44/fastify/fastify.js:538:11)
    at /data/js-variants/multee/Variants/fastify/variant44/fastify/fastify.js:520:11
    at Object._encapsulateThreeParam (/data/js-variants/multee/Variants/fastify/variant44/fastify/node_modules/avvio/boot.js:557:7)
    at Boot.timeoutCall (/data/js-variants/multee/Variants/fastify/variant44/fastify/node_modules/avvio/boot.js:453:5)
    at Boot.callWithCbOrNextTick (/data/js-variants/multee/Variants/fastify/variant44/fastify/node_modules/avvio/boot.js:435:19)
    at release (/data/js-variants/multee/Variants/fastify/variant44/fastify/node_modules/fastq/queue.js:149:16)
    at Object.resume (/data/js-variants/multee/Variants/fastify/variant44/fastify/node_modules/fastq/queue.js:82:7)
    at /data/js-variants/multee/Variants/fastify/variant44/fastify/node_modules/avvio/boot.js:174:18

/data/js-variants/multee/Variants/fastify/variant44/fastify/test/hooks.test.js:1543
    t.equal(res.statusCode, 200)
                ^
TypeError: Cannot read properties of null (reading 'statusCode')
    at cb (/data/js-variants/multee/Variants/fastify/variant44/fastify/test/hooks.test.js:1543:17)
    at cb (/data/js-variants/multee/Variants/fastify/variant44/fastify/fastify.js:486:18)
    at manageErr (/data/js-variants/multee/Variants/fastify/variant44/fastify/fastify.js:538:11)
    at /data/js-variants/multee/Variants/fastify/variant44/fastify/fastify.js:520:11
    at Object._encapsulateThreeParam (/data/js-variants/multee/Variants/fastify/variant44/fastify/node_modules/avvio/boot.js:557:7)
    at Boot.timeoutCall (/data/js-variants/multee/Variants/fastify/variant44/fastify/node_modules/avvio/boot.js:453:5)
    at Boot.callWithCbOrNextTick (/data/js-variants/multee/Variants/fastify/variant44/fastify/node_modules/avvio/boot.js:435:19)
    at release (/data/js-variants/multee/Variants/fastify/variant44/fastify/node_modules/fastq/queue.js:149:16)
    at Object.resume (/data/js-variants/multee/Variants/fastify/variant44/fastify/node_modules/fastq/queue.js:82:7)
    at /data/js-variants/multee/Variants/fastify/variant44/fastify/node_modules/avvio/boot.js:174:18

/data/js-variants/multee/Variants/fastify/variant44/fastify/node_modules/ajv/lib/ajv.ts:14
    draft7Vocabularies.forEach((v) => this.addVocabulary(v))
                       ^
TypeError: Cannot read properties of undefined (reading 'forEach')
    at Ajv._addVocabularies (/data/js-variants/multee/Variants/fastify/variant44/fastify/node_modules/ajv/lib/ajv.ts:14:24)
    at new Ajv (/data/js-variants/multee/Variants/fastify/variant44/fastify/node_modules/ajv/lib/core.ts:308:10)
    at new Ajv (/data/js-variants/multee/Variants/fastify/variant44/fastify/node_modules/ajv/lib/ajv.ts:11:1)
    at Object.<anonymous> (/data/js-variants/multee/Variants/fastify/variant44/fastify/test/internals/handleRequest.test.js:12:13)
    at Module._compile (node:internal/modules/cjs/loader:1105:14)
    at Module.replacementCompile (/data/js-variants/multee/Variants/fastify/variant44/fastify/node_modules/append-transform/index.js:60:13)
    at Module._extensions..js (node:internal/modules/cjs/loader:1159:10)
    at Object.<anonymous> (/data/js-variants/multee/Variants/fastify/variant44/fastify/node_modules/append-transform/index.js:64:4)
    at Module.load (node:internal/modules/cjs/loader:981:32)
    at Function.Module._load (node:internal/modules/cjs/loader:827:12)

/data/js-variants/multee/Variants/fastify/variant44/fastify/test/internals/reply.test.js:208
    t.equal(res.payload, '{"foo":"bar"}')
                ^
TypeError: Cannot read properties of null (reading 'payload')
    at cb (/data/js-variants/multee/Variants/fastify/variant44/fastify/test/internals/reply.test.js:208:17)
    at cb (/data/js-variants/multee/Variants/fastify/variant44/fastify/fastify.js:486:18)
    at manageErr (/data/js-variants/multee/Variants/fastify/variant44/fastify/fastify.js:538:11)
    at /data/js-variants/multee/Variants/fastify/variant44/fastify/fastify.js:520:11
    at Object._encapsulateThreeParam (/data/js-variants/multee/Variants/fastify/variant44/fastify/node_modules/avvio/boot.js:557:7)
    at Boot.timeoutCall (/data/js-variants/multee/Variants/fastify/variant44/fastify/node_modules/avvio/boot.js:453:5)
    at Boot.callWithCbOrNextTick (/data/js-variants/multee/Variants/fastify/variant44/fastify/node_modules/avvio/boot.js:435:19)
    at release (/data/js-variants/multee/Variants/fastify/variant44/fastify/node_modules/fastq/queue.js:149:16)
    at Object.resume (/data/js-variants/multee/Variants/fastify/variant44/fastify/node_modules/fastq/queue.js:82:7)
    at /data/js-variants/multee/Variants/fastify/variant44/fastify/node_modules/avvio/boot.js:174:18

/data/js-variants/multee/Variants/fastify/variant44/fastify/node_modules/ajv/lib/ajv.ts:14
    draft7Vocabularies.forEach((v) => this.addVocabulary(v))
                       ^
TypeError: Cannot read properties of undefined (reading 'forEach')
    at Ajv._addVocabularies (/data/js-variants/multee/Variants/fastify/variant44/fastify/node_modules/ajv/lib/ajv.ts:14:24)
    at new Ajv (/data/js-variants/multee/Variants/fastify/variant44/fastify/node_modules/ajv/lib/core.ts:308:10)
    at new Ajv (/data/js-variants/multee/Variants/fastify/variant44/fastify/node_modules/ajv/lib/ajv.ts:11:1)
    at Object.<anonymous> (/data/js-variants/multee/Variants/fastify/variant44/fastify/test/internals/validation.test.js:7:13)
    at Module._compile (node:internal/modules/cjs/loader:1105:14)
    at Module.replacementCompile (/data/js-variants/multee/Variants/fastify/variant44/fastify/node_modules/append-transform/index.js:60:13)
    at Module._extensions..js (node:internal/modules/cjs/loader:1159:10)
    at Object.<anonymous> (/data/js-variants/multee/Variants/fastify/variant44/fastify/node_modules/append-transform/index.js:64:4)
    at Module.load (node:internal/modules/cjs/loader:981:32)
    at Function.Module._load (node:internal/modules/cjs/loader:827:12)

/data/js-variants/multee/Variants/fastify/variant44/fastify/test/nullable-validation.test.js:51
    t.same(res.payload.hello, null)
               ^
TypeError: Cannot read properties of null (reading 'payload')
    at cb (/data/js-variants/multee/Variants/fastify/variant44/fastify/test/nullable-validation.test.js:51:16)
    at cb (/data/js-variants/multee/Variants/fastify/variant44/fastify/fastify.js:486:18)
    at manageErr (/data/js-variants/multee/Variants/fastify/variant44/fastify/fastify.js:538:11)
    at /data/js-variants/multee/Variants/fastify/variant44/fastify/fastify.js:520:11
    at Object._encapsulateThreeParam (/data/js-variants/multee/Variants/fastify/variant44/fastify/node_modules/avvio/boot.js:557:7)
    at Boot.timeoutCall (/data/js-variants/multee/Variants/fastify/variant44/fastify/node_modules/avvio/boot.js:453:5)
    at Boot.callWithCbOrNextTick (/data/js-variants/multee/Variants/fastify/variant44/fastify/node_modules/avvio/boot.js:435:19)
    at release (/data/js-variants/multee/Variants/fastify/variant44/fastify/node_modules/fastq/queue.js:149:16)
    at Object.resume (/data/js-variants/multee/Variants/fastify/variant44/fastify/node_modules/fastq/queue.js:82:7)
    at /data/js-variants/multee/Variants/fastify/variant44/fastify/node_modules/avvio/boot.js:174:18

/data/js-variants/multee/Variants/fastify/variant44/fastify/test/reply-error.test.js:335
    t.equal(res.statusCode, 400)
                ^
TypeError: Cannot read properties of null (reading 'statusCode')
    at cb (/data/js-variants/multee/Variants/fastify/variant44/fastify/test/reply-error.test.js:335:17)
    at cb (/data/js-variants/multee/Variants/fastify/variant44/fastify/fastify.js:486:18)
    at manageErr (/data/js-variants/multee/Variants/fastify/variant44/fastify/fastify.js:538:11)
    at /data/js-variants/multee/Variants/fastify/variant44/fastify/fastify.js:520:11
    at Object._encapsulateThreeParam (/data/js-variants/multee/Variants/fastify/variant44/fastify/node_modules/avvio/boot.js:557:7)
    at Boot.timeoutCall (/data/js-variants/multee/Variants/fastify/variant44/fastify/node_modules/avvio/boot.js:453:5)
    at Boot.callWithCbOrNextTick (/data/js-variants/multee/Variants/fastify/variant44/fastify/node_modules/avvio/boot.js:435:19)
    at release (/data/js-variants/multee/Variants/fastify/variant44/fastify/node_modules/fastq/queue.js:149:16)
    at Object.resume (/data/js-variants/multee/Variants/fastify/variant44/fastify/node_modules/fastq/queue.js:82:7)
    at /data/js-variants/multee/Variants/fastify/variant44/fastify/node_modules/avvio/boot.js:174:18
ERROR: Coverage for lines (90.39%) does not meet global threshold (100%)
ERROR: Coverage for functions (91.16%) does not meet global threshold (100%)
ERROR: Coverage for branches (87.14%) does not meet global threshold (100%)
ERROR: Coverage for statements (90.11%) does not meet global threshold (100%)

/data/js-variants/multee/Variants/fastify/variant43/fastify/node_modules/ajv/lib/compile/resolve.ts:72
  const p = resolver.parse(id)
                     ^
TypeError: Cannot read properties of undefined (reading 'parse')
    at getFullPath (/data/js-variants/multee/Variants/fastify/variant43/fastify/node_modules/ajv/lib/compile/resolve.ts:72:22)
    at Ajv.getSchemaRefs (/data/js-variants/multee/Variants/fastify/variant43/fastify/node_modules/ajv/lib/compile/resolve.ts:98:22)
    at Ajv._addSchema (/data/js-variants/multee/Variants/fastify/variant43/fastify/node_modules/ajv/lib/core.ts:713:37)
    at Ajv.addSchema (/data/js-variants/multee/Variants/fastify/variant43/fastify/node_modules/ajv/lib/core.ts:486:30)
    at Ajv.addMetaSchema (/data/js-variants/multee/Variants/fastify/variant43/fastify/node_modules/ajv/lib/core.ts:497:10)
    at Ajv._addDefaultMetaSchema (/data/js-variants/multee/Variants/fastify/variant43/fastify/node_modules/ajv/lib/ajv.ts:24:10)
    at new Ajv (/data/js-variants/multee/Variants/fastify/variant43/fastify/node_modules/ajv/lib/core.ts:309:10)
    at new Ajv (/data/js-variants/multee/Variants/fastify/variant43/fastify/node_modules/ajv/lib/ajv.ts:11:1)
    at Object.<anonymous> (/data/js-variants/multee/Variants/fastify/variant43/fastify/test/internals/handleRequest.test.js:12:13)
    at Module._compile (node:internal/modules/cjs/loader:1105:14)

/data/js-variants/multee/Variants/fastify/variant43/fastify/node_modules/ajv/lib/compile/resolve.ts:72
  const p = resolver.parse(id)
                     ^
TypeError: Cannot read properties of undefined (reading 'parse')
    at getFullPath (/data/js-variants/multee/Variants/fastify/variant43/fastify/node_modules/ajv/lib/compile/resolve.ts:72:22)
    at Ajv.getSchemaRefs (/data/js-variants/multee/Variants/fastify/variant43/fastify/node_modules/ajv/lib/compile/resolve.ts:98:22)
    at Ajv._addSchema (/data/js-variants/multee/Variants/fastify/variant43/fastify/node_modules/ajv/lib/core.ts:713:37)
    at Ajv.addSchema (/data/js-variants/multee/Variants/fastify/variant43/fastify/node_modules/ajv/lib/core.ts:486:30)
    at Ajv.addMetaSchema (/data/js-variants/multee/Variants/fastify/variant43/fastify/node_modules/ajv/lib/core.ts:497:10)
    at Ajv._addDefaultMetaSchema (/data/js-variants/multee/Variants/fastify/variant43/fastify/node_modules/ajv/lib/ajv.ts:24:10)
    at new Ajv (/data/js-variants/multee/Variants/fastify/variant43/fastify/node_modules/ajv/lib/core.ts:309:10)
    at new Ajv (/data/js-variants/multee/Variants/fastify/variant43/fastify/node_modules/ajv/lib/ajv.ts:11:1)
    at Object.<anonymous> (/data/js-variants/multee/Variants/fastify/variant43/fastify/test/internals/validation.test.js:7:13)
    at Module._compile (node:internal/modules/cjs/loader:1105:14)
Error: cannot create subtest after parent test end
    at cb (/data/js-variants/multee/Variants/fastify/variant43/fastify/test/helper.js:103:5)
    at onListen (/data/js-variants/multee/Variants/fastify/variant43/fastify/lib/server.js:67:11)
    at GetAddrInfoReqWrap.callback (/data/js-variants/multee/Variants/fastify/variant43/fastify/lib/server.js:144:7)
    at GetAddrInfoReqWrap.onlookupall [as oncomplete] (node:dns:104:8)
{ name: 'TAP', autoend: true, test: 'TAP' }
Error: cannot create subtest after parent test end
    at cb (/data/js-variants/multee/Variants/fastify/variant43/fastify/test/helper.js:119:5)
    at onListen (/data/js-variants/multee/Variants/fastify/variant43/fastify/lib/server.js:67:11)
    at GetAddrInfoReqWrap.callback (/data/js-variants/multee/Variants/fastify/variant43/fastify/lib/server.js:144:7)
    at GetAddrInfoReqWrap.onlookupall [as oncomplete] (node:dns:104:8)
{ name: 'TAP', autoend: true, test: 'TAP' }
Error: cannot create subtest after parent test end
    at cb (/data/js-variants/multee/Variants/fastify/variant43/fastify/test/helper.js:135:5)
    at onListen (/data/js-variants/multee/Variants/fastify/variant43/fastify/lib/server.js:67:11)
    at GetAddrInfoReqWrap.callback (/data/js-variants/multee/Variants/fastify/variant43/fastify/lib/server.js:144:7)
    at GetAddrInfoReqWrap.onlookupall [as oncomplete] (node:dns:104:8)
{ name: 'TAP', autoend: true, test: 'TAP' }
Error: cannot create subtest after parent test end
    at cb (/data/js-variants/multee/Variants/fastify/variant43/fastify/test/helper.js:151:5)
    at onListen (/data/js-variants/multee/Variants/fastify/variant43/fastify/lib/server.js:67:11)
    at GetAddrInfoReqWrap.callback (/data/js-variants/multee/Variants/fastify/variant43/fastify/lib/server.js:144:7)
    at GetAddrInfoReqWrap.onlookupall [as oncomplete] (node:dns:104:8)
{ name: 'TAP', autoend: true, test: 'TAP' }
Error: cannot create subtest after parent test end
    at cb (/data/js-variants/multee/Variants/fastify/variant43/fastify/test/helper.js:167:5)
    at onListen (/data/js-variants/multee/Variants/fastify/variant43/fastify/lib/server.js:67:11)
    at GetAddrInfoReqWrap.callback (/data/js-variants/multee/Variants/fastify/variant43/fastify/lib/server.js:144:7)
    at GetAddrInfoReqWrap.onlookupall [as oncomplete] (node:dns:104:8)
{ name: 'TAP', autoend: true, test: 'TAP' }
Error: cannot create subtest after parent test end
    at cb (/data/js-variants/multee/Variants/fastify/variant43/fastify/test/helper.js:183:5)
    at onListen (/data/js-variants/multee/Variants/fastify/variant43/fastify/lib/server.js:67:11)
    at GetAddrInfoReqWrap.callback (/data/js-variants/multee/Variants/fastify/variant43/fastify/lib/server.js:144:7)
    at GetAddrInfoReqWrap.onlookupall [as oncomplete] (node:dns:104:8)
{ name: 'TAP', autoend: true, test: 'TAP' }
Error: cannot create subtest after parent test end
    at cb (/data/js-variants/multee/Variants/fastify/variant43/fastify/test/helper.js:207:5)
    at onListen (/data/js-variants/multee/Variants/fastify/variant43/fastify/lib/server.js:67:11)
    at GetAddrInfoReqWrap.callback (/data/js-variants/multee/Variants/fastify/variant43/fastify/lib/server.js:144:7)
    at GetAddrInfoReqWrap.onlookupall [as oncomplete] (node:dns:104:8)
{ name: 'TAP', autoend: true, test: 'TAP' }
Error: cannot create subtest after parent test end
    at cb (/data/js-variants/multee/Variants/fastify/variant43/fastify/test/helper.js:225:7)
    at onListen (/data/js-variants/multee/Variants/fastify/variant43/fastify/lib/server.js:67:11)
    at GetAddrInfoReqWrap.callback (/data/js-variants/multee/Variants/fastify/variant43/fastify/lib/server.js:144:7)
    at GetAddrInfoReqWrap.onlookupall [as oncomplete] (node:dns:104:8)
{ name: 'TAP', autoend: true, test: 'TAP' }
Error: cannot create subtest after parent test end
    at cb (/data/js-variants/multee/Variants/fastify/variant43/fastify/test/helper.js:241:5)
    at onListen (/data/js-variants/multee/Variants/fastify/variant43/fastify/lib/server.js:67:11)
    at GetAddrInfoReqWrap.callback (/data/js-variants/multee/Variants/fastify/variant43/fastify/lib/server.js:144:7)
    at GetAddrInfoReqWrap.onlookupall [as oncomplete] (node:dns:104:8)
{ name: 'TAP', autoend: true, test: 'TAP' }
Error: cannot create subtest after parent test end
    at cb (/data/js-variants/multee/Variants/fastify/variant43/fastify/test/helper.js:269:5)
    at onListen (/data/js-variants/multee/Variants/fastify/variant43/fastify/lib/server.js:67:11)
    at GetAddrInfoReqWrap.callback (/data/js-variants/multee/Variants/fastify/variant43/fastify/lib/server.js:144:7)
    at GetAddrInfoReqWrap.onlookupall [as oncomplete] (node:dns:104:8)
{ name: 'TAP', autoend: true, test: 'TAP' }
Error: cannot create subtest after parent test end
    at cb (/data/js-variants/multee/Variants/fastify/variant43/fastify/test/helper.js:316:5)
    at onListen (/data/js-variants/multee/Variants/fastify/variant43/fastify/lib/server.js:67:11)
    at GetAddrInfoReqWrap.callback (/data/js-variants/multee/Variants/fastify/variant43/fastify/lib/server.js:144:7)
    at GetAddrInfoReqWrap.onlookupall [as oncomplete] (node:dns:104:8)
{ name: 'TAP', autoend: true, test: 'TAP' }
Error: cannot create subtest after parent test end
    at cb (/data/js-variants/multee/Variants/fastify/variant43/fastify/test/helper.js:103:5)
    at onListen (/data/js-variants/multee/Variants/fastify/variant43/fastify/lib/server.js:67:11)
    at GetAddrInfoReqWrap.callback (/data/js-variants/multee/Variants/fastify/variant43/fastify/lib/server.js:144:7)
    at GetAddrInfoReqWrap.onlookupall [as oncomplete] (node:dns:104:8)
{ name: 'TAP', autoend: true, test: 'TAP' }
Error: cannot create subtest after parent test end
    at cb (/data/js-variants/multee/Variants/fastify/variant43/fastify/test/helper.js:119:5)
    at onListen (/data/js-variants/multee/Variants/fastify/variant43/fastify/lib/server.js:67:11)
    at GetAddrInfoReqWrap.callback (/data/js-variants/multee/Variants/fastify/variant43/fastify/lib/server.js:144:7)
    at GetAddrInfoReqWrap.onlookupall [as oncomplete] (node:dns:104:8)
{ name: 'TAP', autoend: true, test: 'TAP' }
Error: cannot create subtest after parent test end
    at cb (/data/js-variants/multee/Variants/fastify/variant43/fastify/test/helper.js:135:5)
    at onListen (/data/js-variants/multee/Variants/fastify/variant43/fastify/lib/server.js:67:11)
    at GetAddrInfoReqWrap.callback (/data/js-variants/multee/Variants/fastify/variant43/fastify/lib/server.js:144:7)
    at GetAddrInfoReqWrap.onlookupall [as oncomplete] (node:dns:104:8)
{ name: 'TAP', autoend: true, test: 'TAP' }
Error: cannot create subtest after parent test end
    at cb (/data/js-variants/multee/Variants/fastify/variant43/fastify/test/helper.js:151:5)
    at onListen (/data/js-variants/multee/Variants/fastify/variant43/fastify/lib/server.js:67:11)
    at GetAddrInfoReqWrap.callback (/data/js-variants/multee/Variants/fastify/variant43/fastify/lib/server.js:144:7)
    at GetAddrInfoReqWrap.onlookupall [as oncomplete] (node:dns:104:8)
{ name: 'TAP', autoend: true, test: 'TAP' }
Error: cannot create subtest after parent test end
    at cb (/data/js-variants/multee/Variants/fastify/variant43/fastify/test/helper.js:167:5)
    at onListen (/data/js-variants/multee/Variants/fastify/variant43/fastify/lib/server.js:67:11)
    at GetAddrInfoReqWrap.callback (/data/js-variants/multee/Variants/fastify/variant43/fastify/lib/server.js:144:7)
    at GetAddrInfoReqWrap.onlookupall [as oncomplete] (node:dns:104:8)
{ name: 'TAP', autoend: true, test: 'TAP' }
Error: cannot create subtest after parent test end
    at cb (/data/js-variants/multee/Variants/fastify/variant43/fastify/test/helper.js:183:5)
    at onListen (/data/js-variants/multee/Variants/fastify/variant43/fastify/lib/server.js:67:11)
    at GetAddrInfoReqWrap.callback (/data/js-variants/multee/Variants/fastify/variant43/fastify/lib/server.js:144:7)
    at GetAddrInfoReqWrap.onlookupall [as oncomplete] (node:dns:104:8)
{ name: 'TAP', autoend: true, test: 'TAP' }
Error: cannot create subtest after parent test end
    at cb (/data/js-variants/multee/Variants/fastify/variant43/fastify/test/helper.js:207:5)
    at onListen (/data/js-variants/multee/Variants/fastify/variant43/fastify/lib/server.js:67:11)
    at GetAddrInfoReqWrap.callback (/data/js-variants/multee/Variants/fastify/variant43/fastify/lib/server.js:144:7)
    at GetAddrInfoReqWrap.onlookupall [as oncomplete] (node:dns:104:8)
{ name: 'TAP', autoend: true, test: 'TAP' }
Error: cannot create subtest after parent test end
    at cb (/data/js-variants/multee/Variants/fastify/variant43/fastify/test/helper.js:225:7)
    at onListen (/data/js-variants/multee/Variants/fastify/variant43/fastify/lib/server.js:67:11)
    at GetAddrInfoReqWrap.callback (/data/js-variants/multee/Variants/fastify/variant43/fastify/lib/server.js:144:7)
    at GetAddrInfoReqWrap.onlookupall [as oncomplete] (node:dns:104:8)
{ name: 'TAP', autoend: true, test: 'TAP' }
Error: cannot create subtest after parent test end
    at cb (/data/js-variants/multee/Variants/fastify/variant43/fastify/test/helper.js:241:5)
    at onListen (/data/js-variants/multee/Variants/fastify/variant43/fastify/lib/server.js:67:11)
    at GetAddrInfoReqWrap.callback (/data/js-variants/multee/Variants/fastify/variant43/fastify/lib/server.js:144:7)
    at GetAddrInfoReqWrap.onlookupall [as oncomplete] (node:dns:104:8)
{ name: 'TAP', autoend: true, test: 'TAP' }
Error: cannot create subtest after parent test end
    at cb (/data/js-variants/multee/Variants/fastify/variant43/fastify/test/helper.js:269:5)
    at onListen (/data/js-variants/multee/Variants/fastify/variant43/fastify/lib/server.js:67:11)
    at GetAddrInfoReqWrap.callback (/data/js-variants/multee/Variants/fastify/variant43/fastify/lib/server.js:144:7)
    at GetAddrInfoReqWrap.onlookupall [as oncomplete] (node:dns:104:8)
{ name: 'TAP', autoend: true, test: 'TAP' }
Error: cannot create subtest after parent test end
    at cb (/data/js-variants/multee/Variants/fastify/variant43/fastify/test/helper.js:316:5)
    at onListen (/data/js-variants/multee/Variants/fastify/variant43/fastify/lib/server.js:67:11)
    at GetAddrInfoReqWrap.callback (/data/js-variants/multee/Variants/fastify/variant43/fastify/lib/server.js:144:7)
    at GetAddrInfoReqWrap.onlookupall [as oncomplete] (node:dns:104:8)
{ name: 'TAP', autoend: true, test: 'TAP' }
possible timeout: SIGTERM received after tap end
possible timeout: SIGTERM received after tap end
  ---
  handles:
    - type: Server
      events:
        - request
        - connection
        - clientError
      connectionKey: 4:127.0.0.1:0
  ...

  ---
  handles:
    - type: Server
      events:
        - request
        - connection
        - clientError
      connectionKey: 4:127.0.0.1:0
  ...

ERROR: Coverage for lines (91.39%) does not meet global threshold (100%)
ERROR: Coverage for functions (90.59%) does not meet global threshold (100%)
ERROR: Coverage for branches (89.7%) does not meet global threshold (100%)
ERROR: Coverage for statements (91.03%) does not meet global threshold (100%)
ERROR: Coverage for lines (92.91%) does not meet global threshold (100%)
ERROR: Coverage for functions (92.3%) does not meet global threshold (100%)
ERROR: Coverage for branches (92.03%) does not meet global threshold (100%)
ERROR: Coverage for statements (92.78%) does not meet global threshold (100%)

/data/js-variants/multee/Variants/fastify/variant41/fastify/node_modules/ajv/lib/compile/index.ts:133
    data: N.data,
            ^
TypeError: Cannot read properties of undefined (reading 'data')
    at Ajv.compileSchema (/data/js-variants/multee/Variants/fastify/variant41/fastify/node_modules/ajv/lib/compile/index.ts:133:13)
    at Ajv._compileMetaSchema (/data/js-variants/multee/Variants/fastify/variant41/fastify/node_modules/ajv/lib/core.ts:744:21)
    at Ajv._compileSchemaEnv (/data/js-variants/multee/Variants/fastify/variant41/fastify/node_modules/ajv/lib/core.ts:732:24)
    at Ajv.getSchema (/data/js-variants/multee/Variants/fastify/variant41/fastify/node_modules/ajv/lib/core.ts:536:34)
    at Ajv.defaultMeta (/data/js-variants/multee/Variants/fastify/variant41/fastify/node_modules/ajv/lib/ajv.ts:30:36)
    at buildStandaloneCode (/data/js-variants/multee/Variants/fastify/variant41/fastify/node_modules/fast-json-stringify/standalone.js:8:35)
    at FJS (/data/js-variants/multee/Variants/fastify/variant41/fastify/node_modules/fast-json-stringify/index.js:173:12)
    at Object.<anonymous> (/data/js-variants/multee/Variants/fastify/variant41/fastify/build/build-error-serializer.js:8:14)
    at Module._compile (node:internal/modules/cjs/loader:1105:14)
    at Module._compile (/data/js-variants/multee/Variants/fastify/variant41/fastify/node_modules/source-map-support/source-map-support.js:568:25)

/data/js-variants/multee/Variants/fastify/variant41/fastify/test/fluent-schema.test.js:36
    t.equal(res.statusCode, 400)
                ^
TypeError: Cannot read properties of null (reading 'statusCode')
    at cb (/data/js-variants/multee/Variants/fastify/variant41/fastify/test/fluent-schema.test.js:36:17)
    at cb (/data/js-variants/multee/Variants/fastify/variant41/fastify/fastify.js:486:18)
    at manageErr (/data/js-variants/multee/Variants/fastify/variant41/fastify/fastify.js:538:11)
    at /data/js-variants/multee/Variants/fastify/variant41/fastify/fastify.js:520:11
    at Object._encapsulateThreeParam (/data/js-variants/multee/Variants/fastify/variant41/fastify/node_modules/avvio/boot.js:557:7)
    at Boot.timeoutCall (/data/js-variants/multee/Variants/fastify/variant41/fastify/node_modules/avvio/boot.js:453:5)
    at Boot.callWithCbOrNextTick (/data/js-variants/multee/Variants/fastify/variant41/fastify/node_modules/avvio/boot.js:435:19)
    at release (/data/js-variants/multee/Variants/fastify/variant41/fastify/node_modules/fastq/queue.js:149:16)
    at Object.resume (/data/js-variants/multee/Variants/fastify/variant41/fastify/node_modules/fastq/queue.js:82:7)
    at /data/js-variants/multee/Variants/fastify/variant41/fastify/node_modules/avvio/boot.js:174:18

/data/js-variants/multee/Variants/fastify/variant41/fastify/test/hooks-async.test.js:331
    t.equal(res.statusCode, 200)
                ^
TypeError: Cannot read properties of null (reading 'statusCode')
    at cb (/data/js-variants/multee/Variants/fastify/variant41/fastify/test/hooks-async.test.js:331:17)
    at cb (/data/js-variants/multee/Variants/fastify/variant41/fastify/fastify.js:486:18)
    at manageErr (/data/js-variants/multee/Variants/fastify/variant41/fastify/fastify.js:538:11)
    at /data/js-variants/multee/Variants/fastify/variant41/fastify/fastify.js:520:11
    at Object._encapsulateThreeParam (/data/js-variants/multee/Variants/fastify/variant41/fastify/node_modules/avvio/boot.js:557:7)
    at Boot.timeoutCall (/data/js-variants/multee/Variants/fastify/variant41/fastify/node_modules/avvio/boot.js:453:5)
    at Boot.callWithCbOrNextTick (/data/js-variants/multee/Variants/fastify/variant41/fastify/node_modules/avvio/boot.js:435:19)
    at release (/data/js-variants/multee/Variants/fastify/variant41/fastify/node_modules/fastq/queue.js:149:16)
    at Object.resume (/data/js-variants/multee/Variants/fastify/variant41/fastify/node_modules/fastq/queue.js:82:7)
    at /data/js-variants/multee/Variants/fastify/variant41/fastify/node_modules/avvio/boot.js:174:18

/data/js-variants/multee/Variants/fastify/variant41/fastify/test/hooks.test.js:1543
    t.equal(res.statusCode, 200)
                ^
TypeError: Cannot read properties of null (reading 'statusCode')
    at cb (/data/js-variants/multee/Variants/fastify/variant41/fastify/test/hooks.test.js:1543:17)
    at cb (/data/js-variants/multee/Variants/fastify/variant41/fastify/fastify.js:486:18)
    at manageErr (/data/js-variants/multee/Variants/fastify/variant41/fastify/fastify.js:538:11)
    at /data/js-variants/multee/Variants/fastify/variant41/fastify/fastify.js:520:11
    at Object._encapsulateThreeParam (/data/js-variants/multee/Variants/fastify/variant41/fastify/node_modules/avvio/boot.js:557:7)
    at Boot.timeoutCall (/data/js-variants/multee/Variants/fastify/variant41/fastify/node_modules/avvio/boot.js:453:5)
    at Boot.callWithCbOrNextTick (/data/js-variants/multee/Variants/fastify/variant41/fastify/node_modules/avvio/boot.js:435:19)
    at release (/data/js-variants/multee/Variants/fastify/variant41/fastify/node_modules/fastq/queue.js:149:16)
    at Object.resume (/data/js-variants/multee/Variants/fastify/variant41/fastify/node_modules/fastq/queue.js:82:7)
    at /data/js-variants/multee/Variants/fastify/variant41/fastify/node_modules/avvio/boot.js:174:18

/data/js-variants/multee/Variants/fastify/variant41/fastify/test/nullable-validation.test.js:51
    t.same(res.payload.hello, null)
               ^
TypeError: Cannot read properties of null (reading 'payload')
    at cb (/data/js-variants/multee/Variants/fastify/variant41/fastify/test/nullable-validation.test.js:51:16)
    at cb (/data/js-variants/multee/Variants/fastify/variant41/fastify/fastify.js:486:18)
    at manageErr (/data/js-variants/multee/Variants/fastify/variant41/fastify/fastify.js:538:11)
    at /data/js-variants/multee/Variants/fastify/variant41/fastify/fastify.js:520:11
    at Object._encapsulateThreeParam (/data/js-variants/multee/Variants/fastify/variant41/fastify/node_modules/avvio/boot.js:557:7)
    at Boot.timeoutCall (/data/js-variants/multee/Variants/fastify/variant41/fastify/node_modules/avvio/boot.js:453:5)
    at Boot.callWithCbOrNextTick (/data/js-variants/multee/Variants/fastify/variant41/fastify/node_modules/avvio/boot.js:435:19)
    at release (/data/js-variants/multee/Variants/fastify/variant41/fastify/node_modules/fastq/queue.js:149:16)
    at Object.resume (/data/js-variants/multee/Variants/fastify/variant41/fastify/node_modules/fastq/queue.js:82:7)
    at /data/js-variants/multee/Variants/fastify/variant41/fastify/node_modules/avvio/boot.js:174:18
Error: cannot create subtest after parent test end
    at cb (/data/js-variants/multee/Variants/fastify/variant41/fastify/test/helper.js:103:5)
    at onListen (/data/js-variants/multee/Variants/fastify/variant41/fastify/lib/server.js:67:11)
    at GetAddrInfoReqWrap.callback (/data/js-variants/multee/Variants/fastify/variant41/fastify/lib/server.js:144:7)
    at GetAddrInfoReqWrap.onlookupall [as oncomplete] (node:dns:104:8)
{ name: 'TAP', autoend: true, test: 'TAP' }
Error: cannot create subtest after parent test end
    at cb (/data/js-variants/multee/Variants/fastify/variant41/fastify/test/helper.js:119:5)
    at onListen (/data/js-variants/multee/Variants/fastify/variant41/fastify/lib/server.js:67:11)
    at GetAddrInfoReqWrap.callback (/data/js-variants/multee/Variants/fastify/variant41/fastify/lib/server.js:144:7)
    at GetAddrInfoReqWrap.onlookupall [as oncomplete] (node:dns:104:8)
{ name: 'TAP', autoend: true, test: 'TAP' }
Error: cannot create subtest after parent test end
    at cb (/data/js-variants/multee/Variants/fastify/variant41/fastify/test/helper.js:135:5)
    at onListen (/data/js-variants/multee/Variants/fastify/variant41/fastify/lib/server.js:67:11)
    at GetAddrInfoReqWrap.callback (/data/js-variants/multee/Variants/fastify/variant41/fastify/lib/server.js:144:7)
    at GetAddrInfoReqWrap.onlookupall [as oncomplete] (node:dns:104:8)
{ name: 'TAP', autoend: true, test: 'TAP' }
Error: cannot create subtest after parent test end
    at cb (/data/js-variants/multee/Variants/fastify/variant41/fastify/test/helper.js:151:5)
    at onListen (/data/js-variants/multee/Variants/fastify/variant41/fastify/lib/server.js:67:11)
    at GetAddrInfoReqWrap.callback (/data/js-variants/multee/Variants/fastify/variant41/fastify/lib/server.js:144:7)
    at GetAddrInfoReqWrap.onlookupall [as oncomplete] (node:dns:104:8)
{ name: 'TAP', autoend: true, test: 'TAP' }
Error: cannot create subtest after parent test end
    at cb (/data/js-variants/multee/Variants/fastify/variant41/fastify/test/helper.js:167:5)
    at onListen (/data/js-variants/multee/Variants/fastify/variant41/fastify/lib/server.js:67:11)
    at GetAddrInfoReqWrap.callback (/data/js-variants/multee/Variants/fastify/variant41/fastify/lib/server.js:144:7)
    at GetAddrInfoReqWrap.onlookupall [as oncomplete] (node:dns:104:8)
{ name: 'TAP', autoend: true, test: 'TAP' }
Error: cannot create subtest after parent test end
    at cb (/data/js-variants/multee/Variants/fastify/variant41/fastify/test/helper.js:183:5)
    at onListen (/data/js-variants/multee/Variants/fastify/variant41/fastify/lib/server.js:67:11)
    at GetAddrInfoReqWrap.callback (/data/js-variants/multee/Variants/fastify/variant41/fastify/lib/server.js:144:7)
    at GetAddrInfoReqWrap.onlookupall [as oncomplete] (node:dns:104:8)
{ name: 'TAP', autoend: true, test: 'TAP' }
Error: cannot create subtest after parent test end
    at cb (/data/js-variants/multee/Variants/fastify/variant41/fastify/test/helper.js:207:5)
    at onListen (/data/js-variants/multee/Variants/fastify/variant41/fastify/lib/server.js:67:11)
    at GetAddrInfoReqWrap.callback (/data/js-variants/multee/Variants/fastify/variant41/fastify/lib/server.js:144:7)
    at GetAddrInfoReqWrap.onlookupall [as oncomplete] (node:dns:104:8)
{ name: 'TAP', autoend: true, test: 'TAP' }
Error: cannot create subtest after parent test end
    at cb (/data/js-variants/multee/Variants/fastify/variant41/fastify/test/helper.js:225:7)
    at onListen (/data/js-variants/multee/Variants/fastify/variant41/fastify/lib/server.js:67:11)
    at GetAddrInfoReqWrap.callback (/data/js-variants/multee/Variants/fastify/variant41/fastify/lib/server.js:144:7)
    at GetAddrInfoReqWrap.onlookupall [as oncomplete] (node:dns:104:8)
{ name: 'TAP', autoend: true, test: 'TAP' }
Error: cannot create subtest after parent test end
    at cb (/data/js-variants/multee/Variants/fastify/variant41/fastify/test/helper.js:241:5)
    at onListen (/data/js-variants/multee/Variants/fastify/variant41/fastify/lib/server.js:67:11)
    at GetAddrInfoReqWrap.callback (/data/js-variants/multee/Variants/fastify/variant41/fastify/lib/server.js:144:7)
    at GetAddrInfoReqWrap.onlookupall [as oncomplete] (node:dns:104:8)
{ name: 'TAP', autoend: true, test: 'TAP' }
Error: cannot create subtest after parent test end
    at cb (/data/js-variants/multee/Variants/fastify/variant41/fastify/test/helper.js:269:5)
    at onListen (/data/js-variants/multee/Variants/fastify/variant41/fastify/lib/server.js:67:11)
    at GetAddrInfoReqWrap.callback (/data/js-variants/multee/Variants/fastify/variant41/fastify/lib/server.js:144:7)
    at GetAddrInfoReqWrap.onlookupall [as oncomplete] (node:dns:104:8)
{ name: 'TAP', autoend: true, test: 'TAP' }
Error: cannot create subtest after parent test end
    at cb (/data/js-variants/multee/Variants/fastify/variant41/fastify/test/helper.js:316:5)
    at onListen (/data/js-variants/multee/Variants/fastify/variant41/fastify/lib/server.js:67:11)
    at GetAddrInfoReqWrap.callback (/data/js-variants/multee/Variants/fastify/variant41/fastify/lib/server.js:144:7)
    at GetAddrInfoReqWrap.onlookupall [as oncomplete] (node:dns:104:8)
{ name: 'TAP', autoend: true, test: 'TAP' }
Error: cannot create subtest after parent test end
    at cb (/data/js-variants/multee/Variants/fastify/variant41/fastify/test/helper.js:103:5)
    at onListen (/data/js-variants/multee/Variants/fastify/variant41/fastify/lib/server.js:67:11)
    at GetAddrInfoReqWrap.callback (/data/js-variants/multee/Variants/fastify/variant41/fastify/lib/server.js:144:7)
    at GetAddrInfoReqWrap.onlookupall [as oncomplete] (node:dns:104:8)
{ name: 'TAP', autoend: true, test: 'TAP' }
Error: cannot create subtest after parent test end
    at cb (/data/js-variants/multee/Variants/fastify/variant41/fastify/test/helper.js:119:5)
    at onListen (/data/js-variants/multee/Variants/fastify/variant41/fastify/lib/server.js:67:11)
    at GetAddrInfoReqWrap.callback (/data/js-variants/multee/Variants/fastify/variant41/fastify/lib/server.js:144:7)
    at GetAddrInfoReqWrap.onlookupall [as oncomplete] (node:dns:104:8)
{ name: 'TAP', autoend: true, test: 'TAP' }
Error: cannot create subtest after parent test end
    at cb (/data/js-variants/multee/Variants/fastify/variant41/fastify/test/helper.js:135:5)
    at onListen (/data/js-variants/multee/Variants/fastify/variant41/fastify/lib/server.js:67:11)
    at GetAddrInfoReqWrap.callback (/data/js-variants/multee/Variants/fastify/variant41/fastify/lib/server.js:144:7)
    at GetAddrInfoReqWrap.onlookupall [as oncomplete] (node:dns:104:8)
{ name: 'TAP', autoend: true, test: 'TAP' }
Error: cannot create subtest after parent test end
    at cb (/data/js-variants/multee/Variants/fastify/variant41/fastify/test/helper.js:151:5)
    at onListen (/data/js-variants/multee/Variants/fastify/variant41/fastify/lib/server.js:67:11)
    at GetAddrInfoReqWrap.callback (/data/js-variants/multee/Variants/fastify/variant41/fastify/lib/server.js:144:7)
    at GetAddrInfoReqWrap.onlookupall [as oncomplete] (node:dns:104:8)
{ name: 'TAP', autoend: true, test: 'TAP' }
Error: cannot create subtest after parent test end
    at cb (/data/js-variants/multee/Variants/fastify/variant41/fastify/test/helper.js:167:5)
    at onListen (/data/js-variants/multee/Variants/fastify/variant41/fastify/lib/server.js:67:11)
    at GetAddrInfoReqWrap.callback (/data/js-variants/multee/Variants/fastify/variant41/fastify/lib/server.js:144:7)
    at GetAddrInfoReqWrap.onlookupall [as oncomplete] (node:dns:104:8)
{ name: 'TAP', autoend: true, test: 'TAP' }
Error: cannot create subtest after parent test end
    at cb (/data/js-variants/multee/Variants/fastify/variant41/fastify/test/helper.js:183:5)
    at onListen (/data/js-variants/multee/Variants/fastify/variant41/fastify/lib/server.js:67:11)
    at GetAddrInfoReqWrap.callback (/data/js-variants/multee/Variants/fastify/variant41/fastify/lib/server.js:144:7)
    at GetAddrInfoReqWrap.onlookupall [as oncomplete] (node:dns:104:8)
{ name: 'TAP', autoend: true, test: 'TAP' }
Error: cannot create subtest after parent test end
    at cb (/data/js-variants/multee/Variants/fastify/variant41/fastify/test/helper.js:207:5)
    at onListen (/data/js-variants/multee/Variants/fastify/variant41/fastify/lib/server.js:67:11)
    at GetAddrInfoReqWrap.callback (/data/js-variants/multee/Variants/fastify/variant41/fastify/lib/server.js:144:7)
    at GetAddrInfoReqWrap.onlookupall [as oncomplete] (node:dns:104:8)
{ name: 'TAP', autoend: true, test: 'TAP' }
Error: cannot create subtest after parent test end
    at cb (/data/js-variants/multee/Variants/fastify/variant41/fastify/test/helper.js:241:5)
    at onListen (/data/js-variants/multee/Variants/fastify/variant41/fastify/lib/server.js:67:11)
    at GetAddrInfoReqWrap.callback (/data/js-variants/multee/Variants/fastify/variant41/fastify/lib/server.js:144:7)
    at GetAddrInfoReqWrap.onlookupall [as oncomplete] (node:dns:104:8)
{ name: 'TAP', autoend: true, test: 'TAP' }
Error: cannot create subtest after parent test end
    at cb (/data/js-variants/multee/Variants/fastify/variant41/fastify/test/helper.js:269:5)
    at onListen (/data/js-variants/multee/Variants/fastify/variant41/fastify/lib/server.js:67:11)
    at GetAddrInfoReqWrap.callback (/data/js-variants/multee/Variants/fastify/variant41/fastify/lib/server.js:144:7)
    at GetAddrInfoReqWrap.onlookupall [as oncomplete] (node:dns:104:8)
{ name: 'TAP', autoend: true, test: 'TAP' }
Error: cannot create subtest after parent test end
    at cb (/data/js-variants/multee/Variants/fastify/variant41/fastify/test/helper.js:316:5)
    at onListen (/data/js-variants/multee/Variants/fastify/variant41/fastify/lib/server.js:67:11)
    at GetAddrInfoReqWrap.callback (/data/js-variants/multee/Variants/fastify/variant41/fastify/lib/server.js:144:7)
    at GetAddrInfoReqWrap.onlookupall [as oncomplete] (node:dns:104:8)
{ name: 'TAP', autoend: true, test: 'TAP' }
possible timeout: SIGTERM received after tap end
possible timeout: SIGTERM received after tap end
  ---
  handles:
    - type: Server
      events:
        - request
        - connection
        - clientError
      connectionKey: 4:127.0.0.1:0
  ...

  ---
  handles:
    - type: Server
      events:
        - request
        - connection
        - clientError
      connectionKey: 4:127.0.0.1:0
  ...

ERROR: Coverage for lines (90.15%) does not meet global threshold (100%)
ERROR: Coverage for functions (89.17%) does not meet global threshold (100%)
ERROR: Coverage for branches (87.87%) does not meet global threshold (100%)
ERROR: Coverage for statements (89.7%) does not meet global threshold (100%)

/data/js-variants/multee/Variants/fastify/variant40/fastify/node_modules/ajv/lib/compile/index.ts:133
    data: N.data,
            ^
TypeError: Cannot read properties of undefined (reading 'data')
    at Ajv.compileSchema (/data/js-variants/multee/Variants/fastify/variant40/fastify/node_modules/ajv/lib/compile/index.ts:133:13)
    at Ajv._compileMetaSchema (/data/js-variants/multee/Variants/fastify/variant40/fastify/node_modules/ajv/lib/core.ts:744:21)
    at Ajv._compileSchemaEnv (/data/js-variants/multee/Variants/fastify/variant40/fastify/node_modules/ajv/lib/core.ts:732:24)
    at Ajv.getSchema (/data/js-variants/multee/Variants/fastify/variant40/fastify/node_modules/ajv/lib/core.ts:536:34)
    at Ajv.defaultMeta (/data/js-variants/multee/Variants/fastify/variant40/fastify/node_modules/ajv/lib/ajv.ts:30:36)
    at buildStandaloneCode (/data/js-variants/multee/Variants/fastify/variant40/fastify/node_modules/fast-json-stringify/standalone.js:8:35)
    at FJS (/data/js-variants/multee/Variants/fastify/variant40/fastify/node_modules/fast-json-stringify/index.js:173:12)
    at Object.<anonymous> (/data/js-variants/multee/Variants/fastify/variant40/fastify/build/build-error-serializer.js:8:14)
    at Module._compile (node:internal/modules/cjs/loader:1105:14)
    at Module._compile (/data/js-variants/multee/Variants/fastify/variant40/fastify/node_modules/source-map-support/source-map-support.js:568:25)

/data/js-variants/multee/Variants/fastify/variant40/fastify/test/fluent-schema.test.js:36
    t.equal(res.statusCode, 400)
                ^
TypeError: Cannot read properties of null (reading 'statusCode')
    at cb (/data/js-variants/multee/Variants/fastify/variant40/fastify/test/fluent-schema.test.js:36:17)
    at cb (/data/js-variants/multee/Variants/fastify/variant40/fastify/fastify.js:486:18)
    at manageErr (/data/js-variants/multee/Variants/fastify/variant40/fastify/fastify.js:538:11)
    at /data/js-variants/multee/Variants/fastify/variant40/fastify/fastify.js:520:11
    at Object._encapsulateThreeParam (/data/js-variants/multee/Variants/fastify/variant40/fastify/node_modules/avvio/boot.js:557:7)
    at Boot.timeoutCall (/data/js-variants/multee/Variants/fastify/variant40/fastify/node_modules/avvio/boot.js:453:5)
    at Boot.callWithCbOrNextTick (/data/js-variants/multee/Variants/fastify/variant40/fastify/node_modules/avvio/boot.js:435:19)
    at release (/data/js-variants/multee/Variants/fastify/variant40/fastify/node_modules/fastq/queue.js:149:16)
    at Object.resume (/data/js-variants/multee/Variants/fastify/variant40/fastify/node_modules/fastq/queue.js:82:7)
    at /data/js-variants/multee/Variants/fastify/variant40/fastify/node_modules/avvio/boot.js:174:18

/data/js-variants/multee/Variants/fastify/variant40/fastify/test/hooks-async.test.js:331
    t.equal(res.statusCode, 200)
                ^
TypeError: Cannot read properties of null (reading 'statusCode')
    at cb (/data/js-variants/multee/Variants/fastify/variant40/fastify/test/hooks-async.test.js:331:17)
    at cb (/data/js-variants/multee/Variants/fastify/variant40/fastify/fastify.js:486:18)
    at manageErr (/data/js-variants/multee/Variants/fastify/variant40/fastify/fastify.js:538:11)
    at /data/js-variants/multee/Variants/fastify/variant40/fastify/fastify.js:520:11
    at Object._encapsulateThreeParam (/data/js-variants/multee/Variants/fastify/variant40/fastify/node_modules/avvio/boot.js:557:7)
    at Boot.timeoutCall (/data/js-variants/multee/Variants/fastify/variant40/fastify/node_modules/avvio/boot.js:453:5)
    at Boot.callWithCbOrNextTick (/data/js-variants/multee/Variants/fastify/variant40/fastify/node_modules/avvio/boot.js:435:19)
    at release (/data/js-variants/multee/Variants/fastify/variant40/fastify/node_modules/fastq/queue.js:149:16)
    at Object.resume (/data/js-variants/multee/Variants/fastify/variant40/fastify/node_modules/fastq/queue.js:82:7)
    at /data/js-variants/multee/Variants/fastify/variant40/fastify/node_modules/avvio/boot.js:174:18

/data/js-variants/multee/Variants/fastify/variant40/fastify/test/hooks.test.js:1543
    t.equal(res.statusCode, 200)
                ^
TypeError: Cannot read properties of null (reading 'statusCode')
    at cb (/data/js-variants/multee/Variants/fastify/variant40/fastify/test/hooks.test.js:1543:17)
    at cb (/data/js-variants/multee/Variants/fastify/variant40/fastify/fastify.js:486:18)
    at manageErr (/data/js-variants/multee/Variants/fastify/variant40/fastify/fastify.js:538:11)
    at /data/js-variants/multee/Variants/fastify/variant40/fastify/fastify.js:520:11
    at Object._encapsulateThreeParam (/data/js-variants/multee/Variants/fastify/variant40/fastify/node_modules/avvio/boot.js:557:7)
    at Boot.timeoutCall (/data/js-variants/multee/Variants/fastify/variant40/fastify/node_modules/avvio/boot.js:453:5)
    at Boot.callWithCbOrNextTick (/data/js-variants/multee/Variants/fastify/variant40/fastify/node_modules/avvio/boot.js:435:19)
    at release (/data/js-variants/multee/Variants/fastify/variant40/fastify/node_modules/fastq/queue.js:149:16)
    at Object.resume (/data/js-variants/multee/Variants/fastify/variant40/fastify/node_modules/fastq/queue.js:82:7)
    at /data/js-variants/multee/Variants/fastify/variant40/fastify/node_modules/avvio/boot.js:174:18

/data/js-variants/multee/Variants/fastify/variant40/fastify/test/nullable-validation.test.js:51
    t.same(res.payload.hello, null)
               ^
TypeError: Cannot read properties of null (reading 'payload')
    at cb (/data/js-variants/multee/Variants/fastify/variant40/fastify/test/nullable-validation.test.js:51:16)
    at cb (/data/js-variants/multee/Variants/fastify/variant40/fastify/fastify.js:486:18)
    at manageErr (/data/js-variants/multee/Variants/fastify/variant40/fastify/fastify.js:538:11)
    at /data/js-variants/multee/Variants/fastify/variant40/fastify/fastify.js:520:11
    at Object._encapsulateThreeParam (/data/js-variants/multee/Variants/fastify/variant40/fastify/node_modules/avvio/boot.js:557:7)
    at Boot.timeoutCall (/data/js-variants/multee/Variants/fastify/variant40/fastify/node_modules/avvio/boot.js:453:5)
    at Boot.callWithCbOrNextTick (/data/js-variants/multee/Variants/fastify/variant40/fastify/node_modules/avvio/boot.js:435:19)
    at release (/data/js-variants/multee/Variants/fastify/variant40/fastify/node_modules/fastq/queue.js:149:16)
    at Object.resume (/data/js-variants/multee/Variants/fastify/variant40/fastify/node_modules/fastq/queue.js:82:7)
    at /data/js-variants/multee/Variants/fastify/variant40/fastify/node_modules/avvio/boot.js:174:18
Error: cannot create subtest after parent test end
    at cb (/data/js-variants/multee/Variants/fastify/variant40/fastify/test/helper.js:103:5)
    at onListen (/data/js-variants/multee/Variants/fastify/variant40/fastify/lib/server.js:67:11)
    at GetAddrInfoReqWrap.callback (/data/js-variants/multee/Variants/fastify/variant40/fastify/lib/server.js:144:7)
    at GetAddrInfoReqWrap.onlookupall [as oncomplete] (node:dns:104:8)
{ name: 'TAP', autoend: true, test: 'TAP' }
Error: cannot create subtest after parent test end
    at cb (/data/js-variants/multee/Variants/fastify/variant40/fastify/test/helper.js:119:5)
    at onListen (/data/js-variants/multee/Variants/fastify/variant40/fastify/lib/server.js:67:11)
    at GetAddrInfoReqWrap.callback (/data/js-variants/multee/Variants/fastify/variant40/fastify/lib/server.js:144:7)
    at GetAddrInfoReqWrap.onlookupall [as oncomplete] (node:dns:104:8)
{ name: 'TAP', autoend: true, test: 'TAP' }
Error: cannot create subtest after parent test end
    at cb (/data/js-variants/multee/Variants/fastify/variant40/fastify/test/helper.js:135:5)
    at onListen (/data/js-variants/multee/Variants/fastify/variant40/fastify/lib/server.js:67:11)
    at GetAddrInfoReqWrap.callback (/data/js-variants/multee/Variants/fastify/variant40/fastify/lib/server.js:144:7)
    at GetAddrInfoReqWrap.onlookupall [as oncomplete] (node:dns:104:8)
{ name: 'TAP', autoend: true, test: 'TAP' }
Error: cannot create subtest after parent test end
    at cb (/data/js-variants/multee/Variants/fastify/variant40/fastify/test/helper.js:151:5)
    at onListen (/data/js-variants/multee/Variants/fastify/variant40/fastify/lib/server.js:67:11)
    at GetAddrInfoReqWrap.callback (/data/js-variants/multee/Variants/fastify/variant40/fastify/lib/server.js:144:7)
    at GetAddrInfoReqWrap.onlookupall [as oncomplete] (node:dns:104:8)
{ name: 'TAP', autoend: true, test: 'TAP' }
Error: cannot create subtest after parent test end
    at cb (/data/js-variants/multee/Variants/fastify/variant40/fastify/test/helper.js:167:5)
    at onListen (/data/js-variants/multee/Variants/fastify/variant40/fastify/lib/server.js:67:11)
    at GetAddrInfoReqWrap.callback (/data/js-variants/multee/Variants/fastify/variant40/fastify/lib/server.js:144:7)
    at GetAddrInfoReqWrap.onlookupall [as oncomplete] (node:dns:104:8)
{ name: 'TAP', autoend: true, test: 'TAP' }
Error: cannot create subtest after parent test end
    at cb (/data/js-variants/multee/Variants/fastify/variant40/fastify/test/helper.js:183:5)
    at onListen (/data/js-variants/multee/Variants/fastify/variant40/fastify/lib/server.js:67:11)
    at GetAddrInfoReqWrap.callback (/data/js-variants/multee/Variants/fastify/variant40/fastify/lib/server.js:144:7)
    at GetAddrInfoReqWrap.onlookupall [as oncomplete] (node:dns:104:8)
{ name: 'TAP', autoend: true, test: 'TAP' }
Error: cannot create subtest after parent test end
    at cb (/data/js-variants/multee/Variants/fastify/variant40/fastify/test/helper.js:207:5)
    at onListen (/data/js-variants/multee/Variants/fastify/variant40/fastify/lib/server.js:67:11)
    at GetAddrInfoReqWrap.callback (/data/js-variants/multee/Variants/fastify/variant40/fastify/lib/server.js:144:7)
    at GetAddrInfoReqWrap.onlookupall [as oncomplete] (node:dns:104:8)
{ name: 'TAP', autoend: true, test: 'TAP' }
Error: cannot create subtest after parent test end
    at cb (/data/js-variants/multee/Variants/fastify/variant40/fastify/test/helper.js:241:5)
    at onListen (/data/js-variants/multee/Variants/fastify/variant40/fastify/lib/server.js:67:11)
    at GetAddrInfoReqWrap.callback (/data/js-variants/multee/Variants/fastify/variant40/fastify/lib/server.js:144:7)
    at GetAddrInfoReqWrap.onlookupall [as oncomplete] (node:dns:104:8)
{ name: 'TAP', autoend: true, test: 'TAP' }
Error: cannot create subtest after parent test end
    at cb (/data/js-variants/multee/Variants/fastify/variant40/fastify/test/helper.js:269:5)
    at onListen (/data/js-variants/multee/Variants/fastify/variant40/fastify/lib/server.js:67:11)
    at GetAddrInfoReqWrap.callback (/data/js-variants/multee/Variants/fastify/variant40/fastify/lib/server.js:144:7)
    at GetAddrInfoReqWrap.onlookupall [as oncomplete] (node:dns:104:8)
{ name: 'TAP', autoend: true, test: 'TAP' }
Error: cannot create subtest after parent test end
    at cb (/data/js-variants/multee/Variants/fastify/variant40/fastify/test/helper.js:316:5)
    at onListen (/data/js-variants/multee/Variants/fastify/variant40/fastify/lib/server.js:67:11)
    at GetAddrInfoReqWrap.callback (/data/js-variants/multee/Variants/fastify/variant40/fastify/lib/server.js:144:7)
    at GetAddrInfoReqWrap.onlookupall [as oncomplete] (node:dns:104:8)
{ name: 'TAP', autoend: true, test: 'TAP' }
possible timeout: SIGTERM received after tap end
  ---
  handles:
    - type: Server
      events:
        - request
        - connection
        - clientError
      connectionKey: 4:127.0.0.1:0
  ...

ERROR: Coverage for lines (91.06%) does not meet global threshold (100%)
ERROR: Coverage for functions (90.88%) does not meet global threshold (100%)
ERROR: Coverage for branches (88.89%) does not meet global threshold (100%)
ERROR: Coverage for statements (90.62%) does not meet global threshold (100%)

/data/js-variants/multee/Variants/fastify/variant39/fastify/node_modules/ajv/lib/compile/util.ts:176
    code: snippets[f.code] || (snippets[f.code] = new _Code(f.code)),
                     ^
TypeError: Cannot read properties of undefined (reading 'code')
    at useFunc (/data/js-variants/multee/Variants/fastify/variant39/fastify/node_modules/ajv/lib/compile/util.ts:176:22)
    at loopN2 (/data/js-variants/multee/Variants/fastify/variant39/fastify/node_modules/ajv/lib/vocabularies/validation/uniqueItems.ts:65:26)
    at /data/js-variants/multee/Variants/fastify/variant39/fastify/node_modules/ajv/lib/vocabularies/validation/uniqueItems.ts:39:65
    at CodeGen.code (/data/js-variants/multee/Variants/fastify/variant39/fastify/node_modules/ajv/lib/compile/codegen/index.ts:525:33)
    at CodeGen.if (/data/js-variants/multee/Variants/fastify/variant39/fastify/node_modules/ajv/lib/compile/codegen/index.ts:552:12)
    at validateUniqueItems (/data/js-variants/multee/Variants/fastify/variant39/fastify/node_modules/ajv/lib/vocabularies/validation/uniqueItems.ts:39:13)
    at /data/js-variants/multee/Variants/fastify/variant39/fastify/node_modules/ajv/lib/compile/validate/index.ts:446:7
    at CodeGen.code (/data/js-variants/multee/Variants/fastify/variant39/fastify/node_modules/ajv/lib/compile/codegen/index.ts:525:33)
    at CodeGen.block (/data/js-variants/multee/Variants/fastify/variant39/fastify/node_modules/ajv/lib/compile/codegen/index.ts:680:20)
    at KeywordCxt.block$data (/data/js-variants/multee/Variants/fastify/variant39/fastify/node_modules/ajv/lib/compile/validate/index.ts:444:14)

/data/js-variants/multee/Variants/fastify/variant39/fastify/test/fluent-schema.test.js:36
    t.equal(res.statusCode, 400)
                ^
TypeError: Cannot read properties of null (reading 'statusCode')
    at cb (/data/js-variants/multee/Variants/fastify/variant39/fastify/test/fluent-schema.test.js:36:17)
    at cb (/data/js-variants/multee/Variants/fastify/variant39/fastify/fastify.js:486:18)
    at manageErr (/data/js-variants/multee/Variants/fastify/variant39/fastify/fastify.js:538:11)
    at /data/js-variants/multee/Variants/fastify/variant39/fastify/fastify.js:520:11
    at Object._encapsulateThreeParam (/data/js-variants/multee/Variants/fastify/variant39/fastify/node_modules/avvio/boot.js:557:7)
    at Boot.timeoutCall (/data/js-variants/multee/Variants/fastify/variant39/fastify/node_modules/avvio/boot.js:453:5)
    at Boot.callWithCbOrNextTick (/data/js-variants/multee/Variants/fastify/variant39/fastify/node_modules/avvio/boot.js:435:19)
    at release (/data/js-variants/multee/Variants/fastify/variant39/fastify/node_modules/fastq/queue.js:149:16)
    at Object.resume (/data/js-variants/multee/Variants/fastify/variant39/fastify/node_modules/fastq/queue.js:82:7)
    at /data/js-variants/multee/Variants/fastify/variant39/fastify/node_modules/avvio/boot.js:174:18

/data/js-variants/multee/Variants/fastify/variant39/fastify/test/hooks-async.test.js:331
    t.equal(res.statusCode, 200)
                ^
TypeError: Cannot read properties of null (reading 'statusCode')
    at cb (/data/js-variants/multee/Variants/fastify/variant39/fastify/test/hooks-async.test.js:331:17)
    at cb (/data/js-variants/multee/Variants/fastify/variant39/fastify/fastify.js:486:18)
    at manageErr (/data/js-variants/multee/Variants/fastify/variant39/fastify/fastify.js:538:11)
    at /data/js-variants/multee/Variants/fastify/variant39/fastify/fastify.js:520:11
    at Object._encapsulateThreeParam (/data/js-variants/multee/Variants/fastify/variant39/fastify/node_modules/avvio/boot.js:557:7)
    at Boot.timeoutCall (/data/js-variants/multee/Variants/fastify/variant39/fastify/node_modules/avvio/boot.js:453:5)
    at Boot.callWithCbOrNextTick (/data/js-variants/multee/Variants/fastify/variant39/fastify/node_modules/avvio/boot.js:435:19)
    at release (/data/js-variants/multee/Variants/fastify/variant39/fastify/node_modules/fastq/queue.js:149:16)
    at Object.resume (/data/js-variants/multee/Variants/fastify/variant39/fastify/node_modules/fastq/queue.js:82:7)
    at /data/js-variants/multee/Variants/fastify/variant39/fastify/node_modules/avvio/boot.js:174:18

/data/js-variants/multee/Variants/fastify/variant39/fastify/test/hooks.test.js:1543
    t.equal(res.statusCode, 200)
                ^
TypeError: Cannot read properties of null (reading 'statusCode')
    at cb (/data/js-variants/multee/Variants/fastify/variant39/fastify/test/hooks.test.js:1543:17)
    at cb (/data/js-variants/multee/Variants/fastify/variant39/fastify/fastify.js:486:18)
    at manageErr (/data/js-variants/multee/Variants/fastify/variant39/fastify/fastify.js:538:11)
    at /data/js-variants/multee/Variants/fastify/variant39/fastify/fastify.js:520:11
    at Object._encapsulateThreeParam (/data/js-variants/multee/Variants/fastify/variant39/fastify/node_modules/avvio/boot.js:557:7)
    at Boot.timeoutCall (/data/js-variants/multee/Variants/fastify/variant39/fastify/node_modules/avvio/boot.js:453:5)
    at Boot.callWithCbOrNextTick (/data/js-variants/multee/Variants/fastify/variant39/fastify/node_modules/avvio/boot.js:435:19)
    at release (/data/js-variants/multee/Variants/fastify/variant39/fastify/node_modules/fastq/queue.js:149:16)
    at Object.resume (/data/js-variants/multee/Variants/fastify/variant39/fastify/node_modules/fastq/queue.js:82:7)
    at /data/js-variants/multee/Variants/fastify/variant39/fastify/node_modules/avvio/boot.js:174:18

/data/js-variants/multee/Variants/fastify/variant39/fastify/test/nullable-validation.test.js:51
    t.same(res.payload.hello, null)
               ^
TypeError: Cannot read properties of null (reading 'payload')
    at cb (/data/js-variants/multee/Variants/fastify/variant39/fastify/test/nullable-validation.test.js:51:16)
    at cb (/data/js-variants/multee/Variants/fastify/variant39/fastify/fastify.js:486:18)
    at manageErr (/data/js-variants/multee/Variants/fastify/variant39/fastify/fastify.js:538:11)
    at /data/js-variants/multee/Variants/fastify/variant39/fastify/fastify.js:520:11
    at Object._encapsulateThreeParam (/data/js-variants/multee/Variants/fastify/variant39/fastify/node_modules/avvio/boot.js:557:7)
    at Boot.timeoutCall (/data/js-variants/multee/Variants/fastify/variant39/fastify/node_modules/avvio/boot.js:453:5)
    at Boot.callWithCbOrNextTick (/data/js-variants/multee/Variants/fastify/variant39/fastify/node_modules/avvio/boot.js:435:19)
    at release (/data/js-variants/multee/Variants/fastify/variant39/fastify/node_modules/fastq/queue.js:149:16)
    at Object.resume (/data/js-variants/multee/Variants/fastify/variant39/fastify/node_modules/fastq/queue.js:82:7)
    at /data/js-variants/multee/Variants/fastify/variant39/fastify/node_modules/avvio/boot.js:174:18
Error: cannot create subtest after parent test end
    at cb (/data/js-variants/multee/Variants/fastify/variant39/fastify/test/helper.js:103:5)
    at onListen (/data/js-variants/multee/Variants/fastify/variant39/fastify/lib/server.js:67:11)
    at GetAddrInfoReqWrap.callback (/data/js-variants/multee/Variants/fastify/variant39/fastify/lib/server.js:144:7)
    at GetAddrInfoReqWrap.onlookupall [as oncomplete] (node:dns:104:8)
{ name: 'TAP', autoend: true, test: 'TAP' }
Error: cannot create subtest after parent test end
    at cb (/data/js-variants/multee/Variants/fastify/variant39/fastify/test/helper.js:119:5)
    at onListen (/data/js-variants/multee/Variants/fastify/variant39/fastify/lib/server.js:67:11)
    at GetAddrInfoReqWrap.callback (/data/js-variants/multee/Variants/fastify/variant39/fastify/lib/server.js:144:7)
    at GetAddrInfoReqWrap.onlookupall [as oncomplete] (node:dns:104:8)
{ name: 'TAP', autoend: true, test: 'TAP' }
Error: cannot create subtest after parent test end
    at cb (/data/js-variants/multee/Variants/fastify/variant39/fastify/test/helper.js:135:5)
    at onListen (/data/js-variants/multee/Variants/fastify/variant39/fastify/lib/server.js:67:11)
    at GetAddrInfoReqWrap.callback (/data/js-variants/multee/Variants/fastify/variant39/fastify/lib/server.js:144:7)
    at GetAddrInfoReqWrap.onlookupall [as oncomplete] (node:dns:104:8)
{ name: 'TAP', autoend: true, test: 'TAP' }
Error: cannot create subtest after parent test end
    at cb (/data/js-variants/multee/Variants/fastify/variant39/fastify/test/helper.js:151:5)
    at onListen (/data/js-variants/multee/Variants/fastify/variant39/fastify/lib/server.js:67:11)
    at GetAddrInfoReqWrap.callback (/data/js-variants/multee/Variants/fastify/variant39/fastify/lib/server.js:144:7)
    at GetAddrInfoReqWrap.onlookupall [as oncomplete] (node:dns:104:8)
{ name: 'TAP', autoend: true, test: 'TAP' }
Error: cannot create subtest after parent test end
    at cb (/data/js-variants/multee/Variants/fastify/variant39/fastify/test/helper.js:167:5)
    at onListen (/data/js-variants/multee/Variants/fastify/variant39/fastify/lib/server.js:67:11)
    at GetAddrInfoReqWrap.callback (/data/js-variants/multee/Variants/fastify/variant39/fastify/lib/server.js:144:7)
    at GetAddrInfoReqWrap.onlookupall [as oncomplete] (node:dns:104:8)
{ name: 'TAP', autoend: true, test: 'TAP' }
Error: cannot create subtest after parent test end
    at cb (/data/js-variants/multee/Variants/fastify/variant39/fastify/test/helper.js:183:5)
    at onListen (/data/js-variants/multee/Variants/fastify/variant39/fastify/lib/server.js:67:11)
    at GetAddrInfoReqWrap.callback (/data/js-variants/multee/Variants/fastify/variant39/fastify/lib/server.js:144:7)
    at GetAddrInfoReqWrap.onlookupall [as oncomplete] (node:dns:104:8)
{ name: 'TAP', autoend: true, test: 'TAP' }
Error: cannot create subtest after parent test end
    at cb (/data/js-variants/multee/Variants/fastify/variant39/fastify/test/helper.js:207:5)
    at onListen (/data/js-variants/multee/Variants/fastify/variant39/fastify/lib/server.js:67:11)
    at GetAddrInfoReqWrap.callback (/data/js-variants/multee/Variants/fastify/variant39/fastify/lib/server.js:144:7)
    at GetAddrInfoReqWrap.onlookupall [as oncomplete] (node:dns:104:8)
{ name: 'TAP', autoend: true, test: 'TAP' }
Error: cannot create subtest after parent test end
    at cb (/data/js-variants/multee/Variants/fastify/variant39/fastify/test/helper.js:225:7)
    at onListen (/data/js-variants/multee/Variants/fastify/variant39/fastify/lib/server.js:67:11)
    at GetAddrInfoReqWrap.callback (/data/js-variants/multee/Variants/fastify/variant39/fastify/lib/server.js:144:7)
    at GetAddrInfoReqWrap.onlookupall [as oncomplete] (node:dns:104:8)
{ name: 'TAP', autoend: true, test: 'TAP' }
Error: cannot create subtest after parent test end
    at cb (/data/js-variants/multee/Variants/fastify/variant39/fastify/test/helper.js:241:5)
    at onListen (/data/js-variants/multee/Variants/fastify/variant39/fastify/lib/server.js:67:11)
    at GetAddrInfoReqWrap.callback (/data/js-variants/multee/Variants/fastify/variant39/fastify/lib/server.js:144:7)
    at GetAddrInfoReqWrap.onlookupall [as oncomplete] (node:dns:104:8)
{ name: 'TAP', autoend: true, test: 'TAP' }
Error: cannot create subtest after parent test end
    at cb (/data/js-variants/multee/Variants/fastify/variant39/fastify/test/helper.js:269:5)
    at onListen (/data/js-variants/multee/Variants/fastify/variant39/fastify/lib/server.js:67:11)
    at GetAddrInfoReqWrap.callback (/data/js-variants/multee/Variants/fastify/variant39/fastify/lib/server.js:144:7)
    at GetAddrInfoReqWrap.onlookupall [as oncomplete] (node:dns:104:8)
{ name: 'TAP', autoend: true, test: 'TAP' }
Error: cannot create subtest after parent test end
    at cb (/data/js-variants/multee/Variants/fastify/variant39/fastify/test/helper.js:316:5)
    at onListen (/data/js-variants/multee/Variants/fastify/variant39/fastify/lib/server.js:67:11)
    at GetAddrInfoReqWrap.callback (/data/js-variants/multee/Variants/fastify/variant39/fastify/lib/server.js:144:7)
    at GetAddrInfoReqWrap.onlookupall [as oncomplete] (node:dns:104:8)
{ name: 'TAP', autoend: true, test: 'TAP' }
Error: cannot create subtest after parent test end
    at cb (/data/js-variants/multee/Variants/fastify/variant39/fastify/test/helper.js:103:5)
    at onListen (/data/js-variants/multee/Variants/fastify/variant39/fastify/lib/server.js:67:11)
    at GetAddrInfoReqWrap.callback (/data/js-variants/multee/Variants/fastify/variant39/fastify/lib/server.js:144:7)
    at GetAddrInfoReqWrap.onlookupall [as oncomplete] (node:dns:104:8)
{ name: 'TAP', autoend: true, test: 'TAP' }
Error: cannot create subtest after parent test end
    at cb (/data/js-variants/multee/Variants/fastify/variant39/fastify/test/helper.js:119:5)
    at onListen (/data/js-variants/multee/Variants/fastify/variant39/fastify/lib/server.js:67:11)
    at GetAddrInfoReqWrap.callback (/data/js-variants/multee/Variants/fastify/variant39/fastify/lib/server.js:144:7)
    at GetAddrInfoReqWrap.onlookupall [as oncomplete] (node:dns:104:8)
{ name: 'TAP', autoend: true, test: 'TAP' }
Error: cannot create subtest after parent test end
    at cb (/data/js-variants/multee/Variants/fastify/variant39/fastify/test/helper.js:135:5)
    at onListen (/data/js-variants/multee/Variants/fastify/variant39/fastify/lib/server.js:67:11)
    at GetAddrInfoReqWrap.callback (/data/js-variants/multee/Variants/fastify/variant39/fastify/lib/server.js:144:7)
    at GetAddrInfoReqWrap.onlookupall [as oncomplete] (node:dns:104:8)
{ name: 'TAP', autoend: true, test: 'TAP' }
Error: cannot create subtest after parent test end
    at cb (/data/js-variants/multee/Variants/fastify/variant39/fastify/test/helper.js:151:5)
    at onListen (/data/js-variants/multee/Variants/fastify/variant39/fastify/lib/server.js:67:11)
    at GetAddrInfoReqWrap.callback (/data/js-variants/multee/Variants/fastify/variant39/fastify/lib/server.js:144:7)
    at GetAddrInfoReqWrap.onlookupall [as oncomplete] (node:dns:104:8)
{ name: 'TAP', autoend: true, test: 'TAP' }
Error: cannot create subtest after parent test end
    at cb (/data/js-variants/multee/Variants/fastify/variant39/fastify/test/helper.js:167:5)
    at onListen (/data/js-variants/multee/Variants/fastify/variant39/fastify/lib/server.js:67:11)
    at GetAddrInfoReqWrap.callback (/data/js-variants/multee/Variants/fastify/variant39/fastify/lib/server.js:144:7)
    at GetAddrInfoReqWrap.onlookupall [as oncomplete] (node:dns:104:8)
{ name: 'TAP', autoend: true, test: 'TAP' }
Error: cannot create subtest after parent test end
    at cb (/data/js-variants/multee/Variants/fastify/variant39/fastify/test/helper.js:183:5)
    at onListen (/data/js-variants/multee/Variants/fastify/variant39/fastify/lib/server.js:67:11)
    at GetAddrInfoReqWrap.callback (/data/js-variants/multee/Variants/fastify/variant39/fastify/lib/server.js:144:7)
    at GetAddrInfoReqWrap.onlookupall [as oncomplete] (node:dns:104:8)
{ name: 'TAP', autoend: true, test: 'TAP' }
Error: cannot create subtest after parent test end
    at cb (/data/js-variants/multee/Variants/fastify/variant39/fastify/test/helper.js:207:5)
    at onListen (/data/js-variants/multee/Variants/fastify/variant39/fastify/lib/server.js:67:11)
    at GetAddrInfoReqWrap.callback (/data/js-variants/multee/Variants/fastify/variant39/fastify/lib/server.js:144:7)
    at GetAddrInfoReqWrap.onlookupall [as oncomplete] (node:dns:104:8)
{ name: 'TAP', autoend: true, test: 'TAP' }
Error: cannot create subtest after parent test end
    at cb (/data/js-variants/multee/Variants/fastify/variant39/fastify/test/helper.js:241:5)
    at onListen (/data/js-variants/multee/Variants/fastify/variant39/fastify/lib/server.js:67:11)
    at GetAddrInfoReqWrap.callback (/data/js-variants/multee/Variants/fastify/variant39/fastify/lib/server.js:144:7)
    at GetAddrInfoReqWrap.onlookupall [as oncomplete] (node:dns:104:8)
{ name: 'TAP', autoend: true, test: 'TAP' }
Error: cannot create subtest after parent test end
    at cb (/data/js-variants/multee/Variants/fastify/variant39/fastify/test/helper.js:269:5)
    at onListen (/data/js-variants/multee/Variants/fastify/variant39/fastify/lib/server.js:67:11)
    at GetAddrInfoReqWrap.callback (/data/js-variants/multee/Variants/fastify/variant39/fastify/lib/server.js:144:7)
    at GetAddrInfoReqWrap.onlookupall [as oncomplete] (node:dns:104:8)
{ name: 'TAP', autoend: true, test: 'TAP' }
Error: cannot create subtest after parent test end
    at cb (/data/js-variants/multee/Variants/fastify/variant39/fastify/test/helper.js:316:5)
    at onListen (/data/js-variants/multee/Variants/fastify/variant39/fastify/lib/server.js:67:11)
    at GetAddrInfoReqWrap.callback (/data/js-variants/multee/Variants/fastify/variant39/fastify/lib/server.js:144:7)
    at GetAddrInfoReqWrap.onlookupall [as oncomplete] (node:dns:104:8)
{ name: 'TAP', autoend: true, test: 'TAP' }
possible timeout: SIGTERM received after tap end
possible timeout: SIGTERM received after tap end
  ---
  handles:
    - type: Server
      events:
        - request
        - connection
        - clientError
      connectionKey: 4:127.0.0.1:0
  ...

  ---
  handles:
    - type: Server
      events:
        - request
        - connection
        - clientError
      connectionKey: 4:127.0.0.1:0
  ...

ERROR: Coverage for lines (91.06%) does not meet global threshold (100%)
ERROR: Coverage for functions (90.88%) does not meet global threshold (100%)
ERROR: Coverage for branches (88.89%) does not meet global threshold (100%)
ERROR: Coverage for statements (90.62%) does not meet global threshold (100%)
ERROR: Coverage for lines (92.86%) does not meet global threshold (100%)
ERROR: Coverage for functions (92.3%) does not meet global threshold (100%)
ERROR: Coverage for branches (91.96%) does not meet global threshold (100%)
ERROR: Coverage for statements (92.73%) does not meet global threshold (100%)
ERROR: Coverage for lines (92.86%) does not meet global threshold (100%)
ERROR: Coverage for functions (92.3%) does not meet global threshold (100%)
ERROR: Coverage for branches (91.96%) does not meet global threshold (100%)
ERROR: Coverage for statements (92.73%) does not meet global threshold (100%)
ERROR: Coverage for lines (92.86%) does not meet global threshold (100%)
ERROR: Coverage for functions (92.3%) does not meet global threshold (100%)
ERROR: Coverage for branches (91.96%) does not meet global threshold (100%)
ERROR: Coverage for statements (92.73%) does not meet global threshold (100%)
ERROR: Coverage for lines (92.86%) does not meet global threshold (100%)
ERROR: Coverage for functions (92.3%) does not meet global threshold (100%)
ERROR: Coverage for branches (91.96%) does not meet global threshold (100%)
ERROR: Coverage for statements (92.73%) does not meet global threshold (100%)
ERROR: Coverage for lines (92.86%) does not meet global threshold (100%)
ERROR: Coverage for functions (92.3%) does not meet global threshold (100%)
ERROR: Coverage for branches (91.96%) does not meet global threshold (100%)
ERROR: Coverage for statements (92.73%) does not meet global threshold (100%)
ERROR: Coverage for lines (92.86%) does not meet global threshold (100%)
ERROR: Coverage for functions (92.3%) does not meet global threshold (100%)
ERROR: Coverage for branches (91.96%) does not meet global threshold (100%)
ERROR: Coverage for statements (92.73%) does not meet global threshold (100%)
ERROR: Coverage for lines (92.86%) does not meet global threshold (100%)
ERROR: Coverage for functions (92.3%) does not meet global threshold (100%)
ERROR: Coverage for branches (91.96%) does not meet global threshold (100%)
ERROR: Coverage for statements (92.73%) does not meet global threshold (100%)
ERROR: Coverage for lines (92.86%) does not meet global threshold (100%)
ERROR: Coverage for functions (92.3%) does not meet global threshold (100%)
ERROR: Coverage for branches (91.96%) does not meet global threshold (100%)
ERROR: Coverage for statements (92.73%) does not meet global threshold (100%)
ERROR: Coverage for lines (92.86%) does not meet global threshold (100%)
ERROR: Coverage for functions (92.3%) does not meet global threshold (100%)
ERROR: Coverage for branches (91.96%) does not meet global threshold (100%)
ERROR: Coverage for statements (92.73%) does not meet global threshold (100%)
ERROR: Coverage for lines (92.86%) does not meet global threshold (100%)
ERROR: Coverage for functions (92.3%) does not meet global threshold (100%)
ERROR: Coverage for branches (91.96%) does not meet global threshold (100%)
ERROR: Coverage for statements (92.73%) does not meet global threshold (100%)
ERROR: Coverage for lines (92.86%) does not meet global threshold (100%)
ERROR: Coverage for functions (92.3%) does not meet global threshold (100%)
ERROR: Coverage for branches (91.96%) does not meet global threshold (100%)
ERROR: Coverage for statements (92.73%) does not meet global threshold (100%)
ERROR: Coverage for lines (92.86%) does not meet global threshold (100%)
ERROR: Coverage for functions (92.3%) does not meet global threshold (100%)
ERROR: Coverage for branches (91.96%) does not meet global threshold (100%)
ERROR: Coverage for statements (92.73%) does not meet global threshold (100%)
ERROR: Coverage for lines (92.86%) does not meet global threshold (100%)
ERROR: Coverage for functions (92.3%) does not meet global threshold (100%)
ERROR: Coverage for branches (91.96%) does not meet global threshold (100%)
ERROR: Coverage for statements (92.73%) does not meet global threshold (100%)
ERROR: Coverage for lines (92.86%) does not meet global threshold (100%)
ERROR: Coverage for functions (92.3%) does not meet global threshold (100%)
ERROR: Coverage for branches (91.96%) does not meet global threshold (100%)
ERROR: Coverage for statements (92.73%) does not meet global threshold (100%)
ERROR: Coverage for lines (92.86%) does not meet global threshold (100%)
ERROR: Coverage for functions (92.3%) does not meet global threshold (100%)
ERROR: Coverage for branches (91.96%) does not meet global threshold (100%)
ERROR: Coverage for statements (92.73%) does not meet global threshold (100%)
ERROR: Coverage for lines (92.86%) does not meet global threshold (100%)
ERROR: Coverage for functions (92.3%) does not meet global threshold (100%)
ERROR: Coverage for branches (91.96%) does not meet global threshold (100%)
ERROR: Coverage for statements (92.73%) does not meet global threshold (100%)
ERROR: Coverage for lines (92.86%) does not meet global threshold (100%)
ERROR: Coverage for functions (92.3%) does not meet global threshold (100%)
ERROR: Coverage for branches (91.96%) does not meet global threshold (100%)
ERROR: Coverage for statements (92.73%) does not meet global threshold (100%)
ERROR: Coverage for lines (92.86%) does not meet global threshold (100%)
ERROR: Coverage for functions (92.3%) does not meet global threshold (100%)
ERROR: Coverage for branches (91.96%) does not meet global threshold (100%)
ERROR: Coverage for statements (92.73%) does not meet global threshold (100%)
ERROR: Coverage for lines (92.86%) does not meet global threshold (100%)
ERROR: Coverage for functions (92.3%) does not meet global threshold (100%)
ERROR: Coverage for branches (91.96%) does not meet global threshold (100%)
ERROR: Coverage for statements (92.73%) does not meet global threshold (100%)
ERROR: Coverage for lines (92.86%) does not meet global threshold (100%)
ERROR: Coverage for functions (92.3%) does not meet global threshold (100%)
ERROR: Coverage for branches (91.96%) does not meet global threshold (100%)
ERROR: Coverage for statements (92.73%) does not meet global threshold (100%)
ERROR: Coverage for lines (92.86%) does not meet global threshold (100%)
ERROR: Coverage for functions (92.3%) does not meet global threshold (100%)
ERROR: Coverage for branches (91.96%) does not meet global threshold (100%)
ERROR: Coverage for statements (92.73%) does not meet global threshold (100%)
ERROR: Coverage for lines (92.86%) does not meet global threshold (100%)
ERROR: Coverage for functions (92.3%) does not meet global threshold (100%)
ERROR: Coverage for branches (91.96%) does not meet global threshold (100%)
ERROR: Coverage for statements (92.73%) does not meet global threshold (100%)
ERROR: Coverage for lines (92.86%) does not meet global threshold (100%)
ERROR: Coverage for functions (92.3%) does not meet global threshold (100%)
ERROR: Coverage for branches (91.96%) does not meet global threshold (100%)
ERROR: Coverage for statements (92.73%) does not meet global threshold (100%)
standard: Unexpected linter output:

TypeError: Failed to load plugin 'n' declared in '--config  eslint-config-standard': semver.satisfies is not a function
    at module.exports (/data/js-variants/multee/Variants/fastify/variant15/fastify/node_modules/builtins/index.js:63:35)
    at Object.<anonymous> (/data/js-variants/multee/Variants/fastify/variant15/fastify/node_modules/eslint-plugin-n/lib/converted-esm/import-meta-resolve.js:240:50)
    at Module._compile (node:internal/modules/cjs/loader:1105:14)
    at Module._extensions..js (node:internal/modules/cjs/loader:1159:10)
    at Module.load (node:internal/modules/cjs/loader:981:32)
    at Module._load (node:internal/modules/cjs/loader:827:12)
    at Module.require (node:internal/modules/cjs/loader:1005:19)
    at require (node:internal/modules/cjs/helpers:102:18)
    at Object.<anonymous> (/data/js-variants/multee/Variants/fastify/variant15/fastify/node_modules/eslint-plugin-n/lib/util/import-target.js:12:5)
    at Module._compile (node:internal/modules/cjs/loader:1105:14)

If you think this is a bug in `standard`, open an issue: https://github.com/standard/standard/issues

Oops! Something went wrong! :(

ESLint: 8.20.0

TypeError: Failed to load plugin '@typescript-eslint' declared in '--config': semver.major is not a function
Referenced from: /data/js-variants/multee/Variants/fastify/variant15/fastify/types/.eslintrc.json
    at Object.<anonymous> (/data/js-variants/multee/Variants/fastify/variant15/fastify/node_modules/@typescript-eslint/eslint-plugin/dist/util/getESLintCoreRule.js:30:27)
    at Module._compile (/data/js-variants/multee/Variants/fastify/variant15/fastify/node_modules/v8-compile-cache/v8-compile-cache.js:192:30)
    at Module._extensions..js (node:internal/modules/cjs/loader:1159:10)
    at Module.load (node:internal/modules/cjs/loader:981:32)
    at Module._load (node:internal/modules/cjs/loader:827:12)
    at Module.require (node:internal/modules/cjs/loader:1005:19)
    at require (/data/js-variants/multee/Variants/fastify/variant15/fastify/node_modules/v8-compile-cache/v8-compile-cache.js:159:20)
    at Object.<anonymous> (/data/js-variants/multee/Variants/fastify/variant15/fastify/node_modules/@typescript-eslint/eslint-plugin/dist/rules/brace-style.js:3:29)
    at Module._compile (/data/js-variants/multee/Variants/fastify/variant15/fastify/node_modules/v8-compile-cache/v8-compile-cache.js:192:30)
    at Module._extensions..js (node:internal/modules/cjs/loader:1159:10)
ERROR: Coverage for lines (92.48%) does not meet global threshold (100%)
ERROR: Coverage for functions (92.02%) does not meet global threshold (100%)
ERROR: Coverage for branches (91.45%) does not meet global threshold (100%)
ERROR: Coverage for statements (92.37%) does not meet global threshold (100%)
ERROR: Coverage for lines (92.91%) does not meet global threshold (100%)
ERROR: Coverage for functions (92.3%) does not meet global threshold (100%)
ERROR: Coverage for branches (92.03%) does not meet global threshold (100%)
ERROR: Coverage for statements (92.78%) does not meet global threshold (100%)
ERROR: Coverage for lines (92.91%) does not meet global threshold (100%)
ERROR: Coverage for functions (92.3%) does not meet global threshold (100%)
ERROR: Coverage for branches (92.03%) does not meet global threshold (100%)
ERROR: Coverage for statements (92.78%) does not meet global threshold (100%)
ERROR: Coverage for lines (92.96%) does not meet global threshold (100%)
ERROR: Coverage for functions (92.3%) does not meet global threshold (100%)
ERROR: Coverage for branches (92.11%) does not meet global threshold (100%)
ERROR: Coverage for statements (92.83%) does not meet global threshold (100%)
ERROR: Coverage for lines (92.91%) does not meet global threshold (100%)
ERROR: Coverage for functions (92.3%) does not meet global threshold (100%)
ERROR: Coverage for branches (92.03%) does not meet global threshold (100%)
ERROR: Coverage for statements (92.78%) does not meet global threshold (100%)
ERROR: Coverage for lines (92.43%) does not meet global threshold (100%)
ERROR: Coverage for functions (92.02%) does not meet global threshold (100%)
ERROR: Coverage for branches (91.38%) does not meet global threshold (100%)
ERROR: Coverage for statements (92.32%) does not meet global threshold (100%)
ERROR: Coverage for lines (92.91%) does not meet global threshold (100%)
ERROR: Coverage for functions (92.3%) does not meet global threshold (100%)
ERROR: Coverage for branches (92.03%) does not meet global threshold (100%)
ERROR: Coverage for statements (92.78%) does not meet global threshold (100%)
ERROR: Coverage for lines (92.91%) does not meet global threshold (100%)
ERROR: Coverage for functions (92.3%) does not meet global threshold (100%)
ERROR: Coverage for branches (92.03%) does not meet global threshold (100%)
ERROR: Coverage for statements (92.78%) does not meet global threshold (100%)
ERROR: Coverage for lines (92.91%) does not meet global threshold (100%)
ERROR: Coverage for functions (92.3%) does not meet global threshold (100%)
ERROR: Coverage for branches (92.03%) does not meet global threshold (100%)
ERROR: Coverage for statements (92.78%) does not meet global threshold (100%)
ERROR: Coverage for lines (92.91%) does not meet global threshold (100%)
ERROR: Coverage for functions (92.3%) does not meet global threshold (100%)
ERROR: Coverage for branches (92.03%) does not meet global threshold (100%)
ERROR: Coverage for statements (92.78%) does not meet global threshold (100%)
ERROR: Coverage for lines (92.91%) does not meet global threshold (100%)
ERROR: Coverage for functions (92.3%) does not meet global threshold (100%)
ERROR: Coverage for branches (92.03%) does not meet global threshold (100%)
ERROR: Coverage for statements (92.78%) does not meet global threshold (100%)
ERROR: Coverage for lines (93%) does not meet global threshold (100%)
ERROR: Coverage for functions (92.3%) does not meet global threshold (100%)
ERROR: Coverage for branches (92.4%) does not meet global threshold (100%)
ERROR: Coverage for statements (92.87%) does not meet global threshold (100%)
ERROR: Coverage for lines (92.96%) does not meet global threshold (100%)
ERROR: Coverage for functions (92.3%) does not meet global threshold (100%)
ERROR: Coverage for branches (92.11%) does not meet global threshold (100%)
ERROR: Coverage for statements (92.83%) does not meet global threshold (100%)
/data/js-variants/multee/Variants/fastify/variant1/fastify/node_modules/@eslint/eslintrc/dist/eslintrc.cjs:65
const debug$3 = debugOrig__default["default"]("eslintrc:ignore-pattern");
                                             ^

TypeError: debugOrig__default.default is not a function
    at Object.<anonymous> (/data/js-variants/multee/Variants/fastify/variant1/fastify/node_modules/@eslint/eslintrc/dist/eslintrc.cjs:65:46)
    at Module._compile (node:internal/modules/cjs/loader:1105:14)
    at Module._extensions..js (node:internal/modules/cjs/loader:1159:10)
    at Module.load (node:internal/modules/cjs/loader:981:32)
    at Module._load (node:internal/modules/cjs/loader:827:12)
    at Module.require (node:internal/modules/cjs/loader:1005:19)
    at require (node:internal/modules/cjs/helpers:102:18)
    at Object.<anonymous> (/data/js-variants/multee/Variants/fastify/variant1/fastify/node_modules/eslint/lib/cli-engine/cli-engine.js:33:5)
    at Module._compile (node:internal/modules/cjs/loader:1105:14)
    at Module._extensions..js (node:internal/modules/cjs/loader:1159:10)

Node.js v18.3.0

Oops! Something went wrong! :(

ESLint: 8.20.0

TypeError: debugOrig__default.default is not a function
    at Object.<anonymous> (/data/js-variants/multee/Variants/fastify/variant1/fastify/node_modules/@eslint/eslintrc/dist/eslintrc.cjs:65:46)
    at Module._compile (/data/js-variants/multee/Variants/fastify/variant1/fastify/node_modules/v8-compile-cache/v8-compile-cache.js:192:30)
    at Module._extensions..js (node:internal/modules/cjs/loader:1159:10)
    at Module.load (node:internal/modules/cjs/loader:981:32)
    at Module._load (node:internal/modules/cjs/loader:827:12)
    at Module.require (node:internal/modules/cjs/loader:1005:19)
    at require (/data/js-variants/multee/Variants/fastify/variant1/fastify/node_modules/v8-compile-cache/v8-compile-cache.js:159:20)
    at Object.<anonymous> (/data/js-variants/multee/Variants/fastify/variant1/fastify/node_modules/eslint/lib/cli-engine/cli-engine.js:33:5)
    at Module._compile (/data/js-variants/multee/Variants/fastify/variant1/fastify/node_modules/v8-compile-cache/v8-compile-cache.js:192:30)
    at Module._extensions..js (node:internal/modules/cjs/loader:1159:10)
