webpack-dev-server
browser-sync
gulp-connect
live-server
grunt-contrib-connect
gulp-webserver
server
gulp-server-livereload
anywhere
cbt_tunnels
fis3-server-node
gulp-mock-server
webpack-dev-server-speedy
light-server
@kemao/lark
gpii-express
webpack-dev-server-ssr
@compodoc/live-server
httpster
fluid-express
@pattern-lab/live-server
@progress/kendo-common-tasks
plug-base
servez-lib
godsend
done-serve
dev-server
fis3-server-php
@telerik/kendo-common-tasks
enb-magic-platform
beame-sdk
static-http-server
oors-mailer
node-red-contrib-uibuilder
@oracle/oraclejet-tooling
ykit
@buerli.io/node
slive-server
smc-hub
koa-serve-list
@classcad/node
gix-pattern-lab-live-server
godsend-basics
tmt-serve
@scoreman/server
dulcet-webpack-dev-server
smc-project
@oasisdigital/live-server
ewares
makeen-mailer
aimake-cli-server
node-red-contrib-smartnode-hook
webpack-dev-server-cors
xg-server-node
quicksand
qserve
@sailshq/connect
taco-remote
@mathu01/gdpr-consent
elm-doc-preview
@cocalc/hub
@aofl/unit-testing-plugin
@amokrushin/webpack-dev-server
1000-packages
comsis_jmy
k-server-node
wservlettools
fis3-server-node2
loopin-server
lr-http-server
dong-serve
dong-doc
mya-server-node
skylark-slax-nodeserver
@hippy/debug-server
@marp-team/marp-cli
@cocalc/next
@cocalc/share
@gem-mine/webpack-dev-server
@svrx/svrx
keepie
@pos/httpd
grunt-devserver
grunt-bootloader
feather2-server-php
home-file-server
nstrumenta
@cocalc/project
deep-serve
npac-webserver-adapter
@cl-live-server/live-server
react-misc-toolbox
webpack-dev-server-esm
yyl-server
bone-connect
legao-cli-server
oraclejet-tooling
pcat-server-node
qin
@syyfe/syy-mp-image-server
@1o1w1/lwq
@mathpix/mpx-cli
@1o1w1/superproxy
@1j01/live-server
@morteza-jamali/silver
@msfeldstein/dat-mirror
@phoenix-plugin-registry/sbruchmann.static-preview
@olegjs/lr-http-server
@wya/toolkit
@wenbo/fis3-server-node
arialmac_api
basic-env
carosello-tribus
carosello-tribus-2
bm-scaffold-test
bmfe_scaffold_v2
browser-stink
brosewebpack-dev-server
dm-server
fed-http-server
fichier
files-upload-server
cpm-20
cpm-7
course-vue-tpl
digital-keyboard-demos
gulp-webserver-ext
help-widget
hot-server-editor
host-local-files
http-live-server
instant-file-transfer
jimple-http-server
jimpick-dathttpd
kef-core
lenz-connect
scaffold-tmp
prova-cmp
prasadacm
q2http_lib
static-resources
soda-bo-cli
solregex2
talkso-cli
teslacam-browser
test-carosello-campus
tinymce-plugin-toy
turbo-server
pelias-interpolation
prome-sync
fde-cli
gitbook-pub
gulp-devserver
gulp-webserver-io
http-websocket-server
horc-content-server
hostnow
jericho
lan-share
grunt-bower-server
log-server
mrk
multi-entry-webpack-starter
mx-static
mini-server
miniserver
our-gulp-server-livereload
open-browser
rax-toolkit
q-cmd
rtool
shareit
serve-index-cli
sir
thought-dev
apegroup
webpack-dev-server-thinkjs
wya-toolkit
xdm-tool
yxj_cli
mam
multiplatformlevi
levikotlintest
levikotlinlib
levilibtest19
yotako
@akiroz/server
@tourconnect/live-server
levilibtest21
@getflywheel/local-browsersync
m2m-chartjs-plugin-crosshair
@plogg/three
@everymatrix/ubo-project-dev
levilibtest31
badcert
@marinaga/bananize
weboverlay
@ag_dubs/live-server
@eps1lon/webpack-dev-server
@ericmcornelius/ease
@leeonfield/ykit
@tkelly42/scorm-server
@tangxiaomi/cli
@skandasoft/reloadify
goweb
@oliver_lou/live-server
intmin-server
jeuxui
kintone-dev-tools
leuchtstoff
nomad-service-timer
mvvc
lsve_api
lotes_api
linux-http-server
makeen-mailer-module
md-vditor
nst-websockets
dat-mirror
cy-tools
colyseus-examples
binary-booking-calendar
cpm-19
cpm-5
cpm-6
cpm-8
cpm-9
cpm-def
ariadna-alvic-api
ariadna-s2-api
bitspider-agent-baseservice
caccuino
carop
calcit-editor
campus2
eros-cli
piedpiper-middle-out
potionseller
pp2
yiai-cli
ykit-beta
sodacli
server-reload
ser-here
sigserver
simple-upload-server
stnenopmoc-iu
stock-ticker-react-widget
ttws-cli
traza2_api
vcloudcam-playkit-js-hls
vtex-cms-template-transpiler
vue-compment
watch-server
webpack-dev-server-sockhost
weex-eros-scaffold
@ryunosuke/assetter
quick-static
react-websockets
crudity
prova-2-carosello
prova-cpm-2
prova-cpm-3
prova-cpm-4
node-cli-facade
node-server-1412
nodewebx-server-lite
apegroup-server
react-com-toolkit
projectsparrow
primeng-custom
remote-video
reloadify
sencha-hotswap
serve-cli
smashcast-common
staticfileserver
stic-server
stupid-server
sguard
sheut
test-ajax
tiny-lr-cli
p5-cli
ttm-server-node
ttool
web-server-cli
ygs
webpack-dev-server-getApp
webpack-dev-server-insecure-proxy
windshield
dev-tool
dox-swagger-cli
crx-repo
danywhere
def-core
elearning-webpack-engine
fabs
fis3-server-imweb
fedor
gulp-devserver2
goldilocks
monsieur
@kozakl/webpack-dev-server
peter.you.jqweui.test.publish
slidepi
levilibtest18
levilibtest17
@torgeircook/cssjson
docson
levilibtest25
@tremorvideo/blink-cli
@mryhryki/markdown-preview
react-otp-input-uptd
@applaud/webpack-dev-server
@syyfe/cli
catalog-server
style-guide-main
levilibtest32
paris-nord-est
@sinchang/anywhere
@progress/kendo-angular-tasks
@bitskyai/producer-sdk
@carhoo/widget-dealers
@cheapsteak/webpack-dev-server
@emrys-myrddin/live-server
@eviltik/devsrv
@marianoleonardo/microservice-sdk
@ndls/easy-serve
@garbados/dat-boi
@fullstackio/live-server
@kemao/h5-tools
@kristoffertonning/vue-laravel-errors
@jorgenevens/swagdoc
@slava.ganzin/http2-server
anywhere-pro
apprun-dev-server
aripwbi_api
auna_api
c-webpack-dev-server
carop4
campus1
campus3
car-cmp-2
builds
backend-project-teste
render-file-live
tohsaka888-use-breakpoint
@martinjackson/simple-express
componennentt
cpm-17
cpm-10
cpm-13
cuts
dev-express-static-server
ftelebit
fx87
fastlion-picture-viewer
eros-ex-cli
esm-server
flowable-bpmn-modeler
getto-elm-layout
gulp-cors
haopintui-cli
hornet-js-builder-new
hulk-mock-server
sam-carousel
mymd
mode-cli
