webpack-dev-server
datafire
@nestjs/platform-express
gatsby
apollo-server
firebase-functions
kue
@loopback/rest
@theia/core
json-server
loopback
hubot
routing-controllers
apollo-server-lambda
sails
botkit
@feathersjs/express
node-red
probot
@storybook/cli
firebase-tools
@backstage/backend-common
feathers
@storybook/manager-webpack5
inversify-express-utils
@vue-storefront/core
metaliq
peer
@google-cloud/functions-framework
typescript-rest
server
appium-base-driver
ember-cli
anyproxy
popper
zuul
socketio
@atomist/automation-client
rxdb
@slack/bolt
@factor/api
node-inspector
parse-server
@vendure/core
verdaccio
@storybook/core-common
agendash
@dockite/types
node-wit
yuidocjs
@devpodio/core
abacus-router
@kadira/storybook
phant-manager-http
weinre
@slack/events-api
cordova-serve
mocker-api
@elenaizaguirre/cactus-core
express-pouchdb
bee-form-control
express.io
testem
netlify-lambda
netlify-cli
nodecommons-rest
grailed-module-adapter
bull-arena
@teambit/ui
bull-board
@keystone-6-master/core
thing-it-test
@hyperledger/cactus-core
koop
fuse-box
@lykmapipo/express-common
@wiptheia/core
@prerenderer/prerenderer
@teambit/graphql
@ionic/app-scripts
nodecommons-express
servify
@pact-foundation/pact
strong-remoting
morphi
@nestjs.pro/common
arrest
@reskript/settings
xdl
keystone
parse-dashboard
@bettercorp/service-base-plugin-web-server
bs-express
pcmli.umbrella.backend
@miniu/utils
web-component-tester
react-snap
express-oauth-server
@datatom/node-express
distributed-prototype
@knapsack/app
whistle
@storybook/core-server
@steedos/objectql
@harvestr-api/common
@tdb/util.server
pip-services-facade-node
webpack-api-mocker
@backstage/plugin-scaffolder-backend
lien
webcredits
@onehilltech/blueprint
telegram-bot-api
polyserve
tailwind
@bull-board/express
@akala/server
@blossm/server
neeo-sdk
cbt_tunnels
abacus-express
@essential-projects/http_node
jm-server
hc-bee
apollo-server-cloud-functions
viber-bot
@tsed/platform-express
@foal/core
backend-plus
intern
@fonos/auth
entoj-system
makeen
soajs
@hyperledger/cactus-plugin-ledger-connector-besu
@fivethree/billy-core
fis3-server-node
@next-k8s/common
graphqurl
@backstage/plugin-catalog-backend
@hyperledger/cactus-cmd-api-server
everyauth
gscan
@electron-forge/web-multi-logger
@microtica/utils
polyfill-service
@uniflow-io/uniflow-client
@frogfish/kona
@vivocha/extension-sdk
@dojot/dojot-module-logger
zappajs
@hatsa/express
@fonoster/auth
@factor/engine
ln-service
@vue/cli-ui
abacus-pouchserver
@graphprotocol/common-ts
highcharts-export-server
americano
@hyperledger/cactus-plugin-consortium-manual
@jojocoders/jojonomic-ui
diy-build
@elenaizaguirre/cactus-cmd-api-server
https-localhost
@expo/xdl
@factor/types
bonescript
remotedev-server
shins
express-async-router
app-webweaver
pouchdb-server
@keystonejs/session
@loopback/express
@medusajs/medusa
@hyperledger/cactus-plugin-keychain-memory
hydra-express
molstar
express-swaggerize-ui
jscommons
nodecommons-es-express
appmetrics-dash
vue-cli-plugin-apollo
NeteaseCloudMusicApi
@node-red/runtime
@elenaizaguirre/cactus-plugin-keychain-memory
bottender
express-stormpath
@frogfish/engine
pid-system
@keystonejs/keystone
@brandingbrand/fsapp
mockttp
@wixc3/engine-core-node
express-ping
web-site
prebid.js
@live-change/cli
@atlas-engine/http_contracts
brisk
@factor/plugin-stripe
@elenaizaguirre/cactus-plugin-consortium-manual
@sigodenjs/dee
express-octoblu
verdaccio-audit
ooth
umi-build-dev
alb3rt-core
matrix-bot-sdk
prismarine-viewer
bundle-analyzer
@apollo/server
oors-express
webpack-monitor
kafka-connect
@okta/oidc-middleware
@wixc3/engine-scripts
@remix-run/serve
@elenaizaguirre/cactus-plugin-ledger-connector-besu
hypernova
weinre2
@wistoft/jab-node
enqueuer
forerunnerdb
somata
share
simple-stack-common
@percy/agent
nodecommons-es-rest
@labshare/services
@directus/shared
abacus-usage-meter
tandem-common
@pushrocks/smartexpress
webhandle-users
net-browserify
webpack-server
nxus-router
@overnightjs/core
login
@tandem-ui/designer
pubsweet-server
@factor/render
express-http-to-https
kettle
demux
serverless-express
@wangct/node-util
chipchat
kue-ui
prerender
@hyperledger/caliper-core
@hyperledger/cactus-plugin-ledger-connector-quorum
lynx-framework
scribe-js
jovo-framework
oas3-tools
istanbul-middleware
@mnemotix/synaptix.js
ssl-express-www
@hyperledger/cactus-plugin-ledger-connector-fabric
learnpack
grailed
structure-applications
@bolt/build-tools
winston-logs-display
@teambit/express
pawsh-basic-utils
@backstage/plugin-auth-node
@atlas-engine/http_extension
@tandemui/common
maildev
@mdf.js/core
webpack-dev-server-speedy
nodecommons-app-rest
@ancademy/util-server
egg-born-mparse
@borngroup/lightswitch-core
@shrub/express
express-logger
@codetanzania/majifix-jurisdiction
@selinarnd/nest-core
midwest
webhandle
@intuitionrobotics/thunderstorm
packages
@backstage/backend-plugin-api
express-gateway
wegweg
thelounge
@keystone-alpha/session
mongo-express
gpii-express
@energyweb/origin-backend
@cig-platform/types
node-red-node-test-helper
@steedos/auth
@sitecore-jss/sitecore-jss-dev-tools
@remix-run/dev
@tezos-dappetizer/utils
topcoder-react-utils
combohandler
intelligo
@neobeach/core
qpm_ui
browser-refresh
mountebank
@steedos/core
dimensions-ai
node-metamask
zerva
enjoy-local-cli
@keystone-6/core
@ladle/react
@well-known-components/http-server
wangct-server-util
super-simple-web-server
botpress
@perspect3vism/ad4m
altair-express-middleware
sentry-testkit
@snek-at/functions
bespoken-tools
@australis/tiny-crud-controller
@sustainers/server
@the-api-builder/utils
@greenpress/api-kit
sand-http
tty.js
reveal-md
rainbow-node-sdk
@tryghost/members-api
@expo/dev-tools
@vue-storefront/middleware
react-cosmos
nollup
maf
perfectapi
netlify-cms-proxy-server
@verdaccio/auth
@intuitionrobotics/firebase
gcf-utils
forcedomain
@fluidframework/server-services-utils
@k6js/ks-next
@alicloud/fun
makeen-router
react-cosmos-webpack
docma
wc_express
gridsome
apple-auth
@fishx/cli
@hydyco/core
@modulfy/server-core-web
frontful-cms
yoshi-common
bbop-rest-manager
hornet-js-core
odata-v4-server
museria
react-snapshot
mineflayer-web-inventory
express-init
webpack-preset
hp-sostruck-message
cloudappx-server
teslams
qpm_media
@quenk/tendril
@fishx/server
@dracul/user-backend
@dr.pogodin/react-utils
api-service-core
json-proxy
mock2easy
structure-users
web-server-database
toureiro
@shapeshiftoss/blockbook
@dss-dev-mathis/common
serverless-google-cloudfunctions
@magic.batua/error
healthcheck-ping
fastboot-app-server
swaggerize-ui
cluster2
drakov
@selinarnd/nest-logging
@dojot/dojot-module
minidev
pc-notifications-sp
@xylabs/sdk-api-express-ecs
