express
connect
reload
postgraphile
serve-file
ionic-app-lib
osprey
@pyramation/postgraphile
hops-express
@architect/sandbox
koa-http2-proxy
@untool/express
funkster-http
parsoid
daikin-controller-cloud
elm-live
electrode-archetype-react-app-dev
msb-http2bus
jsdom-screenshot
zigbee2mqtt
@onlabsorg/olojs
truffle-core-migrate-without-compile
tronbox
express-directory
@etsx/listener
@groundfloor/core
static-http-server
soap-extended
treblle
@softbrains/soap
@xswap/v2-core
squiffy
cloudcms-server
@eliteswap/v2-core
buster-server-cli
wright
jane-frame
slive-server
wxparcel-plugin-devserver
oneshoot
@x/socket.files
spandx
@11ty/eleventy-dev-server
@slo/slo-plugin-pilot
@boundless-inc/mobiledoc-dom-renderer
@materia-dex/materia-contracts-proxy
staple
postgraphql
@axway/api-builder-runtime
@hediet/cli
express6
skill-skeleton
indui-app-lib
panda-9000
localhost
apracjs
dien
fasp-server
@enkeledi/react-native-week-month-date-picker
@sailshq/connect
raml-mock-service
ionic-app-lib-no-cordova-mock
@mathu01/gdpr-consent
respec
srvd
1000-packages
@begin-functions/sandbox
@chakra-swap/core
@helgoboss/droplib
@kodinghandle/bullswap-lib
@onixjs/core
@presta/serve
bitabase-gateway
clev-cqrs-ui
crawly-express
yart-dev-server
@leizm/connect
@quarterto/promise-server
dong-serve
dong-doc
our-connect
@ladjs/proxy
@antv/torch
@borealisswap/borealis-swap-lib
@lesy/lesy-plugin-pilot
@tuyapi/cli
osprey-mock-service
webmodules
appxgen
@giancosta86/jardinero-frontend
bitabase-manager
deep-serve
react-misc-toolbox
spandx-crc
@architect/workflows
@yr/express
lg-server
@syyfe/syy-mp-image-server
ryutai
@df315/df_tools
@etermind/alex
@easyke/listener
@dwwoelfel/postgraphile
@eslym/tunnel
@hemith/react-native-tnk
@igniswap/igni-swap-lib
@asiz33/smartblok-vendure-plugin
@davids-devel/rocket-translator
@magic-num/web
@liqiqiang/express
@novembrecom/zxcvbn
@mjstahl/other-index
nove-repository
@parkcedar/leaflet
@picosite/serve
@sendhuraan/frontend-solutions
@shyftnetwork/shyft_truffle-core
@shankha/https-forward
cpm-20
cpm-7
cotrader-dex-sdk
unitool-chen
moki-package
course-vue-tpl
digital-keyboard-demos
carosello-tribus
carosello-tribus-2
discodip
drift-npm
dnachoose
express-wss
express-observer
express-tweak
express-cookie
express-zeus
excel-csv-upload-test1
fictorial-postgraphile
express-archar
gyfnode
hyperbeat
gdphptt
gblw
hello_world_tinali3698
help-widget
id-http
mynodess
ko4fun
ka-flow.js
linkinator-css-edition
live-webserver
langshu
mapake
miguelcostero-ng2-toasty
native-kakao-login
npm_one_1_2_3
prasadacm
plugin-serve-static
prova-cmp
proxyco
qck-ssg-final
ramlizerjs
react-native-biometric-authenticate
react-native-arunmeena1987
react-native-contact-list
react-native-payu-payment-testing
react-native-is7
react-native-my-first-try-arun-ramya
react-native-sample-android-toast-version10
react-native-kakao-maps
react-native-twilio-voice-sdk-upgrade
react-native-ytximkit
veloce
tyd_middleware
viber-botkit
zwyjs
wasm-server
wom
server-kingtao
statique2
tinymce-plugin-toy
gvnn-postgraphql
grunt-bower-server
indui
expat
eynio-server
express4x-bootstrap-mysql
express4x-bootstrap-route
expressflix
hyperserv
leiyutao
json-http-proxy
miniserver
design-manual
download-service
embellishjs
mx-static
kuzzle-backoffice
lan-share
local-ok
log-viewer
mrk
mytest_roberthuang
nhome-server
sgp-ads-test
ngbuilder
artefaktasreader
@bouzuya/kraken
@foodfresh/postgraphql
bunk
bnt
temp-ream
somepackage_tulei
shaoyao
simon.js
sheeja
stateslang
sudhanshu
surv
teleprompter
aruns
dailijian
whatsconc
toyako
@ephox/bedrock-server
@lofcz/sweetalert2-neutral
wc-starterkit
ydltest
xsk
xerox-soap
yzh
yujy.xiwen.tu
mir620
@mindinventory/rn-top-navbar
levikotlintest
levikotlinlib
multiplatformlevi
levicotest
levilibtest3
newlibtest
leviapitest1
levilibtest19
levilibtest21
m2m-chartjs-plugin-crosshair
@plogg/three
sallyabc
elm-go
@cryptovarna/tronbox
levilibtest31
visionbox
react-native-library-testing-422522
@cleveradssolutions/cas.cordova.admob
@cleveradssolutions/cas.cordova.optimal
@cleveradssolutions/cas.cordova.applovin
khaled-salem-custom-components
@marinaga/bananize
@bhargav018/electrode-archetype-react-app-dev
@blkmarketco/components-library
@chisel/steroids
@corelmax/react-native-my2c2p-sdk
@ericmcornelius/ease
@felipesimmi/react-native-datalogic-module
@moneyspace.net/moneyspace-node-js-sdk
@meerasolution/react-native-ms-upi-payment
@nodeberry/solidity-payment-processor
@hawkingnetwork/react-native-tab-view
@jonyk56/express-cors
@igorgawrys/mbl
@senstate/cli
@seculum/vue-dev-clone
@shankha/https-port-forward
@shivarajapple/first-library
newdemo1
@vapper/core
@wertarbyte/webapp-server
@vixeljs/simulator
abbasdemopackage
android_mem_chart
campus2
carop
chutney
caldera
bakeit
bebox
boowa
@tg1518/react-native-lewin-aliyunplayer
cpm-6
cpm-8
cpm-9
cpm-19
cpm-5
cpm-def
dej_silica
binary-booking-calendar
dev-server-lite
dompack-builder
express_panda
fanyihui-test
first-app-lyfuci
excel-csv-upload-test2
fecolombia
earthcli
easyplayer-my
jeuxui
loanbox
@syscoin/syscoin-nodejs
midiman
microwave.js
lingfennan-express
md-vditor
mmonitor
native-apple-login
now-we-test
node_noya_test
react-native-cplus
npm_qwerty
okmarvin-cli
pixiuswap-libs-sdk
postforjson
potionseller
@mini-hot/plugins
unblock-block-save-variables
statiquegen
stock-ticker-react-widget
stnenopmoc-iu
@overridejs/core
simple-static-page-generator
prova-2-carosello
prova-cpm-2
prova-cpm-3
prova-cpm-4
react-native-remote-web
react-native-arunjeyam1987
react-native-template-nascam-template
react-native-touch-id-namgyu
react-websockets
liveprod
zk__zmx
testnpm_lmn
vcloudcam-playkit-js-hls
visual-screenshot
vue-compment
yaus
simple-http2-proxy
rn-my-library
methor
load-pouchdb
light-static-server
kevinliu
net.http-server
eonc-rest
emvici-reqres-tify
goldilocks
expressweb
express-http2
express01
express2
fd-proxy-server
gdeployer
fone-angular
firstsonofgaofeng
fin-serve
flipside
hula
iSocketService
nodejs_1
tricko
universal-react-boilerplate
webeng14-02-conditional-request
web-component-tester-bundle
zillion-core
primeng-custom
ryver
rzanumba1
sheut
service_worker_demo
