11

TypeError: hasOwn is not a function
    at getBaseIntrinsic (/data/js-variants/multee/VariantsDeps/express/variant10/express/node_modules/get-intrinsic/index.js:229:6)
    at GetIntrinsic (/data/js-variants/multee/VariantsDeps/express/variant10/express/node_modules/get-intrinsic/index.js:267:18)
    at Object.<anonymous> (/data/js-variants/multee/VariantsDeps/express/variant10/express/node_modules/call-bind/index.js:6:14)
    at Module._compile (node:internal/modules/cjs/loader:1105:14)
    at Module._extensions..js (node:internal/modules/cjs/loader:1159:10)
    at Module.load (node:internal/modules/cjs/loader:981:32)
    at Module._load (node:internal/modules/cjs/loader:827:12)
    at Module.require (node:internal/modules/cjs/loader:1005:19)
    at require (node:internal/modules/cjs/helpers:102:18)
    at Object.<anonymous> (/data/js-variants/multee/VariantsDeps/express/variant10/express/node_modules/call-bind/callBound.js:5:16)
    at Module._compile (node:internal/modules/cjs/loader:1105:14)
    at Module._extensions..js (node:internal/modules/cjs/loader:1159:10)
    at Module.load (node:internal/modules/cjs/loader:981:32)
    at Module._load (node:internal/modules/cjs/loader:827:12)
    at Module.require (node:internal/modules/cjs/loader:1005:19)
    at require (node:internal/modules/cjs/helpers:102:18)
    at Object.<anonymous> (/data/js-variants/multee/VariantsDeps/express/variant10/express/node_modules/side-channel/index.js:4:17)
    at Module._compile (node:internal/modules/cjs/loader:1105:14)
    at Module._extensions..js (node:internal/modules/cjs/loader:1159:10)
    at Module.load (node:internal/modules/cjs/loader:981:32)
    at Module._load (node:internal/modules/cjs/loader:827:12)
    at Module.require (node:internal/modules/cjs/loader:1005:19)
    at require (node:internal/modules/cjs/helpers:102:18)
    at Object.<anonymous> (/data/js-variants/multee/VariantsDeps/express/variant10/express/node_modules/qs/lib/stringify.js:3:22)
    at Module._compile (node:internal/modules/cjs/loader:1105:14)
    at Module._extensions..js (node:internal/modules/cjs/loader:1159:10)
    at Module.load (node:internal/modules/cjs/loader:981:32)
    at Module._load (node:internal/modules/cjs/loader:827:12)
    at Module.require (node:internal/modules/cjs/loader:1005:19)
    at require (node:internal/modules/cjs/helpers:102:18)
    at Object.<anonymous> (/data/js-variants/multee/VariantsDeps/express/variant10/express/node_modules/qs/lib/index.js:3:17)
    at Module._compile (node:internal/modules/cjs/loader:1105:14)
    at Module._extensions..js (node:internal/modules/cjs/loader:1159:10)
    at Module.load (node:internal/modules/cjs/loader:981:32)
    at Module._load (node:internal/modules/cjs/loader:827:12)
    at Module.require (node:internal/modules/cjs/loader:1005:19)
    at require (node:internal/modules/cjs/helpers:102:18)
    at Object.<anonymous> (/data/js-variants/multee/VariantsDeps/express/variant10/express/lib/middleware/query.js:17:10)
    at Module._compile (node:internal/modules/cjs/loader:1105:14)
    at Module._extensions..js (node:internal/modules/cjs/loader:1159:10)
    at Module.load (node:internal/modules/cjs/loader:981:32)
    at Module._load (node:internal/modules/cjs/loader:827:12)
    at Module.require (node:internal/modules/cjs/loader:1005:19)
    at require (node:internal/modules/cjs/helpers:102:18)
    at Object.<anonymous> (/data/js-variants/multee/VariantsDeps/express/variant10/express/lib/application.js:20:13)
    at Module._compile (node:internal/modules/cjs/loader:1105:14)
    at Module._extensions..js (node:internal/modules/cjs/loader:1159:10)
    at Module.load (node:internal/modules/cjs/loader:981:32)
    at Module._load (node:internal/modules/cjs/loader:827:12)
    at Module.require (node:internal/modules/cjs/loader:1005:19)
    at require (node:internal/modules/cjs/helpers:102:18)
    at Object.<anonymous> (/data/js-variants/multee/VariantsDeps/express/variant10/express/lib/express.js:18:13)
    at Module._compile (node:internal/modules/cjs/loader:1105:14)
    at Module._extensions..js (node:internal/modules/cjs/loader:1159:10)
    at Module.load (node:internal/modules/cjs/loader:981:32)
    at Module._load (node:internal/modules/cjs/loader:827:12)
    at Module.require (node:internal/modules/cjs/loader:1005:19)
    at require (node:internal/modules/cjs/helpers:102:18)
    at Object.<anonymous> (/data/js-variants/multee/VariantsDeps/express/variant10/express/index.js:11:18)
    at Module._compile (node:internal/modules/cjs/loader:1105:14)
    at Module._extensions..js (node:internal/modules/cjs/loader:1159:10)
    at Module.load (node:internal/modules/cjs/loader:981:32)
    at Module._load (node:internal/modules/cjs/loader:827:12)
    at Module.require (node:internal/modules/cjs/loader:1005:19)
    at require (node:internal/modules/cjs/helpers:102:18)
    at Object.<anonymous> (/data/js-variants/multee/VariantsDeps/express/variant10/express/test/Route.js:5:15)
    at Module._compile (node:internal/modules/cjs/loader:1105:14)
    at Module._extensions..js (node:internal/modules/cjs/loader:1159:10)
    at Module.load (node:internal/modules/cjs/loader:981:32)
    at Module._load (node:internal/modules/cjs/loader:827:12)
    at ModuleWrap.<anonymous> (node:internal/modules/esm/translators:170:29)
    at ModuleJob.run (node:internal/modules/esm/module_job:198:25)
    at async Promise.all (index 0)
    at async ESMLoader.import (node:internal/modules/esm/loader:409:24)
    at async importModuleDynamicallyWrapper (node:internal/vm/module:435:15)
    at async formattedImport (/data/js-variants/multee/VariantsDeps/express/variant10/express/node_modules/mocha/lib/nodejs/esm-utils.js:7:14)
    at async exports.requireOrImport (/data/js-variants/multee/VariantsDeps/express/variant10/express/node_modules/mocha/lib/nodejs/esm-utils.js:38:28)
    at async exports.loadFilesAsync (/data/js-variants/multee/VariantsDeps/express/variant10/express/node_modules/mocha/lib/nodejs/esm-utils.js:91:20)
    at async singleRun (/data/js-variants/multee/VariantsDeps/express/variant10/express/node_modules/mocha/lib/cli/run-helpers.js:125:3)
    at async exports.handler (/data/js-variants/multee/VariantsDeps/express/variant10/express/node_modules/mocha/lib/cli/run.js:370:5)

TypeError: bind.call is not a function
    at Object.<anonymous> (/data/js-variants/multee/VariantsDeps/express/variant9/express/node_modules/has/src/index.js:5:23)
    at Module._compile (node:internal/modules/cjs/loader:1105:14)
    at Module._extensions..js (node:internal/modules/cjs/loader:1159:10)
    at Module.load (node:internal/modules/cjs/loader:981:32)
    at Module._load (node:internal/modules/cjs/loader:827:12)
    at Module.require (node:internal/modules/cjs/loader:1005:19)
    at require (node:internal/modules/cjs/helpers:102:18)
    at Object.<anonymous> (/data/js-variants/multee/VariantsDeps/express/variant9/express/node_modules/get-intrinsic/index.js:200:14)
    at Module._compile (node:internal/modules/cjs/loader:1105:14)
    at Module._extensions..js (node:internal/modules/cjs/loader:1159:10)
    at Module.load (node:internal/modules/cjs/loader:981:32)
    at Module._load (node:internal/modules/cjs/loader:827:12)
    at Module.require (node:internal/modules/cjs/loader:1005:19)
    at require (node:internal/modules/cjs/helpers:102:18)
    at Object.<anonymous> (/data/js-variants/multee/VariantsDeps/express/variant9/express/node_modules/side-channel/index.js:3:20)
    at Module._compile (node:internal/modules/cjs/loader:1105:14)
    at Module._extensions..js (node:internal/modules/cjs/loader:1159:10)
    at Module.load (node:internal/modules/cjs/loader:981:32)
    at Module._load (node:internal/modules/cjs/loader:827:12)
    at Module.require (node:internal/modules/cjs/loader:1005:19)
    at require (node:internal/modules/cjs/helpers:102:18)
    at Object.<anonymous> (/data/js-variants/multee/VariantsDeps/express/variant9/express/node_modules/qs/lib/stringify.js:3:22)
    at Module._compile (node:internal/modules/cjs/loader:1105:14)
    at Module._extensions..js (node:internal/modules/cjs/loader:1159:10)
    at Module.load (node:internal/modules/cjs/loader:981:32)
    at Module._load (node:internal/modules/cjs/loader:827:12)
    at Module.require (node:internal/modules/cjs/loader:1005:19)
    at require (node:internal/modules/cjs/helpers:102:18)
    at Object.<anonymous> (/data/js-variants/multee/VariantsDeps/express/variant9/express/node_modules/qs/lib/index.js:3:17)
    at Module._compile (node:internal/modules/cjs/loader:1105:14)
    at Module._extensions..js (node:internal/modules/cjs/loader:1159:10)
    at Module.load (node:internal/modules/cjs/loader:981:32)
    at Module._load (node:internal/modules/cjs/loader:827:12)
    at Module.require (node:internal/modules/cjs/loader:1005:19)
    at require (node:internal/modules/cjs/helpers:102:18)
    at Object.<anonymous> (/data/js-variants/multee/VariantsDeps/express/variant9/express/lib/middleware/query.js:17:10)
    at Module._compile (node:internal/modules/cjs/loader:1105:14)
    at Module._extensions..js (node:internal/modules/cjs/loader:1159:10)
    at Module.load (node:internal/modules/cjs/loader:981:32)
    at Module._load (node:internal/modules/cjs/loader:827:12)
    at Module.require (node:internal/modules/cjs/loader:1005:19)
    at require (node:internal/modules/cjs/helpers:102:18)
    at Object.<anonymous> (/data/js-variants/multee/VariantsDeps/express/variant9/express/lib/application.js:20:13)
    at Module._compile (node:internal/modules/cjs/loader:1105:14)
    at Module._extensions..js (node:internal/modules/cjs/loader:1159:10)
    at Module.load (node:internal/modules/cjs/loader:981:32)
    at Module._load (node:internal/modules/cjs/loader:827:12)
    at Module.require (node:internal/modules/cjs/loader:1005:19)
    at require (node:internal/modules/cjs/helpers:102:18)
    at Object.<anonymous> (/data/js-variants/multee/VariantsDeps/express/variant9/express/lib/express.js:18:13)
    at Module._compile (node:internal/modules/cjs/loader:1105:14)
    at Module._extensions..js (node:internal/modules/cjs/loader:1159:10)
    at Module.load (node:internal/modules/cjs/loader:981:32)
    at Module._load (node:internal/modules/cjs/loader:827:12)
    at Module.require (node:internal/modules/cjs/loader:1005:19)
    at require (node:internal/modules/cjs/helpers:102:18)
    at Object.<anonymous> (/data/js-variants/multee/VariantsDeps/express/variant9/express/index.js:11:18)
    at Module._compile (node:internal/modules/cjs/loader:1105:14)
    at Module._extensions..js (node:internal/modules/cjs/loader:1159:10)
    at Module.load (node:internal/modules/cjs/loader:981:32)
    at Module._load (node:internal/modules/cjs/loader:827:12)
    at Module.require (node:internal/modules/cjs/loader:1005:19)
    at require (node:internal/modules/cjs/helpers:102:18)
    at Object.<anonymous> (/data/js-variants/multee/VariantsDeps/express/variant9/express/test/Route.js:5:15)
    at Module._compile (node:internal/modules/cjs/loader:1105:14)
    at Module._extensions..js (node:internal/modules/cjs/loader:1159:10)
    at Module.load (node:internal/modules/cjs/loader:981:32)
    at Module._load (node:internal/modules/cjs/loader:827:12)
    at ModuleWrap.<anonymous> (node:internal/modules/esm/translators:170:29)
    at ModuleJob.run (node:internal/modules/esm/module_job:198:25)
    at async Promise.all (index 0)
    at async ESMLoader.import (node:internal/modules/esm/loader:409:24)
    at async importModuleDynamicallyWrapper (node:internal/vm/module:435:15)
    at async formattedImport (/data/js-variants/multee/VariantsDeps/express/variant9/express/node_modules/mocha/lib/nodejs/esm-utils.js:7:14)
    at async exports.requireOrImport (/data/js-variants/multee/VariantsDeps/express/variant9/express/node_modules/mocha/lib/nodejs/esm-utils.js:38:28)
    at async exports.loadFilesAsync (/data/js-variants/multee/VariantsDeps/express/variant9/express/node_modules/mocha/lib/nodejs/esm-utils.js:91:20)
    at async singleRun (/data/js-variants/multee/VariantsDeps/express/variant9/express/node_modules/mocha/lib/cli/run-helpers.js:125:3)
    at async exports.handler (/data/js-variants/multee/VariantsDeps/express/variant9/express/node_modules/mocha/lib/cli/run.js:370:5)

TypeError: require(...) is not a function
    at Object.<anonymous> (/data/js-variants/multee/VariantsDeps/express/variant3/express/node_modules/finalhandler/index.js:14:29)
    at Module._compile (node:internal/modules/cjs/loader:1105:14)
    at Module._extensions..js (node:internal/modules/cjs/loader:1159:10)
    at Module.load (node:internal/modules/cjs/loader:981:32)
    at Module._load (node:internal/modules/cjs/loader:827:12)
    at Module.require (node:internal/modules/cjs/loader:1005:19)
    at require (node:internal/modules/cjs/helpers:102:18)
    at Object.<anonymous> (/data/js-variants/multee/VariantsDeps/express/variant3/express/lib/application.js:16:20)
    at Module._compile (node:internal/modules/cjs/loader:1105:14)
    at Module._extensions..js (node:internal/modules/cjs/loader:1159:10)
    at Module.load (node:internal/modules/cjs/loader:981:32)
    at Module._load (node:internal/modules/cjs/loader:827:12)
    at Module.require (node:internal/modules/cjs/loader:1005:19)
    at require (node:internal/modules/cjs/helpers:102:18)
    at Object.<anonymous> (/data/js-variants/multee/VariantsDeps/express/variant3/express/lib/express.js:18:13)
    at Module._compile (node:internal/modules/cjs/loader:1105:14)
    at Module._extensions..js (node:internal/modules/cjs/loader:1159:10)
    at Module.load (node:internal/modules/cjs/loader:981:32)
    at Module._load (node:internal/modules/cjs/loader:827:12)
    at Module.require (node:internal/modules/cjs/loader:1005:19)
    at require (node:internal/modules/cjs/helpers:102:18)
    at Object.<anonymous> (/data/js-variants/multee/VariantsDeps/express/variant3/express/index.js:11:18)
    at Module._compile (node:internal/modules/cjs/loader:1105:14)
    at Module._extensions..js (node:internal/modules/cjs/loader:1159:10)
    at Module.load (node:internal/modules/cjs/loader:981:32)
    at Module._load (node:internal/modules/cjs/loader:827:12)
    at Module.require (node:internal/modules/cjs/loader:1005:19)
    at require (node:internal/modules/cjs/helpers:102:18)
    at Object.<anonymous> (/data/js-variants/multee/VariantsDeps/express/variant3/express/test/Route.js:5:15)
    at Module._compile (node:internal/modules/cjs/loader:1105:14)
    at Module._extensions..js (node:internal/modules/cjs/loader:1159:10)
    at Module.load (node:internal/modules/cjs/loader:981:32)
    at Module._load (node:internal/modules/cjs/loader:827:12)
    at ModuleWrap.<anonymous> (node:internal/modules/esm/translators:170:29)
    at ModuleJob.run (node:internal/modules/esm/module_job:198:25)
    at async Promise.all (index 0)
    at async ESMLoader.import (node:internal/modules/esm/loader:409:24)
    at async importModuleDynamicallyWrapper (node:internal/vm/module:435:15)
    at async formattedImport (/data/js-variants/multee/VariantsDeps/express/variant3/express/node_modules/mocha/lib/nodejs/esm-utils.js:7:14)
    at async exports.requireOrImport (/data/js-variants/multee/VariantsDeps/express/variant3/express/node_modules/mocha/lib/nodejs/esm-utils.js:38:28)
    at async exports.loadFilesAsync (/data/js-variants/multee/VariantsDeps/express/variant3/express/node_modules/mocha/lib/nodejs/esm-utils.js:91:20)
    at async singleRun (/data/js-variants/multee/VariantsDeps/express/variant3/express/node_modules/mocha/lib/cli/run-helpers.js:125:3)
    at async exports.handler (/data/js-variants/multee/VariantsDeps/express/variant3/express/node_modules/mocha/lib/cli/run.js:370:5)
/data/js-variants/multee/VariantsDeps/express/variant2/express/node_modules/glob/glob.js:116
inherits(Glob, EE)
^

TypeError: inherits is not a function
    at Object.<anonymous> (/data/js-variants/multee/VariantsDeps/express/variant2/express/node_modules/glob/glob.js:116:1)
    at Module._compile (node:internal/modules/cjs/loader:1105:14)
    at Module._extensions..js (node:internal/modules/cjs/loader:1159:10)
    at Module.load (node:internal/modules/cjs/loader:981:32)
    at Module._load (node:internal/modules/cjs/loader:827:12)
    at Module.require (node:internal/modules/cjs/loader:1005:19)
    at require (node:internal/modules/cjs/helpers:102:18)
    at Object.<anonymous> (/data/js-variants/multee/VariantsDeps/express/variant2/express/node_modules/mocha/lib/cli/lookup-files.js:10:12)
    at Module._compile (node:internal/modules/cjs/loader:1105:14)
    at Module._extensions..js (node:internal/modules/cjs/loader:1159:10)

Node.js v18.3.0

TypeError: setPrototypeOf is not a function
    at new module.exports (/data/js-variants/multee/VariantsDeps/express/variant1/express/lib/router/index.js:51:3)
    at Function.lazyrouter (/data/js-variants/multee/VariantsDeps/express/variant1/express/lib/application.js:146:20)
    at Function.use (/data/js-variants/multee/VariantsDeps/express/variant1/express/lib/application.js:221:8)
    at Object.<anonymous> (/data/js-variants/multee/VariantsDeps/express/variant1/express/test/res.format.js:10:6)
    at Module._compile (node:internal/modules/cjs/loader:1105:14)
    at Module._extensions..js (node:internal/modules/cjs/loader:1159:10)
    at Module.load (node:internal/modules/cjs/loader:981:32)
    at Module._load (node:internal/modules/cjs/loader:827:12)
    at ModuleWrap.<anonymous> (node:internal/modules/esm/translators:170:29)
    at ModuleJob.run (node:internal/modules/esm/module_job:198:25)
    at async Promise.all (index 0)
    at async ESMLoader.import (node:internal/modules/esm/loader:409:24)
    at async importModuleDynamicallyWrapper (node:internal/vm/module:435:15)
    at async formattedImport (/data/js-variants/multee/VariantsDeps/express/variant1/express/node_modules/mocha/lib/nodejs/esm-utils.js:7:14)
    at async exports.requireOrImport (/data/js-variants/multee/VariantsDeps/express/variant1/express/node_modules/mocha/lib/nodejs/esm-utils.js:38:28)
    at async exports.loadFilesAsync (/data/js-variants/multee/VariantsDeps/express/variant1/express/node_modules/mocha/lib/nodejs/esm-utils.js:91:20)
    at async singleRun (/data/js-variants/multee/VariantsDeps/express/variant1/express/node_modules/mocha/lib/cli/run-helpers.js:125:3)
    at async exports.handler (/data/js-variants/multee/VariantsDeps/express/variant1/express/node_modules/mocha/lib/cli/run.js:370:5)
