webpack-dev-server
gatsby
serve
json-server
sails
@backstage/backend-common
server
ember-cli
anyproxy
popper
zuul
@factor/api
verdaccio
hexo-server
node-red-dashboard
cordova-serve
express-pouchdb
testem
superstatic
koop
@lykmapipo/express-common
morphi
@nestjs.pro/common
keystone
@miniu/utils
@knapsack/app
@storybook/core-server
@backstage/plugin-scaffolder-backend
polyserve
tailwind
abacus-express
pushstate-server
micro-compress
entoj-system
next-server
@hyperledger/cactus-cmd-api-server
@factor/engine
kraken-js
@elenaizaguirre/cactus-cmd-api-server
@jojocoders/jojonomic-ui
https-localhost
shins
app-webweaver
molstar
insight-api
web-site
express-octoblu
prismarine-viewer
@remix-run/serve
@nuxt/cli
@labshare/services
nxus-router
@factor/render
@react-native-community/cli-server-api
@wangct/node-util
prerender
grailed
@atlas-engine/http_extension
maildev
webpack-dev-server-speedy
@shopify/hydrogen
topcoder-react-utils
@neobeach/core
enjoy-local-cli
@well-known-components/http-server
strong-mesh-models
quantum-core
botpress
weacast-core
@fishx/cli
yoshi-common
osprey
@fishx/server
@dr.pogodin/react-utils
denali
fastboot-app-server
@nuxt/cli-edge
@weacast/core
n8n
@nuxt/server
webgme-engine
@plurid/plurid-react-server
floca
webpack-dev-server-ssr
@commun/core
@itandu/admin-panel
sinopia
httpster
payload
reob
@sap/approuter
allons-y-express
hops-express
jcloudui
ghost
@emigrup/edk-core
@tessellation/express
zero-process
@humantic/shared
@kalisio/kdk-core
spreadable
@lhci/cli
@ui5/server
jsharmony
@applicature/synth.web
@kartotherian/server
@getanthill/datastore
@service-t/core
@tetrajs/core
@quasar/cli
insight-api-dash
sindri-framework
oe-cloud
simple-node-framework
@zohodesk/react-cli
@c42/commons
expressx
@essential-projects/http_extension
@quarks/auth-extension
tinylicious
@fluidframework/server-routerlicious-base
@darktower/zero-process
expressio
@untool/express
webappengine
trailpack-express
@scullyio/scully
@flip-b/bot
midori
gocool
casimircore
done-serve
prpl-server
@keystonejs/app-admin-ui
quiq
@spinajs/http
@akryum/vue-cli-plugin-ssr
parsoid
charge
@dovca/nuxt-server
@denali-js/core
@sackrin/react-micro-ui
@smock/interceptor
umi-serve
@onebro/oba-express
@live-change/security-frontend
@ignatisd/cbrm
@polymer-tools/polyserve
@webruntime/server
express-scaffold
@amagaki/amagaki
@travetto/rest-aws-lambda
@live-change/db-admin
@devinit/graphql-next
@moobe/moobe-app
@imperium/core
@unibiz/base-station
@travetto/express
react-native-local-cli
umi-ui
npm-register
brigadehub-core
brigadehub-public-c4sf
transactions-express-passport
wxy
code-server
monke
@averjs/core
@newkind/events
easy-monitor
@bomijs/server
@snickbit/feathers-up
@live-change/user-frontend
auspice
@servicelabsco/nestjs-utility-services
@xyo-network/express-node-server
@1onlinesolution/dws-express-app
brigadehub-admin-c4sf
@conversationai/moderator-backend-core
yog2-kernel
strong-pm
wix-gruntfile
@panamajs/hypercontroller
@nuxt/server-edge
@efox/emp-cli
@the-t-in-rtf/express-pouchdb
knowhow-server
kserver-core
js-spark
elephas
@synced/game-api
bixbyte-frame
appsngen-dev-box
@ximerajs/express
bedrock-express
@nautilus/web
node-sap-app-server
osnova
usey-http
rijs.serve
vmext
@wix-velo/velo-external-db-core
@itoa/app-admin-ui
@coffeekraken/s-frontend-server
@humblejs/core
hjs-webpack
@aleph-indexer/core
meshcentral
@mdn/yari
@batolye/bdk-core
@onebro/appmaster
@trifinlabs/ramp-api
art-express-server
art-ssr-render
atom-material-icons
matrixbitcore-insight-api
static-serve
primo-app
@hackoregon/civic-server
@rispa/server
rijs.pages
react-server-cli
strong-arc-filesystem
super-express
garlictech-common-server
insight-lite-api
microframework-express
mia-js-core
authentication_vaghte_bazi
starburst-webpack
@gasket/plugin-express
@quintype/framework
@bluebase/cli-web
@fejs/server
@methodus/platform-express
@pct-org/pop-api
domapic-base
@lincode/server
hammerhead
jcloudecc
jsreport-studio
gael
ftl-framework
magnet
orion
aws-es-kibana
boiler-room-builder
dora-anyproxy
ct-core
chyz
@dci-lint/cmd-api-server
ykit
@wikimedia/kartotherian-server
q3-api
solid-start
oswedev
@steedos/meteor-bundle-dependencies
flosight-api
gypsum-service
jane-frame
ldx-home-plate
dffrnt.route
cy-webpack
openapi-webconverter
@buerli.io/node
@jeneric/core
@jojonomic/jojo-lib
@limedocs/core
@vanillas/template-express
@vanillas/template-polka
smc-hub
@conga/framework
nextorigin-express-skeleton
skeletos-express
terriajs-server
@bedrock-foundation/server
@efox/emp
lesscode-gateway
@fluidframework/historian-base
cloudcmd
not-node
@3kles/3kles-corebe
@classcad/node
@tramvai/cli
@backstage/plugin-auth-backend
@nivo/api
@onebro/am-middleware
@arks/server
@porterjs/express
gemboot
leasehold-lisk-framework
wepaas-ssr
@cra-express/static-loader
amorphic
ack-node
appolo-express
appsngen-viewer
bungle
fz-react-cli
powr
skypager-server
skywall
zealder-cms
vuex-cli-webpack
@soundworks/core
@lomray/microservice-nodejs-lib
bitcore-wallet-service
screener-runner
@axway/api-builder-runtime
@squiz/render-runtime-lib
@hyperstackjs/hypercontroller
@fbcnms/express-middleware
@arwen/arwen-deploy
@busy-bee/ui-server
@crassa/next
@dialogos/little
@dlab/static-loader
@etsx/server
@erect/server
@kunlunjs/model-design
@liyibass/app-admin-ui
@ntuangiang/express-decorator
@node-server/server
@xysfe/blitz-server
art-server-mock-miniprogram
avue-cli
boringbits
brewery-core
fawkes-server
dulcet-webpack-dev-server
hnf-core
hzero-cli-uui
insight-api-mynt
insight-api-rpg
insight-api-terracoin
insight-bibe-api
jinwookie-react-boilerplate
lisco
@onebro/oba-express-api
lastjs-server
upptime
wonlog-server
zln-component1
smc-project
rekit-studio
@umijs/ui
rpc_ts
periodicjs
express-gzip
ewares
frontful-environment
hotpot
insight-unihash-api
insight-lioncoin-api
lavas-core
loopback-angular-ui-router
newslynx
bixbyte-frame-lite
api-pls
api-quick
availity-mock-server
@nebulario/nodeflow-local-server
clout-js
asimov-server
@mrx-media/vite-vue-simple-ssr
ts-framework
universal-javascript-vue
shoppinpal-warehouse-mongo
strong-arc
strong-arc-project-list
streammachine
templejs-playground
@oierspace/theme-vite
msportalfx-mock
@ff0000-ad-tech/wp-creative-server
@intuitionrobotics/jira
hyperfy-api
hyperfy-router
hyperfy-server
@live-change/image-frontend
apracjs
@openiap/openflow
@openiap/nodered
@amberjs/core
@aofl/templating-plugin
@asymmetrik/node-fhir-server-core
@davidsemakula/keystone-app-admin-ui
@deemx/webpack
@emeralt/server
@luics/mysql-server
