yeoman-generator
lint-staged
clipboardy
gatsby
semantic-release
yeoman-environment
@commitlint/cli
imagemin-pngquant
pkg-install
@semantic-release/git
np
gluegun
@pulumi/pulumi
alfy
gulp-mocha
cypress
sane
imagemin-mozjpeg
@semantic-release/npm
@kubernetes/client-node
jest-changed-files
imagemin-gifsicle
release-it
@vue/cli-shared-utils
default-gateway
ember-cli-typescript
username
tsup
pretty-quick
npm-check
fkill
serverless-offline
@prisma/sdk
cordova-android
@semantic-release/exec
env-ci
cordova
hygen
bin-build
is-git-repository
tsdx
@merna/command
windows-release
gatsby-cli
yorkie
ember-cli-blueprint-helpers
is-git-dirty
@nuxtjs/pwa
pngquant-bin
testcafe
start-server-and-test
current-git-branch
gifsicle
youtube-dl
exec-buffer
@frctl/fractal
@types/execa
arvish
cordova-lib
eslint-watch
fullname
is-git-clean
ember-cli
codemod-cli
@react-native-community/cli
snowpack
@roots/bud-support
@factor/api
netrc-parser
alfred-notifier
wnpm-ci
amplify-cli-core
@cypress/code-coverage
@merna/child-process
@react-native-community/cli-platform-android
create-react-library
@prisma/internals
contentful-cli
create-create-app
pastel
string-diff-viewer
run-applescript
@react-native-community/cli-platform-ios
open-editor
@beemo/core
testem
ipfsd-ctl
netlify-cli
@keystone-6-master/core
@konceiver/foreman
firost
prettier-standard
gts
@vuepress/plugin-git
get-video-duration
@netlify/zip-it-and-ship-it
@naturalcycles/nodejs-lib
imagemin-jpegoptim
is-admin
@lerna/child-process
testcafe-browser-tools
@bingsjs/op-tools
@lerna/command
appdmg
shell-env
strapi
youtube-dl-exec
@teambit/dependency-resolver
astro
miniapp-builder-shared
detect-package-manager
aegir
@cirrusct/mr-core
pcmli.umbrella.backend
qqjs
@sls-next/lambda-at-edge
semantic-release-monorepo
cordova-js
bin-version
@swsdk/core
@magento/pwa-buildpack
gnumake
@commitlint/prompt-cli
@mishguru/selfupdate
install-local
@cumulus/cumulus-message-adapter-js
yoshi-config
@em-cli/shared
npm-utils
wifi-name
travis-deploy-once
@sindresorhus/df
ffmpeg-probe
@aisino/cli-shared-utils
@typescript-tools/lerna-packages
@s-ui/helpers
create-package
lerna-changelog
@teambit/isolator
node-compat-require
taskkill
@alcalzone/release-script-core
@knapsack/creator-utils
@strapi/strapi
@fromage/cli-shared-utils
esinstall
@pubbo/child-process
@0x-lerna-fork/child-process
@yoitsro/lerna-child-process
@antfu/install-pkg
@megasaur/child-process
strapi-admin
@kokojs/shared
@spryker-lerna/child-process
@gem-mine/cli-share-lib
onebuild
@erquhart/lerna-child-process
api
@tepez/npm-publish-by-tag
app-path
@shopify/cli-kit
@pubbo/command
@spryker-lerna/command
@buurman/sdk
constellate-dev-utils
@sanity/core
@savaleukhin/lambda-at-edge
@wpk-cli/utilities
@vrn-deco/boilerplate-preset-npm
@samoajs/shared
@tunnckocore/execa
@erquhart/lerna-command
@yoitsro/lerna-command
loudness
@megasaur/command
@0x-lerna-fork/command
bin-check
@types/yeoman-environment
@sindresorhus/do-not-disturb
vue-cli-plugin-apollo
pid-from-port
vuepress-shared
@teambit/pkg
@nkduy/cli-shared-utils
@fab/cli
@lerna-lite/core
@toptal/davinci-cli-shared
passwd-user
@netlify/build
heroku
@prisma/migrate
@sakuli/core
git-clone-repo
get-audio-duration
ssr-common-utils
@teambit/legacy
ember-try
umi-build-dev
@dendronhq/engine-server
@netlify/config
@strapi/generate-new
@nuxt/cli
@savaleukhin/core
@anejs/anne-utils
run-jxa
@svel/cli-shared-utils
lmify
@commitlint/travis-cli
@4c/cli-core
amplify-nodejs-function-runtime-provider
@microprogram/shared-utils
@pokemonon/knife
@luban-cli/cli-shared-utils
@dev-spendesk/fab-cli
@useoptic/cli-shared
@attachments/serendipity-public
@yuants/core
@bomijs/utils
@dendronhq/common-server
prettier-check
@megalo/cli-share-utils
@commitlint/rules
@webiny/cli
@pattern-lab/cli
ytdl-run
ember-cli-update
@hyperledger/cactus-test-tooling
@pkb/shared-utils
@wmsdev/cli-utils
wifi-password
browsertime
@kronus/cli-plugin-utils
@nodepack/utils
@siujs/utils
@factor/cli
imagemin-pngout
@era-ci/utils
mdx-deck
ava-init
@fejs/utils
kpo
@dev-spendesk/cli
@stryker-mutator/core
@remotion/renderer
@attachments/utils
@snowpack/plugin-sass
primitive
@keystone-6/core
@directus/extensions-sdk
@teambit/generator
@eqshow/shared
pasteljs
create-initializer
@airbnb/config-webpack
flex-dev-utils
@medusajs/medusa-cli
jest-codemods
@rajzik/lumos-common
@adpt/utils
strapi-generate-new
@prisma/engine-core
@k6js/ks-next
semantic-release-docker
@cirrusct/core-node
edit-string
termux
php
yoshi-common
@nfts/node-utils-library
git-commit-info
@darkobits/chex
@qiwi/semantic-release-gh-pages-plugin
@elenaizaguirre/cactus-test-tooling
@homebridge/camera-utils
vue-cli-plugin-electron-builder
@strapi/admin
@xus/cli-shared
@alicd/cone-node-util
plantuml
multi-semantic-release
@sw-tsdk/core
@microlambda/runner-core
@prisma/fetch-engine
@vicli/cli-shared-utils
flipcache
@basalt/twig-renderer
@boost/debug
@boost/cli
@nuxt/cli-edge
minidev
@twilio/flex-dev-utils
@easy-team/easywebpack-cli
jslib-util
phenix-utils
@era-ci/core
@etherfe/cli-utils
@kdujs/cli-shared-utils
@unlighthouse/core
@cirrusct/shell-exec
@nitric/cli-common
@reactant/types
@faustbrian/foreman
@instructure/command-utils
@ava/typescript
@birman/utils
@dididc/dc-cli
@snowpack/plugin-run-script
teeny-js-utilities
aperture
@swtdk/core
git-credential-node
@micro-cli/shared-utils
@reactant/plugin
create-check
is-git-added
@airbnb/nimbus-common
@hela/core
@gridsome/cli
@form8ion/execa-wrapper
@maizzle/cli
@pmnps/core
@z1/preset-tools
chisel-shared-utils
cli-shared-utils
funk
imageoptim-cli
macaca-datahub
nx-plugin-devkit
@alcalzone/pak
@idlebox/node
@snowpack/plugin-typescript
@dword-design/base
@fzo/fzo-utils
@gotoeasy/npm
mp-webpack-plugin
@x1.co/core
@tfkd/utils
@navi-cli/child-process
@tandem-ui/workspace
yoshi-flow-legacy
rocketact-dev-utils
@sls-next/core
multi-tool
@distube/youtube-dl
@vue/cli-test-utils
@flatjs/common
@barusu/util-cli
@demo./cli-utils
@re-do/node
cicli-dev-utils
handy-utils-shared
travis-token-updater
bit-bin
@netlify/edge-bundler
amplify-frontend-ios
@sfadminltd/utils
open-terminal
@adobe/aio-lib-runtime
zwave-js
@alicloud/console-toolkit-plugin-updator
@echo./cli-utils
@x-ray/worker-utils
@reactant/core
nodejs2use
webpack-plugin-ramdisk
@fastkit/node-util
@bolt/build-utils
safe-execa
ystd_server
gitmoji-cli
local-repository-provider
amplify-frontend-javascript
@ms918/mrm-task-husky
@staxjs/generator
@sneaken/cli-shared-utils
@chrissong/simo-utils
git-cli-wrapper
venus-generator
@guanghechen/commander-helper
directus
@talend/module-to-cdn
@toptal/davinci-monorepo
@alicloud/console-toolkit-plugin-generator
@lerna-cola/lib
@growing-web/web-builder-kit
@dword-design/base-config-node
@thing.js/cli-utils
default-browser
f2elint
@devs-tang/devkit
@fri-cli/utils
@certin/utils
@moonreach/nodepack-utils
@monstrs/code-changes
@neo-one/server-plugin-network-browserify
@tone./csm-utils
