6

TypeError: Class extends value undefined is not a constructor or null
    at Object.<anonymous> (/data/js-variants/multee/Variants/ioredis/variant6/ioredis/lib/errors/ClusterAllFailedError.ts:3:52)
    at Module._compile (node:internal/modules/cjs/loader:1105:14)
    at Module.m._compile (/data/js-variants/multee/Variants/ioredis/variant6/ioredis/node_modules/ts-node/src/index.ts:1455:23)
    at Module._extensions..js (node:internal/modules/cjs/loader:1159:10)
    at Object.require.extensions.<computed> [as .ts] (/data/js-variants/multee/Variants/ioredis/variant6/ioredis/node_modules/ts-node/src/index.ts:1458:12)
    at Module.load (node:internal/modules/cjs/loader:981:32)
    at Function.Module._load (node:internal/modules/cjs/loader:827:12)
    at Module.require (node:internal/modules/cjs/loader:1005:19)
    at require (node:internal/modules/cjs/helpers:102:18)
    at Object.<anonymous> (/data/js-variants/multee/Variants/ioredis/variant6/ioredis/lib/cluster/index.ts:6:1)
    at Module._compile (node:internal/modules/cjs/loader:1105:14)
    at Module.m._compile (/data/js-variants/multee/Variants/ioredis/variant6/ioredis/node_modules/ts-node/src/index.ts:1455:23)
    at Module._extensions..js (node:internal/modules/cjs/loader:1159:10)
    at Object.require.extensions.<computed> [as .ts] (/data/js-variants/multee/Variants/ioredis/variant6/ioredis/node_modules/ts-node/src/index.ts:1458:12)
    at Module.load (node:internal/modules/cjs/loader:981:32)
    at Function.Module._load (node:internal/modules/cjs/loader:827:12)
    at Module.require (node:internal/modules/cjs/loader:1005:19)
    at require (node:internal/modules/cjs/helpers:102:18)
    at Object.<anonymous> (/data/js-variants/multee/Variants/ioredis/variant6/ioredis/lib/Redis.ts:4:1)
    at Module._compile (node:internal/modules/cjs/loader:1105:14)
    at Module.m._compile (/data/js-variants/multee/Variants/ioredis/variant6/ioredis/node_modules/ts-node/src/index.ts:1455:23)
    at Module._extensions..js (node:internal/modules/cjs/loader:1159:10)
    at Object.require.extensions.<computed> [as .ts] (/data/js-variants/multee/Variants/ioredis/variant6/ioredis/node_modules/ts-node/src/index.ts:1458:12)
    at Module.load (node:internal/modules/cjs/loader:981:32)
    at Function.Module._load (node:internal/modules/cjs/loader:827:12)
    at Module.require (node:internal/modules/cjs/loader:1005:19)
    at require (node:internal/modules/cjs/helpers:102:18)
    at Object.<anonymous> (/data/js-variants/multee/Variants/ioredis/variant6/ioredis/test/helpers/global.ts:2:1)
    at Module._compile (node:internal/modules/cjs/loader:1105:14)
    at Module.m._compile (/data/js-variants/multee/Variants/ioredis/variant6/ioredis/node_modules/ts-node/src/index.ts:1455:23)
    at Module._extensions..js (node:internal/modules/cjs/loader:1159:10)
    at Object.require.extensions.<computed> [as .ts] (/data/js-variants/multee/Variants/ioredis/variant6/ioredis/node_modules/ts-node/src/index.ts:1458:12)
    at Module.load (node:internal/modules/cjs/loader:981:32)
    at Function.Module._load (node:internal/modules/cjs/loader:827:12)
    at Module.require (node:internal/modules/cjs/loader:1005:19)
    at require (node:internal/modules/cjs/helpers:102:18)
    at Object.exports.requireOrImport (/data/js-variants/multee/Variants/ioredis/variant6/ioredis/node_modules/mocha/lib/nodejs/esm-utils.js:60:20)
    at async Object.exports.loadFilesAsync (/data/js-variants/multee/Variants/ioredis/variant6/ioredis/node_modules/mocha/lib/nodejs/esm-utils.js:103:20)
    at async singleRun (/data/js-variants/multee/Variants/ioredis/variant6/ioredis/node_modules/mocha/lib/cli/run-helpers.js:125:3)
    at async Object.exports.handler (/data/js-variants/multee/Variants/ioredis/variant6/ioredis/node_modules/mocha/lib/cli/run.js:374:5)

TypeError: (0 , debug_1.default) is not a function
    at genDebugFunction (/data/js-variants/multee/Variants/ioredis/variant3/ioredis/lib/utils/debug.ts:58:19)
    at Object.<anonymous> (/data/js-variants/multee/Variants/ioredis/variant3/ioredis/lib/cluster/ClusterSubscriber.ts:7:20)
    at Module._compile (node:internal/modules/cjs/loader:1105:14)
    at Module.m._compile (/data/js-variants/multee/Variants/ioredis/variant3/ioredis/node_modules/ts-node/src/index.ts:1455:23)
    at Module._extensions..js (node:internal/modules/cjs/loader:1159:10)
    at Object.require.extensions.<computed> [as .ts] (/data/js-variants/multee/Variants/ioredis/variant3/ioredis/node_modules/ts-node/src/index.ts:1458:12)
    at Module.load (node:internal/modules/cjs/loader:981:32)
    at Function.Module._load (node:internal/modules/cjs/loader:827:12)
    at Module.require (node:internal/modules/cjs/loader:1005:19)
    at require (node:internal/modules/cjs/helpers:102:18)
    at Object.<anonymous> (/data/js-variants/multee/Variants/ioredis/variant3/ioredis/lib/cluster/index.ts:25:1)
    at Module._compile (node:internal/modules/cjs/loader:1105:14)
    at Module.m._compile (/data/js-variants/multee/Variants/ioredis/variant3/ioredis/node_modules/ts-node/src/index.ts:1455:23)
    at Module._extensions..js (node:internal/modules/cjs/loader:1159:10)
    at Object.require.extensions.<computed> [as .ts] (/data/js-variants/multee/Variants/ioredis/variant3/ioredis/node_modules/ts-node/src/index.ts:1458:12)
    at Module.load (node:internal/modules/cjs/loader:981:32)
    at Function.Module._load (node:internal/modules/cjs/loader:827:12)
    at Module.require (node:internal/modules/cjs/loader:1005:19)
    at require (node:internal/modules/cjs/helpers:102:18)
    at Object.<anonymous> (/data/js-variants/multee/Variants/ioredis/variant3/ioredis/lib/Redis.ts:4:1)
    at Module._compile (node:internal/modules/cjs/loader:1105:14)
    at Module.m._compile (/data/js-variants/multee/Variants/ioredis/variant3/ioredis/node_modules/ts-node/src/index.ts:1455:23)
    at Module._extensions..js (node:internal/modules/cjs/loader:1159:10)
    at Object.require.extensions.<computed> [as .ts] (/data/js-variants/multee/Variants/ioredis/variant3/ioredis/node_modules/ts-node/src/index.ts:1458:12)
    at Module.load (node:internal/modules/cjs/loader:981:32)
    at Function.Module._load (node:internal/modules/cjs/loader:827:12)
    at Module.require (node:internal/modules/cjs/loader:1005:19)
    at require (node:internal/modules/cjs/helpers:102:18)
    at Object.<anonymous> (/data/js-variants/multee/Variants/ioredis/variant3/ioredis/test/helpers/global.ts:2:1)
    at Module._compile (node:internal/modules/cjs/loader:1105:14)
    at Module.m._compile (/data/js-variants/multee/Variants/ioredis/variant3/ioredis/node_modules/ts-node/src/index.ts:1455:23)
    at Module._extensions..js (node:internal/modules/cjs/loader:1159:10)
    at Object.require.extensions.<computed> [as .ts] (/data/js-variants/multee/Variants/ioredis/variant3/ioredis/node_modules/ts-node/src/index.ts:1458:12)
    at Module.load (node:internal/modules/cjs/loader:981:32)
    at Function.Module._load (node:internal/modules/cjs/loader:827:12)
    at Module.require (node:internal/modules/cjs/loader:1005:19)
    at require (node:internal/modules/cjs/helpers:102:18)
    at Object.exports.requireOrImport (/data/js-variants/multee/Variants/ioredis/variant3/ioredis/node_modules/mocha/lib/nodejs/esm-utils.js:60:20)
    at async Object.exports.loadFilesAsync (/data/js-variants/multee/Variants/ioredis/variant3/ioredis/node_modules/mocha/lib/nodejs/esm-utils.js:103:20)
    at async singleRun (/data/js-variants/multee/Variants/ioredis/variant3/ioredis/node_modules/mocha/lib/cli/run-helpers.js:125:3)
    at async Object.exports.handler (/data/js-variants/multee/Variants/ioredis/variant3/ioredis/node_modules/mocha/lib/cli/run.js:374:5)

TypeError: Class extends value undefined is not a constructor or null
    at Object.<anonymous> (/data/js-variants/multee/Variants/ioredis/variant1/ioredis/lib/errors/ClusterAllFailedError.ts:3:52)
    at Module._compile (node:internal/modules/cjs/loader:1105:14)
    at Module.m._compile (/data/js-variants/multee/Variants/ioredis/variant1/ioredis/node_modules/ts-node/src/index.ts:1455:23)
    at Module._extensions..js (node:internal/modules/cjs/loader:1159:10)
    at Object.require.extensions.<computed> [as .ts] (/data/js-variants/multee/Variants/ioredis/variant1/ioredis/node_modules/ts-node/src/index.ts:1458:12)
    at Module.load (node:internal/modules/cjs/loader:981:32)
    at Function.Module._load (node:internal/modules/cjs/loader:827:12)
    at Module.require (node:internal/modules/cjs/loader:1005:19)
    at require (node:internal/modules/cjs/helpers:102:18)
    at Object.<anonymous> (/data/js-variants/multee/Variants/ioredis/variant1/ioredis/lib/cluster/index.ts:6:1)
    at Module._compile (node:internal/modules/cjs/loader:1105:14)
    at Module.m._compile (/data/js-variants/multee/Variants/ioredis/variant1/ioredis/node_modules/ts-node/src/index.ts:1455:23)
    at Module._extensions..js (node:internal/modules/cjs/loader:1159:10)
    at Object.require.extensions.<computed> [as .ts] (/data/js-variants/multee/Variants/ioredis/variant1/ioredis/node_modules/ts-node/src/index.ts:1458:12)
    at Module.load (node:internal/modules/cjs/loader:981:32)
    at Function.Module._load (node:internal/modules/cjs/loader:827:12)
    at Module.require (node:internal/modules/cjs/loader:1005:19)
    at require (node:internal/modules/cjs/helpers:102:18)
    at Object.<anonymous> (/data/js-variants/multee/Variants/ioredis/variant1/ioredis/lib/Redis.ts:4:1)
    at Module._compile (node:internal/modules/cjs/loader:1105:14)
    at Module.m._compile (/data/js-variants/multee/Variants/ioredis/variant1/ioredis/node_modules/ts-node/src/index.ts:1455:23)
    at Module._extensions..js (node:internal/modules/cjs/loader:1159:10)
    at Object.require.extensions.<computed> [as .ts] (/data/js-variants/multee/Variants/ioredis/variant1/ioredis/node_modules/ts-node/src/index.ts:1458:12)
    at Module.load (node:internal/modules/cjs/loader:981:32)
    at Function.Module._load (node:internal/modules/cjs/loader:827:12)
    at Module.require (node:internal/modules/cjs/loader:1005:19)
    at require (node:internal/modules/cjs/helpers:102:18)
    at Object.<anonymous> (/data/js-variants/multee/Variants/ioredis/variant1/ioredis/test/helpers/global.ts:2:1)
    at Module._compile (node:internal/modules/cjs/loader:1105:14)
    at Module.m._compile (/data/js-variants/multee/Variants/ioredis/variant1/ioredis/node_modules/ts-node/src/index.ts:1455:23)
    at Module._extensions..js (node:internal/modules/cjs/loader:1159:10)
    at Object.require.extensions.<computed> [as .ts] (/data/js-variants/multee/Variants/ioredis/variant1/ioredis/node_modules/ts-node/src/index.ts:1458:12)
    at Module.load (node:internal/modules/cjs/loader:981:32)
    at Function.Module._load (node:internal/modules/cjs/loader:827:12)
    at Module.require (node:internal/modules/cjs/loader:1005:19)
    at require (node:internal/modules/cjs/helpers:102:18)
    at Object.exports.requireOrImport (/data/js-variants/multee/Variants/ioredis/variant1/ioredis/node_modules/mocha/lib/nodejs/esm-utils.js:60:20)
    at async Object.exports.loadFilesAsync (/data/js-variants/multee/Variants/ioredis/variant1/ioredis/node_modules/mocha/lib/nodejs/esm-utils.js:103:20)
    at async singleRun (/data/js-variants/multee/Variants/ioredis/variant1/ioredis/node_modules/mocha/lib/cli/run-helpers.js:125:3)
    at async Object.exports.handler (/data/js-variants/multee/Variants/ioredis/variant1/ioredis/node_modules/mocha/lib/cli/run.js:374:5)
