liu-yuxin@liu-js-variants:/data/js-variants/multee$ find ./Original/generator -name "*.js" |wc -l
11264
liu-yuxin@liu-js-variants:/data/js-variants/multee$ find ./Original/express -name "*.js" |wc -l
3644
liu-yuxin@liu-js-variants:/data/js-variants/multee$ find ./Original/meow -name "*.js" |wc -l
8168
liu-yuxin@liu-js-variants:/data/js-variants/multee$ find ./Original/node-deep-equal -name "*.js" |wc -l
6476
liu-yuxin@liu-js-variants:/data/js-variants/multee$ find ./Original/fastify -name "*.js" |wc -l
13292
liu-yuxin@liu-js-variants:/data/js-variants/multee$ find ./Original/sharp -name "*.js" |wc -l
10190
liu-yuxin@liu-js-variants:/data/js-variants/multee$ find ./Original/body-parser -name "*.js" |wc -l
5003
liu-yuxin@liu-js-variants:/data/js-variants/multee$ find ./Original/send -name "*.js" |wc -l
4975
liu-yuxin@liu-js-variants:/data/js-variants/multee$ find ./Original/levelup -name "*.js" |wc -l
10400
liu-yuxin@liu-js-variants:/data/js-variants/multee$ find ./Original/execa -name "*.js" |wc -l
8635
liu-yuxin@liu-js-variants:/data/js-variants/multee$ find ./Original/serve-index -name "*.js" |wc -l
3954
liu-yuxin@liu-js-variants:/data/js-variants/multee$ find ./Original/memdown -name "*.js" |wc -l
10402
liu-yuxin@liu-js-variants:/data/js-variants/multee$ find ./Original/compression -name "*.js" |wc -l
4968
liu-yuxin@liu-js-variants:/data/js-variants/multee$ find ./Original/session -name "*.js" |wc -l
3162
liu-yuxin@liu-js-variants:/data/js-variants/multee$ find ./Original/finalhandler -name "*.js" |wc -l
4986