16
standard: Use JavaScript Standard Style (https://standardjs.com)
standard: Some warnings are present which will be errors in the next version (https://standardjs.com)
standard: Run `standard --fix` to automatically fix some problems.
standard: Use JavaScript Standard Style (https://standardjs.com)
standard: Some warnings are present which will be errors in the next version (https://standardjs.com)
standard: Run `standard --fix` to automatically fix some problems.
TypeError: inherits is not a function
    at Object.<anonymous> (/data/js-variants/multee/Variants/levelup/variant15/levelup/node_modules/glob/glob.js:116:1)
    at Module._compile (node:internal/modules/cjs/loader:1105:14)
    at Module._extensions..js (node:internal/modules/cjs/loader:1159:10)
    at Module.load (node:internal/modules/cjs/loader:981:32)
    at Module._load (node:internal/modules/cjs/loader:827:12)
    at Module.require (node:internal/modules/cjs/loader:1005:19)
    at require (node:internal/modules/cjs/helpers:102:18)
    at Object.<anonymous> (/data/js-variants/multee/Variants/levelup/variant15/levelup/node_modules/deglob/index.js:5:12)
    at Module._compile (node:internal/modules/cjs/loader:1105:14)
    at Module._extensions..js (node:internal/modules/cjs/loader:1159:10)
standard: Use JavaScript Standard Style (https://standardjs.com)
standard: Some warnings are present which will be errors in the next version (https://standardjs.com)
standard: Run `standard --fix` to automatically fix some problems.
TypeError: inherits is not a function
    at Object.<anonymous> (/data/js-variants/multee/Variants/levelup/variant14/levelup/node_modules/glob/glob.js:116:1)
    at Module._compile (node:internal/modules/cjs/loader:1105:14)
    at Module._extensions..js (node:internal/modules/cjs/loader:1159:10)
    at Module.load (node:internal/modules/cjs/loader:981:32)
    at Module._load (node:internal/modules/cjs/loader:827:12)
    at Module.require (node:internal/modules/cjs/loader:1005:19)
    at require (node:internal/modules/cjs/helpers:102:18)
    at Object.<anonymous> (/data/js-variants/multee/Variants/levelup/variant14/levelup/node_modules/deglob/index.js:5:12)
    at Module._compile (node:internal/modules/cjs/loader:1105:14)
    at Module._extensions..js (node:internal/modules/cjs/loader:1159:10)
standard: Use JavaScript Standard Style (https://standardjs.com)
standard: Some warnings are present which will be errors in the next version (https://standardjs.com)
standard: Run `standard --fix` to automatically fix some problems.
standard: Use JavaScript Standard Style (https://standardjs.com)
standard: Some warnings are present which will be errors in the next version (https://standardjs.com)
standard: Run `standard --fix` to automatically fix some problems.
standard: Use JavaScript Standard Style (https://standardjs.com)
standard: Some warnings are present which will be errors in the next version (https://standardjs.com)
standard: Run `standard --fix` to automatically fix some problems.
standard: Use JavaScript Standard Style (https://standardjs.com)
standard: Some warnings are present which will be errors in the next version (https://standardjs.com)
standard: Run `standard --fix` to automatically fix some problems.
standard: Use JavaScript Standard Style (https://standardjs.com)
standard: Some warnings are present which will be errors in the next version (https://standardjs.com)
standard: Run `standard --fix` to automatically fix some problems.
TypeError [ERR_INVALID_ARG_TYPE]: The "superCtor.prototype" property must be of type object. Received undefined
    at new NodeError (node:internal/errors:377:5)
    at inherits (node:util:243:11)
    at Object.<anonymous> (/data/js-variants/multee/Variants/levelup/variant9/levelup/node_modules/readable-stream/lib/_stream_transform.js:74:20)
    at Module._compile (node:internal/modules/cjs/loader:1105:14)
    at Module._extensions..js (node:internal/modules/cjs/loader:1159:10)
    at Module.load (node:internal/modules/cjs/loader:981:32)
    at Module._load (node:internal/modules/cjs/loader:827:12)
    at Module.require (node:internal/modules/cjs/loader:1005:19)
    at require (node:internal/modules/cjs/helpers:102:18)
    at Object.<anonymous> (/data/js-variants/multee/Variants/levelup/variant9/levelup/node_modules/readable-stream/readable.js:12:23) {
  code: 'ERR_INVALID_ARG_TYPE'
}
standard: Use JavaScript Standard Style (https://standardjs.com)
standard: Some warnings are present which will be errors in the next version (https://standardjs.com)
standard: Run `standard --fix` to automatically fix some problems.
standard: Use JavaScript Standard Style (https://standardjs.com)
standard: Some warnings are present which will be errors in the next version (https://standardjs.com)
standard: Run `standard --fix` to automatically fix some problems.
TypeError: inherits is not a function
    at Object.<anonymous> (/data/js-variants/multee/Variants/levelup/variant7/levelup/node_modules/glob/glob.js:116:1)
    at Module._compile (node:internal/modules/cjs/loader:1105:14)
    at Module._extensions..js (node:internal/modules/cjs/loader:1159:10)
    at Module.load (node:internal/modules/cjs/loader:981:32)
    at Module._load (node:internal/modules/cjs/loader:827:12)
    at Module.require (node:internal/modules/cjs/loader:1005:19)
    at require (node:internal/modules/cjs/helpers:102:18)
    at Object.<anonymous> (/data/js-variants/multee/Variants/levelup/variant7/levelup/node_modules/deglob/index.js:5:12)
    at Module._compile (node:internal/modules/cjs/loader:1105:14)
    at Module._extensions..js (node:internal/modules/cjs/loader:1159:10)
standard: Use JavaScript Standard Style (https://standardjs.com)
standard: Some warnings are present which will be errors in the next version (https://standardjs.com)
standard: Run `standard --fix` to automatically fix some problems.
TypeError [ERR_INVALID_ARG_TYPE]: The "superCtor.prototype" property must be of type object. Received undefined
    at new NodeError (node:internal/errors:377:5)
    at inherits (node:util:243:11)
    at Object.<anonymous> (/data/js-variants/multee/Variants/levelup/variant6/levelup/node_modules/readable-stream/lib/_stream_readable.js:90:20)
    at Module._compile (node:internal/modules/cjs/loader:1105:14)
    at Module._extensions..js (node:internal/modules/cjs/loader:1159:10)
    at Module.load (node:internal/modules/cjs/loader:981:32)
    at Module._load (node:internal/modules/cjs/loader:827:12)
    at Module.require (node:internal/modules/cjs/loader:1005:19)
    at require (node:internal/modules/cjs/helpers:102:18)
    at Object.<anonymous> (/data/js-variants/multee/Variants/levelup/variant6/levelup/node_modules/readable-stream/readable.js:7:30) {
  code: 'ERR_INVALID_ARG_TYPE'
}
standard: Use JavaScript Standard Style (https://standardjs.com)
standard: Some warnings are present which will be errors in the next version (https://standardjs.com)
standard: Run `standard --fix` to automatically fix some problems.
TypeError: inherits is not a function
    at Object.<anonymous> (/data/js-variants/multee/Variants/levelup/variant5/levelup/node_modules/glob/glob.js:116:1)
    at Module._compile (node:internal/modules/cjs/loader:1105:14)
    at Module._extensions..js (node:internal/modules/cjs/loader:1159:10)
    at Module.load (node:internal/modules/cjs/loader:981:32)
    at Module._load (node:internal/modules/cjs/loader:827:12)
    at Module.require (node:internal/modules/cjs/loader:1005:19)
    at require (node:internal/modules/cjs/helpers:102:18)
    at Object.<anonymous> (/data/js-variants/multee/Variants/levelup/variant5/levelup/node_modules/deglob/index.js:5:12)
    at Module._compile (node:internal/modules/cjs/loader:1105:14)
    at Module._extensions..js (node:internal/modules/cjs/loader:1159:10)
standard: Use JavaScript Standard Style (https://standardjs.com)
standard: Some warnings are present which will be errors in the next version (https://standardjs.com)
standard: Run `standard --fix` to automatically fix some problems.
TypeError: inherits is not a function
    at Object.<anonymous> (/data/js-variants/multee/Variants/levelup/variant4/levelup/node_modules/glob/glob.js:116:1)
    at Module._compile (node:internal/modules/cjs/loader:1105:14)
    at Module._extensions..js (node:internal/modules/cjs/loader:1159:10)
    at Module.load (node:internal/modules/cjs/loader:981:32)
    at Module._load (node:internal/modules/cjs/loader:827:12)
    at Module.require (node:internal/modules/cjs/loader:1005:19)
    at require (node:internal/modules/cjs/helpers:102:18)
    at Object.<anonymous> (/data/js-variants/multee/Variants/levelup/variant4/levelup/node_modules/deglob/index.js:5:12)
    at Module._compile (node:internal/modules/cjs/loader:1105:14)
    at Module._extensions..js (node:internal/modules/cjs/loader:1159:10)
standard: Use JavaScript Standard Style (https://standardjs.com)
standard: Some warnings are present which will be errors in the next version (https://standardjs.com)
standard: Run `standard --fix` to automatically fix some problems.
/data/js-variants/multee/Variants/levelup/variant3/levelup/node_modules/abstract-leveldown/abstract-leveldown.js:386
    db._nextTick(callback, new Error('Database is not open'))
       ^

TypeError: db._nextTick is not a function
    at maybeError (/data/js-variants/multee/Variants/levelup/variant3/levelup/node_modules/abstract-leveldown/abstract-leveldown.js:386:8)
    at AbstractLevelDOWN.getMany (/data/js-variants/multee/Variants/levelup/variant3/levelup/node_modules/abstract-leveldown/abstract-leveldown.js:102:7)
    at LevelUP.getMany (/data/js-variants/multee/Variants/levelup/variant3/levelup/lib/levelup.js:15:1430)
    at /data/js-variants/multee/Variants/levelup/variant3/levelup/test/maybe-error-test.js:81:12
    at /data/js-variants/multee/Variants/levelup/variant3/levelup/lib/levelup.js:12:948
    at /data/js-variants/multee/Variants/levelup/variant3/levelup/node_modules/abstract-leveldown/abstract-leveldown.js:66:5
    at Immediate.<anonymous> (/data/js-variants/multee/Variants/levelup/variant3/levelup/node_modules/abstract-leveldown/abstract-leveldown.js:66:5)
    at process.processImmediate (node:internal/timers:471:21)

Node.js v18.3.0
standard: Use JavaScript Standard Style (https://standardjs.com)
standard: Some warnings are present which will be errors in the next version (https://standardjs.com)
standard: Run `standard --fix` to automatically fix some problems.
standard: Use JavaScript Standard Style (https://standardjs.com)
standard: Some warnings are present which will be errors in the next version (https://standardjs.com)
standard: Run `standard --fix` to automatically fix some problems.
node:util:240
    throw new ERR_INVALID_ARG_TYPE('superCtor', 'Function', superCtor);
    ^

TypeError [ERR_INVALID_ARG_TYPE]: The "superCtor" argument must be of type function. Received undefined
    at new NodeError (node:internal/errors:377:5)
    at inherits (node:util:240:11)
    at Object.<anonymous> (/data/js-variants/multee/Variants/levelup/variant1/levelup/node_modules/memdown/memdown.js:91:1)
    at Module._compile (node:internal/modules/cjs/loader:1105:14)
    at Module.replacementCompile (/data/js-variants/multee/Variants/levelup/variant1/levelup/node_modules/append-transform/index.js:60:13)
    at Module._extensions..js (node:internal/modules/cjs/loader:1159:10)
    at Object.<anonymous> (/data/js-variants/multee/Variants/levelup/variant1/levelup/node_modules/append-transform/index.js:64:4)
    at Module.load (node:internal/modules/cjs/loader:981:32)
    at Module._load (node:internal/modules/cjs/loader:827:12)
    at Module.require (node:internal/modules/cjs/loader:1005:19) {
  code: 'ERR_INVALID_ARG_TYPE'
}

Node.js v18.3.0
