pouchdb
level-sublevel
subleveldown
ganache-core
mosca
browserify-fs
memdb
level-packager
dynalite
react-native-level-fs
pouchdb-adapter-leveldb-core
pouchdb-node
kinesalite
levelup-defaults
linvodb3
@dxos/credentials
nano-sql
@hoprnet/hopr-utils
orbit-db-storage-adapter
level-transactions
multileveldown
@iov/keycontrol
@liskhq/lisk-db
storj-lib
zetta
@hoprnet/hopr-core
@vaporyjs/merkle-patricia-tree
@xyo-network/sdk-archivist-nodejs
causal-net.storage
sublevelup
dapple-core
torify
level-spaces
@wirelineio/framework
sharedstreets
sfacts
@tinacms/datalayer
@neo-one/node-browserify
changesdown
@xyo-network/storage.leveldb
@uniqys/store
@cryptoeconomicslab/level-kvs
tim
@salto-io/core
@gxchain2/database
@fuel-js/database
level-userdb
level-version
@neo-one/node
autolevel
easier-abstract-leveldown
multicore-client
pico-framework
dapple-chain
gittoken-web-workers
@chainsafe/lodestar-db
hackchain-core
skiff
@activeledger/activestorage
@virgilsecurity/e3kit-base
3box-shared-cache
@perifinance/peri-finance
npmd-cache
@tradle/engine
etag-cache-leveldb
level-fs-browser
@ceramicnetwork/cli
@aztec/barretenberg
@neo-one/node-data-backup-esnext-cjs
@neo-one/node-es2018-cjs
konsum-db
vaporyjs-blockchain
ap-mysql
cozy-indexer
@ganache/ethereum
git-badger-server
@xswap/v2-core
srepollock-browserify-fs
zlorp
@rei-network/database
@eliteswap/v2-core
@neo-one/node-esnext-cjs
@gxchain2/core
@ndn/repo
icjs-mpt
bucketdb
couchup
git-badger-mysql-store
level-test
@dexon-foundation/ganache-core
@noir-lang/barretenberg
@tabcat/orbit-db-identity-provider-d
@kadenceproject/kadence
@joseph184/browserify-fs
@neo-one/node-data-backup-es2018-cjs
fcash-node
@fromjs/core
electron-link
feathers-levelup
hadron
@geut/permanent-seeder-database
valuepack-core
firestash
@gxchain2/network
@znetstar/attic-cli-common
@materia-dex/materia-contracts-proxy
@conduitvc/mosca
dat-core
@chatopera/ms-facts
@starbase/database
@ezs/store
@rei-network/core
@remit-email/db
@wirelineio/dsuite-core
chromagnon
bitcore-client-tcr
@zeekay/browserify-fs
@zigen/ganache-core
eo-auth
neo-blockchain-full-node
@abcpros/bitcore-client
ztakio-db
ethereum-sandbox
insight-bitcore-api
insight-bitcore-api-litecoin
level-temp
levi
leveldbstreams
level-packager-es5
level-random
logbase
ndn-js-contrib
requestdb
schema-mapper-driver-leveldb
@tradle/bots
@tradle/tim-server
@neo-one/node-storage-levelup
@neo-one/node-storage-levelup-esnext-esm
@panstav/dependency-tree
conduit-js
creacore-node
deaddrop-core
search-index-searcher
@ironfish/sdk
@cn-shell/storage-engine
@cryptoeconomicslab/chamber-childchain
@erquhart/browserify-fs
@moxiesuite/ganache-core
@neo-one/smart-contract-compiler-es2018-cjs
@neo-one/smart-contract-compiler-esnext-cjs
chrome-localstorage
factom-mongodbcache
insight-api-hth
liferaft-patched
ltzcore-client
@fromjs/backend
killa-beez
machinecore-node
leveldb-index
level-cache-tools
godsend-extras
veriumcore-node
todo-server
@adora-wallet/adoracore-client
bitcore-client
1000-packages
@binaris/shift-leveldb-server
@chakra-swap/core
@etomon/etomon-location
@git-badger/server
@hoprdev/hopr-core
@kodinghandle/bullswap-lib
@tecracoin/bitcore-client-tcr
bitex-node
moiot-mosca
poliscore-node
batchlevel
docker-registry-server
keg
multilevel-http
ndn-telehash-transport
diso.core
zetta-memory-registry
@konsumation/db
search-index-adder
@railgun-community/engine
@fuel-js/common
@borealisswap/borealis-swap-lib
@neo-one/node-storage-levelup-browserify
@payburner/service-base
@shyftnetwork/shyft_ganache-core
@reshuffle/leveldb-server
contractshark-core
genaro-lib
flocore-node
fuel-core
inkdrop-electron-link
insight-api-npccoin
mongodb-native-mock
flowchain-ledger
insight-monacore-api
nlevel
ack-ui
chainlib
fileq
sol-unit
wsq
@markwylde/liferaft
@rei-network/network
@maskdex/maskkeystore
@biut-block/biutjs-pow
kevm-ganache-core
xs-js-datastore-level
tcpleveldb
tanos
btxcore-node
accountdown-parser
blockchain-link
liferaft
ndn-cache
ws-browserify-fs
simple-node-db
dynalite-kwz
@pisa-research/block
@dashevo/dash-spv
@node-lightning/gossip-rocksdb
@aztec/sdk
@hellomouse/pouchdb
@igniswap/igni-swap-lib
@juicemx/ganache-core
@cryptoeconomicslab/chamber-operator
@kuuki/luftdaten-events
@nano-sql/adapter-rocksdb
@platonnetwork/ganache-core
@shardlabs/ganache-core
@ronncc/onetab-syncer
@ross-technologies/paradise.js
brainbox
airbitz-currency-bitcoin
@xyo-network/app-archivist-nodejs
@znetstar/etomon-location
bitcore-wallet-service-polis
bitcore-wallet-service-raiden
coin-tossing
ipsql
insight-beyondcore-api
levelgrpc
level-bson
