express
serve-static
browser-sync
restify
gulp-connect
live-server
@fastify/static
phpjs
swagger-stats
lasso
harp
connect-gzip-static
web-component-tester
polyserve
@akala/server
mini-tools
bankai
next-server
connect-static-file
gzippo
nokit
hyperswarm-web
mock-express-response
serve-file
@savaleukhin/core
remote
instant
@compodoc/live-server
serve-static-restify
@x1.co/core
@deepkit/http
@sap/approuter
@itandu/renderer
api-service-common
@sls-next/core
deployd
@architect/sandbox
deliver
@pattern-lab/live-server
socketstream
paperplane
@sailshq/express
bee-tools
apis
bifcore-js-account
test-js-account
zombiebox
midori
done-serve
prpl-server
bifcore-js-contract
test-js-contract
unblocker
@quilted/http-handlers
@polymer-tools/polyserve
creationix
closure-util
exec-to-html
@shuvi/service
monke
foxify
@astrojs/node
floof
livereloadx
moduleserve
opencomb
brackets
dssrv-srv-prerender
usey-http
@mdn/yari
@polymer-tools/web-component-tester
couer-httpserver
@pingy/instant
joyent-react-scripts
lingon
web-terminal
@getjerry/lambda-at-edge
@eliteswap/v2-core
jetpack
honkit
@steedos/meteor-bundle-dependencies
@slawekkolodziej/core
@otchy/home-tube-api
fasp-client
grandjs
midd-send-file
browserstack-runner
@expo/cli
@boundless-inc/mobiledoc-dom-renderer
ezmok
gix-pattern-lab-live-server
@materia-dex/materia-contracts-proxy
simplehttpserver
mootools-microsite
postgraphql
http2-express-bridge
apim-tools
bip-pod-syndication
@oasisdigital/live-server
markserv-contrib-mod.file
ocframework
owe-fs
@http2/server
@commonshost/server
@droppyjs/server
@leizm/web
@t2ym/web-component-tester
@akryum/mock-express-response
fasp-server
open_bilrost
profoundjs-swagger-stats
play-on-apple-tv
@enkeledi/react-native-week-month-date-picker
neuron-dev-server
positron
browserstack-runner-fix
ellipse
lt-surge
mashedjs
@cromwell/renderer
@mathu01/gdpr-consent
@mna/server
pub-server
@kodinghandle/bullswap-lib
clev-cqrs-ui
crawly-express
dswarm-web
1000-packages
@awly/lasso
@begin-functions/sandbox
@chakra-swap/core
inext-server
weld-next
ljve-ide
simple-dev-server
routerdir
stencila-node
freebox-qml-run
vane
@poty/express
larvitbase-www
@borealisswap/borealis-swap-lib
castor
codebricks
asset-smasher
@kba/vfs-server
fauxton
fw-combo
koa-pushstate-middleware
markade-server
marko-starter-generic-server
render-sender
taro
hotplate
house
view-geojson
@backbonedao/network-node
appxgen
live-dev-server
@malagu/serve-static
@small-tech/instant
@sustain/serve-static
postgresws.server
new-serve
react-misc-toolbox
@architect/workflows
@akala-modules/core
@ffwdmusic/next
@symph/joy
bone-connect
danf
extension-serve
pinf-for-nodejs
localdir
steal-ssr
upnpserver
@kaiarajs/http
@fabric/docs
@asiz33/smartblok-vendure-plugin
@devcms/core
@dalygbarron/fish-tank
@davids-devel/rocket-translator
@df315/df_tools
@explodingcamera/next
@hemith/react-native-tnk
@leizm/hhh
@maa/monkey
@liqiqiang/express
@ijjk/next
@igniswap/igni-swap-lib
@1j01/live-server
@novembrecom/zxcvbn
@morteza-jamali/silver
nove-repository
express-statics
cpm-20
cpm-7
cotrader-dex-sdk
moki-package
course-vue-tpl
cvp-server
deployd-plus
digital-keyboard-demos
ciara-how-to-publish
carosello-tribus
carosello-tribus-2
browser-stink
@zerowastemap/bankai
drift-npm
dm-server
dnachoose
express-wss
express-observer
express-tweak
express-cookie
express-zeus
excel-csv-upload-test1
fictorial-postgraphile
express-archar
gyfnode
http-simple-proxy
http-live-server
gdphptt
gblw
front-terminal
future-eng-next
hello_world_tinali3698
help-widget
hapi-swagger-stats
hexo-admin-ocean
gridfw
gitbk
instant-markdown
instant-public-file
mk66666666
mynodess
micro-static
live-webserver
lazypage-node
mapake
marko-starter-express-server
native-kakao-login
npm_one_1_2_3
node-hls-server
orion-stats
polyserve-deployable
prevjs
prasadacm
prova-cmp
react-native-biometric-authenticate
react-native-arunmeena1987
react-native-contact-list
react-native-payu-payment-testing
react-native-is7
react-native-my-first-try-arun-ramya
react-native-sample-android-toast-version10
react-native-kakao-maps
react-native-twilio-voice-sdk-upgrade
react-native-ytximkit
veloce
uispec
viber-botkit
zwyjs
server-kingtao
syte
site113
simple-book
solregex2
test-carosello-campus
rn-adyen-dropin
seerbook
send-promised
sheerun-next
tinymce-plugin-toy
test-stream-next
artefaktasreader
