43
Current yeoman-environment is not compatible with current generator, min required: 3.2.0 current version: undefined. Some features may be missing, try updating reinstalling 'yo'.
Current yeoman-environment is not compatible with current generator, min required: 3.0.1 current version: 3.0.0. Some features may be missing, try updating reinstalling 'yo'.
Current yeoman-environment is not compatible with current generator, min required: 3.0.1 current version: 3.0.0. Some features may be missing, try updating reinstalling 'yo'.
Current inquirer is not compatible with current generator, min required: 7.1.1 current version: 7.1.0. Some features may be missing, try updating reinstalling 'yo'.
Current inquirer is not compatible with current generator, min required: 7.1.1 current version: 7.1.0. Some features may be missing, try updating reinstalling 'yo'.
It's not possible to check version with running Environment less than 2.9.0
Some features may be missing
It's not possible to check version with running Environment less than 2.9.0
Some features may be missing
It's not possible to check version with running Environment less than 2.9.0
Some features may be missing

No change to package.json was detected. No package manager install will be executed.
✖ An error occured while running #throwing
Current yeoman-environment is not compatible with current generator, min required: 3.2.0 current version: undefined. Some features may be missing, try updating reinstalling 'yo'.
Current yeoman-environment is not compatible with current generator, min required: 3.0.1 current version: 3.0.0. Some features may be missing, try updating reinstalling 'yo'.
Current yeoman-environment is not compatible with current generator, min required: 3.0.1 current version: 3.0.0. Some features may be missing, try updating reinstalling 'yo'.
Current inquirer is not compatible with current generator, min required: 7.1.1 current version: 7.1.0. Some features may be missing, try updating reinstalling 'yo'.
Current inquirer is not compatible with current generator, min required: 7.1.1 current version: 7.1.0. Some features may be missing, try updating reinstalling 'yo'.
It's not possible to check version with running Environment less than 2.9.0
Some features may be missing
It's not possible to check version with running Environment less than 2.9.0
Some features may be missing
It's not possible to check version with running Environment less than 2.9.0
Some features may be missing

No change to package.json was detected. No package manager install will be executed.
✖ An error occured while running #throwing
Current yeoman-environment is not compatible with current generator, min required: 3.2.0 current version: undefined. Some features may be missing, try updating reinstalling 'yo'.
Current yeoman-environment is not compatible with current generator, min required: 3.0.1 current version: 3.0.0. Some features may be missing, try updating reinstalling 'yo'.
Current yeoman-environment is not compatible with current generator, min required: 3.0.1 current version: 3.0.0. Some features may be missing, try updating reinstalling 'yo'.
Current inquirer is not compatible with current generator, min required: 7.1.1 current version: 7.1.0. Some features may be missing, try updating reinstalling 'yo'.
Current inquirer is not compatible with current generator, min required: 7.1.1 current version: 7.1.0. Some features may be missing, try updating reinstalling 'yo'.
It's not possible to check version with running Environment less than 2.9.0
Some features may be missing
It's not possible to check version with running Environment less than 2.9.0
Some features may be missing
It's not possible to check version with running Environment less than 2.9.0
Some features may be missing

No change to package.json was detected. No package manager install will be executed.
✖ An error occured while running #throwing
Current yeoman-environment is not compatible with current generator, min required: 3.2.0 current version: undefined. Some features may be missing, try updating reinstalling 'yo'.
Current yeoman-environment is not compatible with current generator, min required: 3.0.1 current version: 3.0.0. Some features may be missing, try updating reinstalling 'yo'.
Current yeoman-environment is not compatible with current generator, min required: 3.0.1 current version: 3.0.0. Some features may be missing, try updating reinstalling 'yo'.
Current inquirer is not compatible with current generator, min required: 7.1.1 current version: 7.1.0. Some features may be missing, try updating reinstalling 'yo'.
Current inquirer is not compatible with current generator, min required: 7.1.1 current version: 7.1.0. Some features may be missing, try updating reinstalling 'yo'.
It's not possible to check version with running Environment less than 2.9.0
Some features may be missing
It's not possible to check version with running Environment less than 2.9.0
Some features may be missing
It's not possible to check version with running Environment less than 2.9.0
Some features may be missing

No change to package.json was detected. No package manager install will be executed.
✖ An error occured while running #throwing
Current yeoman-environment is not compatible with current generator, min required: 3.2.0 current version: undefined. Some features may be missing, try updating reinstalling 'yo'.
Current yeoman-environment is not compatible with current generator, min required: 3.0.1 current version: 3.0.0. Some features may be missing, try updating reinstalling 'yo'.
Current yeoman-environment is not compatible with current generator, min required: 3.0.1 current version: 3.0.0. Some features may be missing, try updating reinstalling 'yo'.
Current inquirer is not compatible with current generator, min required: 7.1.1 current version: 7.1.0. Some features may be missing, try updating reinstalling 'yo'.
Current inquirer is not compatible with current generator, min required: 7.1.1 current version: 7.1.0. Some features may be missing, try updating reinstalling 'yo'.
It's not possible to check version with running Environment less than 2.9.0
Some features may be missing
It's not possible to check version with running Environment less than 2.9.0
Some features may be missing
It's not possible to check version with running Environment less than 2.9.0
Some features may be missing

No change to package.json was detected. No package manager install will be executed.
✖ An error occured while running #throwing
Current yeoman-environment is not compatible with current generator, min required: 3.2.0 current version: undefined. Some features may be missing, try updating reinstalling 'yo'.
Current yeoman-environment is not compatible with current generator, min required: 3.0.1 current version: 3.0.0. Some features may be missing, try updating reinstalling 'yo'.
Current yeoman-environment is not compatible with current generator, min required: 3.0.1 current version: 3.0.0. Some features may be missing, try updating reinstalling 'yo'.
Current inquirer is not compatible with current generator, min required: 7.1.1 current version: 7.1.0. Some features may be missing, try updating reinstalling 'yo'.
Current inquirer is not compatible with current generator, min required: 7.1.1 current version: 7.1.0. Some features may be missing, try updating reinstalling 'yo'.
It's not possible to check version with running Environment less than 2.9.0
Some features may be missing
It's not possible to check version with running Environment less than 2.9.0
Some features may be missing
It's not possible to check version with running Environment less than 2.9.0
Some features may be missing

No change to package.json was detected. No package manager install will be executed.
✖ An error occured while running #throwing
jsxBracketSameLine is deprecated.
Current yeoman-environment is not compatible with current generator, min required: 3.2.0 current version: undefined. Some features may be missing, try updating reinstalling 'yo'.
Current yeoman-environment is not compatible with current generator, min required: 3.0.1 current version: 3.0.0. Some features may be missing, try updating reinstalling 'yo'.
Current yeoman-environment is not compatible with current generator, min required: 3.0.1 current version: 3.0.0. Some features may be missing, try updating reinstalling 'yo'.
Current inquirer is not compatible with current generator, min required: 7.1.1 current version: 7.1.0. Some features may be missing, try updating reinstalling 'yo'.
Current inquirer is not compatible with current generator, min required: 7.1.1 current version: 7.1.0. Some features may be missing, try updating reinstalling 'yo'.
It's not possible to check version with running Environment less than 2.9.0
Some features may be missing
It's not possible to check version with running Environment less than 2.9.0
Some features may be missing
It's not possible to check version with running Environment less than 2.9.0
Some features may be missing

No change to package.json was detected. No package manager install will be executed.
✖ An error occured while running #throwing
jsxBracketSameLine is deprecated.

ReferenceError: lyx is not defined
    at withDefaults (/data/js-variants/multee/VariantsDeps/yeoman-generator/variant36/yeoman-generator/node_modules/@octokit/endpoint/dist-node/index.js:110:3)
    at Object.<anonymous> (/data/js-variants/multee/VariantsDeps/yeoman-generator/variant36/yeoman-generator/node_modules/@octokit/endpoint/dist-node/index.js:131:18)
    at Module._compile (node:internal/modules/cjs/loader:1105:14)
    at Module.replacementCompile (/data/js-variants/multee/VariantsDeps/yeoman-generator/variant36/yeoman-generator/node_modules/append-transform/index.js:60:13)
    at Module._extensions..js (node:internal/modules/cjs/loader:1159:10)
    at Object.<anonymous> (/data/js-variants/multee/VariantsDeps/yeoman-generator/variant36/yeoman-generator/node_modules/append-transform/index.js:64:4)
    at Module.load (node:internal/modules/cjs/loader:981:32)
    at Module._load (node:internal/modules/cjs/loader:827:12)
    at Function.hookedLoader [as _load] (/data/js-variants/multee/VariantsDeps/yeoman-generator/variant36/yeoman-generator/node_modules/mockery/mockery.js:111:12)
    at Module.require (node:internal/modules/cjs/loader:1005:19)
    at require (node:internal/modules/cjs/helpers:102:18)
    at Object.<anonymous> (/data/js-variants/multee/VariantsDeps/yeoman-generator/variant36/yeoman-generator/node_modules/@octokit/request/dist-node/index.js:7:16)
    at Module._compile (node:internal/modules/cjs/loader:1105:14)
    at Module.replacementCompile (/data/js-variants/multee/VariantsDeps/yeoman-generator/variant36/yeoman-generator/node_modules/append-transform/index.js:60:13)
    at Module._extensions..js (node:internal/modules/cjs/loader:1159:10)
    at Object.<anonymous> (/data/js-variants/multee/VariantsDeps/yeoman-generator/variant36/yeoman-generator/node_modules/append-transform/index.js:64:4)
    at Module.load (node:internal/modules/cjs/loader:981:32)
    at Module._load (node:internal/modules/cjs/loader:827:12)
    at Function.hookedLoader [as _load] (/data/js-variants/multee/VariantsDeps/yeoman-generator/variant36/yeoman-generator/node_modules/mockery/mockery.js:111:12)
    at Module.require (node:internal/modules/cjs/loader:1005:19)
    at require (node:internal/modules/cjs/helpers:102:18)
    at Object.<anonymous> (/data/js-variants/multee/VariantsDeps/yeoman-generator/variant36/yeoman-generator/node_modules/@octokit/core/dist-node/index.js:7:15)
    at Module._compile (node:internal/modules/cjs/loader:1105:14)
    at Module.replacementCompile (/data/js-variants/multee/VariantsDeps/yeoman-generator/variant36/yeoman-generator/node_modules/append-transform/index.js:60:13)
    at Module._extensions..js (node:internal/modules/cjs/loader:1159:10)
    at Object.<anonymous> (/data/js-variants/multee/VariantsDeps/yeoman-generator/variant36/yeoman-generator/node_modules/append-transform/index.js:64:4)
    at Module.load (node:internal/modules/cjs/loader:981:32)
    at Module._load (node:internal/modules/cjs/loader:827:12)
    at Function.hookedLoader [as _load] (/data/js-variants/multee/VariantsDeps/yeoman-generator/variant36/yeoman-generator/node_modules/mockery/mockery.js:111:12)
    at Module.require (node:internal/modules/cjs/loader:1005:19)
    at require (node:internal/modules/cjs/helpers:102:18)
    at Object.<anonymous> (/data/js-variants/multee/VariantsDeps/yeoman-generator/variant36/yeoman-generator/node_modules/@octokit/rest/dist-node/index.js:5:12)
    at Module._compile (node:internal/modules/cjs/loader:1105:14)
    at Module.replacementCompile (/data/js-variants/multee/VariantsDeps/yeoman-generator/variant36/yeoman-generator/node_modules/append-transform/index.js:60:13)
    at Module._extensions..js (node:internal/modules/cjs/loader:1159:10)
    at Object.<anonymous> (/data/js-variants/multee/VariantsDeps/yeoman-generator/variant36/yeoman-generator/node_modules/append-transform/index.js:64:4)
    at Module.load (node:internal/modules/cjs/loader:981:32)
    at Module._load (node:internal/modules/cjs/loader:827:12)
    at Function.hookedLoader [as _load] (/data/js-variants/multee/VariantsDeps/yeoman-generator/variant36/yeoman-generator/node_modules/mockery/mockery.js:111:12)
    at Module.require (node:internal/modules/cjs/loader:1005:19)
    at require (node:internal/modules/cjs/helpers:102:18)
    at Object.<anonymous> (/data/js-variants/multee/VariantsDeps/yeoman-generator/variant36/yeoman-generator/node_modules/github-username/index.js:2:19)
    at Module._compile (node:internal/modules/cjs/loader:1105:14)
    at Module.replacementCompile (/data/js-variants/multee/VariantsDeps/yeoman-generator/variant36/yeoman-generator/node_modules/append-transform/index.js:60:13)
    at Module._extensions..js (node:internal/modules/cjs/loader:1159:10)
    at Object.<anonymous> (/data/js-variants/multee/VariantsDeps/yeoman-generator/variant36/yeoman-generator/node_modules/append-transform/index.js:64:4)
    at Module.load (node:internal/modules/cjs/loader:981:32)
    at Module._load (node:internal/modules/cjs/loader:827:12)
    at Function.hookedLoader [as _load] (/data/js-variants/multee/VariantsDeps/yeoman-generator/variant36/yeoman-generator/node_modules/mockery/mockery.js:111:12)
    at Module.require (node:internal/modules/cjs/loader:1005:19)
    at require (node:internal/modules/cjs/helpers:102:18)
    at Object.<anonymous> (/data/js-variants/multee/VariantsDeps/yeoman-generator/variant36/yeoman-generator/lib/actions/user.js:2:195)
    at Module._compile (node:internal/modules/cjs/loader:1105:14)
    at Module.replacementCompile (/data/js-variants/multee/VariantsDeps/yeoman-generator/variant36/yeoman-generator/node_modules/append-transform/index.js:60:13)
    at Module._extensions..js (node:internal/modules/cjs/loader:1159:10)
    at Object.<anonymous> (/data/js-variants/multee/VariantsDeps/yeoman-generator/variant36/yeoman-generator/node_modules/append-transform/index.js:64:4)
    at Module.load (node:internal/modules/cjs/loader:981:32)
    at Module._load (node:internal/modules/cjs/loader:827:12)
    at Function.hookedLoader [as _load] (/data/js-variants/multee/VariantsDeps/yeoman-generator/variant36/yeoman-generator/node_modules/mockery/mockery.js:111:12)
    at Module.require (node:internal/modules/cjs/loader:1005:19)
    at require (node:internal/modules/cjs/helpers:102:18)
    at Object.<anonymous> (/data/js-variants/multee/VariantsDeps/yeoman-generator/variant36/yeoman-generator/lib/index.js:382:395)
    at Module._compile (node:internal/modules/cjs/loader:1105:14)
    at Module.replacementCompile (/data/js-variants/multee/VariantsDeps/yeoman-generator/variant36/yeoman-generator/node_modules/append-transform/index.js:60:13)
    at Module._extensions..js (node:internal/modules/cjs/loader:1159:10)
    at Object.<anonymous> (/data/js-variants/multee/VariantsDeps/yeoman-generator/variant36/yeoman-generator/node_modules/append-transform/index.js:64:4)
    at Module.load (node:internal/modules/cjs/loader:981:32)
    at Module._load (node:internal/modules/cjs/loader:827:12)
    at Function.hookedLoader [as _load] (/data/js-variants/multee/VariantsDeps/yeoman-generator/variant36/yeoman-generator/node_modules/mockery/mockery.js:111:12)
    at Module.require (node:internal/modules/cjs/loader:1005:19)
    at require (node:internal/modules/cjs/helpers:102:18)
    at Object.<anonymous> (/data/js-variants/multee/VariantsDeps/yeoman-generator/variant36/yeoman-generator/test/base.js:21:14)
    at Module._compile (node:internal/modules/cjs/loader:1105:14)
    at Module.replacementCompile (/data/js-variants/multee/VariantsDeps/yeoman-generator/variant36/yeoman-generator/node_modules/append-transform/index.js:60:13)
    at Module._extensions..js (node:internal/modules/cjs/loader:1159:10)
    at Object.<anonymous> (/data/js-variants/multee/VariantsDeps/yeoman-generator/variant36/yeoman-generator/node_modules/append-transform/index.js:64:4)
    at Module.load (node:internal/modules/cjs/loader:981:32)
    at Module._load (node:internal/modules/cjs/loader:827:12)
    at ModuleWrap.<anonymous> (node:internal/modules/esm/translators:170:29)
    at ModuleJob.run (node:internal/modules/esm/module_job:198:25)
    at async Promise.all (index 0)
    at async ESMLoader.import (node:internal/modules/esm/loader:409:24)
    at async importModuleDynamicallyWrapper (node:internal/vm/module:435:15)
    at async formattedImport (/data/js-variants/multee/VariantsDeps/yeoman-generator/variant36/yeoman-generator/node_modules/mocha/lib/nodejs/esm-utils.js:7:14)
    at async exports.requireOrImport (/data/js-variants/multee/VariantsDeps/yeoman-generator/variant36/yeoman-generator/node_modules/mocha/lib/nodejs/esm-utils.js:48:32)
    at async exports.loadFilesAsync (/data/js-variants/multee/VariantsDeps/yeoman-generator/variant36/yeoman-generator/node_modules/mocha/lib/nodejs/esm-utils.js:103:20)
    at async singleRun (/data/js-variants/multee/VariantsDeps/yeoman-generator/variant36/yeoman-generator/node_modules/mocha/lib/cli/run-helpers.js:125:3)
    at async exports.handler (/data/js-variants/multee/VariantsDeps/yeoman-generator/variant36/yeoman-generator/node_modules/mocha/lib/cli/run.js:374:5)
jsxBracketSameLine is deprecated.
Current yeoman-environment is not compatible with current generator, min required: 3.2.0 current version: undefined. Some features may be missing, try updating reinstalling 'yo'.
Current yeoman-environment is not compatible with current generator, min required: 3.0.1 current version: 3.0.0. Some features may be missing, try updating reinstalling 'yo'.
Current yeoman-environment is not compatible with current generator, min required: 3.0.1 current version: 3.0.0. Some features may be missing, try updating reinstalling 'yo'.
Current inquirer is not compatible with current generator, min required: 7.1.1 current version: 7.1.0. Some features may be missing, try updating reinstalling 'yo'.
Current inquirer is not compatible with current generator, min required: 7.1.1 current version: 7.1.0. Some features may be missing, try updating reinstalling 'yo'.
It's not possible to check version with running Environment less than 2.9.0
Some features may be missing
It's not possible to check version with running Environment less than 2.9.0
Some features may be missing
It's not possible to check version with running Environment less than 2.9.0
Some features may be missing

No change to package.json was detected. No package manager install will be executed.
✖ An error occured while running #throwing
jsxBracketSameLine is deprecated.
Current yeoman-environment is not compatible with current generator, min required: 3.2.0 current version: undefined. Some features may be missing, try updating reinstalling 'yo'.
Current yeoman-environment is not compatible with current generator, min required: 3.0.1 current version: 3.0.0. Some features may be missing, try updating reinstalling 'yo'.
Current yeoman-environment is not compatible with current generator, min required: 3.0.1 current version: 3.0.0. Some features may be missing, try updating reinstalling 'yo'.
Current inquirer is not compatible with current generator, min required: 7.1.1 current version: 7.1.0. Some features may be missing, try updating reinstalling 'yo'.
Current inquirer is not compatible with current generator, min required: 7.1.1 current version: 7.1.0. Some features may be missing, try updating reinstalling 'yo'.
It's not possible to check version with running Environment less than 2.9.0
Some features may be missing
It's not possible to check version with running Environment less than 2.9.0
Some features may be missing
It's not possible to check version with running Environment less than 2.9.0
Some features may be missing

No change to package.json was detected. No package manager install will be executed.
✖ An error occured while running #throwing
jsxBracketSameLine is deprecated.
Current yeoman-environment is not compatible with current generator, min required: 3.2.0 current version: undefined. Some features may be missing, try updating reinstalling 'yo'.
Current yeoman-environment is not compatible with current generator, min required: 3.0.1 current version: 3.0.0. Some features may be missing, try updating reinstalling 'yo'.
Current yeoman-environment is not compatible with current generator, min required: 3.0.1 current version: 3.0.0. Some features may be missing, try updating reinstalling 'yo'.
Current inquirer is not compatible with current generator, min required: 7.1.1 current version: 7.1.0. Some features may be missing, try updating reinstalling 'yo'.
Current inquirer is not compatible with current generator, min required: 7.1.1 current version: 7.1.0. Some features may be missing, try updating reinstalling 'yo'.
It's not possible to check version with running Environment less than 2.9.0
Some features may be missing
It's not possible to check version with running Environment less than 2.9.0
Some features may be missing
It's not possible to check version with running Environment less than 2.9.0
Some features may be missing

No change to package.json was detected. No package manager install will be executed.
✖ An error occured while running #throwing
jsxBracketSameLine is deprecated.
Current yeoman-environment is not compatible with current generator, min required: 3.2.0 current version: undefined. Some features may be missing, try updating reinstalling 'yo'.
Current yeoman-environment is not compatible with current generator, min required: 3.0.1 current version: 3.0.0. Some features may be missing, try updating reinstalling 'yo'.
Current yeoman-environment is not compatible with current generator, min required: 3.0.1 current version: 3.0.0. Some features may be missing, try updating reinstalling 'yo'.
Current inquirer is not compatible with current generator, min required: 7.1.1 current version: 7.1.0. Some features may be missing, try updating reinstalling 'yo'.
Current inquirer is not compatible with current generator, min required: 7.1.1 current version: 7.1.0. Some features may be missing, try updating reinstalling 'yo'.
It's not possible to check version with running Environment less than 2.9.0
Some features may be missing
It's not possible to check version with running Environment less than 2.9.0
Some features may be missing
It's not possible to check version with running Environment less than 2.9.0
Some features may be missing

No change to package.json was detected. No package manager install will be executed.
✖ An error occured while running #throwing
jsxBracketSameLine is deprecated.
Current yeoman-environment is not compatible with current generator, min required: 3.2.0 current version: undefined. Some features may be missing, try updating reinstalling 'yo'.
Current yeoman-environment is not compatible with current generator, min required: 3.0.1 current version: 3.0.0. Some features may be missing, try updating reinstalling 'yo'.
Current yeoman-environment is not compatible with current generator, min required: 3.0.1 current version: 3.0.0. Some features may be missing, try updating reinstalling 'yo'.
Current inquirer is not compatible with current generator, min required: 7.1.1 current version: 7.1.0. Some features may be missing, try updating reinstalling 'yo'.
Current inquirer is not compatible with current generator, min required: 7.1.1 current version: 7.1.0. Some features may be missing, try updating reinstalling 'yo'.
It's not possible to check version with running Environment less than 2.9.0
Some features may be missing
It's not possible to check version with running Environment less than 2.9.0
Some features may be missing
It's not possible to check version with running Environment less than 2.9.0
Some features may be missing

No change to package.json was detected. No package manager install will be executed.
✖ An error occured while running #throwing
/data/js-variants/multee/VariantsDeps/yeoman-generator/variant30/yeoman-generator/node_modules/xo/cli.js:6
const localCLI = resolveCwd.silent('xo/cli');
                            ^

TypeError: resolveCwd.silent is not a function
    at Object.<anonymous> (/data/js-variants/multee/VariantsDeps/yeoman-generator/variant30/yeoman-generator/node_modules/xo/cli.js:6:29)
    at Module._compile (node:internal/modules/cjs/loader:1105:14)
    at Module._extensions..js (node:internal/modules/cjs/loader:1159:10)
    at Module.load (node:internal/modules/cjs/loader:981:32)
    at Module._load (node:internal/modules/cjs/loader:827:12)
    at Function.executeUserEntryPoint [as runMain] (node:internal/modules/run_main:77:12)
    at node:internal/main/run_main_module:17:47

Node.js v18.3.0
jsxBracketSameLine is deprecated.
Current yeoman-environment is not compatible with current generator, min required: 3.2.0 current version: undefined. Some features may be missing, try updating reinstalling 'yo'.
Current yeoman-environment is not compatible with current generator, min required: 3.0.1 current version: 3.0.0. Some features may be missing, try updating reinstalling 'yo'.
Current yeoman-environment is not compatible with current generator, min required: 3.0.1 current version: 3.0.0. Some features may be missing, try updating reinstalling 'yo'.
Current inquirer is not compatible with current generator, min required: 7.1.1 current version: 7.1.0. Some features may be missing, try updating reinstalling 'yo'.
Current inquirer is not compatible with current generator, min required: 7.1.1 current version: 7.1.0. Some features may be missing, try updating reinstalling 'yo'.
It's not possible to check version with running Environment less than 2.9.0
Some features may be missing
It's not possible to check version with running Environment less than 2.9.0
Some features may be missing
It's not possible to check version with running Environment less than 2.9.0
Some features may be missing

No change to package.json was detected. No package manager install will be executed.
✖ An error occured while running #throwing
jsxBracketSameLine is deprecated.
Current yeoman-environment is not compatible with current generator, min required: 3.2.0 current version: undefined. Some features may be missing, try updating reinstalling 'yo'.
Current yeoman-environment is not compatible with current generator, min required: 3.0.1 current version: 3.0.0. Some features may be missing, try updating reinstalling 'yo'.
Current yeoman-environment is not compatible with current generator, min required: 3.0.1 current version: 3.0.0. Some features may be missing, try updating reinstalling 'yo'.
Current inquirer is not compatible with current generator, min required: 7.1.1 current version: 7.1.0. Some features may be missing, try updating reinstalling 'yo'.
Current inquirer is not compatible with current generator, min required: 7.1.1 current version: 7.1.0. Some features may be missing, try updating reinstalling 'yo'.
It's not possible to check version with running Environment less than 2.9.0
Some features may be missing
It's not possible to check version with running Environment less than 2.9.0
Some features may be missing
It's not possible to check version with running Environment less than 2.9.0
Some features may be missing

No change to package.json was detected. No package manager install will be executed.
✖ An error occured while running #throwing
jsxBracketSameLine is deprecated.
Current yeoman-environment is not compatible with current generator, min required: 3.2.0 current version: undefined. Some features may be missing, try updating reinstalling 'yo'.
Current yeoman-environment is not compatible with current generator, min required: 3.0.1 current version: 3.0.0. Some features may be missing, try updating reinstalling 'yo'.
Current yeoman-environment is not compatible with current generator, min required: 3.0.1 current version: 3.0.0. Some features may be missing, try updating reinstalling 'yo'.
Current inquirer is not compatible with current generator, min required: 7.1.1 current version: 7.1.0. Some features may be missing, try updating reinstalling 'yo'.
Current inquirer is not compatible with current generator, min required: 7.1.1 current version: 7.1.0. Some features may be missing, try updating reinstalling 'yo'.
It's not possible to check version with running Environment less than 2.9.0
Some features may be missing
It's not possible to check version with running Environment less than 2.9.0
Some features may be missing
It's not possible to check version with running Environment less than 2.9.0
Some features may be missing

No change to package.json was detected. No package manager install will be executed.
✖ An error occured while running #throwing
jsxBracketSameLine is deprecated.
Current yeoman-environment is not compatible with current generator, min required: 3.2.0 current version: undefined. Some features may be missing, try updating reinstalling 'yo'.
Current yeoman-environment is not compatible with current generator, min required: 3.0.1 current version: 3.0.0. Some features may be missing, try updating reinstalling 'yo'.
Current yeoman-environment is not compatible with current generator, min required: 3.0.1 current version: 3.0.0. Some features may be missing, try updating reinstalling 'yo'.
Current inquirer is not compatible with current generator, min required: 7.1.1 current version: 7.1.0. Some features may be missing, try updating reinstalling 'yo'.
Current inquirer is not compatible with current generator, min required: 7.1.1 current version: 7.1.0. Some features may be missing, try updating reinstalling 'yo'.
It's not possible to check version with running Environment less than 2.9.0
Some features may be missing
It's not possible to check version with running Environment less than 2.9.0
Some features may be missing
It's not possible to check version with running Environment less than 2.9.0
Some features may be missing

No change to package.json was detected. No package manager install will be executed.
✖ An error occured while running #throwing
jsxBracketSameLine is deprecated.
Current yeoman-environment is not compatible with current generator, min required: 3.2.0 current version: undefined. Some features may be missing, try updating reinstalling 'yo'.
Current yeoman-environment is not compatible with current generator, min required: 3.0.1 current version: 3.0.0. Some features may be missing, try updating reinstalling 'yo'.
Current yeoman-environment is not compatible with current generator, min required: 3.0.1 current version: 3.0.0. Some features may be missing, try updating reinstalling 'yo'.
Current inquirer is not compatible with current generator, min required: 7.1.1 current version: 7.1.0. Some features may be missing, try updating reinstalling 'yo'.
Current inquirer is not compatible with current generator, min required: 7.1.1 current version: 7.1.0. Some features may be missing, try updating reinstalling 'yo'.
It's not possible to check version with running Environment less than 2.9.0
Some features may be missing
It's not possible to check version with running Environment less than 2.9.0
Some features may be missing
It's not possible to check version with running Environment less than 2.9.0
Some features may be missing

No change to package.json was detected. No package manager install will be executed.
✖ An error occured while running #throwing
jsxBracketSameLine is deprecated.
Current yeoman-environment is not compatible with current generator, min required: 3.2.0 current version: undefined. Some features may be missing, try updating reinstalling 'yo'.
Current yeoman-environment is not compatible with current generator, min required: 3.0.1 current version: 3.0.0. Some features may be missing, try updating reinstalling 'yo'.
Current yeoman-environment is not compatible with current generator, min required: 3.0.1 current version: 3.0.0. Some features may be missing, try updating reinstalling 'yo'.
Current inquirer is not compatible with current generator, min required: 7.1.1 current version: 7.1.0. Some features may be missing, try updating reinstalling 'yo'.
Current inquirer is not compatible with current generator, min required: 7.1.1 current version: 7.1.0. Some features may be missing, try updating reinstalling 'yo'.
It's not possible to check version with running Environment less than 2.9.0
Some features may be missing
It's not possible to check version with running Environment less than 2.9.0
Some features may be missing
It's not possible to check version with running Environment less than 2.9.0
Some features may be missing

No change to package.json was detected. No package manager install will be executed.
✖ An error occured while running #throwing
jsxBracketSameLine is deprecated.
Current yeoman-environment is not compatible with current generator, min required: 3.2.0 current version: undefined. Some features may be missing, try updating reinstalling 'yo'.
Current yeoman-environment is not compatible with current generator, min required: 3.0.1 current version: 3.0.0. Some features may be missing, try updating reinstalling 'yo'.
Current yeoman-environment is not compatible with current generator, min required: 3.0.1 current version: 3.0.0. Some features may be missing, try updating reinstalling 'yo'.
Current inquirer is not compatible with current generator, min required: 7.1.1 current version: 7.1.0. Some features may be missing, try updating reinstalling 'yo'.
Current inquirer is not compatible with current generator, min required: 7.1.1 current version: 7.1.0. Some features may be missing, try updating reinstalling 'yo'.
It's not possible to check version with running Environment less than 2.9.0
Some features may be missing
It's not possible to check version with running Environment less than 2.9.0
Some features may be missing
It's not possible to check version with running Environment less than 2.9.0
Some features may be missing

No change to package.json was detected. No package manager install will be executed.
✖ An error occured while running #throwing
jsxBracketSameLine is deprecated.
Current yeoman-environment is not compatible with current generator, min required: 3.2.0 current version: undefined. Some features may be missing, try updating reinstalling 'yo'.
Current yeoman-environment is not compatible with current generator, min required: 3.0.1 current version: 3.0.0. Some features may be missing, try updating reinstalling 'yo'.
Current yeoman-environment is not compatible with current generator, min required: 3.0.1 current version: 3.0.0. Some features may be missing, try updating reinstalling 'yo'.
Current inquirer is not compatible with current generator, min required: 7.1.1 current version: 7.1.0. Some features may be missing, try updating reinstalling 'yo'.
Current inquirer is not compatible with current generator, min required: 7.1.1 current version: 7.1.0. Some features may be missing, try updating reinstalling 'yo'.
It's not possible to check version with running Environment less than 2.9.0
Some features may be missing
It's not possible to check version with running Environment less than 2.9.0
Some features may be missing
It's not possible to check version with running Environment less than 2.9.0
Some features may be missing

No change to package.json was detected. No package manager install will be executed.
✖ An error occured while running #throwing
jsxBracketSameLine is deprecated.
Current yeoman-environment is not compatible with current generator, min required: 3.2.0 current version: undefined. Some features may be missing, try updating reinstalling 'yo'.
Current yeoman-environment is not compatible with current generator, min required: 3.0.1 current version: 3.0.0. Some features may be missing, try updating reinstalling 'yo'.
Current yeoman-environment is not compatible with current generator, min required: 3.0.1 current version: 3.0.0. Some features may be missing, try updating reinstalling 'yo'.
Current inquirer is not compatible with current generator, min required: 7.1.1 current version: 7.1.0. Some features may be missing, try updating reinstalling 'yo'.
Current inquirer is not compatible with current generator, min required: 7.1.1 current version: 7.1.0. Some features may be missing, try updating reinstalling 'yo'.
It's not possible to check version with running Environment less than 2.9.0
Some features may be missing
It's not possible to check version with running Environment less than 2.9.0
Some features may be missing
It's not possible to check version with running Environment less than 2.9.0
Some features may be missing

No change to package.json was detected. No package manager install will be executed.
✖ An error occured while running #throwing
jsxBracketSameLine is deprecated.
Current yeoman-environment is not compatible with current generator, min required: 3.2.0 current version: undefined. Some features may be missing, try updating reinstalling 'yo'.
Current yeoman-environment is not compatible with current generator, min required: 3.0.1 current version: 3.0.0. Some features may be missing, try updating reinstalling 'yo'.
Current yeoman-environment is not compatible with current generator, min required: 3.0.1 current version: 3.0.0. Some features may be missing, try updating reinstalling 'yo'.
Current inquirer is not compatible with current generator, min required: 7.1.1 current version: 7.1.0. Some features may be missing, try updating reinstalling 'yo'.
Current inquirer is not compatible with current generator, min required: 7.1.1 current version: 7.1.0. Some features may be missing, try updating reinstalling 'yo'.
It's not possible to check version with running Environment less than 2.9.0
Some features may be missing
It's not possible to check version with running Environment less than 2.9.0
Some features may be missing
It's not possible to check version with running Environment less than 2.9.0
Some features may be missing

No change to package.json was detected. No package manager install will be executed.
✖ An error occured while running #throwing
jsxBracketSameLine is deprecated.
Current yeoman-environment is not compatible with current generator, min required: 3.2.0 current version: undefined. Some features may be missing, try updating reinstalling 'yo'.
Current yeoman-environment is not compatible with current generator, min required: 3.0.1 current version: 3.0.0. Some features may be missing, try updating reinstalling 'yo'.
Current yeoman-environment is not compatible with current generator, min required: 3.0.1 current version: 3.0.0. Some features may be missing, try updating reinstalling 'yo'.
Current inquirer is not compatible with current generator, min required: 7.1.1 current version: 7.1.0. Some features may be missing, try updating reinstalling 'yo'.
Current inquirer is not compatible with current generator, min required: 7.1.1 current version: 7.1.0. Some features may be missing, try updating reinstalling 'yo'.
It's not possible to check version with running Environment less than 2.9.0
Some features may be missing
It's not possible to check version with running Environment less than 2.9.0
Some features may be missing
It's not possible to check version with running Environment less than 2.9.0
Some features may be missing

No change to package.json was detected. No package manager install will be executed.
✖ An error occured while running #throwing
jsxBracketSameLine is deprecated.
Current yeoman-environment is not compatible with current generator, min required: 3.2.0 current version: undefined. Some features may be missing, try updating reinstalling 'yo'.
Current yeoman-environment is not compatible with current generator, min required: 3.0.1 current version: 3.0.0. Some features may be missing, try updating reinstalling 'yo'.
Current yeoman-environment is not compatible with current generator, min required: 3.0.1 current version: 3.0.0. Some features may be missing, try updating reinstalling 'yo'.
Current inquirer is not compatible with current generator, min required: 7.1.1 current version: 7.1.0. Some features may be missing, try updating reinstalling 'yo'.
Current inquirer is not compatible with current generator, min required: 7.1.1 current version: 7.1.0. Some features may be missing, try updating reinstalling 'yo'.
It's not possible to check version with running Environment less than 2.9.0
Some features may be missing
It's not possible to check version with running Environment less than 2.9.0
Some features may be missing
It's not possible to check version with running Environment less than 2.9.0
Some features may be missing

No change to package.json was detected. No package manager install will be executed.
✖ An error occured while running #throwing
jsxBracketSameLine is deprecated.
Current yeoman-environment is not compatible with current generator, min required: 3.2.0 current version: undefined. Some features may be missing, try updating reinstalling 'yo'.
Current yeoman-environment is not compatible with current generator, min required: 3.0.1 current version: 3.0.0. Some features may be missing, try updating reinstalling 'yo'.
Current yeoman-environment is not compatible with current generator, min required: 3.0.1 current version: 3.0.0. Some features may be missing, try updating reinstalling 'yo'.
Current inquirer is not compatible with current generator, min required: 7.1.1 current version: 7.1.0. Some features may be missing, try updating reinstalling 'yo'.
Current inquirer is not compatible with current generator, min required: 7.1.1 current version: 7.1.0. Some features may be missing, try updating reinstalling 'yo'.
It's not possible to check version with running Environment less than 2.9.0
Some features may be missing
It's not possible to check version with running Environment less than 2.9.0
Some features may be missing
It's not possible to check version with running Environment less than 2.9.0
Some features may be missing

No change to package.json was detected. No package manager install will be executed.
✖ An error occured while running #throwing
jsxBracketSameLine is deprecated.
Current yeoman-environment is not compatible with current generator, min required: 3.2.0 current version: undefined. Some features may be missing, try updating reinstalling 'yo'.
Current yeoman-environment is not compatible with current generator, min required: 3.0.1 current version: 3.0.0. Some features may be missing, try updating reinstalling 'yo'.
Current yeoman-environment is not compatible with current generator, min required: 3.0.1 current version: 3.0.0. Some features may be missing, try updating reinstalling 'yo'.
Current inquirer is not compatible with current generator, min required: 7.1.1 current version: 7.1.0. Some features may be missing, try updating reinstalling 'yo'.
Current inquirer is not compatible with current generator, min required: 7.1.1 current version: 7.1.0. Some features may be missing, try updating reinstalling 'yo'.
It's not possible to check version with running Environment less than 2.9.0
Some features may be missing
It's not possible to check version with running Environment less than 2.9.0
Some features may be missing
It's not possible to check version with running Environment less than 2.9.0
Some features may be missing

No change to package.json was detected. No package manager install will be executed.
✖ An error occured while running #throwing
jsxBracketSameLine is deprecated.
Current yeoman-environment is not compatible with current generator, min required: 3.2.0 current version: undefined. Some features may be missing, try updating reinstalling 'yo'.
Current yeoman-environment is not compatible with current generator, min required: 3.0.1 current version: 3.0.0. Some features may be missing, try updating reinstalling 'yo'.
Current yeoman-environment is not compatible with current generator, min required: 3.0.1 current version: 3.0.0. Some features may be missing, try updating reinstalling 'yo'.
Current inquirer is not compatible with current generator, min required: 7.1.1 current version: 7.1.0. Some features may be missing, try updating reinstalling 'yo'.
Current inquirer is not compatible with current generator, min required: 7.1.1 current version: 7.1.0. Some features may be missing, try updating reinstalling 'yo'.
It's not possible to check version with running Environment less than 2.9.0
Some features may be missing
It's not possible to check version with running Environment less than 2.9.0
Some features may be missing
It's not possible to check version with running Environment less than 2.9.0
Some features may be missing

No change to package.json was detected. No package manager install will be executed.
✖ An error occured while running #throwing
jsxBracketSameLine is deprecated.
Current yeoman-environment is not compatible with current generator, min required: 3.2.0 current version: undefined. Some features may be missing, try updating reinstalling 'yo'.
Current yeoman-environment is not compatible with current generator, min required: 3.0.1 current version: 3.0.0. Some features may be missing, try updating reinstalling 'yo'.
Current yeoman-environment is not compatible with current generator, min required: 3.0.1 current version: 3.0.0. Some features may be missing, try updating reinstalling 'yo'.
Current inquirer is not compatible with current generator, min required: 7.1.1 current version: 7.1.0. Some features may be missing, try updating reinstalling 'yo'.
Current inquirer is not compatible with current generator, min required: 7.1.1 current version: 7.1.0. Some features may be missing, try updating reinstalling 'yo'.
It's not possible to check version with running Environment less than 2.9.0
Some features may be missing
It's not possible to check version with running Environment less than 2.9.0
Some features may be missing
It's not possible to check version with running Environment less than 2.9.0
Some features may be missing

No change to package.json was detected. No package manager install will be executed.
✖ An error occured while running #throwing
jsxBracketSameLine is deprecated.
Current yeoman-environment is not compatible with current generator, min required: 3.2.0 current version: undefined. Some features may be missing, try updating reinstalling 'yo'.
Current yeoman-environment is not compatible with current generator, min required: 3.0.1 current version: 3.0.0. Some features may be missing, try updating reinstalling 'yo'.
Current yeoman-environment is not compatible with current generator, min required: 3.0.1 current version: 3.0.0. Some features may be missing, try updating reinstalling 'yo'.
Current inquirer is not compatible with current generator, min required: 7.1.1 current version: 7.1.0. Some features may be missing, try updating reinstalling 'yo'.
Current inquirer is not compatible with current generator, min required: 7.1.1 current version: 7.1.0. Some features may be missing, try updating reinstalling 'yo'.
It's not possible to check version with running Environment less than 2.9.0
Some features may be missing
It's not possible to check version with running Environment less than 2.9.0
Some features may be missing
It's not possible to check version with running Environment less than 2.9.0
Some features may be missing

No change to package.json was detected. No package manager install will be executed.
✖ An error occured while running #throwing
jsxBracketSameLine is deprecated.
Current yeoman-environment is not compatible with current generator, min required: 3.2.0 current version: undefined. Some features may be missing, try updating reinstalling 'yo'.
Current yeoman-environment is not compatible with current generator, min required: 3.0.1 current version: 3.0.0. Some features may be missing, try updating reinstalling 'yo'.
Current yeoman-environment is not compatible with current generator, min required: 3.0.1 current version: 3.0.0. Some features may be missing, try updating reinstalling 'yo'.
Current inquirer is not compatible with current generator, min required: 7.1.1 current version: 7.1.0. Some features may be missing, try updating reinstalling 'yo'.
Current inquirer is not compatible with current generator, min required: 7.1.1 current version: 7.1.0. Some features may be missing, try updating reinstalling 'yo'.
It's not possible to check version with running Environment less than 2.9.0
Some features may be missing
It's not possible to check version with running Environment less than 2.9.0
Some features may be missing
It's not possible to check version with running Environment less than 2.9.0
Some features may be missing

No change to package.json was detected. No package manager install will be executed.
✖ An error occured while running #throwing
jsxBracketSameLine is deprecated.
Current yeoman-environment is not compatible with current generator, min required: 3.2.0 current version: undefined. Some features may be missing, try updating reinstalling 'yo'.
Current yeoman-environment is not compatible with current generator, min required: 3.0.1 current version: 3.0.0. Some features may be missing, try updating reinstalling 'yo'.
Current yeoman-environment is not compatible with current generator, min required: 3.0.1 current version: 3.0.0. Some features may be missing, try updating reinstalling 'yo'.
Current inquirer is not compatible with current generator, min required: 7.1.1 current version: 7.1.0. Some features may be missing, try updating reinstalling 'yo'.
Current inquirer is not compatible with current generator, min required: 7.1.1 current version: 7.1.0. Some features may be missing, try updating reinstalling 'yo'.
It's not possible to check version with running Environment less than 2.9.0
Some features may be missing
It's not possible to check version with running Environment less than 2.9.0
Some features may be missing
It's not possible to check version with running Environment less than 2.9.0
Some features may be missing

No change to package.json was detected. No package manager install will be executed.
✖ An error occured while running #throwing
jsxBracketSameLine is deprecated.
Current yeoman-environment is not compatible with current generator, min required: 3.2.0 current version: undefined. Some features may be missing, try updating reinstalling 'yo'.
Current yeoman-environment is not compatible with current generator, min required: 3.0.1 current version: 3.0.0. Some features may be missing, try updating reinstalling 'yo'.
Current yeoman-environment is not compatible with current generator, min required: 3.0.1 current version: 3.0.0. Some features may be missing, try updating reinstalling 'yo'.
Current inquirer is not compatible with current generator, min required: 7.1.1 current version: 7.1.0. Some features may be missing, try updating reinstalling 'yo'.
Current inquirer is not compatible with current generator, min required: 7.1.1 current version: 7.1.0. Some features may be missing, try updating reinstalling 'yo'.
It's not possible to check version with running Environment less than 2.9.0
Some features may be missing
It's not possible to check version with running Environment less than 2.9.0
Some features may be missing
It's not possible to check version with running Environment less than 2.9.0
Some features may be missing

No change to package.json was detected. No package manager install will be executed.
✖ An error occured while running #throwing
jsxBracketSameLine is deprecated.
Current yeoman-environment is not compatible with current generator, min required: 3.2.0 current version: undefined. Some features may be missing, try updating reinstalling 'yo'.
Current yeoman-environment is not compatible with current generator, min required: 3.0.1 current version: 3.0.0. Some features may be missing, try updating reinstalling 'yo'.
Current yeoman-environment is not compatible with current generator, min required: 3.0.1 current version: 3.0.0. Some features may be missing, try updating reinstalling 'yo'.
Current inquirer is not compatible with current generator, min required: 7.1.1 current version: 7.1.0. Some features may be missing, try updating reinstalling 'yo'.
Current inquirer is not compatible with current generator, min required: 7.1.1 current version: 7.1.0. Some features may be missing, try updating reinstalling 'yo'.
It's not possible to check version with running Environment less than 2.9.0
Some features may be missing
It's not possible to check version with running Environment less than 2.9.0
Some features may be missing
It's not possible to check version with running Environment less than 2.9.0
Some features may be missing

No change to package.json was detected. No package manager install will be executed.
✖ An error occured while running #throwing
jsxBracketSameLine is deprecated.
Current yeoman-environment is not compatible with current generator, min required: 3.2.0 current version: undefined. Some features may be missing, try updating reinstalling 'yo'.
Current yeoman-environment is not compatible with current generator, min required: 3.0.1 current version: 3.0.0. Some features may be missing, try updating reinstalling 'yo'.
Current yeoman-environment is not compatible with current generator, min required: 3.0.1 current version: 3.0.0. Some features may be missing, try updating reinstalling 'yo'.
Current inquirer is not compatible with current generator, min required: 7.1.1 current version: 7.1.0. Some features may be missing, try updating reinstalling 'yo'.
Current inquirer is not compatible with current generator, min required: 7.1.1 current version: 7.1.0. Some features may be missing, try updating reinstalling 'yo'.
It's not possible to check version with running Environment less than 2.9.0
Some features may be missing
It's not possible to check version with running Environment less than 2.9.0
Some features may be missing
It's not possible to check version with running Environment less than 2.9.0
Some features may be missing

No change to package.json was detected. No package manager install will be executed.
✖ An error occured while running #throwing
jsxBracketSameLine is deprecated.
Current yeoman-environment is not compatible with current generator, min required: 3.2.0 current version: undefined. Some features may be missing, try updating reinstalling 'yo'.
Current yeoman-environment is not compatible with current generator, min required: 3.0.1 current version: 3.0.0. Some features may be missing, try updating reinstalling 'yo'.
Current yeoman-environment is not compatible with current generator, min required: 3.0.1 current version: 3.0.0. Some features may be missing, try updating reinstalling 'yo'.
Current inquirer is not compatible with current generator, min required: 7.1.1 current version: 7.1.0. Some features may be missing, try updating reinstalling 'yo'.
Current inquirer is not compatible with current generator, min required: 7.1.1 current version: 7.1.0. Some features may be missing, try updating reinstalling 'yo'.
It's not possible to check version with running Environment less than 2.9.0
Some features may be missing
It's not possible to check version with running Environment less than 2.9.0
Some features may be missing
It's not possible to check version with running Environment less than 2.9.0
Some features may be missing

No change to package.json was detected. No package manager install will be executed.
✖ An error occured while running #throwing
jsxBracketSameLine is deprecated.
Current yeoman-environment is not compatible with current generator, min required: 3.2.0 current version: undefined. Some features may be missing, try updating reinstalling 'yo'.
Current yeoman-environment is not compatible with current generator, min required: 3.0.1 current version: 3.0.0. Some features may be missing, try updating reinstalling 'yo'.
Current yeoman-environment is not compatible with current generator, min required: 3.0.1 current version: 3.0.0. Some features may be missing, try updating reinstalling 'yo'.
Current inquirer is not compatible with current generator, min required: 7.1.1 current version: 7.1.0. Some features may be missing, try updating reinstalling 'yo'.
Current inquirer is not compatible with current generator, min required: 7.1.1 current version: 7.1.0. Some features may be missing, try updating reinstalling 'yo'.
It's not possible to check version with running Environment less than 2.9.0
Some features may be missing
It's not possible to check version with running Environment less than 2.9.0
Some features may be missing
It's not possible to check version with running Environment less than 2.9.0
Some features may be missing

No change to package.json was detected. No package manager install will be executed.
✖ An error occured while running #throwing
jsxBracketSameLine is deprecated.
Current yeoman-environment is not compatible with current generator, min required: 3.2.0 current version: undefined. Some features may be missing, try updating reinstalling 'yo'.
Current yeoman-environment is not compatible with current generator, min required: 3.0.1 current version: 3.0.0. Some features may be missing, try updating reinstalling 'yo'.
Current yeoman-environment is not compatible with current generator, min required: 3.0.1 current version: 3.0.0. Some features may be missing, try updating reinstalling 'yo'.
Current inquirer is not compatible with current generator, min required: 7.1.1 current version: 7.1.0. Some features may be missing, try updating reinstalling 'yo'.
Current inquirer is not compatible with current generator, min required: 7.1.1 current version: 7.1.0. Some features may be missing, try updating reinstalling 'yo'.
It's not possible to check version with running Environment less than 2.9.0
Some features may be missing
It's not possible to check version with running Environment less than 2.9.0
Some features may be missing
It's not possible to check version with running Environment less than 2.9.0
Some features may be missing

No change to package.json was detected. No package manager install will be executed.
✖ An error occured while running #throwing
jsxBracketSameLine is deprecated.
Current yeoman-environment is not compatible with current generator, min required: 3.2.0 current version: undefined. Some features may be missing, try updating reinstalling 'yo'.
Current yeoman-environment is not compatible with current generator, min required: 3.0.1 current version: 3.0.0. Some features may be missing, try updating reinstalling 'yo'.
Current yeoman-environment is not compatible with current generator, min required: 3.0.1 current version: 3.0.0. Some features may be missing, try updating reinstalling 'yo'.
Current inquirer is not compatible with current generator, min required: 7.1.1 current version: 7.1.0. Some features may be missing, try updating reinstalling 'yo'.
Current inquirer is not compatible with current generator, min required: 7.1.1 current version: 7.1.0. Some features may be missing, try updating reinstalling 'yo'.
It's not possible to check version with running Environment less than 2.9.0
Some features may be missing
It's not possible to check version with running Environment less than 2.9.0
Some features may be missing
It's not possible to check version with running Environment less than 2.9.0
Some features may be missing

No change to package.json was detected. No package manager install will be executed.
✖ An error occured while running #throwing
jsxBracketSameLine is deprecated.
Current yeoman-environment is not compatible with current generator, min required: 3.2.0 current version: undefined. Some features may be missing, try updating reinstalling 'yo'.
Current yeoman-environment is not compatible with current generator, min required: 3.0.1 current version: 3.0.0. Some features may be missing, try updating reinstalling 'yo'.
Current yeoman-environment is not compatible with current generator, min required: 3.0.1 current version: 3.0.0. Some features may be missing, try updating reinstalling 'yo'.
Current inquirer is not compatible with current generator, min required: 7.1.1 current version: 7.1.0. Some features may be missing, try updating reinstalling 'yo'.
Current inquirer is not compatible with current generator, min required: 7.1.1 current version: 7.1.0. Some features may be missing, try updating reinstalling 'yo'.
It's not possible to check version with running Environment less than 2.9.0
Some features may be missing
It's not possible to check version with running Environment less than 2.9.0
Some features may be missing
It's not possible to check version with running Environment less than 2.9.0
Some features may be missing

No change to package.json was detected. No package manager install will be executed.
✖ An error occured while running #throwing
jsxBracketSameLine is deprecated.
Current yeoman-environment is not compatible with current generator, min required: 3.2.0 current version: undefined. Some features may be missing, try updating reinstalling 'yo'.
Current yeoman-environment is not compatible with current generator, min required: 3.0.1 current version: 3.0.0. Some features may be missing, try updating reinstalling 'yo'.
Current yeoman-environment is not compatible with current generator, min required: 3.0.1 current version: 3.0.0. Some features may be missing, try updating reinstalling 'yo'.
Current inquirer is not compatible with current generator, min required: 7.1.1 current version: 7.1.0. Some features may be missing, try updating reinstalling 'yo'.
Current inquirer is not compatible with current generator, min required: 7.1.1 current version: 7.1.0. Some features may be missing, try updating reinstalling 'yo'.
It's not possible to check version with running Environment less than 2.9.0
Some features may be missing
It's not possible to check version with running Environment less than 2.9.0
Some features may be missing
It's not possible to check version with running Environment less than 2.9.0
Some features may be missing

No change to package.json was detected. No package manager install will be executed.
✖ An error occured while running #throwing
jsxBracketSameLine is deprecated.
Current yeoman-environment is not compatible with current generator, min required: 3.2.0 current version: undefined. Some features may be missing, try updating reinstalling 'yo'.
Current yeoman-environment is not compatible with current generator, min required: 3.0.1 current version: 3.0.0. Some features may be missing, try updating reinstalling 'yo'.
Current yeoman-environment is not compatible with current generator, min required: 3.0.1 current version: 3.0.0. Some features may be missing, try updating reinstalling 'yo'.
Current inquirer is not compatible with current generator, min required: 7.1.1 current version: 7.1.0. Some features may be missing, try updating reinstalling 'yo'.
Current inquirer is not compatible with current generator, min required: 7.1.1 current version: 7.1.0. Some features may be missing, try updating reinstalling 'yo'.
It's not possible to check version with running Environment less than 2.9.0
Some features may be missing
It's not possible to check version with running Environment less than 2.9.0
Some features may be missing
It's not possible to check version with running Environment less than 2.9.0
Some features may be missing

No change to package.json was detected. No package manager install will be executed.
✖ An error occured while running #throwing
