10
(node:368081) [DEP0005] DeprecationWarning: Buffer() is deprecated due to security and usability issues. Please use the Buffer.alloc(), Buffer.allocUnsafe(), or Buffer.from() methods instead.
(Use `node --trace-deprecation ...` to show where the warning was created)
npm WARN config production Use `--omit=dev` instead.
/data/js-variants/multee/VariantsDeps/deep-equal/variant9/deep-equal/node_modules/which-typed-array/index.js:23
				var descriptor = gOPD(proto, Symbol.toStringTag);
				                 ^

TypeError: gOPD is not a function
    at /data/js-variants/multee/VariantsDeps/deep-equal/variant9/deep-equal/node_modules/which-typed-array/index.js:23:22
    at forEachArray (/data/js-variants/multee/VariantsDeps/deep-equal/variant9/deep-equal/node_modules/for-each/index.js:12:17)
    at forEach (/data/js-variants/multee/VariantsDeps/deep-equal/variant9/deep-equal/node_modules/for-each/index.js:54:9)
    at Object.<anonymous> (/data/js-variants/multee/VariantsDeps/deep-equal/variant9/deep-equal/node_modules/which-typed-array/index.js:18:2)
    at Module._compile (node:internal/modules/cjs/loader:1105:14)
    at Module.replacementCompile (/data/js-variants/multee/VariantsDeps/deep-equal/variant9/deep-equal/node_modules/nyc/node_modules/append-transform/index.js:58:13)
    at module.exports (/data/js-variants/multee/VariantsDeps/deep-equal/variant9/deep-equal/node_modules/nyc/node_modules/default-require-extensions/js.js:8:9)
    at Object.<anonymous> (/data/js-variants/multee/VariantsDeps/deep-equal/variant9/deep-equal/node_modules/nyc/node_modules/append-transform/index.js:62:4)
    at Module.load (node:internal/modules/cjs/loader:981:32)
    at Module._load (node:internal/modules/cjs/loader:827:12)

Node.js v18.3.0
(node:368297) [DEP0005] DeprecationWarning: Buffer() is deprecated due to security and usability issues. Please use the Buffer.alloc(), Buffer.allocUnsafe(), or Buffer.from() methods instead.
(Use `node --trace-deprecation ...` to show where the warning was created)
npm WARN config production Use `--omit=dev` instead.
(node:368424) [DEP0005] DeprecationWarning: Buffer() is deprecated due to security and usability issues. Please use the Buffer.alloc(), Buffer.allocUnsafe(), or Buffer.from() methods instead.
(Use `node --trace-deprecation ...` to show where the warning was created)
npm WARN config production Use `--omit=dev` instead.
(node:368550) [DEP0005] DeprecationWarning: Buffer() is deprecated due to security and usability issues. Please use the Buffer.alloc(), Buffer.allocUnsafe(), or Buffer.from() methods instead.
(Use `node --trace-deprecation ...` to show where the warning was created)
/data/js-variants/multee/VariantsDeps/deep-equal/variant6/deep-equal/index.js:29
if((++cov_7wum9zv05.b[49][0],resultB.value)&&(++cov_7wum9zv05.b[49][1],typeof resultB.value==='object')){++cov_7wum9zv05.b[48][0];++cov_7wum9zv05.s[114];if(!setHasEqualElement(set,resultB.value,opts.strict,channel)){++cov_7wum9zv05.b[50][0];++cov_7wum9zv05.s[115];return false;}else{++cov_7wum9zv05.b[50][1];}}else{++cov_7wum9zv05.b[48][1];++cov_7wum9zv05.s[116];if((++cov_7wum9zv05.b[52][0],!opts.strict)&&(++cov_7wum9zv05.b[52][1],!$setHas(a,resultB.value))&&(++cov_7wum9zv05.b[52][2],!setHasEqualElement(set,resultB.value,opts.strict,channel))){++cov_7wum9zv05.b[51][0];++cov_7wum9zv05.s[117];return false;}else{++cov_7wum9zv05.b[51][1];}}}++cov_7wum9zv05.s[118];return $setSize(set)===0;}else{++cov_7wum9zv05.b[46][1];}++cov_7wum9zv05.s[119];return true;}function mapEquiv(a,b,opts,channel){++cov_7wum9zv05.f[9];++cov_7wum9zv05.s[120];if($mapSize(a)!==$mapSize(b)){++cov_7wum9zv05.b[53][0];++cov_7wum9zv05.s[121];return false;}else{++cov_7wum9zv05.b[53][1];}var iA=(++cov_7wum9zv05.s[122],getIterator(a));var iB=(++cov_7wum9zv05.s[123],getIterator(b));var resultA;var resultB;var set;var key;var item1;var item2;++cov_7wum9zv05.s[124];while((++cov_7wum9zv05.b[54][0],resultA=iA.next())&&(++cov_7wum9zv05.b[54][1],!resultA.done)){++cov_7wum9zv05.s[125];key=resultA.value[0];++cov_7wum9zv05.s[126];item1=resultA.value[1];++cov_7wum9zv05.s[127];if((++cov_7wum9zv05.b[56][0],key)&&(++cov_7wum9zv05.b[56][1],typeof key==='object')){++cov_7wum9zv05.b[55][0];++cov_7wum9zv05.s[128];if(!set){++cov_7wum9zv05.b[57][0];++cov_7wum9zv05.s[129];set=new $Set();}else{++cov_7wum9zv05.b[57][1];}++cov_7wum9zv05.s[130];$setAdd(set,key);}else{++cov_7wum9zv05.b[55][1];++cov_7wum9zv05.s[131];item2=$mapGet(b,key);++cov_7wum9zv05.s[132];if((++cov_7wum9zv05.b[59][0],typeof item2==='undefined')&&(++cov_7wum9zv05.b[59][1],!$mapHas(b,key))||(++cov_7wum9zv05.b[59][2],!internalDeepEqual(item1,item2,opts,channel))){++cov_7wum9zv05.b[58][0];++cov_7wum9zv05.s[133];if(opts.strict){++cov_7wum9zv05.b[60][0];++cov_7wum9zv05.s[134];return false;}else{++cov_7wum9zv05.b[60][1];}++cov_7wum9zv05.s[135];if(!mapMightHaveLoosePrim(a,b,key,item1,opts,channel)){++cov_7wum9zv05.b[61][0];++cov_7wum9zv05.s[136];return false;}else{++cov_7wum9zv05.b[61][1];}++cov_7wum9zv05.s[137];if(!set){++cov_7wum9zv05.b[62][0];++cov_7wum9zv05.s[138];set=new $Set();}else{++cov_7wum9zv05.b[62][1];}++cov_7wum9zv05.s[139];$setAdd(set,key);}else{++cov_7wum9zv05.b[58][1];}}}++cov_7wum9zv05.s[140];if(set){++cov_7wum9zv05.b[63][0];++cov_7wum9zv05.s[141];while((++cov_7wum9zv05.b[64][0],resultB=iB.next())&&(++cov_7wum9zv05.b[64][1],!resultB.done)){++cov_7wum9zv05.s[142];key=resultB.value[0];++cov_7wum9zv05.s[143];item2=resultB.value[1];++cov_7wum9zv05.s[144];if((++cov_7wum9zv05.b[66][0],key)&&(++cov_7wum9zv05.b[66][1],typeof key==='object')){++cov_7wum9zv05.b[65][0];++cov_7wum9zv05.s[145];if(!mapHasEqualEntry(set,a,key,item2,opts,channel)){++cov_7wum9zv05.b[67][0];++cov_7wum9zv05.s[146];return false;}else{++cov_7wum9zv05.b[67][1];}}else{++cov_7wum9zv05.b[65][1];++cov_7wum9zv05.s[147];if((++cov_7wum9zv05.b[69][0],!opts.strict)&&((++cov_7wum9zv05.b[69][1],!a.has(key))||(++cov_7wum9zv05.b[69][2],!internalDeepEqual($mapGet(a,key),item2,opts,channel)))&&(++cov_7wum9zv05.b[69][3],!mapHasEqualEntry(set,a,key,item2,assign({},opts,{strict:false}),channel))){++cov_7wum9zv05.b[68][0];++cov_7wum9zv05.s[148];return false;}else{++cov_7wum9zv05.b[68][1];}}}++cov_7wum9zv05.s[149];return $setSize(set)===0;}else{++cov_7wum9zv05.b[63][1];}++cov_7wum9zv05.s[150];return true;}function objEquiv(a,b,opts,channel){++cov_7wum9zv05.f[10];/* eslint max-statements: [2, 100], max-lines-per-function: [2, 120], max-depth: [2, 5], max-lines: [2, 400] */var i,key;++cov_7wum9zv05.s[151];if(typeof a!==typeof b){++cov_7wum9zv05.b[70][0];++cov_7wum9zv05.s[152];return false;}else{++cov_7wum9zv05.b[70][1];}++cov_7wum9zv05.s[153];if((++cov_7wum9zv05.b[72][0],a==null)||(++cov_7wum9zv05.b[72][1],b==null)){++cov_7wum9zv05.b[71][0];++cov_7wum9zv05.s[154];return false;}else{++cov_7wum9zv05.b[71][1];}++cov_7wum9zv05.s[155];if($objToString(a)!==$objToString(b)){++cov_7wum9zv05.b[73][0];++cov_7wum9zv05.s[156];return false;}else{++cov_7wum9zv05.b[73][1];}++cov_7wum9zv05.s[157];if(isArguments(a)!==isArguments(b)){++cov_7wum9zv05.b[74][0];++cov_7wum9zv05.s[158];return false;}else{++cov_7wum9zv05.b[74][1];}var aIsArray=(++cov_7wum9zv05.s[159],isArray(a));var bIsArray=(++cov_7wum9zv05.s[160],isArray(b));++cov_7wum9zv05.s[161];if(aIsArray!==bIsArray){++cov_7wum9zv05.b[75][0];++cov_7wum9zv05.s[162];return false;}else{++cov_7wum9zv05.b[75][1];}// TODO: replace when a cross-realm brand check is available
                                                                                                                                                                                                                                                                                                                                                                                                                                                                                                                                                                                                                                                                                                                                                                                                                                                                                                                                                                                                                                                            

TypeError: isArray is not a function
    at objEquiv (/data/js-variants/multee/VariantsDeps/deep-equal/variant6/deep-equal/index.js:29:4378)
    at internalDeepEqual (/data/js-variants/multee/VariantsDeps/deep-equal/variant6/deep-equal/index.js:28:30)
    at deepEqual (/data/js-variants/multee/VariantsDeps/deep-equal/variant6/deep-equal/index.js:40:223)
    at equalReversed (/data/js-variants/multee/VariantsDeps/deep-equal/variant6/deep-equal/test/_tape.js:25:7)
    at deepEqualTest (/data/js-variants/multee/VariantsDeps/deep-equal/variant6/deep-equal/test/_tape.js:36:3)
    at Test.deepEqualTest (/data/js-variants/multee/VariantsDeps/deep-equal/variant6/deep-equal/test/_tape.js:41:10)
    at Test.bound [as deepEqualTest] (/data/js-variants/multee/VariantsDeps/deep-equal/variant6/deep-equal/node_modules/tape/lib/test.js:99:32)
    at Test.<anonymous> (/data/js-variants/multee/VariantsDeps/deep-equal/variant6/deep-equal/test/cmp.js:29:5)
    at Test.bound [as _cb] (/data/js-variants/multee/VariantsDeps/deep-equal/variant6/deep-equal/node_modules/tape/lib/test.js:99:32)
    at Test.run (/data/js-variants/multee/VariantsDeps/deep-equal/variant6/deep-equal/node_modules/tape/lib/test.js:117:31)

Node.js v18.3.0
(node:368611) [DEP0005] DeprecationWarning: Buffer() is deprecated due to security and usability issues. Please use the Buffer.alloc(), Buffer.allocUnsafe(), or Buffer.from() methods instead.
(Use `node --trace-deprecation ...` to show where the warning was created)
/data/js-variants/multee/VariantsDeps/deep-equal/variant5/deep-equal/index.js:30
var aIsError=(++cov_27jxhmeoes.s[163],a instanceof Error);var bIsError=(++cov_27jxhmeoes.s[164],b instanceof Error);++cov_27jxhmeoes.s[165];if(aIsError!==bIsError){++cov_27jxhmeoes.b[76][0];++cov_27jxhmeoes.s[166];return false;}else{++cov_27jxhmeoes.b[76][1];}++cov_27jxhmeoes.s[167];if((++cov_27jxhmeoes.b[78][0],aIsError)||(++cov_27jxhmeoes.b[78][1],bIsError)){++cov_27jxhmeoes.b[77][0];++cov_27jxhmeoes.s[168];if((++cov_27jxhmeoes.b[80][0],a.name!==b.name)||(++cov_27jxhmeoes.b[80][1],a.message!==b.message)){++cov_27jxhmeoes.b[79][0];++cov_27jxhmeoes.s[169];return false;}else{++cov_27jxhmeoes.b[79][1];}}else{++cov_27jxhmeoes.b[77][1];}var aIsRegex=(++cov_27jxhmeoes.s[170],isRegex(a));var bIsRegex=(++cov_27jxhmeoes.s[171],isRegex(b));++cov_27jxhmeoes.s[172];if(aIsRegex!==bIsRegex){++cov_27jxhmeoes.b[81][0];++cov_27jxhmeoes.s[173];return false;}else{++cov_27jxhmeoes.b[81][1];}++cov_27jxhmeoes.s[174];if(((++cov_27jxhmeoes.b[83][0],aIsRegex)||(++cov_27jxhmeoes.b[83][1],bIsRegex))&&((++cov_27jxhmeoes.b[83][2],a.source!==b.source)||(++cov_27jxhmeoes.b[83][3],flags(a)!==flags(b)))){++cov_27jxhmeoes.b[82][0];++cov_27jxhmeoes.s[175];return false;}else{++cov_27jxhmeoes.b[82][1];}var aIsDate=(++cov_27jxhmeoes.s[176],isDate(a));var bIsDate=(++cov_27jxhmeoes.s[177],isDate(b));++cov_27jxhmeoes.s[178];if(aIsDate!==bIsDate){++cov_27jxhmeoes.b[84][0];++cov_27jxhmeoes.s[179];return false;}else{++cov_27jxhmeoes.b[84][1];}++cov_27jxhmeoes.s[180];if((++cov_27jxhmeoes.b[86][0],aIsDate)||(++cov_27jxhmeoes.b[86][1],bIsDate)){++cov_27jxhmeoes.b[85][0];++cov_27jxhmeoes.s[181];// && would work too, because both are true or both false here
                                                                                                                                                                                                                                                                                                                                                                                                                                                                                                                                                                                                                                                                                                                                                                                                                                                                                                                                                                                                                                                            

TypeError: flags is not a function
    at objEquiv (/data/js-variants/multee/VariantsDeps/deep-equal/variant5/deep-equal/index.js:30:1068)
    at internalDeepEqual (/data/js-variants/multee/VariantsDeps/deep-equal/variant5/deep-equal/index.js:28:31)
    at deepEqual (/data/js-variants/multee/VariantsDeps/deep-equal/variant5/deep-equal/index.js:40:228)
    at equalReversed (/data/js-variants/multee/VariantsDeps/deep-equal/variant5/deep-equal/test/_tape.js:25:7)
    at deepEqualTest (/data/js-variants/multee/VariantsDeps/deep-equal/variant5/deep-equal/test/_tape.js:36:3)
    at Test.deepEqualTest (/data/js-variants/multee/VariantsDeps/deep-equal/variant5/deep-equal/test/_tape.js:41:10)
    at Test.bound [as deepEqualTest] (/data/js-variants/multee/VariantsDeps/deep-equal/variant5/deep-equal/node_modules/tape/lib/test.js:99:32)
    at Test.<anonymous> (/data/js-variants/multee/VariantsDeps/deep-equal/variant5/deep-equal/test/cmp.js:824:5)
    at Test.bound [as _cb] (/data/js-variants/multee/VariantsDeps/deep-equal/variant5/deep-equal/node_modules/tape/lib/test.js:99:32)
    at Test.run (/data/js-variants/multee/VariantsDeps/deep-equal/variant5/deep-equal/node_modules/tape/lib/test.js:117:31)

Node.js v18.3.0
(node:368670) [DEP0005] DeprecationWarning: Buffer() is deprecated due to security and usability issues. Please use the Buffer.alloc(), Buffer.allocUnsafe(), or Buffer.from() methods instead.
(Use `node --trace-deprecation ...` to show where the warning was created)
/data/js-variants/multee/VariantsDeps/deep-equal/variant4/deep-equal/node_modules/tape/lib/test.js:478
    this._assert(is(a, b), {
                 ^

TypeError: is is not a function
    at Test.strictEqual (/data/js-variants/multee/VariantsDeps/deep-equal/variant4/deep-equal/node_modules/tape/lib/test.js:478:18)
    at Test.bound [as equal] (/data/js-variants/multee/VariantsDeps/deep-equal/variant4/deep-equal/node_modules/tape/lib/test.js:99:32)
    at equalReversed (/data/js-variants/multee/VariantsDeps/deep-equal/variant4/deep-equal/test/_tape.js:27:5)
    at deepEqualTest (/data/js-variants/multee/VariantsDeps/deep-equal/variant4/deep-equal/test/_tape.js:36:3)
    at Test.deepEqualTest (/data/js-variants/multee/VariantsDeps/deep-equal/variant4/deep-equal/test/_tape.js:41:10)
    at Test.bound [as deepEqualTest] (/data/js-variants/multee/VariantsDeps/deep-equal/variant4/deep-equal/node_modules/tape/lib/test.js:99:32)
    at Test.<anonymous> (/data/js-variants/multee/VariantsDeps/deep-equal/variant4/deep-equal/test/cmp.js:29:5)
    at Test.bound [as _cb] (/data/js-variants/multee/VariantsDeps/deep-equal/variant4/deep-equal/node_modules/tape/lib/test.js:99:32)
    at Test.run (/data/js-variants/multee/VariantsDeps/deep-equal/variant4/deep-equal/node_modules/tape/lib/test.js:117:31)
    at Test.bound [as run] (/data/js-variants/multee/VariantsDeps/deep-equal/variant4/deep-equal/node_modules/tape/lib/test.js:99:32)

Node.js v18.3.0
/data/js-variants/multee/VariantsDeps/deep-equal/variant3/deep-equal/node_modules/get-intrinsic/index.js:229
	if (hasOwn(LEGACY_ALIASES, intrinsicName)) {
	    ^

TypeError: hasOwn is not a function
    at getBaseIntrinsic (/data/js-variants/multee/VariantsDeps/deep-equal/variant3/deep-equal/node_modules/get-intrinsic/index.js:229:6)
    at GetIntrinsic (/data/js-variants/multee/VariantsDeps/deep-equal/variant3/deep-equal/node_modules/get-intrinsic/index.js:267:18)
    at Object.<anonymous> (/data/js-variants/multee/VariantsDeps/deep-equal/variant3/deep-equal/node_modules/call-bind/index.js:6:14)
    at Module._compile (node:internal/modules/cjs/loader:1105:14)
    at Module.replacementCompile (/data/js-variants/multee/VariantsDeps/deep-equal/variant3/deep-equal/node_modules/nyc/node_modules/append-transform/index.js:58:13)
    at module.exports (/data/js-variants/multee/VariantsDeps/deep-equal/variant3/deep-equal/node_modules/nyc/node_modules/default-require-extensions/js.js:8:9)
    at Object.<anonymous> (/data/js-variants/multee/VariantsDeps/deep-equal/variant3/deep-equal/node_modules/nyc/node_modules/append-transform/index.js:62:4)
    at Module.load (node:internal/modules/cjs/loader:981:32)
    at Module._load (node:internal/modules/cjs/loader:827:12)
    at Module.require (node:internal/modules/cjs/loader:1005:19)

Node.js v18.3.0
/data/js-variants/multee/VariantsDeps/deep-equal/variant2/deep-equal/node_modules/has/src/index.js:5
module.exports = bind.call(Function.call, Object.prototype.hasOwnProperty);
                      ^

TypeError: bind.call is not a function
    at Object.<anonymous> (/data/js-variants/multee/VariantsDeps/deep-equal/variant2/deep-equal/node_modules/has/src/index.js:5:23)
    at Module._compile (node:internal/modules/cjs/loader:1105:14)
    at Module.replacementCompile (/data/js-variants/multee/VariantsDeps/deep-equal/variant2/deep-equal/node_modules/nyc/node_modules/append-transform/index.js:58:13)
    at module.exports (/data/js-variants/multee/VariantsDeps/deep-equal/variant2/deep-equal/node_modules/nyc/node_modules/default-require-extensions/js.js:8:9)
    at Object.<anonymous> (/data/js-variants/multee/VariantsDeps/deep-equal/variant2/deep-equal/node_modules/nyc/node_modules/append-transform/index.js:62:4)
    at Module.load (node:internal/modules/cjs/loader:981:32)
    at Module._load (node:internal/modules/cjs/loader:827:12)
    at Module.require (node:internal/modules/cjs/loader:1005:19)
    at require (node:internal/modules/cjs/helpers:102:18)
    at Object.<anonymous> (/data/js-variants/multee/VariantsDeps/deep-equal/variant2/deep-equal/node_modules/get-intrinsic/index.js:200:14)

Node.js v18.3.0
(node:368847) [DEP0005] DeprecationWarning: Buffer() is deprecated due to security and usability issues. Please use the Buffer.alloc(), Buffer.allocUnsafe(), or Buffer.from() methods instead.
(Use `node --trace-deprecation ...` to show where the warning was created)
npm WARN config production Use `--omit=dev` instead.
