quill
tape
bonjour
react-vis
aria-query
polling-to-event
miio
axobject-query
asobj
utile
react-mapbox-gl
http-assert
@dogmalang/core
embark-core
redux-router
musicmetadata
@webiny/api-security
phpjs
kbpgp
ethpm
react-treebeard
textlint
flumeview-reduce
@atlaskit/media-client
gatsby-plugin-algolia
@glossa-glo/error
@react-pdf/fontkit
abstract-things
steam-tradeoffer-manager
scuttlebot
graphql-resolvers
baobab-react
@knapsack/app
ssb-replicate
@cloudize/json
ory-editor-core
@kadira/storybook-addon-knobs
@beisen-phoenix/form
@textlint/kernel
itempile
@essential-projects/data_model_contracts
@kalamazoo/media-client
react-gpt
vite-plugin-pages
apeman-react-mixin-pure
bonjour-hap
@apigames/json
openapi-schema-to-json-schema
pouchdb-seed-design
@neq1/core
redux-react-router
@elastic/search-ui
react-iscroll
modifyjs
@presenti/utils
gavel
decentraland-ui
react-page-nm-core
@kadira/storybook-ui
@storybook/addon-ondevice-knobs
@pascal-psi/error
osmium-tools
openapi-to-graphql
sgsg
is-match
@sitecore-jss/sitecore-jss-react
inventory
@teamshirts/core
@sandboxerdna/react-page-core
@fernandobandeira/ory-editor-core
apeman-react-mixin-layout
@kadira/storybook-addon-actions
ssb-server
jwks-utils
@favish/ory-editor-core
jinqu
react-lazy-cache
mpvue-loader
ms-jobmanager
@cd2/error-box
@chip-in/dadget
vue-ba
xcraft-core-shredder
geojson-equality
@webuildbots/webuildbots-sdk
fun-predicate
@horizon/client
artillery-core
@sprucelabs/test-utils
@universal-login/commons
@instructure/ui-forms
frontful-dao
octopus-start-modules-tasks
@neo4j/graphql
rainbow-node-sdk
react-dynamic-swiper
@deephaven/redux
@microsoft/bf-lu
tinkerhub
@atlaskit/media-viewer
arena-config
io-ts-promise
bitsharesjs
react-cosmos-loader
@fullstack-one/schema-builder
@turf/line-overlap
ssb-gossip
bf-lib
domapic-service
@cehappdev/ceh-view-core
flumeview-query
gxbjs
mindless-route53
rn-nodeify
@metamask/eth-token-tracker
react-metrics
redux-json-api
gzipper
observ-node-array
async-test-util
payload
kappa-view-query
hock
json0-ot-diff
inquirer-press-to-continue
@wearableintelligence/parsable-cli-common
@unilogin/commons
json-rules-engine-simplified
simple-vue-validator
hackedvoxels-inventory
grape
groupby-api
richdoc
@cloudize/json-schema
@universal-login/sdk
jsgui2-essentials
canvas-sketch
mendixmodelsdk
nextleveldb-model
ludown
@typewriter/editor
redisgraph.js
cortex-profile
aws-core-utils
hydra-plugin
@digifi-los/comparison
@signatu/trackerdetect-lib
echojs-lib
nbonjour
hackedvoxels-itempile
versus
gitea-react-toolkit
typeorm-loader
@tradle/merge-models
fiddle
local-crontab
z
@connectedcars/test
leoric
proskomma-json-tools
call-matcher
@sillabe/core
cq-websocket
@progress/kendo-treeview-react-wrapper
@orioro/typing
proskomma
lands103-ui
@storybook/addon-devkit
arr-kv-table
array-reduce-prototypejs-fix
@linen/hooks
tim
@beisen/storybook-addon-knobs
@wistoft/jatec
apeman-react-mixins
iced-test
labrador
@beecode/msh-test-contractor
mendixplatformsdk
@apigames/json-schema
@contentful/field-editor-reference
@ctx-core/auth0
@crystaldesign/grid
@deephaven/chart
truefit-react-utils
@ampatspell/sofa
react-nexus
noform
@sigfox/redux-router
@uci/utils
@webiny/api-security-admin-users
@seafile/seafile-editor
brittle
@foliojs-fork/fontkit
aws-stream-consumer-core
audio-slot-param
wxeact
zliq
thalassa
simple-fake-server
@sprucelabs/test
flumeview-links
core.check
preact-helmet
pouch-redux-middleware
polygamous
gaffa
ligle-util
midi-port-holder
react-flot
formatic
arr-unique
@salesforce/lightning-lsp-common
axway-flow
@axway/flow
@deephaven/dashboard
aima
bcxjs-cores
brei-util
orb-firebase
deep-equal-resolver
@lotusengine/core
@eluvio/elv-client-js
observ-fs
daspec-core
@tradle/engine
property-manager
supertape
@subsquid/openreader
@glue42/web-platform
@deephaven/iris-grid
@kalamazoo/media-viewer
@oada/oada-certs
@quenk/test
@wistoft/jatev
quill-jie
ssb-review-level
@slicknode/core
tre-property-sheet
ilp-plugin-payment-channel-framework
nslurm
observify
objectstate
postcss-deduplicate
react-addons-deep-compare
stubcell
store.pouchdb
pivotal-ui
@fauna-labs/fauna-schema-migrate
ec.sdk
@risecorejs/validator
instructure-ui
serverless-azure-functions
wappsto-redux
@membrane/util
griffin-core
imes
btsdex-ecc
@oada/certs
@xswap/v2-core
@xenit/finder-utils
json-aggregate
postinstaller
u3-utils
parcss
commonform-resolve
diff-list
@newsteam/cli-utils
@react-18-pdf/fontkit
@kaiju.ui/forms
openapi-graphql
ecce
entodicton
@fluido/react-effects
@fluido/react-utils
@finnair/v-validation
@jetbrains/ring-ui
@eliteswap/v2-core
@gmod/jbrowse-core
neural-sentence-search
oasgraph
ssb-sandboxed-views
underscore-mixin
openapi-to-graphql-lxwang2
@novalabs/pdf-fontkit
markserv-cli
merkle-tree
patch-settings
cloudboost
redux-smart-action
sagui
uxcore-tinymce
@r-pdf-rtl/fontkit
@tricoteuses/assemblee
@azure-tools/cadl-ranch-api
@deephaven/dashboard-core-plugins
@manuscripts/requirements
dcorejs-lib
openapi2graph
@automatons/typescript-parser
@kmu/kcore
@jawis/jatec
@nlabs/storybook-addon-actions
@tmind/utils
@elliemae/react-popper
fortune-json-api
react-isomorphic-render
verity
what-changed
timequerylog
vue2-selectize
@canner/rc-collapse
rumours
@beecode/msh-node-env
@eeacms/volto-searchlib
@unilogin/sdk
@nlabs/storybook-ui
@jaksmok-react-pdf/fontkit
@wistoft/jarun
@manuscripts/rxdb
nongo-driver
@materia-dex/materia-contracts-proxy
how-to-markdown
@nio/zenith-client
audio-slot
argosy-pattern
build-tracker-app
system.json
level-places
validate-reql
proskomma-utils
@apollo/query-graphs
chai-nock
testesterone
vatrix
weddell
algebra.structures.identity
algebra.structures.sum
@widget-dev/ui
apeman-react-sign
contained
calling-signaling
checkv
dedupe-stream
diff-stream
fresh-tape
@deli/redux-form
@touched/gba-serialize
@rebuild/iso
@kadira/storybook-core
react-redux-grid
schemagic
search-modules
sententiaregum-flux-container
sloppydiff
simulado
@risecorejs/make-migrations
modul8
node-bonjour
@mathix420/graphql
@mihanizm56/react-final-form-utils
@islands/pages
@react-navigation/devtools
@nuxeo/quill
ptc-flow-test-helper
@webitel/ui-sdk
st-ethernet-ip
@algo-builder/algob
tc-ui-toolkit
