15
/data/js-variants/multee/Variants/deep-equal/variant15/deep-equal/node_modules/get-intrinsic/index.js:201
var $concat = bind.call(Function.call, Array.prototype.concat);
                   ^

TypeError: bind.call is not a function
    at Object.<anonymous> (/data/js-variants/multee/Variants/deep-equal/variant15/deep-equal/node_modules/get-intrinsic/index.js:201:20)
    at Module._compile (node:internal/modules/cjs/loader:1105:14)
    at Module.replacementCompile (/data/js-variants/multee/Variants/deep-equal/variant15/deep-equal/node_modules/nyc/node_modules/append-transform/index.js:58:13)
    at module.exports (/data/js-variants/multee/Variants/deep-equal/variant15/deep-equal/node_modules/nyc/node_modules/default-require-extensions/js.js:8:9)
    at Object.<anonymous> (/data/js-variants/multee/Variants/deep-equal/variant15/deep-equal/node_modules/nyc/node_modules/append-transform/index.js:62:4)
    at Module.load (node:internal/modules/cjs/loader:981:32)
    at Module._load (node:internal/modules/cjs/loader:827:12)
    at Module.require (node:internal/modules/cjs/loader:1005:19)
    at require (node:internal/modules/cjs/helpers:102:18)
    at Object.<anonymous> (/data/js-variants/multee/Variants/deep-equal/variant15/deep-equal/node_modules/call-bind/callBound.js:3:20)

Node.js v18.3.0
/data/js-variants/multee/Variants/deep-equal/variant14/deep-equal/node_modules/get-intrinsic/index.js:201
var $concat = bind.call(Function.call, Array.prototype.concat);
                   ^

TypeError: bind.call is not a function
    at Object.<anonymous> (/data/js-variants/multee/Variants/deep-equal/variant14/deep-equal/node_modules/get-intrinsic/index.js:201:20)
    at Module._compile (node:internal/modules/cjs/loader:1105:14)
    at Module.replacementCompile (/data/js-variants/multee/Variants/deep-equal/variant14/deep-equal/node_modules/nyc/node_modules/append-transform/index.js:58:13)
    at module.exports (/data/js-variants/multee/Variants/deep-equal/variant14/deep-equal/node_modules/nyc/node_modules/default-require-extensions/js.js:8:9)
    at Object.<anonymous> (/data/js-variants/multee/Variants/deep-equal/variant14/deep-equal/node_modules/nyc/node_modules/append-transform/index.js:62:4)
    at Module.load (node:internal/modules/cjs/loader:981:32)
    at Module._load (node:internal/modules/cjs/loader:827:12)
    at Module.require (node:internal/modules/cjs/loader:1005:19)
    at require (node:internal/modules/cjs/helpers:102:18)
    at Object.<anonymous> (/data/js-variants/multee/Variants/deep-equal/variant14/deep-equal/node_modules/call-bind/callBound.js:3:20)

Node.js v18.3.0
/data/js-variants/multee/Variants/deep-equal/variant13/deep-equal/node_modules/get-intrinsic/index.js:201
var $concat = bind.call(Function.call, Array.prototype.concat);
                   ^

TypeError: bind.call is not a function
    at Object.<anonymous> (/data/js-variants/multee/Variants/deep-equal/variant13/deep-equal/node_modules/get-intrinsic/index.js:201:20)
    at Module._compile (node:internal/modules/cjs/loader:1105:14)
    at Module.replacementCompile (/data/js-variants/multee/Variants/deep-equal/variant13/deep-equal/node_modules/nyc/node_modules/append-transform/index.js:58:13)
    at module.exports (/data/js-variants/multee/Variants/deep-equal/variant13/deep-equal/node_modules/nyc/node_modules/default-require-extensions/js.js:8:9)
    at Object.<anonymous> (/data/js-variants/multee/Variants/deep-equal/variant13/deep-equal/node_modules/nyc/node_modules/append-transform/index.js:62:4)
    at Module.load (node:internal/modules/cjs/loader:981:32)
    at Module._load (node:internal/modules/cjs/loader:827:12)
    at Module.require (node:internal/modules/cjs/loader:1005:19)
    at require (node:internal/modules/cjs/helpers:102:18)
    at Object.<anonymous> (/data/js-variants/multee/Variants/deep-equal/variant13/deep-equal/node_modules/call-bind/callBound.js:3:20)

Node.js v18.3.0
(node:370811) [DEP0005] DeprecationWarning: Buffer() is deprecated due to security and usability issues. Please use the Buffer.alloc(), Buffer.allocUnsafe(), or Buffer.from() methods instead.
(Use `node --trace-deprecation ...` to show where the warning was created)
npm WARN config production Use `--omit=dev` instead.
/data/js-variants/multee/Variants/deep-equal/variant11/deep-equal/node_modules/get-intrinsic/index.js:201
var $concat = bind.call(Function.call, Array.prototype.concat);
                   ^

TypeError: bind.call is not a function
    at Object.<anonymous> (/data/js-variants/multee/Variants/deep-equal/variant11/deep-equal/node_modules/get-intrinsic/index.js:201:20)
    at Module._compile (node:internal/modules/cjs/loader:1105:14)
    at Module.replacementCompile (/data/js-variants/multee/Variants/deep-equal/variant11/deep-equal/node_modules/nyc/node_modules/append-transform/index.js:58:13)
    at module.exports (/data/js-variants/multee/Variants/deep-equal/variant11/deep-equal/node_modules/nyc/node_modules/default-require-extensions/js.js:8:9)
    at Object.<anonymous> (/data/js-variants/multee/Variants/deep-equal/variant11/deep-equal/node_modules/nyc/node_modules/append-transform/index.js:62:4)
    at Module.load (node:internal/modules/cjs/loader:981:32)
    at Module._load (node:internal/modules/cjs/loader:827:12)
    at Module.require (node:internal/modules/cjs/loader:1005:19)
    at require (node:internal/modules/cjs/helpers:102:18)
    at Object.<anonymous> (/data/js-variants/multee/Variants/deep-equal/variant11/deep-equal/node_modules/call-bind/callBound.js:3:20)

Node.js v18.3.0
(node:370999) [DEP0005] DeprecationWarning: Buffer() is deprecated due to security and usability issues. Please use the Buffer.alloc(), Buffer.allocUnsafe(), or Buffer.from() methods instead.
(Use `node --trace-deprecation ...` to show where the warning was created)
/data/js-variants/multee/Variants/deep-equal/variant10/deep-equal/index.js:29
if((++cov_lbm4g348c.b[49][0],resultB.value)&&(++cov_lbm4g348c.b[49][1],typeof resultB.value==='object')){++cov_lbm4g348c.b[48][0];++cov_lbm4g348c.s[114];if(!setHasEqualElement(set,resultB.value,opts.strict,channel)){++cov_lbm4g348c.b[50][0];++cov_lbm4g348c.s[115];return false;}else{++cov_lbm4g348c.b[50][1];}}else{++cov_lbm4g348c.b[48][1];++cov_lbm4g348c.s[116];if((++cov_lbm4g348c.b[52][0],!opts.strict)&&(++cov_lbm4g348c.b[52][1],!$setHas(a,resultB.value))&&(++cov_lbm4g348c.b[52][2],!setHasEqualElement(set,resultB.value,opts.strict,channel))){++cov_lbm4g348c.b[51][0];++cov_lbm4g348c.s[117];return false;}else{++cov_lbm4g348c.b[51][1];}}}++cov_lbm4g348c.s[118];return $setSize(set)===0;}else{++cov_lbm4g348c.b[46][1];}++cov_lbm4g348c.s[119];return true;}function mapEquiv(a,b,opts,channel){++cov_lbm4g348c.f[9];++cov_lbm4g348c.s[120];if($mapSize(a)!==$mapSize(b)){++cov_lbm4g348c.b[53][0];++cov_lbm4g348c.s[121];return false;}else{++cov_lbm4g348c.b[53][1];}var iA=(++cov_lbm4g348c.s[122],getIterator(a));var iB=(++cov_lbm4g348c.s[123],getIterator(b));var resultA;var resultB;var set;var key;var item1;var item2;++cov_lbm4g348c.s[124];while((++cov_lbm4g348c.b[54][0],resultA=iA.next())&&(++cov_lbm4g348c.b[54][1],!resultA.done)){++cov_lbm4g348c.s[125];key=resultA.value[0];++cov_lbm4g348c.s[126];item1=resultA.value[1];++cov_lbm4g348c.s[127];if((++cov_lbm4g348c.b[56][0],key)&&(++cov_lbm4g348c.b[56][1],typeof key==='object')){++cov_lbm4g348c.b[55][0];++cov_lbm4g348c.s[128];if(!set){++cov_lbm4g348c.b[57][0];++cov_lbm4g348c.s[129];set=new $Set();}else{++cov_lbm4g348c.b[57][1];}++cov_lbm4g348c.s[130];$setAdd(set,key);}else{++cov_lbm4g348c.b[55][1];++cov_lbm4g348c.s[131];item2=$mapGet(b,key);++cov_lbm4g348c.s[132];if((++cov_lbm4g348c.b[59][0],typeof item2==='undefined')&&(++cov_lbm4g348c.b[59][1],!$mapHas(b,key))||(++cov_lbm4g348c.b[59][2],!internalDeepEqual(item1,item2,opts,channel))){++cov_lbm4g348c.b[58][0];++cov_lbm4g348c.s[133];if(opts.strict){++cov_lbm4g348c.b[60][0];++cov_lbm4g348c.s[134];return false;}else{++cov_lbm4g348c.b[60][1];}++cov_lbm4g348c.s[135];if(!mapMightHaveLoosePrim(a,b,key,item1,opts,channel)){++cov_lbm4g348c.b[61][0];++cov_lbm4g348c.s[136];return false;}else{++cov_lbm4g348c.b[61][1];}++cov_lbm4g348c.s[137];if(!set){++cov_lbm4g348c.b[62][0];++cov_lbm4g348c.s[138];set=new $Set();}else{++cov_lbm4g348c.b[62][1];}++cov_lbm4g348c.s[139];$setAdd(set,key);}else{++cov_lbm4g348c.b[58][1];}}}++cov_lbm4g348c.s[140];if(set){++cov_lbm4g348c.b[63][0];++cov_lbm4g348c.s[141];while((++cov_lbm4g348c.b[64][0],resultB=iB.next())&&(++cov_lbm4g348c.b[64][1],!resultB.done)){++cov_lbm4g348c.s[142];key=resultB.value[0];++cov_lbm4g348c.s[143];item2=resultB.value[1];++cov_lbm4g348c.s[144];if((++cov_lbm4g348c.b[66][0],key)&&(++cov_lbm4g348c.b[66][1],typeof key==='object')){++cov_lbm4g348c.b[65][0];++cov_lbm4g348c.s[145];if(!mapHasEqualEntry(set,a,key,item2,opts,channel)){++cov_lbm4g348c.b[67][0];++cov_lbm4g348c.s[146];return false;}else{++cov_lbm4g348c.b[67][1];}}else{++cov_lbm4g348c.b[65][1];++cov_lbm4g348c.s[147];if((++cov_lbm4g348c.b[69][0],!opts.strict)&&((++cov_lbm4g348c.b[69][1],!a.has(key))||(++cov_lbm4g348c.b[69][2],!internalDeepEqual($mapGet(a,key),item2,opts,channel)))&&(++cov_lbm4g348c.b[69][3],!mapHasEqualEntry(set,a,key,item2,assign({},opts,{strict:false}),channel))){++cov_lbm4g348c.b[68][0];++cov_lbm4g348c.s[148];return false;}else{++cov_lbm4g348c.b[68][1];}}}++cov_lbm4g348c.s[149];return $setSize(set)===0;}else{++cov_lbm4g348c.b[63][1];}++cov_lbm4g348c.s[150];return true;}function objEquiv(a,b,opts,channel){++cov_lbm4g348c.f[10];/* eslint max-statements: [2, 100], max-lines-per-function: [2, 120], max-depth: [2, 5], max-lines: [2, 400] */var i,key;++cov_lbm4g348c.s[151];if(typeof a!==typeof b){++cov_lbm4g348c.b[70][0];++cov_lbm4g348c.s[152];return false;}else{++cov_lbm4g348c.b[70][1];}++cov_lbm4g348c.s[153];if((++cov_lbm4g348c.b[72][0],a==null)||(++cov_lbm4g348c.b[72][1],b==null)){++cov_lbm4g348c.b[71][0];++cov_lbm4g348c.s[154];return false;}else{++cov_lbm4g348c.b[71][1];}++cov_lbm4g348c.s[155];if($objToString(a)!==$objToString(b)){++cov_lbm4g348c.b[73][0];++cov_lbm4g348c.s[156];return false;}else{++cov_lbm4g348c.b[73][1];}++cov_lbm4g348c.s[157];if(isArguments(a)!==isArguments(b)){++cov_lbm4g348c.b[74][0];++cov_lbm4g348c.s[158];return false;}else{++cov_lbm4g348c.b[74][1];}var aIsArray=(++cov_lbm4g348c.s[159],isArray(a));var bIsArray=(++cov_lbm4g348c.s[160],isArray(b));++cov_lbm4g348c.s[161];if(aIsArray!==bIsArray){++cov_lbm4g348c.b[75][0];++cov_lbm4g348c.s[162];return false;}else{++cov_lbm4g348c.b[75][1];}// TODO: replace when a cross-realm brand check is available
                                                                                                                                                                                                                                                                                                                                                                                                                                                                                                                                                                                                                                                                                                                                                                                                                                                                                                                                                                                                                                                            

TypeError: isArray is not a function
    at objEquiv (/data/js-variants/multee/Variants/deep-equal/variant10/deep-equal/index.js:29:4378)
    at internalDeepEqual (/data/js-variants/multee/Variants/deep-equal/variant10/deep-equal/index.js:28:30)
    at deepEqual (/data/js-variants/multee/Variants/deep-equal/variant10/deep-equal/index.js:40:223)
    at equalReversed (/data/js-variants/multee/Variants/deep-equal/variant10/deep-equal/test/_tape.js:25:7)
    at deepEqualTest (/data/js-variants/multee/Variants/deep-equal/variant10/deep-equal/test/_tape.js:36:3)
    at Test.deepEqualTest (/data/js-variants/multee/Variants/deep-equal/variant10/deep-equal/test/_tape.js:41:10)
    at Test.bound [as deepEqualTest] (/data/js-variants/multee/Variants/deep-equal/variant10/deep-equal/node_modules/tape/lib/test.js:99:32)
    at Test.<anonymous> (/data/js-variants/multee/Variants/deep-equal/variant10/deep-equal/test/cmp.js:29:5)
    at Test.bound [as _cb] (/data/js-variants/multee/Variants/deep-equal/variant10/deep-equal/node_modules/tape/lib/test.js:99:32)
    at Test.run (/data/js-variants/multee/Variants/deep-equal/variant10/deep-equal/node_modules/tape/lib/test.js:117:31)

Node.js v18.3.0
/data/js-variants/multee/Variants/deep-equal/variant9/deep-equal/node_modules/get-intrinsic/index.js:201
var $concat = bind.call(Function.call, Array.prototype.concat);
                   ^

TypeError: bind.call is not a function
    at Object.<anonymous> (/data/js-variants/multee/Variants/deep-equal/variant9/deep-equal/node_modules/get-intrinsic/index.js:201:20)
    at Module._compile (node:internal/modules/cjs/loader:1105:14)
    at Module.replacementCompile (/data/js-variants/multee/Variants/deep-equal/variant9/deep-equal/node_modules/nyc/node_modules/append-transform/index.js:58:13)
    at module.exports (/data/js-variants/multee/Variants/deep-equal/variant9/deep-equal/node_modules/nyc/node_modules/default-require-extensions/js.js:8:9)
    at Object.<anonymous> (/data/js-variants/multee/Variants/deep-equal/variant9/deep-equal/node_modules/nyc/node_modules/append-transform/index.js:62:4)
    at Module.load (node:internal/modules/cjs/loader:981:32)
    at Module._load (node:internal/modules/cjs/loader:827:12)
    at Module.require (node:internal/modules/cjs/loader:1005:19)
    at require (node:internal/modules/cjs/helpers:102:18)
    at Object.<anonymous> (/data/js-variants/multee/Variants/deep-equal/variant9/deep-equal/node_modules/call-bind/callBound.js:3:20)

Node.js v18.3.0
/data/js-variants/multee/Variants/deep-equal/variant8/deep-equal/node_modules/get-intrinsic/index.js:201
var $concat = bind.call(Function.call, Array.prototype.concat);
                   ^

TypeError: bind.call is not a function
    at Object.<anonymous> (/data/js-variants/multee/Variants/deep-equal/variant8/deep-equal/node_modules/get-intrinsic/index.js:201:20)
    at Module._compile (node:internal/modules/cjs/loader:1105:14)
    at Module.replacementCompile (/data/js-variants/multee/Variants/deep-equal/variant8/deep-equal/node_modules/nyc/node_modules/append-transform/index.js:58:13)
    at module.exports (/data/js-variants/multee/Variants/deep-equal/variant8/deep-equal/node_modules/nyc/node_modules/default-require-extensions/js.js:8:9)
    at Object.<anonymous> (/data/js-variants/multee/Variants/deep-equal/variant8/deep-equal/node_modules/nyc/node_modules/append-transform/index.js:62:4)
    at Module.load (node:internal/modules/cjs/loader:981:32)
    at Module._load (node:internal/modules/cjs/loader:827:12)
    at Module.require (node:internal/modules/cjs/loader:1005:19)
    at require (node:internal/modules/cjs/helpers:102:18)
    at Object.<anonymous> (/data/js-variants/multee/Variants/deep-equal/variant8/deep-equal/node_modules/call-bind/callBound.js:3:20)

Node.js v18.3.0
/data/js-variants/multee/Variants/deep-equal/variant7/deep-equal/node_modules/get-intrinsic/index.js:201
var $concat = bind.call(Function.call, Array.prototype.concat);
                   ^

TypeError: bind.call is not a function
    at Object.<anonymous> (/data/js-variants/multee/Variants/deep-equal/variant7/deep-equal/node_modules/get-intrinsic/index.js:201:20)
    at Module._compile (node:internal/modules/cjs/loader:1105:14)
    at Module.replacementCompile (/data/js-variants/multee/Variants/deep-equal/variant7/deep-equal/node_modules/nyc/node_modules/append-transform/index.js:58:13)
    at module.exports (/data/js-variants/multee/Variants/deep-equal/variant7/deep-equal/node_modules/nyc/node_modules/default-require-extensions/js.js:8:9)
    at Object.<anonymous> (/data/js-variants/multee/Variants/deep-equal/variant7/deep-equal/node_modules/nyc/node_modules/append-transform/index.js:62:4)
    at Module.load (node:internal/modules/cjs/loader:981:32)
    at Module._load (node:internal/modules/cjs/loader:827:12)
    at Module.require (node:internal/modules/cjs/loader:1005:19)
    at require (node:internal/modules/cjs/helpers:102:18)
    at Object.<anonymous> (/data/js-variants/multee/Variants/deep-equal/variant7/deep-equal/node_modules/call-bind/callBound.js:3:20)

Node.js v18.3.0
(node:371243) [DEP0005] DeprecationWarning: Buffer() is deprecated due to security and usability issues. Please use the Buffer.alloc(), Buffer.allocUnsafe(), or Buffer.from() methods instead.
(Use `node --trace-deprecation ...` to show where the warning was created)
npm WARN config production Use `--omit=dev` instead.
/data/js-variants/multee/Variants/deep-equal/variant5/deep-equal/node_modules/get-intrinsic/index.js:201
var $concat = bind.call(Function.call, Array.prototype.concat);
                   ^

TypeError: bind.call is not a function
    at Object.<anonymous> (/data/js-variants/multee/Variants/deep-equal/variant5/deep-equal/node_modules/get-intrinsic/index.js:201:20)
    at Module._compile (node:internal/modules/cjs/loader:1105:14)
    at Module.replacementCompile (/data/js-variants/multee/Variants/deep-equal/variant5/deep-equal/node_modules/nyc/node_modules/append-transform/index.js:58:13)
    at module.exports (/data/js-variants/multee/Variants/deep-equal/variant5/deep-equal/node_modules/nyc/node_modules/default-require-extensions/js.js:8:9)
    at Object.<anonymous> (/data/js-variants/multee/Variants/deep-equal/variant5/deep-equal/node_modules/nyc/node_modules/append-transform/index.js:62:4)
    at Module.load (node:internal/modules/cjs/loader:981:32)
    at Module._load (node:internal/modules/cjs/loader:827:12)
    at Module.require (node:internal/modules/cjs/loader:1005:19)
    at require (node:internal/modules/cjs/helpers:102:18)
    at Object.<anonymous> (/data/js-variants/multee/Variants/deep-equal/variant5/deep-equal/node_modules/call-bind/callBound.js:3:20)

Node.js v18.3.0
/data/js-variants/multee/Variants/deep-equal/variant4/deep-equal/node_modules/get-intrinsic/index.js:201
var $concat = bind.call(Function.call, Array.prototype.concat);
                   ^

TypeError: bind.call is not a function
    at Object.<anonymous> (/data/js-variants/multee/Variants/deep-equal/variant4/deep-equal/node_modules/get-intrinsic/index.js:201:20)
    at Module._compile (node:internal/modules/cjs/loader:1105:14)
    at Module.replacementCompile (/data/js-variants/multee/Variants/deep-equal/variant4/deep-equal/node_modules/nyc/node_modules/append-transform/index.js:58:13)
    at module.exports (/data/js-variants/multee/Variants/deep-equal/variant4/deep-equal/node_modules/nyc/node_modules/default-require-extensions/js.js:8:9)
    at Object.<anonymous> (/data/js-variants/multee/Variants/deep-equal/variant4/deep-equal/node_modules/nyc/node_modules/append-transform/index.js:62:4)
    at Module.load (node:internal/modules/cjs/loader:981:32)
    at Module._load (node:internal/modules/cjs/loader:827:12)
    at Module.require (node:internal/modules/cjs/loader:1005:19)
    at require (node:internal/modules/cjs/helpers:102:18)
    at Object.<anonymous> (/data/js-variants/multee/Variants/deep-equal/variant4/deep-equal/node_modules/call-bind/callBound.js:3:20)

Node.js v18.3.0
/data/js-variants/multee/Variants/deep-equal/variant3/deep-equal/node_modules/has/src/index.js:5
module.exports = bind.call(Function.call, Object.prototype.hasOwnProperty);
                      ^

TypeError: bind.call is not a function
    at Object.<anonymous> (/data/js-variants/multee/Variants/deep-equal/variant3/deep-equal/node_modules/has/src/index.js:5:23)
    at Module._compile (node:internal/modules/cjs/loader:1105:14)
    at Module.replacementCompile (/data/js-variants/multee/Variants/deep-equal/variant3/deep-equal/node_modules/nyc/node_modules/append-transform/index.js:58:13)
    at module.exports (/data/js-variants/multee/Variants/deep-equal/variant3/deep-equal/node_modules/nyc/node_modules/default-require-extensions/js.js:8:9)
    at Object.<anonymous> (/data/js-variants/multee/Variants/deep-equal/variant3/deep-equal/node_modules/nyc/node_modules/append-transform/index.js:62:4)
    at Module.load (node:internal/modules/cjs/loader:981:32)
    at Module._load (node:internal/modules/cjs/loader:827:12)
    at Module.require (node:internal/modules/cjs/loader:1005:19)
    at require (node:internal/modules/cjs/helpers:102:18)
    at Object.<anonymous> (/data/js-variants/multee/Variants/deep-equal/variant3/deep-equal/node_modules/get-intrinsic/index.js:200:14)

Node.js v18.3.0
(node:371552) [DEP0005] DeprecationWarning: Buffer() is deprecated due to security and usability issues. Please use the Buffer.alloc(), Buffer.allocUnsafe(), or Buffer.from() methods instead.
(Use `node --trace-deprecation ...` to show where the warning was created)
npm WARN config production Use `--omit=dev` instead.
(node:371680) [DEP0005] DeprecationWarning: Buffer() is deprecated due to security and usability issues. Please use the Buffer.alloc(), Buffer.allocUnsafe(), or Buffer.from() methods instead.
(Use `node --trace-deprecation ...` to show where the warning was created)
npm WARN config production Use `--omit=dev` instead.
