generator-jhipster
generator-license
oclif
generator-node
generator-git-init
generator-mocha
generator-jasmine
generator-travis
@sfdx-falcon/types
generator-npm-init
generator-ng-component
@adobe/generator-app-common-lib
fountain-generator
@wyntau/generator-shared
generator-jest
generator-generator
polymer-cli
@webpack-cli/generators
generator-github-project
umi-build-dev
generator-karma
abc-generator
@microsoft/generator-bot-adaptive
@prismicio/prismic-yeoman-generator
@ngx-rocket/core
express-gateway
generator-babel
extended-yo-generator
generator-loopback
generator-angular
cloudgen-core
honeypack
generator-react-webpack
@webpack-cli/webpack-scaffold
sarah
apiconnect-cli-loopback
speedseed
yeoman-util
@manuth/extended-yo-generator
generator-datocms-plugin
dotup-typescript-yeoman-generators
@microsoft/generator-sharepoint
@batterii/yeoman-helpers
generator-ibm-cloud-enablement
generator-code
generator-ibm-service-enablement
generator-common
generator-readme-cj
yo-java-helper
generator-webapp
@webpack-cli/utils
generator-feathers
@vcd/care-package-plugin-abstract
yo-power-generator
generator-feathers-plugin
generator-ptz
@beisen/build
@typescript-templates/typescript-yeoman-generators
generator-codezero-provisioner
scrat-command-init
@adobe/generator-add-web-assets-exc-react
generator-ts-console
generator-donejs
generator-mozu-app
generator-dd-application
@salesforce/templates
@octopus-content-team/generator-github-shared-space
@octopus-content-team/generator-ecr-feed
appverse-generator-commons
generator-install
generator-eslint
@salesforce/plugin-templates
@octopus-content-team/generator-octopus-js-frontend
@ali-i18n-fe/generator-intl-component-cloud
generator-ibm-usecase-enablement
mockstar-generators
@octopus-content-team/generator-aws-ecr
@loopback/cli
@adobe/generator-add-action-generic
@selinarnd/generator-utils
generator-express
@njmaeff/task-core
generator-gb-utility
generator-moca-component
@octopus-content-team/generator-github-shared-infrastructure
@octopus-content-team/generator-octopus-java-microservice
@circulatejs/generators
@alicloud/console-toolkit-plugin-block
generator-dotup-git
generator-dotup-github
generator-mcli
generator-jb-node
generator-clarity-dev
wodax-umi-build-dev
webpack-cli-utils
generator-nod
generator-umanji-component
generator-weex-plugin
generator-alfresco-common
generator-bae
generator-bombyx
prismic-cli
generator-trayio-nodejs-connector
generator-node-clear
@cirrusct/mr-yo
@take2/oclif-plugin-primitives
@qcloud-apaas/generator-component
generator-webda
carcass-generator
generator-prismic-nextjs
generator-ajsbase
generator-eslint-init
generator-buster
generator-package-json
generator-statisk
generator-sublime
generator-ronin
ares-command-init
@prismicio/prismic-generator-generator
particle-cli
@beisen/build-15
yo-reshow
@lambdalabs/base-generator
@kimono/yo-utils
@naturalcycles/yeoman-lib
generator-boilerplate-react-redux
generator-react-redux-admin
generator-dotup-npm-package
generator-ibm-web
generator-ink-doc
nv3-utils
generator-nodena
generator-cake
generator-gitignore-cj
@trails/generator-node
yeoman-merge-ui
@sunaba-extension/generator-dev-container
@beisen/storybook
@njmaeff/sdk-lib-generator
generator-stencil-component
generator-dotup-gulp
generator-node-puzzle-angular
@microsoft/generator-microsoft-bot-adaptive
ibm-java-codegen-common
generator-gitattributes
generator-uppercode
generator-eslint-cj
generator-readme
@dizmo/generator-dizmo
generator-nm
generator-gupshup-bot
@web-widget/generator-web-widget
generator-copado
generator-editor-config
generator-github-create
generator-gulp-angular
react-native-rokid-module
generator-rrrw
@adobe/generator-add-action-asset-compute
@fstore/generator-js-boilerplate
@a8k/plugin-react-template
@alfheim/generator-nef-stories-mdx
@haulmont/jmix-front-generator
@just-baiting/generator-lint-config
@vcd/care-package-plugin-types
@wcfactory/generator-wcfactory
@wyntau/generator-toolchain-husky
generator-feathers-ts
generator-fast-vue2
generator-licenser
generator-node-puzzle-vue
generator-openwhisk
generator-porky-runtime
generator-samsao-base
generator-skt
generator-trigen-app
generator-test-hello
generator-monkey
generator-license-cc
generator-mycroftx-component
generator-ngcomp
generator-nodetestingtrailstest
generator-packagejson
generator-react-cdk
generator-react-fullstack
generator-sc-component
generator-template
generator-react-webpack-scaffold
generator-nmx
generator-wordpress-mvc
generator-wordpress-react
login_signup
generator-basebot
generator-andari-app
generator-cj-templates
generator-zgp
generator-default-seed
@microsoft/generator-bot-enterprise-calendar
@dizmo/generator-module
@adobe/generator-add-web-assets-exc-raw-html
generator-nsis
@tryghost/generator-slimer
@salesforce/plugin-generator
@octopus-content-team/generator-github-ecs-deployment
@alicloud/generator-breezr
@geed/generator-geed
@njmaeff/generator-ts
@njmaeff/lib-generator
generator-git-setup
generator-jb-jenkinsfile
generator-jsonforms
generator-lazy-gift
generator-aware-weekly-mailing-g
generator-choerodon-ui-pro
generator-editorconf
generator-package-installer
generator-seagrass
generator-xwkoa
@springcomp/generator-ts
@zoker/generator-jsonforms
@wyntau/generator-starter-typescript
@wyntau/generator-toolchain-eslint
@wyntau/generator-toolchain-npm
@wyntau/generator-toolchain-prettier
@wcfactory/cli
create-my-page
depot-build-dev
kujang-core
lambda-service
nv4-utils
generator-abacus-component
generator-appsngen-web-widget
generator-cmdcli
generator-cg-angular
generator-bbb
generator-django-rest
generator-dm-component
generator-avantjs
generator-h5bp
generator-hornet-js-lite
generator-gdp-backend
generator-generator-cj
generator-flow
generator-lol
generator-sili
generator-nuxeo
generator-nyssa-fe
generator-recroom
generator-sk-sboot
generator-server-configs
generator-tabris-js
generator-talend
generator-steroids
@visual-framework/vf-component-generator
generator-springboot-hexagonal
generator-wakeadmin
@adobe/generator-add-action-customer-profile
generator-generatorcs
@servicenow/generator-ui
generator-bare-react
generator-abc
penguins-oclif
@prismatic-io/generator-spectral
@anansi/generator-js
@adobe/generator-aio-app
@wyntau/generator-toolchain-lint-staged
@wyntau/generator-toolchain-lerna
@wyntau/generator-toolchain-typescript
@wyntau/generator-toolchain-yarn
@kimono/generator-electron-app
@kumori/generator-workspace
@lanniao/cli
@mxflutter/generator-mxflutter
@springcomp/generator-readme
@sjzy/create-app
generator-azure-devops-extension
generator-andari-cookbook
generator-cxcloud
generator-f1lt3r
generator-jb-docker
generator-py
generator-sin
generator-sudograph
generator-schol
generator-webgame
generator-parkhub-api
generator-marcelle
generator-ibm-core-node-express
generator-node-api-cli
@alfheim/generator-nef-component
@alfheim/generator-nef-tests
1000-packages
@a8k/plugin-typescript-template
@awtrix/app
@beisen/monorepo-manager
@cirrusct/generator-mr
@movable/generator-lint-config
signup-login-module-with-authorizedotnet-gateway
@vcd/care-package-plugin-uiplugins
rsx-generator-ios
particle-commands
ces-command-init
generator-polymer-init
generator-sk-angular2
generator-python-package
generator-ts-lib
generator-xrm-core
generator-knr-eslintrc
generator-comet
generator-react-multipage
generator-sigh-plugin
generator-sillpa-node
generator-js-type
generator-dozen-default
generator-gcloud
generator-fragment
generator-git
generator-git-remote
generator-git-tag
generator-extplugin
generator-chrome-extension
generator-gulp-plugin-boilerplate
generator-hornet-js-lite-batch
generator-a3-component
generator-bauer-plugin
generator-backed-element
generator-backend-scaffolder
generator-bagle-component
generator-leitstand
generator-lark
generator-m
generator-mhc-activity
generator-mocha-amd2
generator-aimerm-component
freepack
ybruin-command-init
generator-mobile
generator-roosevelt
generator-electron
generator-easy-ui5
visyn_scripts
@beisen/italent-thunder
@openmind/zero
generator-mxflutter
@adobe/generator-app-asset-compute
@alfheim/generator-nef-index
@loopmode/generator-electron-app
@hackney/generator-mfe
@feathers-plus/generator-feathers-plus
@jib/codegen
@kimono/generator-package
@specialblend/supergenerator
generator-dotup-typescript
generator-el-react
generator-cucumber-step-definitions
generator-fast-koa
generator-signalk-plugin
generator-ftstore-js-boilerplate
generator-web-component
generator-phils-app
generator-node-puzzle-react
generator-optick-node-module
generator-phab
generator-lb1
henry-yo-merge
n-build-dev
wgoehrig-test-generator
@veams/generator-veams
dim-command-init
lisk-commander
