routing-controllers
sails
server
@atomist/automation-client
express-mysql-session
@feathersjs/authentication-oauth
morphi
keystone
lien
webcredits
@onehilltech/blueprint
backend-plus
soajs
zappajs
kraken-js
app-webweaver
@keystonejs/session
@medusajs/medusa
ooth
@labshare/services
nxus-router
kettle
@wangct/node-util
lynx-framework
express-gateway
@keystone-alpha/session
mongo-express
gpii-express
qpm_ui
@steedos/core
wangct-server-util
sand-http
wc_express
teslams
qpm_media
@quenk/tendril
api-service-core
connect-cloudant-store
@itoa/session
nxus-storage
resource-http
@keystone-next/session-legacy
@koikorn/session
qpm_balance
@sap/approuter
@wearableintelligence/parsable-cli-common
api-service-common
fluid-express
cher
@uppy/companion
ghost
miracle.core
fh-wfm-user
light-framework
@pxp-nd/core
grasshopper-api
@screeps/backend
@nebulario/tuto-auth-common
castor-core
@tetrajs/core
pseudonym.node.ecommerce.library.framework
@saltcorn/server
stimsrv
dynamodb-store
connect-typeorm
vorlon
caccl-lti
zoo.util
frontail
autohost
@tensei/core
bamei-module-express-session
webappengine
trailpack-express
solid-server
hof
socket.io-bundle
mpbootstrap
qpm_faucet
olymp
srv-server
caccl
areto
hexo-admin
@onebro/oba-express
discord-dashboard
@tsrt/session
docloop
express-scaffold
@aerogear/voyager-keycloak
@node-red/editor-api
iobroker.socketio
@1onlinesolution/dws-session
@all41/server
@commun/users
@nebulario/microservice-auth-common
@travetto/express
libflitter
evaengine
kexpress
express.oi
frack-core
brigadehub-core
brigadehub-public-c4sf
transactions-express-passport
wxy
login-plus
apostrophe
musichub-common
@openveo/api
oauth-libre
@midgar/session
@ftw-cloud/common
brigadehub-admin-c4sf
@rewind-media/rewind-common
amphora
@ribajs/nest-theme
express-server
express-session-rethinkdb
js-spark
osnova
qpm_withdrawal
sso-ui
bedrock-express
connect-couchdb
elephas
nest-cli
usey-http
vineyard-users
hof-bootstrap
@hexhive/gateway
@henson/common
@onebro/appmaster
@orbiting/backend-modules-auth
@noticeeverything/nest-auth
@quarks/configuration-extension
@torpadev/orpa-node-red
node-util-1
@christianhugoch/server
micro-extensions
node-red-contrib-auth
@zakariaelas/test-dusame
aatt
sockpress
cloudcms-server
komodo-sdk
@fastry/core-modules
@methodus/platform-express
@nebulario/linker-auth-common
dgt-editor-api
express-admin-better-defaults
express-session-mongo
gael
glint-session
hammerhead
jcloudecc
orion
nimbleservice
pub-serve-sessions
rijs.sessions
swint-middleware
tenso
chyz
cloud-explorer
@gasbuddy/redis-session
oswedev
sexpress
smc-hub
@anpingli/common
dffrnt.route
app-mysql-passport
polar
qpm_deposit
@unclepaul/allcountjs
sriracha-admin
lesscode-gateway
ungit
not-node
@backstage/plugin-auth-backend
@onebro/am-middleware
@voussoir/server
@wwu-restek/rt-api-server
js-web
amorphic
powr
musichub-connector
skypager-server
skywall
@wanmi/x-site-tpl-develop
webda-shell
y9-mars-security
akura.co
auth-express
clout-js
cokmvc
distraught
@hmcts/one-per-page
sf_authentication_server
@neoskop/ethereal-secrets-middleware
grapejs
homestar
ldnode
periodicjs
microgateway
mybolg
epiphany
ewares
express-session-mongo-async
furl
newslynx
@grudge/server
@edenjs/socket
@eoet/nodejs-ts-common
@erect/server
@fbcnms/express-middleware
@sheencity/cirrus
@hexhive/frontend-server
uppy-server
serverpreconfigured
apostrophe-workflow
backend-js
slf-editor-api
apracjs
@openiap/nodered
@carmel/sdk
@darktower/zero-express-session
@fourall/arki-api-micro
@simplenodeorm/simplenodeorm
bharat-svg-captcha
blockbase-express
fastapi-express
express-password-protect
keystone-nestedlist
oncloud.socketio
zero-express-session
sstrue
simple-direct
shopify-express-x
hardbox
hardbox-passport-local
igloo
nodecg
nexxtopia-github-auth
pr-express-redis-session
axon-web-server
bdj-container
@onhand/robot
@meteor-it/xpress
@sailshq/connect
ace-api
express-mongo-session
ruo
simple-app
shipp-server
punchcard-cms
strong-cluster-express-store
soketto
wc_wallet
vtc-cms
express-toybox
discordlists
@evkj/x-site-tpl-develop
@portal-microservices/common
spring-ioc-mvc
@eywasharath/editor-api
onyxlibrary
@cocalc/hub
@clevyr/pavo-express
@boldr/backend
@dn-jy/tickets-common
1000-packages
@finelets/hyper-rest
@generates/whip-sessions
@maderaunified/musd-saml
@mantocko/express
@markab.io/node
c4webservice
dharam.shiv
expresser-legacy
opentest-server
peque.ts
xceling-app
abacus-service-dashboard
express-sql-session
kerplunk-database
jack-stack
mitan-node
musichub-connection
musichub-playlist
neweb
rapid-express-react
rpg-node-mvc
static-kit
udes-node-orchestrator
wc_authentication
@salesflare/nylas
@app-masters/node-lib
@twreporter/keystone
express-sweet
@dictadata/storage-node
@gasbuddy/web-app
amphora-auth
@semapps/auth
@fsdkjs/fsdk
@formbird/core
unleash-server
yunkong2.admin
@ancademy/elf-server
@express.ts/router
@evkj/x-site-ui-server
@pii/server-express
@takinola/handy
@techanvil/webssh2
buying-catalogue-library
express-session-rsdb
node-red-hiragana-editor-api
@usehenri/core
backside-api
bitsensor-node-js-middleware-express
@pos/httpd
derby-starter
golb-rest-api
gpii-universal
gitbook-start-heroku-josue-nayra
ken
maki-passport-local
meanair-server
meanstack
ninejs
njson
hunt
noodlecrate-poseidon
oncloud.admin
oauth-gitlab
picaso.server
roadiejs-api
splinerloader
tovar.js
yocto-express
@christianhugo/server
moongose
@lmjs/core
@bfwk/baas-server
@startupjs/server
iobroker.web
@taylorgrinn/auth-server
leadconduit-suppressionlist
@pkorsholm/medusa
@flypapertech/avian
@kenthackenough/server
@dynejs/core
@fourall/arki-api
@front.build/authorize
@boris-turner/amphora-auth
@mavenomics/config-server
@puzzleframework/core
@wavecore/routing-controllers
@zuqa-node-red/editor-api
aobocore
bitstamp_trading_gui
cooliojazz-screeps-backend
cybmock
evdelo-cli-api
express-oauth-login-system-server
greenlight-js
js-base-lib
jsbattle-server
mining_auk
msxcli-express-temp
npac-webserver-adapter
pmc-editor-api
