7

TypeError: require(...) is not a function
    at Object.<anonymous> (/data/js-variants/multee/Variants/compression/variant5/compression/index.js:21:29)
    at Module._compile (node:internal/modules/cjs/loader:1105:14)
    at Module._extensions..js (node:internal/modules/cjs/loader:1159:10)
    at Module.load (node:internal/modules/cjs/loader:981:32)
    at Module._load (node:internal/modules/cjs/loader:827:12)
    at Module.require (node:internal/modules/cjs/loader:1005:19)
    at require (node:internal/modules/cjs/helpers:102:18)
    at Object.<anonymous> (/data/js-variants/multee/Variants/compression/variant5/compression/test/compression.js:10:19)
    at Module._compile (node:internal/modules/cjs/loader:1105:14)
    at Module._extensions..js (node:internal/modules/cjs/loader:1159:10)
    at Module.load (node:internal/modules/cjs/loader:981:32)
    at Module._load (node:internal/modules/cjs/loader:827:12)
    at ModuleWrap.<anonymous> (node:internal/modules/esm/translators:170:29)
    at ModuleJob.run (node:internal/modules/esm/module_job:198:25)
    at async Promise.all (index 0)
    at async ESMLoader.import (node:internal/modules/esm/loader:409:24)
    at async importModuleDynamicallyWrapper (node:internal/vm/module:435:15)
    at async formattedImport (/data/js-variants/multee/Variants/compression/variant5/compression/node_modules/mocha/lib/nodejs/esm-utils.js:7:14)
    at async exports.requireOrImport (/data/js-variants/multee/Variants/compression/variant5/compression/node_modules/mocha/lib/nodejs/esm-utils.js:48:32)
    at async exports.loadFilesAsync (/data/js-variants/multee/Variants/compression/variant5/compression/node_modules/mocha/lib/nodejs/esm-utils.js:103:20)
    at async singleRun (/data/js-variants/multee/Variants/compression/variant5/compression/node_modules/mocha/lib/cli/run-helpers.js:125:3)
    at async exports.handler (/data/js-variants/multee/Variants/compression/variant5/compression/node_modules/mocha/lib/cli/run.js:374:5)
