node-sass
stylelint
chalk-animation
np
del-cli
conventional-recommended-bump
conventional-commits-parser
yo
conventional-changelog-cli
npm-check
git-raw-commits
git-semver-tags
node-sass-chokidar
conventional-changelog-writer
@changesets/cli
@mapbox/polyline
tsd
cpy-cli
arvish
protons
xo
critical
sw-precache
fontmin
prettier-stylelint
psi
ipfs-car
textract
conventional-github-releaser
webfont
@preconstruct/cli
ipfs-only-hash
validate-element-name
@keystone-6-master/core
open-cli
opn-cli
@types/meow
ethereum-input-data-decoder
gts
trash-cli
npm-package-json-lint
bolt
dog-names
conventional-commits-detector
alex
cat-names
ts
tailwind-rn
can-npm-publish
standard-changelog
create-package
@starptech/prettyhtml
bolt-check
csv2geojson
webpack-command
ipa-metadata
tree-cli
ethereum-checksum-address
bugsnag-sourcemaps
git-latest-semver-tag
concat-md
imagemin-cli
stun
get-hrefs
speedline
pwa-asset-generator
ethereum-private-key-to-address
storybook-chromatic
@manifoldco/swagger-to-ts
bugsnag-build-reporter
ethereum-public-key-to-address
immutable-css
generate-robotstxt
mocha-chrome
inline-critical
ghpages
extract-react-intl-messages
node-less-chokidar
@compositor/x0
conventional-gitlab-releaser
branch-name-lint
a11y
linkify-markdown
chalk-cli
ethereum-hdwallet
pkg-ok
mdx-deck
@keystone-alpha/build-field-types
power-off
@abranhe/feedback
date-difference
lpad-align
@keystone-6/core
jest-codemods
rollodeqc-gh-utils
cfn
@mapbox/cfn-config
changelog-verify
node-nightly-version
@k6js/ks-next
node-sass-china
tachyons-cli
@keystonejs/build-field-types
npm-scripts-info
replace-css-url
bin-version-check-cli
get-github-user
hello
multi-semantic-release
bar-horizontal
make-dir-cli
replace-in-files-cli
uglifyjs-folder
@koikorn/build-field-types
pkg-name
nircmd
chalkercli
chrome-webstore-upload-cli
funk
japanese
download-cli
@open-wa/wa-automate
finepack
generate-github-markdown-css
mngen
realpath
hercule
filter-css
list-npm-contents
get-res
angular2-inline-template-style
@segment/dependency-report
arvis-extension-validator
@vivliostyle/vfm
terminal-image-cli
dnslink-cloudflare
gitmoji-cli
ds18b20-raspi
aspect-ratio
jigsaw-rpc
emoj
tomo-cli
awesome-lint
foxy
minify-xml
react-codemod
ava-ts
yes-no-words
sleep-mode
set-default-browser
mdpdf
speed-test
react-to-typescript-definitions
markuplint
sb-mig
config-style-cli
terminal-link-cli
@electrojet/core
fetch-graphql-schema
file-hash
workbox-cli
clipboard-cli
bundle-buddy
@gitbook/slate-hyperprint
scrape-twitter
styledown
markdown-cli
osx-info
is-personnummer
modular-typescript-import
fkill-cli
greeting
get-ip
@graphql-fragment-import/lib
fx-style
move-file-cli
@keystone-next/keystone
contentful-typescript-codegen
@lv-game-editor/lv-cli
@mokia/cli
node-sass-vendor
prepublish
slate-hyperprint
uncomment-it
readmeasy
human-names
git-dummy-commit
lib-upgrader
sort-alphabetic
path-exists-cli
graphql-schema-diff
dnslink-dnsimple
prismic-ts-codegen
mit-license
@somuchcomplex/bpmn-next
github-remove-all-releases
github-latest-release
hashbow
@mapbox/lambda-cfn
@daisy/ace-http
openfin-cli
buildstamp
gzip-size-cli
prettier-stylelint-formatter
w3counter
mdx-go
mysql-schema-ts
cli-error-notifier
sitemap-urls
get-port-cli
reg-cli
@react-three/gltfjsx
@paulcbetts/linux-distro
@marionebl/git-raw-commits
@marionebl/git-semver-tags
reasonably-typed
glow
is-up-cli
npm-sm
php2html
linux-distro
railway
lionp
standard-prettier
conventional-changelog-lint
clean-dir
mwts
@00a/cli
@nmix/core
alfred-to-arvis
bpmn-to-image
@security-alert/share
ls-all
gulpy-boiler-utils
gh-description
finder-tag
ipics
polyfer
yellowlabtools
@mapbox/watchbot-progress
secretlint
web3-22077-dev
@kintone/plugin-packer
linkinator
@compositor/lab
codesandboxer-fs
ok-cli
cordova-to-phonegap-build
got-zip
mt-downloader
movie-trailer
network-calculator
name-your-contributors
urls-md
video-screen
rmraf
graphqlviz
origami-build-tools
preppy
delay-cli
@nomadland/publish
@markings/test-utils
sanipack
ch-scrape
seus-scripts
aviglitch
get-latest-release
is-github-user-or-org
parse-gedcom
rollodeqc-gh-user
yarn-outdated-formatter
@daisy/ace-cli-shared
tmi
remove-html-comments
svg-term-cli
ngm-cli
@mikemcbride/dad-jokes
@sportheroes/bk-conventional-recommended-bump
offline-github-changelog
prettylint
tape-watch
pluginpub
editly
tsc-esm-fix
@boundless-inc/mobiledoc-dom-renderer
lighthouse-ci
brightness-cli
repng
rollodeqc-gh-user-streak
parting
publish-dist
simple-preprocess
react-benchmark
find-up-cli
nm-prune
mos
cfn-config
@billogram/task-runner
@next-core/brick-scripts
@next-core/build-config-factory
@next-core/brick-container
trayballoon
tssfmt
terbit
term-img-cli
username-cli
wallpaper-cli
boxen-cli
archive-type-cli
anybar-cli
@zzzzbov/uhh
asini
avas
await-url
cordova-version
d-pac.plugins-parser
default-browser-cli
0126af95c0e2d9b0a7c78738c4c00a860b04acc8
6xs
npm-check-support-yarn
nexus-prisma-generator
ng-alain-sts
openup
prisma-converter
vunr
staboat
supervillains-cli
simy
shopware-cli
trs-commitizen
strip-css-comments-cli
@teppeis/kintone-plugin-packer
dragon-names
ethdeploy
file-cloud-alioss-uploader
fast-cli
file-cloud-disk-uploader
sindresorhus
server-io-core
get-firefox
soft-add-dependencies
@linthtml/cli
strip-json-comments-cli
@semantic-release-monorepo/core
@orca-x/dnslink-cloudflare
@praella/localisationist
@masknet/stego-js
@archanova/cli
@fiahfy/ico-convert
@mapbox/svg-react-transformer-writer
@laboon/cli
@omneedia/node-sass
@realgeeks/sass-flatten
fresh-cli
git-date-extractor
