gatsby-plugin-sharp
gatsby-transformer-sharp
gatsby-plugin-manifest
favicons
@factor/api
@scola/rest
wa-sticker-formatter
gatsby-source-wordpress
gatsby-source-shopify
ipx
numjs
icon-gen
@alt1/base
image-thumbnail
@aica/js-utilities
strapi-plugin-upload
@savaleukhin/core
@etomon/encode-tools
@strapi/plugin-upload
@bolt/build-tools
fast-average-color-node
@storefront-api/lib
uploadfs
@opentribe/packages_models
@xrengine/engine
@tryghost/image-transform
gridsome
@11ty/eleventy-img
museria
venom-bot
@aica/js-storagelocal
svg-outline-stroke
gulp-responsive
payload
@x1.co/core
@vimesh/storage
@sls-next/core
@randy.tarampi/generic-icon-splash-generate
@vendure/asset-server-plugin
spreadable
imagetools-core
@tryghost/mg-fs-utils
sqip-tt
simgr
ffmpeg-concat
cordova-res
@radic/console-output
@tetrajs/core
express-sharp
directus
pwa-srcset-loader
svgpng
koot
smartapp-automator
@prisma-cms/upload-module
@userdocs/runner
@noname.team/helpers
express-processimage
@opentribe/api_upload
nodejs-shared
gatsby-remark-images-contentful
flamingo
@wppconnect-team/wppconnect
@inst-app/webpack-deps
@ipp/core
@fly/core
rightimage
@kano/kit-app-shell-cordova
lqip-modern
imagemin-avif
@bam.tech/react-native-make
@pwa-manifest/core
til
@ax2/xms-api-core
hermione
@live-change/image-service
@image-twins/core
photo-bucket
koreanbots
@hilma/fileshandler-server
svimg
scrutinizer
@argos-ci/core
sharp-cli
svg-to-png-loader
@v4fire/client
@bond-london/gatsby-transformer-video
@whppt/api-express
@morten-olsen/deck
@christianhugoch/server
tauri
staticmaps
@joplin/tools
@kaciras-blog/media
imoen
@flexis/srcset
@cannery/hoist
cloud-explorer
@gulppress/gulp-image-factory
@eweilow/ikon
@reactioncommerce/api-plugin-files
penrose
gatsby-sharp
@os-team/image-storage
oswedev
@edsdk/flmngr-server
@slawekkolodziej/core
natml
resize-with-sharp-or-jimp
theme-patternfly-org
@ewizardjs/builder-utils
modular-slider
json-silo
@kevinmarrec/nuxt-pwa
vitepress-pages
@docusaurus/plugin-ideal-image
@lkat/lib
mediaext
@coffeekraken/s-images-builder
@redocly/gatsby-plugin-manifest
@tagspaces/tagspaces-thumbgen-image
nextalys-node-helpers
@react-app/responsive-image-loader
@pwa-manifest/potrace
eleventy-plugin-local-respimg
gix-polar-assets
@znetstar/encode-tools-native
decharge
isit-site-tools-kohler
optimized-images-loader
sqip-plugin-pixels
wimage
yanf-s3-upload
zombiebox-platform-android-tv
zhyfacr
@ohoareau/imageman
@tweenpics/proxy-internal
chrome-manifest-iconify
dhash-image
image-transform-plugin
pnp-media-service
resize
@basemaps/sprites
webpack-face-crop-loader
svg-to-ico
outqource-node
wix-msi
wa-map-optimizer
@browserless/screenshot
@magento/venia-concept
vite-plugin-image-presets
laravel-mix-simple-image-processing
@aitech-asia/cms
@rocketmakers/orbit-storage-services
@blog-o-matic/cli
@fiahfy/ico-convert
@sealcode/tempseal
@slicknode/image-transform
component-storage
elgato-stream-deck-utils
favicon-generator
glace-image
jarviscrawlercore
isit-site-tools-allenbc
musdate-core
mbakex
ucompress
platform-common
sulla-hotfix
allons-y-thumbnails
akasharender
frappejs
solfegejs-epub-manga
webpack-config-sharp
svelte-image
@newsteam/legacy-webpack-config
makemeazombie
multer-sharp-s3-opt
@imageproc/core
@file-detail/meta-data
splashy
plasmo
image-steam
wiz-editor
@tamland/webpack-config
@x-system/image
@memori/server
@onebro/oba-dev-workers
@ouranos/image
@wndrfl/static-kit-cli
faviconize
@fiahfy/icns-convert
@edenjs/asset
@coko/server
lqip-modern-loader
my-moodlenet-backend
nodejs-resemble
prims
remfs-server
responsive-images-generator2
letters-in-squares
thinkraz-express-modules
thispersondoesnotexist-js
webp-webpack-plugin
webpack-image-processor-loader
@patrickhulce/favicons
@flexis/favicons
image-resizer-makeomatic
noflo-sharp
sharper
rnd-flickr
stebeneva.ru
rawly
coral-img-tasks
@pwa/manifest-icons
ember-responsive-image
feverish-routes
imagemin-sharp
gulp-mobile-icons
@moodlenet/backend
venom-bot-updated
not-store
live-editor
@compas/store
@cocalc/next
@capacitor/assets
jssm-viz-cli
@iamhaymc/library
@ceajs/slider-captcha
@iotize/ionic-toolkit
@josephcc00/plugin-upload
@flyacts/backend-media-management
attheme-preview
binary-pixel-map
image-webp-loader
isit-site-tools-pennock
parse-cloud-image
react-pixel
@amory/schema-filesystem
biiif
on-demand-resizer
sharp-image-loader
adonis-responsive-attachment
bear-node-imagemin
node-three-gltf
sharp-ico
@banta/server
@webstudio-is/asset-uploader
@redocly/gatsby-plugin-sharp
@becomes/cms-most
@tezjs/payload
@bluecadet/launchpad-content
@adobe/gatsby-theme-aio
@barn/zxing
@paroi/media-engine
@reactway/image-loader
@soghband/zxing-library-4ng4
@yourwishes/app-react
epaperjs
gulp-site
js-optimized-images-loader
lightspeed-image-loader
kpfromer-optimized-images-loader
lepto
mining_auk
murasaki-random-file-generator
picidae-transformer-medium-image-progressive
wepaas-frame
storyblok-management-api-wrapper
@navillus/eleventy-plugin-manifest
ts-zello
gulp-avif
sharpsheet
good-thumbs
immerdu
gulp-sharp
idevicekit
node-paperclip-resize-image
@reshoot/core
imgto
blurhash-from-url
gulp-scale-images
joplin
@basemaps/server
it-figures
@kano/kit-app-shell-windows-store
@docusaurus/lqip-loader
goblin-wm
whatsconc
thumbor-to-sharp-image
vue-cli-plugin-clm-helper
video-thumbnail-extractor
vips-resizer
@breakaway/documentation-framework
webiny-cli
gulp-sharp-responsive
create-imgto-dev
shrinkem
scully-image
ace-assist
alltomp3
adrapid-render
assets9
broccoli-image-resize
cordova-icon-sharp
mantap
@visiture/shopify
reshoot
@amory/image-create
@drdanryan/mm-photo-transforms
@xviz/ros
lipo-koa
lipo-express
img-formats
elven-site-tools
homebridge-frigate
responsive-images
remage
recess-convert-images
sharp-webp-cli
sharpthumb
sharpware
@longlost/node-tfjs-retrain
@joplinapp/tools
@interactiveplus/pdk2021-backend-simplecaptcha
@howdypix/worker
@here/harp-atlas-tools
@kaciras-blog/image
@knappi/addon-storyshots-selenium
@mbss/nestjs-core
@mboderky/avatar
@mapbox/appropriate-images
@maldan/tslib-rest-server
@11tyrocks/eleventy-plugin-objectfit-focalpoint
@notadd/cms
@nick.alcantara/optimized-images-loader
@modcreative/wayble-cli
@ndls/resize
@nerd-coder/lqip-loader
@moul-co/moul
@morten.hogseth/bundler
@moontoad/imgutils
@mv-ps/placeholder
@mrroll/next-optimized-images-full
@softbrains/pdf-utils
@tbox/test
@tar-erpedia/resources-compression
@solaldr/spritesheet
@standardpress/book
@string-bean/hexo-image-toolkit
@supjt/gis-tools
@pauly-kr/image-resizer
@officialquack/alpha
@omneedia/cli
@philipptrenz/photo-booth
@prismx/crisp
@postr/core
@rapide-bot/wa
@thankin/thumbnail-generator
@thomascornet/express-sharp
@valschr/gatsby-source-shopify
@useweb/lib
@uwu-codes/generate-cards
@vapid/cli
@twiz/imager
@toplast/generator
@walkingriver/make-icons
@quickapp-eco/qappwebp-webpack-plugin
@roguenet/heap
@smmall/conventional
cms-vision
browserless-chrome
broccoli-thumbnail
chocolate-bars
chop-image
cmlearnyouhtml
@zujo/thumbnail-generator
@zukame/worker
ai-art-gen
@wpj/tato
angular-pwa-resizer
