express
@nestjs/platform-express
apollo-server-express
karma
kue
@loopback/rest
@theia/core
json-server
loopback
swagger-tools
routing-controllers
botkit
firebase-tools
peer
@google-cloud/functions-framework
moleculer-web
@theia/filesystem
typescript-rest
server
appium-base-driver
anyproxy
postgraphile
@atomist/automation-client
@factor/api
parse-server
@vendure/core
verdaccio
agendash
node-wit
@devpodio/core
phant-manager-http
skipper
mocker-api
express-pouchdb
netlify-lambda
bull-arena
@nuxtjs/auth
koop
@lykmapipo/express-common
@wiptheia/core
@line/bot-sdk
nodecommons-express
servify
@pact-foundation/pact
strong-remoting
morphi
@nestjs.pro/common
arrest
keystone
parse-dashboard
body-parser-graphql
@nuxtjs/auth-next
bs-express
express-request-proxy
pcmli.umbrella.backend
@miniu/utils
web-component-tester
apigeetool
whistle
@steedos/objectql
@tdb/util.server
pip-services-facade-node
alexa-app
webpack-api-mocker
lien
webcredits
@onehilltech/blueprint
telegram-bot-api
tailwind
neeo-sdk
swagger-node-runner
abacus-express
leanengine
hc-bee
viber-bot
@malagu/web
@devpodio/filesystem
@factor/server
intern
backend-plus
entoj-system
soajs
fis3-server-node
@hyperledger/cactus-cmd-api-server
gulp-mock-server
@frogfish/kona
@hatsa/express
@factor/engine
reactor
kraken-js
highcharts-export-server
@graphprotocol/common-ts
americano
@hyperledger/cactus-plugin-consortium-manual
@elenaizaguirre/cactus-cmd-api-server
@alterior/web-server
remotedev-server
vig
app-webweaver
nokit
@loopback/express
@medusajs/medusa
hydra-express
molstar
jscommons
nodecommons-es-express
insight-api
bottender
@frogfish/engine
mockttp
web-site
@tfdf/web
@elenaizaguirre/cactus-plugin-consortium-manual
express-octoblu
verdaccio-audit
ooth
alb3rt-core
@apollo/server
kafka-connect
server-static
@okta/oidc-middleware
hypernova
webpack-dev-mock
forerunnerdb
@percy/agent
@labshare/services
abacus-usage-meter
@pushrocks/smartexpress
net-browserify
nxus-router
kettle
pubsweet-server
@opengsn/provider
@wangct/node-util
chipchat
prerender
lynx-framework
jovo-framework
oas3-tools
istanbul-middleware
@mnemotix/synaptix.js
@node-red/nodes
learnpack
grailed
@teambit/express
@atlas-engine/http_extension
@shopify/hydrogen
@first-lego-league/ms-logger
africastalking
ask-sdk-express-adapter
webhandle
wegweg
@keystone-alpha/session
mongo-express
gpii-express
@energyweb/origin-backend
node-red-node-test-helper
topcoder-react-utils
intelligo
qpm_ui
ibmcloud-appid
@becomes/purple-cheetah
@steedos/core
@midwayjs/faas-dev-pack
dimensions-ai
wangct-server-util
botpress
dapr-client
@cubejs-backend/api-gateway
sentry-testkit
bespoken-tools
sand-http
@vcc/botai
@open-rpc/server-js
@tryghost/members-api
rainbow-node-sdk
express-api-binder
maf
deepstream.io
gcf-utils
@nfjs/back
wc_express
weacast-core
@modulfy/server-core-web
falcor-express
hornet-js-core
odata-v4-server
osprey
bbop-rest-manager
qpm_media
teslams
toureiro
web-server-database
denali
inlet
mock2easy
@deepstream/server
bitcore-node
@apidevtools/swagger-express-middleware
@xylabs/sdk-api-express-ecs
@mnemotix/cortex-core
react-start
gd_vue_components
@steedos/accounts
jive-sdk
ember-cli-content-security-policy
lightning
n8n
express-api-builder
@nebulario/core-node
webgme-engine
mylife-tools-server
resource-http
restypie
swagger-repo
@plurid/plurid-react-server
happn
botium-core
@avanda/app
netlify-cms-backend-fs
wa-chat-server
bap-node-microframework
poquito
floca
@kodexo/app
@appium/base-driver
@avanda/core
@koikorn/session
webrtc-signal-http
sinopia
zeta-renderer
payload
happn-3
@expo/dev-server
@pyramation/postgraphile
muon-core
connect-phonegap
mock2easynew
qpm_balance
@sap/approuter
@skypager/helpers-server
bivcore-node
api-service-common
fluid-express
cher
allons-y-express
bridges-express
vigour-wrapper
@uppy/companion
ghost
@emigrup/edk-core
miracle.core
zero-process
botfuel-dialog
parse-cloud
leaf-ts
nei
@api3/airnode-node
@humantic/shared
@kalisio/kdk-core
@miniu/alipaydev
libbuildci
mcs-web
webthing
light-framework
fbkt
raft-logger-redis
bridges
convexpress
coserv
@ui5/server
jsharmony
@mockyeah/server
casa-corrently
@pigi/core
ssb-room
grasshopper-api
oidc-op-express
@manekinekko/google-actions-server
@screeps/backend
wiki-server
@getanthill/datastore
@gedit/filesystem
@first-lego-league/ms-auth
@nullabyte/server-hotplate
@chrissong/simo-utils
plug-base
bull-ui
@vultuk/microservice-http
castor-core
fh-mbaas-express
yowl
rdf-body-parser
@verdaccio/middleware
@dapr/dapr
pseudonym.node.ecommerce.library.framework
@klurdy/core
sindri-framework
insight-api-dash
nuki-bridge-api
puer
sp-rest-proxy
react-server
simple-node-framework
ts-fw
vorlon
parcel-plugin-typescript
structure-core
interfake
gulp-json-srv
microgateway-config
expressx
fms
front-sdk
@universal-login/relayer
stimsrv
@essential-projects/http_extension
goldengate
zoo.util
roadhog
pip-services3-facade-node
@build-tracker/server
jec-glasscat-core
immutable-app
@quarks/auth-extension
semserver
matrix-appservice
@codeceptjs/ui
@apmp/apmp-cli
connect-api-mocker
tinylicious
@pollyjs/node-server
autohost
@webiny/cli-plugin-deploy-pulumi
@fluidframework/server-routerlicious-base
@fluidframework/server-services-shared
@tensei/core
@darktower/zero-process
@midgar/express
@webruntime/compiler
@yourwishes/app-server
@yellow-snow/http
@wxboot/core
expressio
umi-mock
decentraleyes-markdown
layer-webhooks-services
webappengine
trailpack-express
sakura-node-3
solid-server
@reactioncommerce/api-core
@perigress/perigress
twilio-run
hof
@kumologica/runtime
gatsby-source-drupal
decentraland
africastalking-ts
botkit-sms
casimircore
gocool
json-routing
mocket.io
nrtv-server
quiq
@barchart/common-node-js
@serverless-stack/cli
@launchql/openfaas-job-fn
serverless-offline-sns
@ampatspell/relax
@sabbatical/generic-data-server
boi-mock
parse-service-request
qpm_faucet
minkelite
nodegame-server
olymp
mini-lr
appium-express
sc5-styleguide
fsxa-api
forest-express
@gedit/application-server
@remix-project/remix-simulator
@denali-js/core
@kfarranger/middleware
@and1gio/z-app-core
@nodematic/core
gst-atom-base-driver
nodejs-thekit
swagger-node-runner-fork
xc-lib-gui
